[2025-04-21T10:36:55.132-0300] {local_task_job_runner.py:123} INFO - ::group::Pre task execution logs
[2025-04-21T10:36:55.139-0300] {taskinstance.py:2613} INFO - Dependencies all met for dep_context=non-requeueable deps ti=<TaskInstance: dw_metastore_pipeline.run_dw_metastore manual__2025-04-21T13:36:52.922369+00:00 [queued]>
[2025-04-21T10:36:55.142-0300] {taskinstance.py:2613} INFO - Dependencies all met for dep_context=requeueable deps ti=<TaskInstance: dw_metastore_pipeline.run_dw_metastore manual__2025-04-21T13:36:52.922369+00:00 [queued]>
[2025-04-21T10:36:55.143-0300] {taskinstance.py:2866} INFO - Starting attempt 1 of 2
[2025-04-21T10:36:55.157-0300] {taskinstance.py:2889} INFO - Executing <Task(BashOperator): run_dw_metastore> on 2025-04-21 13:36:52.922369+00:00
[2025-04-21T10:36:55.160-0300] {standard_task_runner.py:72} INFO - Started process 44073 to run task
[2025-04-21T10:36:55.161-0300] {standard_task_runner.py:104} INFO - Running: ['airflow', 'tasks', 'run', 'dw_metastore_pipeline', 'run_dw_metastore', 'manual__2025-04-21T13:36:52.922369+00:00', '--job-id', '78', '--raw', '--subdir', 'DAGS_FOLDER/q.py', '--cfg-path', '/tmp/tmp0x4oywp5']
[2025-04-21T10:36:55.162-0300] {standard_task_runner.py:105} INFO - Job 78: Subtask run_dw_metastore
[2025-04-21T10:36:55.190-0300] {task_command.py:467} INFO - Running <TaskInstance: dw_metastore_pipeline.run_dw_metastore manual__2025-04-21T13:36:52.922369+00:00 [running]> on host DESKTOP-1GIT60U.
[2025-04-21T10:36:55.246-0300] {taskinstance.py:3132} INFO - Exporting env vars: AIRFLOW_CTX_DAG_OWNER='airflow' AIRFLOW_CTX_DAG_ID='dw_metastore_pipeline' AIRFLOW_CTX_TASK_ID='run_dw_metastore' AIRFLOW_CTX_EXECUTION_DATE='2025-04-21T13:36:52.922369+00:00' AIRFLOW_CTX_TRY_NUMBER='1' AIRFLOW_CTX_DAG_RUN_ID='manual__2025-04-21T13:36:52.922369+00:00'
[2025-04-21T10:36:55.247-0300] {taskinstance.py:731} INFO - ::endgroup::
[2025-04-21T10:36:55.261-0300] {subprocess.py:78} INFO - Tmp dir root location: /tmp
[2025-04-21T10:36:55.262-0300] {subprocess.py:88} INFO - Running command: ['/usr/bin/bash', '-c', '\n#!/bin/bash\nset -e\nset -x\n\nexport SPARK_HOME=/opt/spark\nexport SPARK_LOCAL_IP=172.21.162.173\nexport PYTHONPATH=/home/lenovo/airflow\n\nmkdir -p /home/lenovo/airflow/spark-warehouse\nmkdir -p /home/lenovo/airflow/metastore_db\nchmod -R 777 /home/lenovo/airflow/spark-warehouse\nchmod -R 777 /home/lenovo/airflow/metastore_db\n\n$SPARK_HOME/bin/spark-submit     --master local[*]     --driver-memory 4g     --conf spark.sql.warehouse.dir=/home/lenovo/airflow/spark-warehouse     --conf spark.sql.catalogImplementation=hive     /home/lenovo/airflow/jobs/jobs_functions/dw_sparkmetastore.py     >> /home/lenovo/airflow/logs/spark_dw.log 2>&1']
[2025-04-21T10:36:55.269-0300] {subprocess.py:99} INFO - Output:
[2025-04-21T10:36:55.270-0300] {subprocess.py:106} INFO - + export SPARK_HOME=/opt/spark
[2025-04-21T10:36:55.270-0300] {subprocess.py:106} INFO - + SPARK_HOME=/opt/spark
[2025-04-21T10:36:55.270-0300] {subprocess.py:106} INFO - + export SPARK_LOCAL_IP=172.21.162.173
[2025-04-21T10:36:55.270-0300] {subprocess.py:106} INFO - + SPARK_LOCAL_IP=172.21.162.173
[2025-04-21T10:36:55.270-0300] {subprocess.py:106} INFO - + export PYTHONPATH=/home/lenovo/airflow
[2025-04-21T10:36:55.271-0300] {subprocess.py:106} INFO - + PYTHONPATH=/home/lenovo/airflow
[2025-04-21T10:36:55.271-0300] {subprocess.py:106} INFO - + mkdir -p /home/lenovo/airflow/spark-warehouse
[2025-04-21T10:36:55.271-0300] {subprocess.py:106} INFO - + mkdir -p /home/lenovo/airflow/metastore_db
[2025-04-21T10:36:55.272-0300] {subprocess.py:106} INFO - + chmod -R 777 /home/lenovo/airflow/spark-warehouse
[2025-04-21T10:36:55.273-0300] {subprocess.py:106} INFO - + chmod -R 777 /home/lenovo/airflow/metastore_db
[2025-04-21T10:36:55.275-0300] {subprocess.py:106} INFO - + /opt/spark/bin/spark-submit --master 'local[*]' --driver-memory 4g --conf spark.sql.warehouse.dir=/home/lenovo/airflow/spark-warehouse --conf spark.sql.catalogImplementation=hive /home/lenovo/airflow/jobs/jobs_functions/dw_sparkmetastore.py
[2025-04-21T10:37:00.821-0300] {subprocess.py:110} INFO - Command exited with return code 0
[2025-04-21T10:37:00.840-0300] {taskinstance.py:340} INFO - ::group::Post task execution logs
[2025-04-21T10:37:00.841-0300] {taskinstance.py:352} INFO - Marking task as SUCCESS. dag_id=dw_metastore_pipeline, task_id=run_dw_metastore, run_id=manual__2025-04-21T13:36:52.922369+00:00, execution_date=20250421T133652, start_date=20250421T133655, end_date=20250421T133700
[2025-04-21T10:37:00.888-0300] {local_task_job_runner.py:266} INFO - Task exited with return code 0
[2025-04-21T10:37:00.897-0300] {taskinstance.py:3895} INFO - 0 downstream tasks scheduled from follow-on schedule check
[2025-04-21T10:37:00.898-0300] {local_task_job_runner.py:245} INFO - ::endgroup::
