[2025-04-21T01:51:10.580-0300] {local_task_job_runner.py:123} INFO - ::group::Pre task execution logs
[2025-04-21T01:51:10.602-0300] {taskinstance.py:2613} INFO - Dependencies all met for dep_context=non-requeueable deps ti=<TaskInstance: Scraping.iniciando_pipeline scheduled__2025-04-20T00:00:00+00:00 [queued]>
[2025-04-21T01:51:10.610-0300] {taskinstance.py:2613} INFO - Dependencies all met for dep_context=requeueable deps ti=<TaskInstance: Scraping.iniciando_pipeline scheduled__2025-04-20T00:00:00+00:00 [queued]>
[2025-04-21T01:51:10.610-0300] {taskinstance.py:2866} INFO - Starting attempt 1 of 2
[2025-04-21T01:51:10.637-0300] {taskinstance.py:2889} INFO - Executing <Task(BashOperator): iniciando_pipeline> on 2025-04-20 00:00:00+00:00
[2025-04-21T01:51:10.643-0300] {standard_task_runner.py:72} INFO - Started process 10677 to run task
[2025-04-21T01:51:10.647-0300] {standard_task_runner.py:104} INFO - Running: ['airflow', 'tasks', 'run', 'Scraping', 'iniciando_pipeline', 'scheduled__2025-04-20T00:00:00+00:00', '--job-id', '19', '--raw', '--subdir', 'DAGS_FOLDER/Scraping.py', '--cfg-path', '/tmp/tmp5f5o_lyn']
[2025-04-21T01:51:10.648-0300] {standard_task_runner.py:105} INFO - Job 19: Subtask iniciando_pipeline
[2025-04-21T01:51:10.699-0300] {task_command.py:467} INFO - Running <TaskInstance: Scraping.iniciando_pipeline scheduled__2025-04-20T00:00:00+00:00 [running]> on host DESKTOP-1GIT60U.
[2025-04-21T01:51:10.786-0300] {taskinstance.py:3132} INFO - Exporting env vars: AIRFLOW_CTX_DAG_EMAIL='airflow@example.com' AIRFLOW_CTX_DAG_OWNER='airflow' AIRFLOW_CTX_DAG_ID='Scraping' AIRFLOW_CTX_TASK_ID='iniciando_pipeline' AIRFLOW_CTX_EXECUTION_DATE='2025-04-20T00:00:00+00:00' AIRFLOW_CTX_TRY_NUMBER='1' AIRFLOW_CTX_DAG_RUN_ID='scheduled__2025-04-20T00:00:00+00:00'
[2025-04-21T01:51:10.787-0300] {taskinstance.py:731} INFO - ::endgroup::
[2025-04-21T01:51:10.804-0300] {subprocess.py:78} INFO - Tmp dir root location: /tmp
[2025-04-21T01:51:10.806-0300] {subprocess.py:88} INFO - Running command: ['/usr/bin/bash', '-c', 'echo "🚀 Iniciando o pipeline..."']
[2025-04-21T01:51:10.817-0300] {subprocess.py:99} INFO - Output:
[2025-04-21T01:51:10.818-0300] {subprocess.py:106} INFO - 🚀 Iniciando o pipeline...
[2025-04-21T01:51:10.819-0300] {subprocess.py:110} INFO - Command exited with return code 0
[2025-04-21T01:51:10.845-0300] {taskinstance.py:340} INFO - ::group::Post task execution logs
[2025-04-21T01:51:10.846-0300] {taskinstance.py:352} INFO - Marking task as SUCCESS. dag_id=Scraping, task_id=iniciando_pipeline, run_id=scheduled__2025-04-20T00:00:00+00:00, execution_date=20250420T000000, start_date=20250421T045110, end_date=20250421T045110
[2025-04-21T01:51:10.903-0300] {local_task_job_runner.py:266} INFO - Task exited with return code 0
[2025-04-21T01:51:10.931-0300] {taskinstance.py:3895} INFO - 1 downstream tasks scheduled from follow-on schedule check
[2025-04-21T01:51:10.942-0300] {local_task_job_runner.py:245} INFO - ::endgroup::
[2025-04-21T03:02:53.227-0300] {local_task_job_runner.py:123} INFO - ::group::Pre task execution logs
[2025-04-21T03:02:53.243-0300] {taskinstance.py:2613} INFO - Dependencies all met for dep_context=non-requeueable deps ti=<TaskInstance: Scraping.iniciando_pipeline scheduled__2025-04-20T00:00:00+00:00 [queued]>
[2025-04-21T03:02:53.252-0300] {taskinstance.py:2613} INFO - Dependencies all met for dep_context=requeueable deps ti=<TaskInstance: Scraping.iniciando_pipeline scheduled__2025-04-20T00:00:00+00:00 [queued]>
[2025-04-21T03:02:53.253-0300] {taskinstance.py:2866} INFO - Starting attempt 1 of 2
[2025-04-21T03:02:53.277-0300] {taskinstance.py:2889} INFO - Executing <Task(BashOperator): iniciando_pipeline> on 2025-04-20 00:00:00+00:00
[2025-04-21T03:02:53.282-0300] {standard_task_runner.py:72} INFO - Started process 29942 to run task
[2025-04-21T03:02:53.285-0300] {standard_task_runner.py:104} INFO - Running: ['airflow', 'tasks', 'run', 'Scraping', 'iniciando_pipeline', 'scheduled__2025-04-20T00:00:00+00:00', '--job-id', '50', '--raw', '--subdir', 'DAGS_FOLDER/Scraping.py', '--cfg-path', '/tmp/tmpo9eqct7c']
[2025-04-21T03:02:53.287-0300] {standard_task_runner.py:105} INFO - Job 50: Subtask iniciando_pipeline
[2025-04-21T03:02:53.334-0300] {task_command.py:467} INFO - Running <TaskInstance: Scraping.iniciando_pipeline scheduled__2025-04-20T00:00:00+00:00 [running]> on host DESKTOP-1GIT60U.
[2025-04-21T03:02:53.426-0300] {taskinstance.py:3132} INFO - Exporting env vars: AIRFLOW_CTX_DAG_EMAIL='airflow@example.com' AIRFLOW_CTX_DAG_OWNER='airflow' AIRFLOW_CTX_DAG_ID='Scraping' AIRFLOW_CTX_TASK_ID='iniciando_pipeline' AIRFLOW_CTX_EXECUTION_DATE='2025-04-20T00:00:00+00:00' AIRFLOW_CTX_TRY_NUMBER='1' AIRFLOW_CTX_DAG_RUN_ID='scheduled__2025-04-20T00:00:00+00:00'
[2025-04-21T03:02:53.428-0300] {taskinstance.py:731} INFO - ::endgroup::
[2025-04-21T03:02:53.454-0300] {subprocess.py:78} INFO - Tmp dir root location: /tmp
[2025-04-21T03:02:53.456-0300] {subprocess.py:88} INFO - Running command: ['/usr/bin/bash', '-c', 'echo "🚀 Iniciando o pipeline..."']
[2025-04-21T03:02:53.468-0300] {subprocess.py:99} INFO - Output:
[2025-04-21T03:02:53.470-0300] {subprocess.py:106} INFO - 🚀 Iniciando o pipeline...
[2025-04-21T03:02:53.470-0300] {subprocess.py:110} INFO - Command exited with return code 0
[2025-04-21T03:02:53.499-0300] {taskinstance.py:340} INFO - ::group::Post task execution logs
[2025-04-21T03:02:53.500-0300] {taskinstance.py:352} INFO - Marking task as SUCCESS. dag_id=Scraping, task_id=iniciando_pipeline, run_id=scheduled__2025-04-20T00:00:00+00:00, execution_date=20250420T000000, start_date=20250421T060253, end_date=20250421T060253
[2025-04-21T03:02:53.540-0300] {local_task_job_runner.py:266} INFO - Task exited with return code 0
[2025-04-21T03:02:53.564-0300] {taskinstance.py:3895} INFO - 1 downstream tasks scheduled from follow-on schedule check
[2025-04-21T03:02:53.575-0300] {local_task_job_runner.py:245} INFO - ::endgroup::
[2025-04-21T03:05:10.668-0300] {local_task_job_runner.py:123} INFO - ::group::Pre task execution logs
[2025-04-21T03:05:10.684-0300] {taskinstance.py:2613} INFO - Dependencies all met for dep_context=non-requeueable deps ti=<TaskInstance: Scraping.iniciando_pipeline scheduled__2025-04-20T00:00:00+00:00 [queued]>
[2025-04-21T03:05:10.692-0300] {taskinstance.py:2613} INFO - Dependencies all met for dep_context=requeueable deps ti=<TaskInstance: Scraping.iniciando_pipeline scheduled__2025-04-20T00:00:00+00:00 [queued]>
[2025-04-21T03:05:10.693-0300] {taskinstance.py:2866} INFO - Starting attempt 1 of 2
[2025-04-21T03:05:10.717-0300] {taskinstance.py:2889} INFO - Executing <Task(BashOperator): iniciando_pipeline> on 2025-04-20 00:00:00+00:00
[2025-04-21T03:05:10.722-0300] {standard_task_runner.py:72} INFO - Started process 30558 to run task
[2025-04-21T03:05:10.726-0300] {standard_task_runner.py:104} INFO - Running: ['airflow', 'tasks', 'run', 'Scraping', 'iniciando_pipeline', 'scheduled__2025-04-20T00:00:00+00:00', '--job-id', '55', '--raw', '--subdir', 'DAGS_FOLDER/Scraping.py', '--cfg-path', '/tmp/tmp998iveke']
[2025-04-21T03:05:10.727-0300] {standard_task_runner.py:105} INFO - Job 55: Subtask iniciando_pipeline
[2025-04-21T03:05:10.773-0300] {task_command.py:467} INFO - Running <TaskInstance: Scraping.iniciando_pipeline scheduled__2025-04-20T00:00:00+00:00 [running]> on host DESKTOP-1GIT60U.
[2025-04-21T03:05:10.866-0300] {taskinstance.py:3132} INFO - Exporting env vars: AIRFLOW_CTX_DAG_EMAIL='airflow@example.com' AIRFLOW_CTX_DAG_OWNER='airflow' AIRFLOW_CTX_DAG_ID='Scraping' AIRFLOW_CTX_TASK_ID='iniciando_pipeline' AIRFLOW_CTX_EXECUTION_DATE='2025-04-20T00:00:00+00:00' AIRFLOW_CTX_TRY_NUMBER='1' AIRFLOW_CTX_DAG_RUN_ID='scheduled__2025-04-20T00:00:00+00:00'
[2025-04-21T03:05:10.868-0300] {taskinstance.py:731} INFO - ::endgroup::
[2025-04-21T03:05:10.884-0300] {subprocess.py:78} INFO - Tmp dir root location: /tmp
[2025-04-21T03:05:10.885-0300] {subprocess.py:88} INFO - Running command: ['/usr/bin/bash', '-c', 'echo "🚀 Iniciando o pipeline..."']
[2025-04-21T03:05:10.896-0300] {subprocess.py:99} INFO - Output:
[2025-04-21T03:05:10.897-0300] {subprocess.py:106} INFO - 🚀 Iniciando o pipeline...
[2025-04-21T03:05:10.898-0300] {subprocess.py:110} INFO - Command exited with return code 0
[2025-04-21T03:05:10.928-0300] {taskinstance.py:340} INFO - ::group::Post task execution logs
[2025-04-21T03:05:10.929-0300] {taskinstance.py:352} INFO - Marking task as SUCCESS. dag_id=Scraping, task_id=iniciando_pipeline, run_id=scheduled__2025-04-20T00:00:00+00:00, execution_date=20250420T000000, start_date=20250421T060510, end_date=20250421T060510
[2025-04-21T03:05:10.981-0300] {local_task_job_runner.py:266} INFO - Task exited with return code 0
[2025-04-21T03:05:11.011-0300] {taskinstance.py:3895} INFO - 1 downstream tasks scheduled from follow-on schedule check
[2025-04-21T03:05:11.023-0300] {local_task_job_runner.py:245} INFO - ::endgroup::
[2025-04-21T13:14:42.707-0300] {local_task_job_runner.py:123} INFO - ::group::Pre task execution logs
[2025-04-21T13:14:42.715-0300] {taskinstance.py:2613} INFO - Dependencies all met for dep_context=non-requeueable deps ti=<TaskInstance: Scraping.iniciando_pipeline scheduled__2025-04-20T00:00:00+00:00 [queued]>
[2025-04-21T13:14:42.718-0300] {taskinstance.py:2613} INFO - Dependencies all met for dep_context=requeueable deps ti=<TaskInstance: Scraping.iniciando_pipeline scheduled__2025-04-20T00:00:00+00:00 [queued]>
[2025-04-21T13:14:42.718-0300] {taskinstance.py:2866} INFO - Starting attempt 1 of 2
[2025-04-21T13:14:42.734-0300] {taskinstance.py:2889} INFO - Executing <Task(BashOperator): iniciando_pipeline> on 2025-04-20 00:00:00+00:00
[2025-04-21T13:14:42.737-0300] {standard_task_runner.py:72} INFO - Started process 71358 to run task
[2025-04-21T13:14:42.739-0300] {standard_task_runner.py:104} INFO - Running: ['airflow', 'tasks', 'run', 'Scraping', 'iniciando_pipeline', 'scheduled__2025-04-20T00:00:00+00:00', '--job-id', '81', '--raw', '--subdir', 'DAGS_FOLDER/Ifood_case.py', '--cfg-path', '/tmp/tmpqdqc41bf']
[2025-04-21T13:14:42.740-0300] {standard_task_runner.py:105} INFO - Job 81: Subtask iniciando_pipeline
[2025-04-21T13:14:42.775-0300] {task_command.py:467} INFO - Running <TaskInstance: Scraping.iniciando_pipeline scheduled__2025-04-20T00:00:00+00:00 [running]> on host DESKTOP-1GIT60U.
[2025-04-21T13:14:42.824-0300] {taskinstance.py:3132} INFO - Exporting env vars: AIRFLOW_CTX_DAG_EMAIL='airflow@example.com' AIRFLOW_CTX_DAG_OWNER='airflow' AIRFLOW_CTX_DAG_ID='Scraping' AIRFLOW_CTX_TASK_ID='iniciando_pipeline' AIRFLOW_CTX_EXECUTION_DATE='2025-04-20T00:00:00+00:00' AIRFLOW_CTX_TRY_NUMBER='1' AIRFLOW_CTX_DAG_RUN_ID='scheduled__2025-04-20T00:00:00+00:00'
[2025-04-21T13:14:42.824-0300] {taskinstance.py:731} INFO - ::endgroup::
[2025-04-21T13:14:42.833-0300] {subprocess.py:78} INFO - Tmp dir root location: /tmp
[2025-04-21T13:14:42.834-0300] {subprocess.py:88} INFO - Running command: ['/usr/bin/bash', '-c', 'echo "🚀 Iniciando o pipeline..."']
[2025-04-21T13:14:42.841-0300] {subprocess.py:99} INFO - Output:
[2025-04-21T13:14:42.842-0300] {subprocess.py:106} INFO - 🚀 Iniciando o pipeline...
[2025-04-21T13:14:42.842-0300] {subprocess.py:110} INFO - Command exited with return code 0
[2025-04-21T13:14:42.860-0300] {taskinstance.py:340} INFO - ::group::Post task execution logs
[2025-04-21T13:14:42.861-0300] {taskinstance.py:352} INFO - Marking task as SUCCESS. dag_id=Scraping, task_id=iniciando_pipeline, run_id=scheduled__2025-04-20T00:00:00+00:00, execution_date=20250420T000000, start_date=20250421T161442, end_date=20250421T161442
[2025-04-21T13:14:42.912-0300] {local_task_job_runner.py:266} INFO - Task exited with return code 0
[2025-04-21T13:14:42.928-0300] {taskinstance.py:3895} INFO - 1 downstream tasks scheduled from follow-on schedule check
[2025-04-21T13:14:42.935-0300] {local_task_job_runner.py:245} INFO - ::endgroup::
[2025-04-21T13:25:01.576-0300] {local_task_job_runner.py:123} INFO - ::group::Pre task execution logs
[2025-04-21T13:25:01.586-0300] {taskinstance.py:2613} INFO - Dependencies all met for dep_context=non-requeueable deps ti=<TaskInstance: Scraping.iniciando_pipeline scheduled__2025-04-20T00:00:00+00:00 [queued]>
[2025-04-21T13:25:01.591-0300] {taskinstance.py:2613} INFO - Dependencies all met for dep_context=requeueable deps ti=<TaskInstance: Scraping.iniciando_pipeline scheduled__2025-04-20T00:00:00+00:00 [queued]>
[2025-04-21T13:25:01.591-0300] {taskinstance.py:2866} INFO - Starting attempt 1 of 2
[2025-04-21T13:25:01.608-0300] {taskinstance.py:2889} INFO - Executing <Task(BashOperator): iniciando_pipeline> on 2025-04-20 00:00:00+00:00
[2025-04-21T13:25:01.613-0300] {standard_task_runner.py:72} INFO - Started process 72030 to run task
[2025-04-21T13:25:01.616-0300] {standard_task_runner.py:104} INFO - Running: ['airflow', 'tasks', 'run', 'Scraping', 'iniciando_pipeline', 'scheduled__2025-04-20T00:00:00+00:00', '--job-id', '85', '--raw', '--subdir', 'DAGS_FOLDER/Ifood_case.py', '--cfg-path', '/tmp/tmpscjnt_mm']
[2025-04-21T13:25:01.617-0300] {standard_task_runner.py:105} INFO - Job 85: Subtask iniciando_pipeline
[2025-04-21T13:25:01.658-0300] {task_command.py:467} INFO - Running <TaskInstance: Scraping.iniciando_pipeline scheduled__2025-04-20T00:00:00+00:00 [running]> on host DESKTOP-1GIT60U.
[2025-04-21T13:25:01.715-0300] {taskinstance.py:3132} INFO - Exporting env vars: AIRFLOW_CTX_DAG_EMAIL='airflow@example.com' AIRFLOW_CTX_DAG_OWNER='airflow' AIRFLOW_CTX_DAG_ID='Scraping' AIRFLOW_CTX_TASK_ID='iniciando_pipeline' AIRFLOW_CTX_EXECUTION_DATE='2025-04-20T00:00:00+00:00' AIRFLOW_CTX_TRY_NUMBER='1' AIRFLOW_CTX_DAG_RUN_ID='scheduled__2025-04-20T00:00:00+00:00'
[2025-04-21T13:25:01.716-0300] {taskinstance.py:731} INFO - ::endgroup::
[2025-04-21T13:25:01.725-0300] {subprocess.py:78} INFO - Tmp dir root location: /tmp
[2025-04-21T13:25:01.725-0300] {subprocess.py:88} INFO - Running command: ['/usr/bin/bash', '-c', 'echo "🚀 Iniciando o pipeline..."']
[2025-04-21T13:25:01.733-0300] {subprocess.py:99} INFO - Output:
[2025-04-21T13:25:01.734-0300] {subprocess.py:106} INFO - 🚀 Iniciando o pipeline...
[2025-04-21T13:25:01.734-0300] {subprocess.py:110} INFO - Command exited with return code 0
[2025-04-21T13:25:01.752-0300] {taskinstance.py:340} INFO - ::group::Post task execution logs
[2025-04-21T13:25:01.752-0300] {taskinstance.py:352} INFO - Marking task as SUCCESS. dag_id=Scraping, task_id=iniciando_pipeline, run_id=scheduled__2025-04-20T00:00:00+00:00, execution_date=20250420T000000, start_date=20250421T162501, end_date=20250421T162501
[2025-04-21T13:25:01.790-0300] {local_task_job_runner.py:266} INFO - Task exited with return code 0
[2025-04-21T13:25:01.808-0300] {taskinstance.py:3895} INFO - 1 downstream tasks scheduled from follow-on schedule check
[2025-04-21T13:25:01.817-0300] {local_task_job_runner.py:245} INFO - ::endgroup::
[2025-04-21T13:29:08.207-0300] {local_task_job_runner.py:123} INFO - ::group::Pre task execution logs
[2025-04-21T13:29:08.214-0300] {taskinstance.py:2613} INFO - Dependencies all met for dep_context=non-requeueable deps ti=<TaskInstance: Scraping.iniciando_pipeline scheduled__2025-04-20T00:00:00+00:00 [queued]>
[2025-04-21T13:29:08.218-0300] {taskinstance.py:2613} INFO - Dependencies all met for dep_context=requeueable deps ti=<TaskInstance: Scraping.iniciando_pipeline scheduled__2025-04-20T00:00:00+00:00 [queued]>
[2025-04-21T13:29:08.218-0300] {taskinstance.py:2866} INFO - Starting attempt 1 of 2
[2025-04-21T13:29:08.233-0300] {taskinstance.py:2889} INFO - Executing <Task(BashOperator): iniciando_pipeline> on 2025-04-20 00:00:00+00:00
[2025-04-21T13:29:08.237-0300] {standard_task_runner.py:72} INFO - Started process 72335 to run task
[2025-04-21T13:29:08.240-0300] {standard_task_runner.py:104} INFO - Running: ['airflow', 'tasks', 'run', 'Scraping', 'iniciando_pipeline', 'scheduled__2025-04-20T00:00:00+00:00', '--job-id', '90', '--raw', '--subdir', 'DAGS_FOLDER/Ifood_case.py', '--cfg-path', '/tmp/tmpvlznqa9w']
[2025-04-21T13:29:08.242-0300] {standard_task_runner.py:105} INFO - Job 90: Subtask iniciando_pipeline
[2025-04-21T13:29:08.277-0300] {task_command.py:467} INFO - Running <TaskInstance: Scraping.iniciando_pipeline scheduled__2025-04-20T00:00:00+00:00 [running]> on host DESKTOP-1GIT60U.
[2025-04-21T13:29:08.330-0300] {taskinstance.py:3132} INFO - Exporting env vars: AIRFLOW_CTX_DAG_EMAIL='airflow@example.com' AIRFLOW_CTX_DAG_OWNER='airflow' AIRFLOW_CTX_DAG_ID='Scraping' AIRFLOW_CTX_TASK_ID='iniciando_pipeline' AIRFLOW_CTX_EXECUTION_DATE='2025-04-20T00:00:00+00:00' AIRFLOW_CTX_TRY_NUMBER='1' AIRFLOW_CTX_DAG_RUN_ID='scheduled__2025-04-20T00:00:00+00:00'
[2025-04-21T13:29:08.330-0300] {taskinstance.py:731} INFO - ::endgroup::
[2025-04-21T13:29:08.339-0300] {subprocess.py:78} INFO - Tmp dir root location: /tmp
[2025-04-21T13:29:08.339-0300] {subprocess.py:88} INFO - Running command: ['/usr/bin/bash', '-c', 'echo "🚀 Iniciando o pipeline..."']
[2025-04-21T13:29:08.346-0300] {subprocess.py:99} INFO - Output:
[2025-04-21T13:29:08.347-0300] {subprocess.py:106} INFO - 🚀 Iniciando o pipeline...
[2025-04-21T13:29:08.347-0300] {subprocess.py:110} INFO - Command exited with return code 0
[2025-04-21T13:29:08.364-0300] {taskinstance.py:340} INFO - ::group::Post task execution logs
[2025-04-21T13:29:08.365-0300] {taskinstance.py:352} INFO - Marking task as SUCCESS. dag_id=Scraping, task_id=iniciando_pipeline, run_id=scheduled__2025-04-20T00:00:00+00:00, execution_date=20250420T000000, start_date=20250421T162908, end_date=20250421T162908
[2025-04-21T13:29:08.414-0300] {local_task_job_runner.py:266} INFO - Task exited with return code 0
[2025-04-21T13:29:08.433-0300] {taskinstance.py:3895} INFO - 1 downstream tasks scheduled from follow-on schedule check
[2025-04-21T13:29:08.440-0300] {local_task_job_runner.py:245} INFO - ::endgroup::
[2025-04-21T13:37:48.710-0300] {local_task_job_runner.py:123} INFO - ::group::Pre task execution logs
[2025-04-21T13:37:48.718-0300] {taskinstance.py:2613} INFO - Dependencies all met for dep_context=non-requeueable deps ti=<TaskInstance: Scraping.iniciando_pipeline scheduled__2025-04-20T00:00:00+00:00 [queued]>
[2025-04-21T13:37:48.722-0300] {taskinstance.py:2613} INFO - Dependencies all met for dep_context=requeueable deps ti=<TaskInstance: Scraping.iniciando_pipeline scheduled__2025-04-20T00:00:00+00:00 [queued]>
[2025-04-21T13:37:48.722-0300] {taskinstance.py:2866} INFO - Starting attempt 1 of 2
[2025-04-21T13:37:48.735-0300] {taskinstance.py:2889} INFO - Executing <Task(BashOperator): iniciando_pipeline> on 2025-04-20 00:00:00+00:00
[2025-04-21T13:37:48.738-0300] {standard_task_runner.py:72} INFO - Started process 72908 to run task
[2025-04-21T13:37:48.740-0300] {standard_task_runner.py:104} INFO - Running: ['airflow', 'tasks', 'run', 'Scraping', 'iniciando_pipeline', 'scheduled__2025-04-20T00:00:00+00:00', '--job-id', '95', '--raw', '--subdir', 'DAGS_FOLDER/Ifood_case.py', '--cfg-path', '/tmp/tmp4dvrueku']
[2025-04-21T13:37:48.742-0300] {standard_task_runner.py:105} INFO - Job 95: Subtask iniciando_pipeline
[2025-04-21T13:37:48.777-0300] {task_command.py:467} INFO - Running <TaskInstance: Scraping.iniciando_pipeline scheduled__2025-04-20T00:00:00+00:00 [running]> on host DESKTOP-1GIT60U.
[2025-04-21T13:37:48.836-0300] {taskinstance.py:3132} INFO - Exporting env vars: AIRFLOW_CTX_DAG_EMAIL='airflow@example.com' AIRFLOW_CTX_DAG_OWNER='airflow' AIRFLOW_CTX_DAG_ID='Scraping' AIRFLOW_CTX_TASK_ID='iniciando_pipeline' AIRFLOW_CTX_EXECUTION_DATE='2025-04-20T00:00:00+00:00' AIRFLOW_CTX_TRY_NUMBER='1' AIRFLOW_CTX_DAG_RUN_ID='scheduled__2025-04-20T00:00:00+00:00'
[2025-04-21T13:37:48.837-0300] {taskinstance.py:731} INFO - ::endgroup::
[2025-04-21T13:37:48.846-0300] {subprocess.py:78} INFO - Tmp dir root location: /tmp
[2025-04-21T13:37:48.847-0300] {subprocess.py:88} INFO - Running command: ['/usr/bin/bash', '-c', 'echo "🚀 Iniciando o pipeline..."']
[2025-04-21T13:37:48.854-0300] {subprocess.py:99} INFO - Output:
[2025-04-21T13:37:48.855-0300] {subprocess.py:106} INFO - 🚀 Iniciando o pipeline...
[2025-04-21T13:37:48.855-0300] {subprocess.py:110} INFO - Command exited with return code 0
[2025-04-21T13:37:48.872-0300] {taskinstance.py:340} INFO - ::group::Post task execution logs
[2025-04-21T13:37:48.873-0300] {taskinstance.py:352} INFO - Marking task as SUCCESS. dag_id=Scraping, task_id=iniciando_pipeline, run_id=scheduled__2025-04-20T00:00:00+00:00, execution_date=20250420T000000, start_date=20250421T163748, end_date=20250421T163748
[2025-04-21T13:37:48.914-0300] {local_task_job_runner.py:266} INFO - Task exited with return code 0
[2025-04-21T13:37:48.933-0300] {taskinstance.py:3895} INFO - 1 downstream tasks scheduled from follow-on schedule check
[2025-04-21T13:37:48.943-0300] {local_task_job_runner.py:245} INFO - ::endgroup::
