[2025-04-21T02:05:50.560-0300] {local_task_job_runner.py:123} INFO - ::group::Pre task execution logs
[2025-04-21T02:05:50.579-0300] {taskinstance.py:2603} INFO - Dependencies not met for <TaskInstance: DW.PySpark_DW scheduled__2025-04-20T00:00:00+00:00 [queued]>, dependency 'Trigger Rule' FAILED: Task's trigger rule 'all_success' requires all upstream tasks to have succeeded, but found 1 non-success(es). upstream_states=_UpstreamTIStates(success=0, skipped=0, failed=0, upstream_failed=0, removed=0, done=0, success_setup=0, skipped_setup=0), upstream_task_ids={'wait_1'}
[2025-04-21T02:05:50.580-0300] {local_task_job_runner.py:166} INFO - Task is not able to be run
[2025-04-21T02:13:07.704-0300] {local_task_job_runner.py:123} INFO - ::group::Pre task execution logs
[2025-04-21T02:13:07.721-0300] {taskinstance.py:2613} INFO - Dependencies all met for dep_context=non-requeueable deps ti=<TaskInstance: DW.PySpark_DW scheduled__2025-04-20T00:00:00+00:00 [queued]>
[2025-04-21T02:13:07.736-0300] {taskinstance.py:2613} INFO - Dependencies all met for dep_context=requeueable deps ti=<TaskInstance: DW.PySpark_DW scheduled__2025-04-20T00:00:00+00:00 [queued]>
[2025-04-21T02:13:07.740-0300] {taskinstance.py:2866} INFO - Starting attempt 1 of 4
[2025-04-21T02:13:07.772-0300] {taskinstance.py:2889} INFO - Executing <Task(PythonOperator): PySpark_DW> on 2025-04-20 00:00:00+00:00
[2025-04-21T02:13:07.783-0300] {standard_task_runner.py:104} INFO - Running: ['airflow', 'tasks', 'run', 'DW', 'PySpark_DW', 'scheduled__2025-04-20T00:00:00+00:00', '--job-id', '36', '--raw', '--subdir', 'DAGS_FOLDER/DW.py', '--cfg-path', '/tmp/tmpy28a9l5t']
[2025-04-21T02:13:07.785-0300] {standard_task_runner.py:105} INFO - Job 36: Subtask PySpark_DW
[2025-04-21T02:13:07.790-0300] {logging_mixin.py:190} WARNING - /home/lenovo/miniconda3/envs/worker/lib/python3.12/site-packages/airflow/task/task_runner/standard_task_runner.py:70 DeprecationWarning: This process (pid=18846) is multi-threaded, use of fork() may lead to deadlocks in the child.
[2025-04-21T02:13:07.791-0300] {standard_task_runner.py:72} INFO - Started process 18954 to run task
[2025-04-21T02:13:07.837-0300] {task_command.py:467} INFO - Running <TaskInstance: DW.PySpark_DW scheduled__2025-04-20T00:00:00+00:00 [running]> on host DESKTOP-1GIT60U.
[2025-04-21T02:13:07.951-0300] {taskinstance.py:3132} INFO - Exporting env vars: AIRFLOW_CTX_DAG_EMAIL='airflow@example.com' AIRFLOW_CTX_DAG_OWNER='airflow' AIRFLOW_CTX_DAG_ID='DW' AIRFLOW_CTX_TASK_ID='PySpark_DW' AIRFLOW_CTX_EXECUTION_DATE='2025-04-20T00:00:00+00:00' AIRFLOW_CTX_TRY_NUMBER='1' AIRFLOW_CTX_DAG_RUN_ID='scheduled__2025-04-20T00:00:00+00:00'
[2025-04-21T02:13:07.952-0300] {taskinstance.py:731} INFO - ::endgroup::
[2025-04-21T02:13:15.978-0300] {dw_pyspark.py:42} INFO - Padronizando os dados
[2025-04-21T02:13:16.803-0300] {logging_mixin.py:190} INFO - Mensagem enviada com sucesso.
[2025-04-21T02:13:32.045-0300] {dw_pyspark.py:70} INFO - 📊 Resultado da agregação por mês:
+----+-----+----------------------+---------------------+------------------+
|YEAR|MONTH|SOMATORIA_TOTAL_AMOUNT|NUMERO_TOTAL_DE_TRIPS| avg_fare_per_trip|
+----+-----+----------------------+---------------------+------------------+
|2023|   01|   8.286412023978238E7|              3066741|  27.0202538263852|
|2023|   05|  1.0172025517973007E8|              3512634|28.958398506570873|
|2023|   02|   7.838083854983433E7|              2913950|26.898484376819894|
|2023|   04|   9.295682404977362E7|              3288242|28.269459501391204|
|2023|   03|   9.463574032971822E7|              3403755|27.803334943237164|
+----+-----+----------------------+---------------------+------------------+


[2025-04-21T02:13:32.680-0300] {logging_mixin.py:190} INFO - Mensagem enviada com sucesso.
[2025-04-21T02:13:35.303-0300] {dw_pyspark.py:82} INFO - ✅ Tabela externa 'ext_avg_total_amount' salva com sucesso em: /home/lenovo/airflow/tmp/external_tables/avg_total_amount
[2025-04-21T02:13:35.975-0300] {logging_mixin.py:190} INFO - Mensagem enviada com sucesso.
[2025-04-21T02:13:41.865-0300] {dw_pyspark.py:105} INFO - ✅ Tabela externa 'ext_avg_passenger_count' salva com sucesso em: /home/lenovo/airflow/tmp/external_tables/avg_passenger_count
[2025-04-21T02:13:42.610-0300] {logging_mixin.py:190} INFO - Mensagem enviada com sucesso.
[2025-04-21T02:13:42.822-0300] {python.py:240} INFO - Done. Returned value was: None
[2025-04-21T02:13:42.844-0300] {taskinstance.py:340} INFO - ::group::Post task execution logs
[2025-04-21T02:13:42.845-0300] {taskinstance.py:352} INFO - Marking task as SUCCESS. dag_id=DW, task_id=PySpark_DW, run_id=scheduled__2025-04-20T00:00:00+00:00, execution_date=20250420T000000, start_date=20250421T051307, end_date=20250421T051342
[2025-04-21T02:13:42.982-0300] {local_task_job_runner.py:266} INFO - Task exited with return code 0
[2025-04-21T02:13:43.007-0300] {taskinstance.py:3895} INFO - 0 downstream tasks scheduled from follow-on schedule check
[2025-04-21T02:13:43.008-0300] {local_task_job_runner.py:245} INFO - ::endgroup::
