[2025-04-21T02:06:06.104-0300] {local_task_job_runner.py:123} INFO - ::group::Pre task execution logs
[2025-04-21T02:06:06.121-0300] {taskinstance.py:2613} INFO - Dependencies all met for dep_context=non-requeueable deps ti=<TaskInstance: DW.wait_1 scheduled__2025-04-20T00:00:00+00:00 [queued]>
[2025-04-21T02:06:06.129-0300] {taskinstance.py:2613} INFO - Dependencies all met for dep_context=requeueable deps ti=<TaskInstance: DW.wait_1 scheduled__2025-04-20T00:00:00+00:00 [queued]>
[2025-04-21T02:06:06.129-0300] {taskinstance.py:2866} INFO - Starting attempt 1 of 2
[2025-04-21T02:06:06.152-0300] {taskinstance.py:2889} INFO - Executing <Task(PythonOperator): wait_1> on 2025-04-20 00:00:00+00:00
[2025-04-21T02:06:06.162-0300] {standard_task_runner.py:104} INFO - Running: ['airflow', 'tasks', 'run', 'DW', 'wait_1', 'scheduled__2025-04-20T00:00:00+00:00', '--job-id', '27', '--raw', '--subdir', 'DAGS_FOLDER/DW.py', '--cfg-path', '/tmp/tmp0_6x_bst']
[2025-04-21T02:06:06.164-0300] {standard_task_runner.py:105} INFO - Job 27: Subtask wait_1
[2025-04-21T02:06:06.169-0300] {logging_mixin.py:190} WARNING - /home/lenovo/miniconda3/envs/worker/lib/python3.12/site-packages/airflow/task/task_runner/standard_task_runner.py:70 DeprecationWarning: This process (pid=15592) is multi-threaded, use of fork() may lead to deadlocks in the child.
[2025-04-21T02:06:06.170-0300] {standard_task_runner.py:72} INFO - Started process 15798 to run task
[2025-04-21T02:06:06.216-0300] {task_command.py:467} INFO - Running <TaskInstance: DW.wait_1 scheduled__2025-04-20T00:00:00+00:00 [running]> on host DESKTOP-1GIT60U.
[2025-04-21T02:06:06.304-0300] {taskinstance.py:3132} INFO - Exporting env vars: AIRFLOW_CTX_DAG_EMAIL='airflow@example.com' AIRFLOW_CTX_DAG_OWNER='airflow' AIRFLOW_CTX_DAG_ID='DW' AIRFLOW_CTX_TASK_ID='wait_1' AIRFLOW_CTX_EXECUTION_DATE='2025-04-20T00:00:00+00:00' AIRFLOW_CTX_TRY_NUMBER='1' AIRFLOW_CTX_DAG_RUN_ID='scheduled__2025-04-20T00:00:00+00:00'
[2025-04-21T02:06:06.306-0300] {taskinstance.py:731} INFO - ::endgroup::
[2025-04-21T02:06:16.322-0300] {python.py:240} INFO - Done. Returned value was: None
[2025-04-21T02:06:16.331-0300] {taskinstance.py:340} INFO - ::group::Post task execution logs
[2025-04-21T02:06:16.332-0300] {taskinstance.py:352} INFO - Marking task as SUCCESS. dag_id=DW, task_id=wait_1, run_id=scheduled__2025-04-20T00:00:00+00:00, execution_date=20250420T000000, start_date=20250421T050606, end_date=20250421T050616
[2025-04-21T02:06:16.388-0300] {local_task_job_runner.py:266} INFO - Task exited with return code 0
[2025-04-21T02:06:16.415-0300] {taskinstance.py:3895} INFO - 1 downstream tasks scheduled from follow-on schedule check
[2025-04-21T02:06:16.426-0300] {local_task_job_runner.py:245} INFO - ::endgroup::
[2025-04-21T02:13:56.615-0300] {local_task_job_runner.py:123} INFO - ::group::Pre task execution logs
[2025-04-21T02:13:56.632-0300] {taskinstance.py:2613} INFO - Dependencies all met for dep_context=non-requeueable deps ti=<TaskInstance: DW.wait_1 scheduled__2025-04-20T00:00:00+00:00 [queued]>
[2025-04-21T02:13:56.642-0300] {taskinstance.py:2613} INFO - Dependencies all met for dep_context=requeueable deps ti=<TaskInstance: DW.wait_1 scheduled__2025-04-20T00:00:00+00:00 [queued]>
[2025-04-21T02:13:56.642-0300] {taskinstance.py:2866} INFO - Starting attempt 1 of 2
[2025-04-21T02:13:56.667-0300] {taskinstance.py:2889} INFO - Executing <Task(PythonOperator): wait_1> on 2025-04-20 00:00:00+00:00
[2025-04-21T02:13:56.677-0300] {standard_task_runner.py:104} INFO - Running: ['airflow', 'tasks', 'run', 'DW', 'wait_1', 'scheduled__2025-04-20T00:00:00+00:00', '--job-id', '37', '--raw', '--subdir', 'DAGS_FOLDER/DW.py', '--cfg-path', '/tmp/tmpnp9m7v1i']
[2025-04-21T02:13:56.678-0300] {standard_task_runner.py:105} INFO - Job 37: Subtask wait_1
[2025-04-21T02:13:56.683-0300] {logging_mixin.py:190} WARNING - /home/lenovo/miniconda3/envs/worker/lib/python3.12/site-packages/airflow/task/task_runner/standard_task_runner.py:70 DeprecationWarning: This process (pid=19387) is multi-threaded, use of fork() may lead to deadlocks in the child.
[2025-04-21T02:13:56.684-0300] {standard_task_runner.py:72} INFO - Started process 19477 to run task
[2025-04-21T02:13:56.724-0300] {task_command.py:467} INFO - Running <TaskInstance: DW.wait_1 scheduled__2025-04-20T00:00:00+00:00 [running]> on host DESKTOP-1GIT60U.
[2025-04-21T02:13:56.808-0300] {taskinstance.py:3132} INFO - Exporting env vars: AIRFLOW_CTX_DAG_EMAIL='airflow@example.com' AIRFLOW_CTX_DAG_OWNER='airflow' AIRFLOW_CTX_DAG_ID='DW' AIRFLOW_CTX_TASK_ID='wait_1' AIRFLOW_CTX_EXECUTION_DATE='2025-04-20T00:00:00+00:00' AIRFLOW_CTX_TRY_NUMBER='1' AIRFLOW_CTX_DAG_RUN_ID='scheduled__2025-04-20T00:00:00+00:00'
[2025-04-21T02:13:56.809-0300] {taskinstance.py:731} INFO - ::endgroup::
[2025-04-21T02:14:09.227-0300] {python.py:240} INFO - Done. Returned value was: None
[2025-04-21T02:14:09.236-0300] {taskinstance.py:340} INFO - ::group::Post task execution logs
[2025-04-21T02:14:09.237-0300] {taskinstance.py:352} INFO - Marking task as SUCCESS. dag_id=DW, task_id=wait_1, run_id=scheduled__2025-04-20T00:00:00+00:00, execution_date=20250420T000000, start_date=20250421T051356, end_date=20250421T051409
[2025-04-21T02:14:09.289-0300] {local_task_job_runner.py:266} INFO - Task exited with return code 0
[2025-04-21T02:14:09.311-0300] {taskinstance.py:3895} INFO - 2 downstream tasks scheduled from follow-on schedule check
[2025-04-21T02:14:09.322-0300] {local_task_job_runner.py:245} INFO - ::endgroup::
[2025-04-21T02:27:20.152-0300] {local_task_job_runner.py:123} INFO - ::group::Pre task execution logs
[2025-04-21T02:27:20.181-0300] {taskinstance.py:2613} INFO - Dependencies all met for dep_context=non-requeueable deps ti=<TaskInstance: DW.wait_1 scheduled__2025-04-20T00:00:00+00:00 [queued]>
[2025-04-21T02:27:20.195-0300] {taskinstance.py:2613} INFO - Dependencies all met for dep_context=requeueable deps ti=<TaskInstance: DW.wait_1 scheduled__2025-04-20T00:00:00+00:00 [queued]>
[2025-04-21T02:27:20.196-0300] {taskinstance.py:2866} INFO - Starting attempt 1 of 2
[2025-04-21T02:27:20.224-0300] {taskinstance.py:2889} INFO - Executing <Task(PythonOperator): wait_1> on 2025-04-20 00:00:00+00:00
[2025-04-21T02:27:20.237-0300] {standard_task_runner.py:104} INFO - Running: ['airflow', 'tasks', 'run', 'DW', 'wait_1', 'scheduled__2025-04-20T00:00:00+00:00', '--job-id', '42', '--raw', '--subdir', 'DAGS_FOLDER/DW.py', '--cfg-path', '/tmp/tmp0l6q_cvc']
[2025-04-21T02:27:20.239-0300] {standard_task_runner.py:105} INFO - Job 42: Subtask wait_1
[2025-04-21T02:27:20.247-0300] {logging_mixin.py:190} WARNING - /home/lenovo/miniconda3/envs/worker/lib/python3.12/site-packages/airflow/task/task_runner/standard_task_runner.py:70 DeprecationWarning: This process (pid=22733) is multi-threaded, use of fork() may lead to deadlocks in the child.
[2025-04-21T02:27:20.248-0300] {standard_task_runner.py:72} INFO - Started process 22835 to run task
[2025-04-21T02:27:20.298-0300] {task_command.py:467} INFO - Running <TaskInstance: DW.wait_1 scheduled__2025-04-20T00:00:00+00:00 [running]> on host DESKTOP-1GIT60U.
[2025-04-21T02:27:20.466-0300] {taskinstance.py:3132} INFO - Exporting env vars: AIRFLOW_CTX_DAG_EMAIL='airflow@example.com' AIRFLOW_CTX_DAG_OWNER='airflow' AIRFLOW_CTX_DAG_ID='DW' AIRFLOW_CTX_TASK_ID='wait_1' AIRFLOW_CTX_EXECUTION_DATE='2025-04-20T00:00:00+00:00' AIRFLOW_CTX_TRY_NUMBER='1' AIRFLOW_CTX_DAG_RUN_ID='scheduled__2025-04-20T00:00:00+00:00'
[2025-04-21T02:27:20.467-0300] {taskinstance.py:731} INFO - ::endgroup::
[2025-04-21T02:27:32.955-0300] {python.py:240} INFO - Done. Returned value was: None
[2025-04-21T02:27:32.963-0300] {taskinstance.py:340} INFO - ::group::Post task execution logs
[2025-04-21T02:27:32.963-0300] {taskinstance.py:352} INFO - Marking task as SUCCESS. dag_id=DW, task_id=wait_1, run_id=scheduled__2025-04-20T00:00:00+00:00, execution_date=20250420T000000, start_date=20250421T052720, end_date=20250421T052732
[2025-04-21T02:27:33.006-0300] {local_task_job_runner.py:266} INFO - Task exited with return code 0
[2025-04-21T02:27:33.026-0300] {taskinstance.py:3895} INFO - 2 downstream tasks scheduled from follow-on schedule check
[2025-04-21T02:27:33.039-0300] {local_task_job_runner.py:245} INFO - ::endgroup::
[2025-04-21T02:36:21.733-0300] {local_task_job_runner.py:123} INFO - ::group::Pre task execution logs
[2025-04-21T02:36:21.754-0300] {taskinstance.py:2613} INFO - Dependencies all met for dep_context=non-requeueable deps ti=<TaskInstance: DW.wait_1 scheduled__2025-04-20T00:00:00+00:00 [queued]>
[2025-04-21T02:36:21.767-0300] {taskinstance.py:2613} INFO - Dependencies all met for dep_context=requeueable deps ti=<TaskInstance: DW.wait_1 scheduled__2025-04-20T00:00:00+00:00 [queued]>
[2025-04-21T02:36:21.768-0300] {taskinstance.py:2866} INFO - Starting attempt 1 of 2
[2025-04-21T02:36:21.798-0300] {taskinstance.py:2889} INFO - Executing <Task(PythonOperator): wait_1> on 2025-04-20 00:00:00+00:00
[2025-04-21T02:36:21.809-0300] {standard_task_runner.py:104} INFO - Running: ['airflow', 'tasks', 'run', 'DW', 'wait_1', 'scheduled__2025-04-20T00:00:00+00:00', '--job-id', '47', '--raw', '--subdir', 'DAGS_FOLDER/DW.py', '--cfg-path', '/tmp/tmpy0tiqt1z']
[2025-04-21T02:36:21.810-0300] {standard_task_runner.py:105} INFO - Job 47: Subtask wait_1
[2025-04-21T02:36:21.820-0300] {logging_mixin.py:190} WARNING - /home/lenovo/miniconda3/envs/worker/lib/python3.12/site-packages/airflow/task/task_runner/standard_task_runner.py:70 DeprecationWarning: This process (pid=26063) is multi-threaded, use of fork() may lead to deadlocks in the child.
[2025-04-21T02:36:21.821-0300] {standard_task_runner.py:72} INFO - Started process 26165 to run task
[2025-04-21T02:36:21.907-0300] {task_command.py:467} INFO - Running <TaskInstance: DW.wait_1 scheduled__2025-04-20T00:00:00+00:00 [running]> on host DESKTOP-1GIT60U.
[2025-04-21T02:36:22.061-0300] {taskinstance.py:3132} INFO - Exporting env vars: AIRFLOW_CTX_DAG_EMAIL='airflow@example.com' AIRFLOW_CTX_DAG_OWNER='airflow' AIRFLOW_CTX_DAG_ID='DW' AIRFLOW_CTX_TASK_ID='wait_1' AIRFLOW_CTX_EXECUTION_DATE='2025-04-20T00:00:00+00:00' AIRFLOW_CTX_TRY_NUMBER='1' AIRFLOW_CTX_DAG_RUN_ID='scheduled__2025-04-20T00:00:00+00:00'
[2025-04-21T02:36:22.063-0300] {taskinstance.py:731} INFO - ::endgroup::
[2025-04-21T02:36:32.080-0300] {python.py:240} INFO - Done. Returned value was: None
[2025-04-21T02:36:32.089-0300] {taskinstance.py:340} INFO - ::group::Post task execution logs
[2025-04-21T02:36:32.090-0300] {taskinstance.py:352} INFO - Marking task as SUCCESS. dag_id=DW, task_id=wait_1, run_id=scheduled__2025-04-20T00:00:00+00:00, execution_date=20250420T000000, start_date=20250421T053621, end_date=20250421T053632
[2025-04-21T02:36:32.145-0300] {local_task_job_runner.py:266} INFO - Task exited with return code 0
[2025-04-21T02:36:32.161-0300] {taskinstance.py:3895} INFO - 2 downstream tasks scheduled from follow-on schedule check
[2025-04-21T02:36:32.177-0300] {local_task_job_runner.py:245} INFO - ::endgroup::
[2025-04-21T08:55:58.296-0300] {local_task_job_runner.py:123} INFO - ::group::Pre task execution logs
[2025-04-21T08:55:58.307-0300] {taskinstance.py:2613} INFO - Dependencies all met for dep_context=non-requeueable deps ti=<TaskInstance: DW.wait_1 scheduled__2025-04-20T00:00:00+00:00 [queued]>
[2025-04-21T08:55:58.313-0300] {taskinstance.py:2613} INFO - Dependencies all met for dep_context=requeueable deps ti=<TaskInstance: DW.wait_1 scheduled__2025-04-20T00:00:00+00:00 [queued]>
[2025-04-21T08:55:58.313-0300] {taskinstance.py:2866} INFO - Starting attempt 1 of 2
[2025-04-21T08:55:58.331-0300] {taskinstance.py:2889} INFO - Executing <Task(PythonOperator): wait_1> on 2025-04-20 00:00:00+00:00
[2025-04-21T08:55:58.337-0300] {standard_task_runner.py:104} INFO - Running: ['airflow', 'tasks', 'run', 'DW', 'wait_1', 'scheduled__2025-04-20T00:00:00+00:00', '--job-id', '59', '--raw', '--subdir', 'DAGS_FOLDER/DW.py', '--cfg-path', '/tmp/tmpk9cyrgm8']
[2025-04-21T08:55:58.339-0300] {standard_task_runner.py:105} INFO - Job 59: Subtask wait_1
[2025-04-21T08:55:58.342-0300] {logging_mixin.py:190} WARNING - /home/lenovo/miniconda3/envs/worker/lib/python3.12/site-packages/airflow/task/task_runner/standard_task_runner.py:70 DeprecationWarning: This process (pid=35266) is multi-threaded, use of fork() may lead to deadlocks in the child.
[2025-04-21T08:55:58.342-0300] {standard_task_runner.py:72} INFO - Started process 35356 to run task
[2025-04-21T08:55:58.370-0300] {task_command.py:467} INFO - Running <TaskInstance: DW.wait_1 scheduled__2025-04-20T00:00:00+00:00 [running]> on host DESKTOP-1GIT60U.
[2025-04-21T08:55:58.432-0300] {taskinstance.py:3132} INFO - Exporting env vars: AIRFLOW_CTX_DAG_EMAIL='airflow@example.com' AIRFLOW_CTX_DAG_OWNER='airflow' AIRFLOW_CTX_DAG_ID='DW' AIRFLOW_CTX_TASK_ID='wait_1' AIRFLOW_CTX_EXECUTION_DATE='2025-04-20T00:00:00+00:00' AIRFLOW_CTX_TRY_NUMBER='1' AIRFLOW_CTX_DAG_RUN_ID='scheduled__2025-04-20T00:00:00+00:00'
[2025-04-21T08:55:58.433-0300] {taskinstance.py:731} INFO - ::endgroup::
[2025-04-21T08:56:09.415-0300] {python.py:240} INFO - Done. Returned value was: None
[2025-04-21T08:56:09.418-0300] {taskinstance.py:340} INFO - ::group::Post task execution logs
[2025-04-21T08:56:09.419-0300] {taskinstance.py:352} INFO - Marking task as SUCCESS. dag_id=DW, task_id=wait_1, run_id=scheduled__2025-04-20T00:00:00+00:00, execution_date=20250420T000000, start_date=20250421T115558, end_date=20250421T115609
[2025-04-21T08:56:09.460-0300] {local_task_job_runner.py:266} INFO - Task exited with return code 0
[2025-04-21T08:56:09.467-0300] {taskinstance.py:3895} INFO - 1 downstream tasks scheduled from follow-on schedule check
[2025-04-21T08:56:09.476-0300] {local_task_job_runner.py:245} INFO - ::endgroup::
[2025-04-21T09:23:31.099-0300] {local_task_job_runner.py:123} INFO - ::group::Pre task execution logs
[2025-04-21T09:23:31.109-0300] {taskinstance.py:2613} INFO - Dependencies all met for dep_context=non-requeueable deps ti=<TaskInstance: DW.wait_1 scheduled__2025-04-20T00:00:00+00:00 [queued]>
[2025-04-21T09:23:31.114-0300] {taskinstance.py:2613} INFO - Dependencies all met for dep_context=requeueable deps ti=<TaskInstance: DW.wait_1 scheduled__2025-04-20T00:00:00+00:00 [queued]>
[2025-04-21T09:23:31.114-0300] {taskinstance.py:2866} INFO - Starting attempt 1 of 2
[2025-04-21T09:23:31.128-0300] {taskinstance.py:2889} INFO - Executing <Task(PythonOperator): wait_1> on 2025-04-20 00:00:00+00:00
[2025-04-21T09:23:31.132-0300] {standard_task_runner.py:72} INFO - Started process 38029 to run task
[2025-04-21T09:23:31.133-0300] {standard_task_runner.py:104} INFO - Running: ['airflow', 'tasks', 'run', 'DW', 'wait_1', 'scheduled__2025-04-20T00:00:00+00:00', '--job-id', '68', '--raw', '--subdir', 'DAGS_FOLDER/DW.py', '--cfg-path', '/tmp/tmp0rqe_yfl']
[2025-04-21T09:23:31.135-0300] {standard_task_runner.py:105} INFO - Job 68: Subtask wait_1
[2025-04-21T09:23:31.164-0300] {task_command.py:467} INFO - Running <TaskInstance: DW.wait_1 scheduled__2025-04-20T00:00:00+00:00 [running]> on host DESKTOP-1GIT60U.
[2025-04-21T09:23:31.217-0300] {taskinstance.py:3132} INFO - Exporting env vars: AIRFLOW_CTX_DAG_EMAIL='airflow@example.com' AIRFLOW_CTX_DAG_OWNER='airflow' AIRFLOW_CTX_DAG_ID='DW' AIRFLOW_CTX_TASK_ID='wait_1' AIRFLOW_CTX_EXECUTION_DATE='2025-04-20T00:00:00+00:00' AIRFLOW_CTX_TRY_NUMBER='1' AIRFLOW_CTX_DAG_RUN_ID='scheduled__2025-04-20T00:00:00+00:00'
[2025-04-21T09:23:31.218-0300] {taskinstance.py:731} INFO - ::endgroup::
[2025-04-21T09:23:41.228-0300] {python.py:240} INFO - Done. Returned value was: None
[2025-04-21T09:23:41.233-0300] {taskinstance.py:340} INFO - ::group::Post task execution logs
[2025-04-21T09:23:41.233-0300] {taskinstance.py:352} INFO - Marking task as SUCCESS. dag_id=DW, task_id=wait_1, run_id=scheduled__2025-04-20T00:00:00+00:00, execution_date=20250420T000000, start_date=20250421T122331, end_date=20250421T122341
[2025-04-21T09:23:41.259-0300] {local_task_job_runner.py:266} INFO - Task exited with return code 0
[2025-04-21T09:23:41.267-0300] {taskinstance.py:3895} INFO - 1 downstream tasks scheduled from follow-on schedule check
[2025-04-21T09:23:41.275-0300] {local_task_job_runner.py:245} INFO - ::endgroup::
