[2025-04-21T00:39:43.733-0300] {processor.py:186} INFO - Started process (PID=15666) to work on /home/lenovo/miniconda3/envs/worker/lib/python3.12/site-packages/airflow/example_dags/subdags/subdag.py
[2025-04-21T00:39:43.734-0300] {processor.py:914} INFO - Processing file /home/lenovo/miniconda3/envs/worker/lib/python3.12/site-packages/airflow/example_dags/subdags/subdag.py for tasks to queue
[2025-04-21T00:39:43.736-0300] {logging_mixin.py:190} INFO - [2025-04-21T00:39:43.736-0300] {dagbag.py:588} INFO - Filling up the DagBag from /home/lenovo/miniconda3/envs/worker/lib/python3.12/site-packages/airflow/example_dags/subdags/subdag.py
[2025-04-21T00:39:43.740-0300] {processor.py:927} WARNING - No viable dags retrieved from /home/lenovo/miniconda3/envs/worker/lib/python3.12/site-packages/airflow/example_dags/subdags/subdag.py
[2025-04-21T00:39:43.754-0300] {processor.py:208} INFO - Processing /home/lenovo/miniconda3/envs/worker/lib/python3.12/site-packages/airflow/example_dags/subdags/subdag.py took 0.027 seconds
[2025-04-21T00:41:06.643-0300] {processor.py:186} INFO - Started process (PID=15751) to work on /home/lenovo/miniconda3/envs/worker/lib/python3.12/site-packages/airflow/example_dags/subdags/subdag.py
[2025-04-21T00:41:06.664-0300] {processor.py:914} INFO - Processing file /home/lenovo/miniconda3/envs/worker/lib/python3.12/site-packages/airflow/example_dags/subdags/subdag.py for tasks to queue
[2025-04-21T00:41:06.667-0300] {logging_mixin.py:190} INFO - [2025-04-21T00:41:06.666-0300] {dagbag.py:588} INFO - Filling up the DagBag from /home/lenovo/miniconda3/envs/worker/lib/python3.12/site-packages/airflow/example_dags/subdags/subdag.py
[2025-04-21T00:41:06.669-0300] {processor.py:927} WARNING - No viable dags retrieved from /home/lenovo/miniconda3/envs/worker/lib/python3.12/site-packages/airflow/example_dags/subdags/subdag.py
[2025-04-21T00:41:06.686-0300] {processor.py:208} INFO - Processing /home/lenovo/miniconda3/envs/worker/lib/python3.12/site-packages/airflow/example_dags/subdags/subdag.py took 0.050 seconds
[2025-04-21T00:42:34.637-0300] {processor.py:186} INFO - Started process (PID=433) to work on /home/lenovo/miniconda3/envs/worker/lib/python3.12/site-packages/airflow/example_dags/subdags/subdag.py
[2025-04-21T00:42:34.639-0300] {processor.py:914} INFO - Processing file /home/lenovo/miniconda3/envs/worker/lib/python3.12/site-packages/airflow/example_dags/subdags/subdag.py for tasks to queue
[2025-04-21T00:42:34.642-0300] {logging_mixin.py:190} INFO - [2025-04-21T00:42:34.641-0300] {dagbag.py:588} INFO - Filling up the DagBag from /home/lenovo/miniconda3/envs/worker/lib/python3.12/site-packages/airflow/example_dags/subdags/subdag.py
[2025-04-21T00:42:34.644-0300] {processor.py:927} WARNING - No viable dags retrieved from /home/lenovo/miniconda3/envs/worker/lib/python3.12/site-packages/airflow/example_dags/subdags/subdag.py
[2025-04-21T00:42:34.656-0300] {processor.py:208} INFO - Processing /home/lenovo/miniconda3/envs/worker/lib/python3.12/site-packages/airflow/example_dags/subdags/subdag.py took 0.024 seconds
[2025-04-21T00:43:40.049-0300] {processor.py:186} INFO - Started process (PID=490) to work on /home/lenovo/miniconda3/envs/worker/lib/python3.12/site-packages/airflow/example_dags/subdags/subdag.py
[2025-04-21T00:43:40.074-0300] {processor.py:914} INFO - Processing file /home/lenovo/miniconda3/envs/worker/lib/python3.12/site-packages/airflow/example_dags/subdags/subdag.py for tasks to queue
[2025-04-21T00:43:40.076-0300] {logging_mixin.py:190} INFO - [2025-04-21T00:43:40.076-0300] {dagbag.py:588} INFO - Filling up the DagBag from /home/lenovo/miniconda3/envs/worker/lib/python3.12/site-packages/airflow/example_dags/subdags/subdag.py
[2025-04-21T00:43:40.079-0300] {processor.py:927} WARNING - No viable dags retrieved from /home/lenovo/miniconda3/envs/worker/lib/python3.12/site-packages/airflow/example_dags/subdags/subdag.py
[2025-04-21T00:43:40.093-0300] {processor.py:208} INFO - Processing /home/lenovo/miniconda3/envs/worker/lib/python3.12/site-packages/airflow/example_dags/subdags/subdag.py took 0.051 seconds
[2025-04-21T00:44:15.415-0300] {processor.py:186} INFO - Started process (PID=566) to work on /home/lenovo/miniconda3/envs/worker/lib/python3.12/site-packages/airflow/example_dags/subdags/subdag.py
[2025-04-21T00:44:15.438-0300] {processor.py:914} INFO - Processing file /home/lenovo/miniconda3/envs/worker/lib/python3.12/site-packages/airflow/example_dags/subdags/subdag.py for tasks to queue
[2025-04-21T00:44:15.440-0300] {logging_mixin.py:190} INFO - [2025-04-21T00:44:15.440-0300] {dagbag.py:588} INFO - Filling up the DagBag from /home/lenovo/miniconda3/envs/worker/lib/python3.12/site-packages/airflow/example_dags/subdags/subdag.py
[2025-04-21T00:44:15.443-0300] {processor.py:927} WARNING - No viable dags retrieved from /home/lenovo/miniconda3/envs/worker/lib/python3.12/site-packages/airflow/example_dags/subdags/subdag.py
[2025-04-21T00:44:15.457-0300] {processor.py:208} INFO - Processing /home/lenovo/miniconda3/envs/worker/lib/python3.12/site-packages/airflow/example_dags/subdags/subdag.py took 0.049 seconds
[2025-04-21T00:44:51.332-0300] {processor.py:186} INFO - Started process (PID=609) to work on /home/lenovo/miniconda3/envs/worker/lib/python3.12/site-packages/airflow/example_dags/subdags/subdag.py
[2025-04-21T00:44:51.355-0300] {processor.py:914} INFO - Processing file /home/lenovo/miniconda3/envs/worker/lib/python3.12/site-packages/airflow/example_dags/subdags/subdag.py for tasks to queue
[2025-04-21T00:44:51.358-0300] {logging_mixin.py:190} INFO - [2025-04-21T00:44:51.357-0300] {dagbag.py:588} INFO - Filling up the DagBag from /home/lenovo/miniconda3/envs/worker/lib/python3.12/site-packages/airflow/example_dags/subdags/subdag.py
[2025-04-21T00:44:51.361-0300] {processor.py:927} WARNING - No viable dags retrieved from /home/lenovo/miniconda3/envs/worker/lib/python3.12/site-packages/airflow/example_dags/subdags/subdag.py
[2025-04-21T00:44:51.376-0300] {processor.py:208} INFO - Processing /home/lenovo/miniconda3/envs/worker/lib/python3.12/site-packages/airflow/example_dags/subdags/subdag.py took 0.051 seconds
[2025-04-21T00:45:27.787-0300] {processor.py:186} INFO - Started process (PID=663) to work on /home/lenovo/miniconda3/envs/worker/lib/python3.12/site-packages/airflow/example_dags/subdags/subdag.py
[2025-04-21T00:45:27.809-0300] {processor.py:914} INFO - Processing file /home/lenovo/miniconda3/envs/worker/lib/python3.12/site-packages/airflow/example_dags/subdags/subdag.py for tasks to queue
[2025-04-21T00:45:27.812-0300] {logging_mixin.py:190} INFO - [2025-04-21T00:45:27.812-0300] {dagbag.py:588} INFO - Filling up the DagBag from /home/lenovo/miniconda3/envs/worker/lib/python3.12/site-packages/airflow/example_dags/subdags/subdag.py
[2025-04-21T00:45:27.815-0300] {processor.py:927} WARNING - No viable dags retrieved from /home/lenovo/miniconda3/envs/worker/lib/python3.12/site-packages/airflow/example_dags/subdags/subdag.py
[2025-04-21T00:45:27.832-0300] {processor.py:208} INFO - Processing /home/lenovo/miniconda3/envs/worker/lib/python3.12/site-packages/airflow/example_dags/subdags/subdag.py took 0.054 seconds
[2025-04-21T00:46:03.946-0300] {processor.py:186} INFO - Started process (PID=698) to work on /home/lenovo/miniconda3/envs/worker/lib/python3.12/site-packages/airflow/example_dags/subdags/subdag.py
[2025-04-21T00:46:03.967-0300] {processor.py:914} INFO - Processing file /home/lenovo/miniconda3/envs/worker/lib/python3.12/site-packages/airflow/example_dags/subdags/subdag.py for tasks to queue
[2025-04-21T00:46:03.970-0300] {logging_mixin.py:190} INFO - [2025-04-21T00:46:03.970-0300] {dagbag.py:588} INFO - Filling up the DagBag from /home/lenovo/miniconda3/envs/worker/lib/python3.12/site-packages/airflow/example_dags/subdags/subdag.py
[2025-04-21T00:46:03.973-0300] {processor.py:927} WARNING - No viable dags retrieved from /home/lenovo/miniconda3/envs/worker/lib/python3.12/site-packages/airflow/example_dags/subdags/subdag.py
[2025-04-21T00:46:03.988-0300] {processor.py:208} INFO - Processing /home/lenovo/miniconda3/envs/worker/lib/python3.12/site-packages/airflow/example_dags/subdags/subdag.py took 0.049 seconds
