[2025-04-21T00:39:39.339-0300] {processor.py:186} INFO - Started process (PID=15662) to work on /home/lenovo/miniconda3/envs/worker/lib/python3.12/site-packages/airflow/example_dags/plugins/event_listener.py
[2025-04-21T00:39:39.341-0300] {processor.py:914} INFO - Processing file /home/lenovo/miniconda3/envs/worker/lib/python3.12/site-packages/airflow/example_dags/plugins/event_listener.py for tasks to queue
[2025-04-21T00:39:39.343-0300] {logging_mixin.py:190} INFO - [2025-04-21T00:39:39.343-0300] {dagbag.py:588} INFO - Filling up the DagBag from /home/lenovo/miniconda3/envs/worker/lib/python3.12/site-packages/airflow/example_dags/plugins/event_listener.py
[2025-04-21T00:39:39.347-0300] {processor.py:927} WARNING - No viable dags retrieved from /home/lenovo/miniconda3/envs/worker/lib/python3.12/site-packages/airflow/example_dags/plugins/event_listener.py
[2025-04-21T00:39:39.361-0300] {processor.py:208} INFO - Processing /home/lenovo/miniconda3/envs/worker/lib/python3.12/site-packages/airflow/example_dags/plugins/event_listener.py took 0.030 seconds
[2025-04-21T00:41:02.157-0300] {processor.py:186} INFO - Started process (PID=15747) to work on /home/lenovo/miniconda3/envs/worker/lib/python3.12/site-packages/airflow/example_dags/plugins/event_listener.py
[2025-04-21T00:41:02.178-0300] {processor.py:914} INFO - Processing file /home/lenovo/miniconda3/envs/worker/lib/python3.12/site-packages/airflow/example_dags/plugins/event_listener.py for tasks to queue
[2025-04-21T00:41:02.181-0300] {logging_mixin.py:190} INFO - [2025-04-21T00:41:02.180-0300] {dagbag.py:588} INFO - Filling up the DagBag from /home/lenovo/miniconda3/envs/worker/lib/python3.12/site-packages/airflow/example_dags/plugins/event_listener.py
[2025-04-21T00:41:02.184-0300] {processor.py:927} WARNING - No viable dags retrieved from /home/lenovo/miniconda3/envs/worker/lib/python3.12/site-packages/airflow/example_dags/plugins/event_listener.py
[2025-04-21T00:41:02.196-0300] {processor.py:208} INFO - Processing /home/lenovo/miniconda3/envs/worker/lib/python3.12/site-packages/airflow/example_dags/plugins/event_listener.py took 0.046 seconds
[2025-04-21T00:42:29.989-0300] {processor.py:186} INFO - Started process (PID=429) to work on /home/lenovo/miniconda3/envs/worker/lib/python3.12/site-packages/airflow/example_dags/plugins/event_listener.py
[2025-04-21T00:42:29.990-0300] {processor.py:914} INFO - Processing file /home/lenovo/miniconda3/envs/worker/lib/python3.12/site-packages/airflow/example_dags/plugins/event_listener.py for tasks to queue
[2025-04-21T00:42:29.993-0300] {logging_mixin.py:190} INFO - [2025-04-21T00:42:29.993-0300] {dagbag.py:588} INFO - Filling up the DagBag from /home/lenovo/miniconda3/envs/worker/lib/python3.12/site-packages/airflow/example_dags/plugins/event_listener.py
[2025-04-21T00:42:29.996-0300] {processor.py:927} WARNING - No viable dags retrieved from /home/lenovo/miniconda3/envs/worker/lib/python3.12/site-packages/airflow/example_dags/plugins/event_listener.py
[2025-04-21T00:42:30.010-0300] {processor.py:208} INFO - Processing /home/lenovo/miniconda3/envs/worker/lib/python3.12/site-packages/airflow/example_dags/plugins/event_listener.py took 0.028 seconds
[2025-04-21T00:43:36.041-0300] {processor.py:186} INFO - Started process (PID=486) to work on /home/lenovo/miniconda3/envs/worker/lib/python3.12/site-packages/airflow/example_dags/plugins/event_listener.py
[2025-04-21T00:43:36.065-0300] {processor.py:914} INFO - Processing file /home/lenovo/miniconda3/envs/worker/lib/python3.12/site-packages/airflow/example_dags/plugins/event_listener.py for tasks to queue
[2025-04-21T00:43:36.068-0300] {logging_mixin.py:190} INFO - [2025-04-21T00:43:36.068-0300] {dagbag.py:588} INFO - Filling up the DagBag from /home/lenovo/miniconda3/envs/worker/lib/python3.12/site-packages/airflow/example_dags/plugins/event_listener.py
[2025-04-21T00:43:36.071-0300] {processor.py:927} WARNING - No viable dags retrieved from /home/lenovo/miniconda3/envs/worker/lib/python3.12/site-packages/airflow/example_dags/plugins/event_listener.py
[2025-04-21T00:43:36.089-0300] {processor.py:208} INFO - Processing /home/lenovo/miniconda3/envs/worker/lib/python3.12/site-packages/airflow/example_dags/plugins/event_listener.py took 0.056 seconds
[2025-04-21T00:44:11.615-0300] {processor.py:186} INFO - Started process (PID=562) to work on /home/lenovo/miniconda3/envs/worker/lib/python3.12/site-packages/airflow/example_dags/plugins/event_listener.py
[2025-04-21T00:44:11.639-0300] {processor.py:914} INFO - Processing file /home/lenovo/miniconda3/envs/worker/lib/python3.12/site-packages/airflow/example_dags/plugins/event_listener.py for tasks to queue
[2025-04-21T00:44:11.642-0300] {logging_mixin.py:190} INFO - [2025-04-21T00:44:11.642-0300] {dagbag.py:588} INFO - Filling up the DagBag from /home/lenovo/miniconda3/envs/worker/lib/python3.12/site-packages/airflow/example_dags/plugins/event_listener.py
[2025-04-21T00:44:11.645-0300] {processor.py:927} WARNING - No viable dags retrieved from /home/lenovo/miniconda3/envs/worker/lib/python3.12/site-packages/airflow/example_dags/plugins/event_listener.py
[2025-04-21T00:44:11.660-0300] {processor.py:208} INFO - Processing /home/lenovo/miniconda3/envs/worker/lib/python3.12/site-packages/airflow/example_dags/plugins/event_listener.py took 0.052 seconds
[2025-04-21T00:44:47.421-0300] {processor.py:186} INFO - Started process (PID=605) to work on /home/lenovo/miniconda3/envs/worker/lib/python3.12/site-packages/airflow/example_dags/plugins/event_listener.py
[2025-04-21T00:44:47.443-0300] {processor.py:914} INFO - Processing file /home/lenovo/miniconda3/envs/worker/lib/python3.12/site-packages/airflow/example_dags/plugins/event_listener.py for tasks to queue
[2025-04-21T00:44:47.446-0300] {logging_mixin.py:190} INFO - [2025-04-21T00:44:47.446-0300] {dagbag.py:588} INFO - Filling up the DagBag from /home/lenovo/miniconda3/envs/worker/lib/python3.12/site-packages/airflow/example_dags/plugins/event_listener.py
[2025-04-21T00:44:47.450-0300] {processor.py:927} WARNING - No viable dags retrieved from /home/lenovo/miniconda3/envs/worker/lib/python3.12/site-packages/airflow/example_dags/plugins/event_listener.py
[2025-04-21T00:44:47.471-0300] {processor.py:208} INFO - Processing /home/lenovo/miniconda3/envs/worker/lib/python3.12/site-packages/airflow/example_dags/plugins/event_listener.py took 0.057 seconds
[2025-04-21T00:45:23.439-0300] {processor.py:186} INFO - Started process (PID=659) to work on /home/lenovo/miniconda3/envs/worker/lib/python3.12/site-packages/airflow/example_dags/plugins/event_listener.py
[2025-04-21T00:45:23.462-0300] {processor.py:914} INFO - Processing file /home/lenovo/miniconda3/envs/worker/lib/python3.12/site-packages/airflow/example_dags/plugins/event_listener.py for tasks to queue
[2025-04-21T00:45:23.465-0300] {logging_mixin.py:190} INFO - [2025-04-21T00:45:23.464-0300] {dagbag.py:588} INFO - Filling up the DagBag from /home/lenovo/miniconda3/envs/worker/lib/python3.12/site-packages/airflow/example_dags/plugins/event_listener.py
[2025-04-21T00:45:23.468-0300] {processor.py:927} WARNING - No viable dags retrieved from /home/lenovo/miniconda3/envs/worker/lib/python3.12/site-packages/airflow/example_dags/plugins/event_listener.py
[2025-04-21T00:45:23.481-0300] {processor.py:208} INFO - Processing /home/lenovo/miniconda3/envs/worker/lib/python3.12/site-packages/airflow/example_dags/plugins/event_listener.py took 0.050 seconds
[2025-04-21T00:46:00.157-0300] {processor.py:186} INFO - Started process (PID=694) to work on /home/lenovo/miniconda3/envs/worker/lib/python3.12/site-packages/airflow/example_dags/plugins/event_listener.py
[2025-04-21T00:46:00.159-0300] {processor.py:914} INFO - Processing file /home/lenovo/miniconda3/envs/worker/lib/python3.12/site-packages/airflow/example_dags/plugins/event_listener.py for tasks to queue
[2025-04-21T00:46:00.161-0300] {logging_mixin.py:190} INFO - [2025-04-21T00:46:00.161-0300] {dagbag.py:588} INFO - Filling up the DagBag from /home/lenovo/miniconda3/envs/worker/lib/python3.12/site-packages/airflow/example_dags/plugins/event_listener.py
[2025-04-21T00:46:00.165-0300] {processor.py:927} WARNING - No viable dags retrieved from /home/lenovo/miniconda3/envs/worker/lib/python3.12/site-packages/airflow/example_dags/plugins/event_listener.py
[2025-04-21T00:46:00.181-0300] {processor.py:208} INFO - Processing /home/lenovo/miniconda3/envs/worker/lib/python3.12/site-packages/airflow/example_dags/plugins/event_listener.py took 0.030 seconds
