[2025-04-21T00:39:40.499-0300] {processor.py:186} INFO - Started process (PID=15663) to work on /home/lenovo/miniconda3/envs/worker/lib/python3.12/site-packages/airflow/example_dags/plugins/listener_plugin.py
[2025-04-21T00:39:40.500-0300] {processor.py:914} INFO - Processing file /home/lenovo/miniconda3/envs/worker/lib/python3.12/site-packages/airflow/example_dags/plugins/listener_plugin.py for tasks to queue
[2025-04-21T00:39:40.503-0300] {logging_mixin.py:190} INFO - [2025-04-21T00:39:40.502-0300] {dagbag.py:588} INFO - Filling up the DagBag from /home/lenovo/miniconda3/envs/worker/lib/python3.12/site-packages/airflow/example_dags/plugins/listener_plugin.py
[2025-04-21T00:39:40.507-0300] {processor.py:927} WARNING - No viable dags retrieved from /home/lenovo/miniconda3/envs/worker/lib/python3.12/site-packages/airflow/example_dags/plugins/listener_plugin.py
[2025-04-21T00:39:40.524-0300] {processor.py:208} INFO - Processing /home/lenovo/miniconda3/envs/worker/lib/python3.12/site-packages/airflow/example_dags/plugins/listener_plugin.py took 0.032 seconds
[2025-04-21T00:41:03.303-0300] {processor.py:186} INFO - Started process (PID=15748) to work on /home/lenovo/miniconda3/envs/worker/lib/python3.12/site-packages/airflow/example_dags/plugins/listener_plugin.py
[2025-04-21T00:41:03.305-0300] {processor.py:914} INFO - Processing file /home/lenovo/miniconda3/envs/worker/lib/python3.12/site-packages/airflow/example_dags/plugins/listener_plugin.py for tasks to queue
[2025-04-21T00:41:03.308-0300] {logging_mixin.py:190} INFO - [2025-04-21T00:41:03.307-0300] {dagbag.py:588} INFO - Filling up the DagBag from /home/lenovo/miniconda3/envs/worker/lib/python3.12/site-packages/airflow/example_dags/plugins/listener_plugin.py
[2025-04-21T00:41:03.310-0300] {processor.py:927} WARNING - No viable dags retrieved from /home/lenovo/miniconda3/envs/worker/lib/python3.12/site-packages/airflow/example_dags/plugins/listener_plugin.py
[2025-04-21T00:41:03.325-0300] {processor.py:208} INFO - Processing /home/lenovo/miniconda3/envs/worker/lib/python3.12/site-packages/airflow/example_dags/plugins/listener_plugin.py took 0.029 seconds
[2025-04-21T00:42:31.118-0300] {processor.py:186} INFO - Started process (PID=430) to work on /home/lenovo/miniconda3/envs/worker/lib/python3.12/site-packages/airflow/example_dags/plugins/listener_plugin.py
[2025-04-21T00:42:31.140-0300] {processor.py:914} INFO - Processing file /home/lenovo/miniconda3/envs/worker/lib/python3.12/site-packages/airflow/example_dags/plugins/listener_plugin.py for tasks to queue
[2025-04-21T00:42:31.143-0300] {logging_mixin.py:190} INFO - [2025-04-21T00:42:31.142-0300] {dagbag.py:588} INFO - Filling up the DagBag from /home/lenovo/miniconda3/envs/worker/lib/python3.12/site-packages/airflow/example_dags/plugins/listener_plugin.py
[2025-04-21T00:42:31.145-0300] {processor.py:927} WARNING - No viable dags retrieved from /home/lenovo/miniconda3/envs/worker/lib/python3.12/site-packages/airflow/example_dags/plugins/listener_plugin.py
[2025-04-21T00:42:31.158-0300] {processor.py:208} INFO - Processing /home/lenovo/miniconda3/envs/worker/lib/python3.12/site-packages/airflow/example_dags/plugins/listener_plugin.py took 0.047 seconds
[2025-04-21T00:43:37.199-0300] {processor.py:186} INFO - Started process (PID=487) to work on /home/lenovo/miniconda3/envs/worker/lib/python3.12/site-packages/airflow/example_dags/plugins/listener_plugin.py
[2025-04-21T00:43:37.226-0300] {processor.py:914} INFO - Processing file /home/lenovo/miniconda3/envs/worker/lib/python3.12/site-packages/airflow/example_dags/plugins/listener_plugin.py for tasks to queue
[2025-04-21T00:43:37.230-0300] {logging_mixin.py:190} INFO - [2025-04-21T00:43:37.229-0300] {dagbag.py:588} INFO - Filling up the DagBag from /home/lenovo/miniconda3/envs/worker/lib/python3.12/site-packages/airflow/example_dags/plugins/listener_plugin.py
[2025-04-21T00:43:37.234-0300] {processor.py:927} WARNING - No viable dags retrieved from /home/lenovo/miniconda3/envs/worker/lib/python3.12/site-packages/airflow/example_dags/plugins/listener_plugin.py
[2025-04-21T00:43:37.283-0300] {processor.py:208} INFO - Processing /home/lenovo/miniconda3/envs/worker/lib/python3.12/site-packages/airflow/example_dags/plugins/listener_plugin.py took 0.093 seconds
[2025-04-21T00:44:12.767-0300] {processor.py:186} INFO - Started process (PID=563) to work on /home/lenovo/miniconda3/envs/worker/lib/python3.12/site-packages/airflow/example_dags/plugins/listener_plugin.py
[2025-04-21T00:44:12.779-0300] {processor.py:914} INFO - Processing file /home/lenovo/miniconda3/envs/worker/lib/python3.12/site-packages/airflow/example_dags/plugins/listener_plugin.py for tasks to queue
[2025-04-21T00:44:12.782-0300] {logging_mixin.py:190} INFO - [2025-04-21T00:44:12.782-0300] {dagbag.py:588} INFO - Filling up the DagBag from /home/lenovo/miniconda3/envs/worker/lib/python3.12/site-packages/airflow/example_dags/plugins/listener_plugin.py
[2025-04-21T00:44:12.785-0300] {processor.py:927} WARNING - No viable dags retrieved from /home/lenovo/miniconda3/envs/worker/lib/python3.12/site-packages/airflow/example_dags/plugins/listener_plugin.py
[2025-04-21T00:44:12.800-0300] {processor.py:208} INFO - Processing /home/lenovo/miniconda3/envs/worker/lib/python3.12/site-packages/airflow/example_dags/plugins/listener_plugin.py took 0.040 seconds
[2025-04-21T00:44:48.131-0300] {processor.py:186} INFO - Started process (PID=606) to work on /home/lenovo/miniconda3/envs/worker/lib/python3.12/site-packages/airflow/example_dags/plugins/listener_plugin.py
[2025-04-21T00:44:48.155-0300] {processor.py:914} INFO - Processing file /home/lenovo/miniconda3/envs/worker/lib/python3.12/site-packages/airflow/example_dags/plugins/listener_plugin.py for tasks to queue
[2025-04-21T00:44:48.160-0300] {logging_mixin.py:190} INFO - [2025-04-21T00:44:48.159-0300] {dagbag.py:588} INFO - Filling up the DagBag from /home/lenovo/miniconda3/envs/worker/lib/python3.12/site-packages/airflow/example_dags/plugins/listener_plugin.py
[2025-04-21T00:44:48.164-0300] {processor.py:927} WARNING - No viable dags retrieved from /home/lenovo/miniconda3/envs/worker/lib/python3.12/site-packages/airflow/example_dags/plugins/listener_plugin.py
[2025-04-21T00:44:48.183-0300] {processor.py:208} INFO - Processing /home/lenovo/miniconda3/envs/worker/lib/python3.12/site-packages/airflow/example_dags/plugins/listener_plugin.py took 0.063 seconds
[2025-04-21T00:45:24.339-0300] {processor.py:186} INFO - Started process (PID=660) to work on /home/lenovo/miniconda3/envs/worker/lib/python3.12/site-packages/airflow/example_dags/plugins/listener_plugin.py
[2025-04-21T00:45:24.361-0300] {processor.py:914} INFO - Processing file /home/lenovo/miniconda3/envs/worker/lib/python3.12/site-packages/airflow/example_dags/plugins/listener_plugin.py for tasks to queue
[2025-04-21T00:45:24.364-0300] {logging_mixin.py:190} INFO - [2025-04-21T00:45:24.364-0300] {dagbag.py:588} INFO - Filling up the DagBag from /home/lenovo/miniconda3/envs/worker/lib/python3.12/site-packages/airflow/example_dags/plugins/listener_plugin.py
[2025-04-21T00:45:24.367-0300] {processor.py:927} WARNING - No viable dags retrieved from /home/lenovo/miniconda3/envs/worker/lib/python3.12/site-packages/airflow/example_dags/plugins/listener_plugin.py
[2025-04-21T00:45:24.385-0300] {processor.py:208} INFO - Processing /home/lenovo/miniconda3/envs/worker/lib/python3.12/site-packages/airflow/example_dags/plugins/listener_plugin.py took 0.063 seconds
[2025-04-21T00:46:01.304-0300] {processor.py:186} INFO - Started process (PID=695) to work on /home/lenovo/miniconda3/envs/worker/lib/python3.12/site-packages/airflow/example_dags/plugins/listener_plugin.py
[2025-04-21T00:46:01.326-0300] {processor.py:914} INFO - Processing file /home/lenovo/miniconda3/envs/worker/lib/python3.12/site-packages/airflow/example_dags/plugins/listener_plugin.py for tasks to queue
[2025-04-21T00:46:01.328-0300] {logging_mixin.py:190} INFO - [2025-04-21T00:46:01.328-0300] {dagbag.py:588} INFO - Filling up the DagBag from /home/lenovo/miniconda3/envs/worker/lib/python3.12/site-packages/airflow/example_dags/plugins/listener_plugin.py
[2025-04-21T00:46:01.331-0300] {processor.py:927} WARNING - No viable dags retrieved from /home/lenovo/miniconda3/envs/worker/lib/python3.12/site-packages/airflow/example_dags/plugins/listener_plugin.py
[2025-04-21T00:46:01.345-0300] {processor.py:208} INFO - Processing /home/lenovo/miniconda3/envs/worker/lib/python3.12/site-packages/airflow/example_dags/plugins/listener_plugin.py took 0.048 seconds
