[2025-04-21T00:39:41.701-0300] {processor.py:186} INFO - Started process (PID=15664) to work on /home/lenovo/miniconda3/envs/worker/lib/python3.12/site-packages/airflow/example_dags/plugins/workday.py
[2025-04-21T00:39:41.702-0300] {processor.py:914} INFO - Processing file /home/lenovo/miniconda3/envs/worker/lib/python3.12/site-packages/airflow/example_dags/plugins/workday.py for tasks to queue
[2025-04-21T00:39:41.705-0300] {logging_mixin.py:190} INFO - [2025-04-21T00:39:41.704-0300] {dagbag.py:588} INFO - Filling up the DagBag from /home/lenovo/miniconda3/envs/worker/lib/python3.12/site-packages/airflow/example_dags/plugins/workday.py
[2025-04-21T00:39:41.709-0300] {processor.py:927} WARNING - No viable dags retrieved from /home/lenovo/miniconda3/envs/worker/lib/python3.12/site-packages/airflow/example_dags/plugins/workday.py
[2025-04-21T00:39:41.726-0300] {processor.py:208} INFO - Processing /home/lenovo/miniconda3/envs/worker/lib/python3.12/site-packages/airflow/example_dags/plugins/workday.py took 0.032 seconds
[2025-04-21T00:41:04.337-0300] {processor.py:186} INFO - Started process (PID=15749) to work on /home/lenovo/miniconda3/envs/worker/lib/python3.12/site-packages/airflow/example_dags/plugins/workday.py
[2025-04-21T00:41:04.359-0300] {processor.py:914} INFO - Processing file /home/lenovo/miniconda3/envs/worker/lib/python3.12/site-packages/airflow/example_dags/plugins/workday.py for tasks to queue
[2025-04-21T00:41:04.363-0300] {logging_mixin.py:190} INFO - [2025-04-21T00:41:04.362-0300] {dagbag.py:588} INFO - Filling up the DagBag from /home/lenovo/miniconda3/envs/worker/lib/python3.12/site-packages/airflow/example_dags/plugins/workday.py
[2025-04-21T00:41:04.367-0300] {processor.py:927} WARNING - No viable dags retrieved from /home/lenovo/miniconda3/envs/worker/lib/python3.12/site-packages/airflow/example_dags/plugins/workday.py
[2025-04-21T00:41:04.388-0300] {processor.py:208} INFO - Processing /home/lenovo/miniconda3/envs/worker/lib/python3.12/site-packages/airflow/example_dags/plugins/workday.py took 0.060 seconds
[2025-04-21T00:42:32.270-0300] {processor.py:186} INFO - Started process (PID=431) to work on /home/lenovo/miniconda3/envs/worker/lib/python3.12/site-packages/airflow/example_dags/plugins/workday.py
[2025-04-21T00:42:32.292-0300] {processor.py:914} INFO - Processing file /home/lenovo/miniconda3/envs/worker/lib/python3.12/site-packages/airflow/example_dags/plugins/workday.py for tasks to queue
[2025-04-21T00:42:32.295-0300] {logging_mixin.py:190} INFO - [2025-04-21T00:42:32.294-0300] {dagbag.py:588} INFO - Filling up the DagBag from /home/lenovo/miniconda3/envs/worker/lib/python3.12/site-packages/airflow/example_dags/plugins/workday.py
[2025-04-21T00:42:32.299-0300] {processor.py:927} WARNING - No viable dags retrieved from /home/lenovo/miniconda3/envs/worker/lib/python3.12/site-packages/airflow/example_dags/plugins/workday.py
[2025-04-21T00:42:32.313-0300] {processor.py:208} INFO - Processing /home/lenovo/miniconda3/envs/worker/lib/python3.12/site-packages/airflow/example_dags/plugins/workday.py took 0.049 seconds
[2025-04-21T00:43:38.463-0300] {processor.py:186} INFO - Started process (PID=488) to work on /home/lenovo/miniconda3/envs/worker/lib/python3.12/site-packages/airflow/example_dags/plugins/workday.py
[2025-04-21T00:43:38.486-0300] {processor.py:914} INFO - Processing file /home/lenovo/miniconda3/envs/worker/lib/python3.12/site-packages/airflow/example_dags/plugins/workday.py for tasks to queue
[2025-04-21T00:43:38.489-0300] {logging_mixin.py:190} INFO - [2025-04-21T00:43:38.488-0300] {dagbag.py:588} INFO - Filling up the DagBag from /home/lenovo/miniconda3/envs/worker/lib/python3.12/site-packages/airflow/example_dags/plugins/workday.py
[2025-04-21T00:43:38.493-0300] {processor.py:927} WARNING - No viable dags retrieved from /home/lenovo/miniconda3/envs/worker/lib/python3.12/site-packages/airflow/example_dags/plugins/workday.py
[2025-04-21T00:43:38.508-0300] {processor.py:208} INFO - Processing /home/lenovo/miniconda3/envs/worker/lib/python3.12/site-packages/airflow/example_dags/plugins/workday.py took 0.053 seconds
[2025-04-21T00:44:13.091-0300] {processor.py:186} INFO - Started process (PID=564) to work on /home/lenovo/miniconda3/envs/worker/lib/python3.12/site-packages/airflow/example_dags/plugins/workday.py
[2025-04-21T00:44:13.114-0300] {processor.py:914} INFO - Processing file /home/lenovo/miniconda3/envs/worker/lib/python3.12/site-packages/airflow/example_dags/plugins/workday.py for tasks to queue
[2025-04-21T00:44:13.118-0300] {logging_mixin.py:190} INFO - [2025-04-21T00:44:13.117-0300] {dagbag.py:588} INFO - Filling up the DagBag from /home/lenovo/miniconda3/envs/worker/lib/python3.12/site-packages/airflow/example_dags/plugins/workday.py
[2025-04-21T00:44:13.121-0300] {processor.py:927} WARNING - No viable dags retrieved from /home/lenovo/miniconda3/envs/worker/lib/python3.12/site-packages/airflow/example_dags/plugins/workday.py
[2025-04-21T00:44:13.135-0300] {processor.py:208} INFO - Processing /home/lenovo/miniconda3/envs/worker/lib/python3.12/site-packages/airflow/example_dags/plugins/workday.py took 0.051 seconds
[2025-04-21T00:44:49.284-0300] {processor.py:186} INFO - Started process (PID=607) to work on /home/lenovo/miniconda3/envs/worker/lib/python3.12/site-packages/airflow/example_dags/plugins/workday.py
[2025-04-21T00:44:49.306-0300] {processor.py:914} INFO - Processing file /home/lenovo/miniconda3/envs/worker/lib/python3.12/site-packages/airflow/example_dags/plugins/workday.py for tasks to queue
[2025-04-21T00:44:49.309-0300] {logging_mixin.py:190} INFO - [2025-04-21T00:44:49.308-0300] {dagbag.py:588} INFO - Filling up the DagBag from /home/lenovo/miniconda3/envs/worker/lib/python3.12/site-packages/airflow/example_dags/plugins/workday.py
[2025-04-21T00:44:49.312-0300] {processor.py:927} WARNING - No viable dags retrieved from /home/lenovo/miniconda3/envs/worker/lib/python3.12/site-packages/airflow/example_dags/plugins/workday.py
[2025-04-21T00:44:49.325-0300] {processor.py:208} INFO - Processing /home/lenovo/miniconda3/envs/worker/lib/python3.12/site-packages/airflow/example_dags/plugins/workday.py took 0.049 seconds
[2025-04-21T00:45:25.476-0300] {processor.py:186} INFO - Started process (PID=661) to work on /home/lenovo/miniconda3/envs/worker/lib/python3.12/site-packages/airflow/example_dags/plugins/workday.py
[2025-04-21T00:45:25.498-0300] {processor.py:914} INFO - Processing file /home/lenovo/miniconda3/envs/worker/lib/python3.12/site-packages/airflow/example_dags/plugins/workday.py for tasks to queue
[2025-04-21T00:45:25.501-0300] {logging_mixin.py:190} INFO - [2025-04-21T00:45:25.500-0300] {dagbag.py:588} INFO - Filling up the DagBag from /home/lenovo/miniconda3/envs/worker/lib/python3.12/site-packages/airflow/example_dags/plugins/workday.py
[2025-04-21T00:45:25.504-0300] {processor.py:927} WARNING - No viable dags retrieved from /home/lenovo/miniconda3/envs/worker/lib/python3.12/site-packages/airflow/example_dags/plugins/workday.py
[2025-04-21T00:45:25.517-0300] {processor.py:208} INFO - Processing /home/lenovo/miniconda3/envs/worker/lib/python3.12/site-packages/airflow/example_dags/plugins/workday.py took 0.047 seconds
[2025-04-21T00:46:01.642-0300] {processor.py:186} INFO - Started process (PID=696) to work on /home/lenovo/miniconda3/envs/worker/lib/python3.12/site-packages/airflow/example_dags/plugins/workday.py
[2025-04-21T00:46:01.663-0300] {processor.py:914} INFO - Processing file /home/lenovo/miniconda3/envs/worker/lib/python3.12/site-packages/airflow/example_dags/plugins/workday.py for tasks to queue
[2025-04-21T00:46:01.666-0300] {logging_mixin.py:190} INFO - [2025-04-21T00:46:01.665-0300] {dagbag.py:588} INFO - Filling up the DagBag from /home/lenovo/miniconda3/envs/worker/lib/python3.12/site-packages/airflow/example_dags/plugins/workday.py
[2025-04-21T00:46:01.669-0300] {processor.py:927} WARNING - No viable dags retrieved from /home/lenovo/miniconda3/envs/worker/lib/python3.12/site-packages/airflow/example_dags/plugins/workday.py
[2025-04-21T00:46:01.683-0300] {processor.py:208} INFO - Processing /home/lenovo/miniconda3/envs/worker/lib/python3.12/site-packages/airflow/example_dags/plugins/workday.py took 0.048 seconds
