[2025-04-21T01:52:10.104-0300] {local_task_job_runner.py:123} INFO - ::group::Pre task execution logs
[2025-04-21T01:52:10.122-0300] {taskinstance.py:2613} INFO - Dependencies all met for dep_context=non-requeueable deps ti=<TaskInstance: ETL.run_scraper scheduled__2025-04-20T00:00:00+00:00 [queued]>
[2025-04-21T01:52:10.133-0300] {taskinstance.py:2613} INFO - Dependencies all met for dep_context=requeueable deps ti=<TaskInstance: ETL.run_scraper scheduled__2025-04-20T00:00:00+00:00 [queued]>
[2025-04-21T01:52:10.134-0300] {taskinstance.py:2866} INFO - Starting attempt 1 of 4
[2025-04-21T01:52:10.159-0300] {taskinstance.py:2889} INFO - Executing <Task(PythonOperator): run_scraper> on 2025-04-20 00:00:00+00:00
[2025-04-21T01:52:10.165-0300] {standard_task_runner.py:72} INFO - Started process 10875 to run task
[2025-04-21T01:52:10.168-0300] {standard_task_runner.py:104} INFO - Running: ['airflow', 'tasks', 'run', 'ETL', 'run_scraper', 'scheduled__2025-04-20T00:00:00+00:00', '--job-id', '23', '--raw', '--subdir', 'DAGS_FOLDER/ETL.py', '--cfg-path', '/tmp/tmptxb4qqca']
[2025-04-21T01:52:10.169-0300] {standard_task_runner.py:105} INFO - Job 23: Subtask run_scraper
[2025-04-21T01:52:10.219-0300] {task_command.py:467} INFO - Running <TaskInstance: ETL.run_scraper scheduled__2025-04-20T00:00:00+00:00 [running]> on host DESKTOP-1GIT60U.
[2025-04-21T01:52:10.313-0300] {taskinstance.py:3132} INFO - Exporting env vars: AIRFLOW_CTX_DAG_EMAIL='airflow@example.com' AIRFLOW_CTX_DAG_OWNER='airflow' AIRFLOW_CTX_DAG_ID='ETL' AIRFLOW_CTX_TASK_ID='run_scraper' AIRFLOW_CTX_EXECUTION_DATE='2025-04-20T00:00:00+00:00' AIRFLOW_CTX_TRY_NUMBER='1' AIRFLOW_CTX_DAG_RUN_ID='scheduled__2025-04-20T00:00:00+00:00'
[2025-04-21T01:52:10.315-0300] {taskinstance.py:731} INFO - ::endgroup::
[2025-04-21T01:52:18.294-0300] {pyspark_ETL.py:74} INFO - 📁 Verificando diretório: /home/lenovo/airflow/tmp/s3-us-east-1.amazonaws.com/yellow_taxi_files/2023_01
[2025-04-21T01:52:18.294-0300] {pyspark_ETL.py:81} INFO - 🔍 Lendo arquivo: yellow_tripdata_2023-01
[2025-04-21T01:52:24.186-0300] {pyspark_ETL.py:74} INFO - 📁 Verificando diretório: /home/lenovo/airflow/tmp/s3-us-east-1.amazonaws.com/yellow_taxi_files/2023_03
[2025-04-21T01:52:24.187-0300] {pyspark_ETL.py:81} INFO - 🔍 Lendo arquivo: yellow_tripdata_2023-03
[2025-04-21T01:52:24.788-0300] {pyspark_ETL.py:74} INFO - 📁 Verificando diretório: /home/lenovo/airflow/tmp/s3-us-east-1.amazonaws.com/yellow_taxi_files/2023_02
[2025-04-21T01:52:24.789-0300] {pyspark_ETL.py:81} INFO - 🔍 Lendo arquivo: yellow_tripdata_2023-02
[2025-04-21T01:52:25.253-0300] {pyspark_ETL.py:74} INFO - 📁 Verificando diretório: /home/lenovo/airflow/tmp/s3-us-east-1.amazonaws.com/yellow_taxi_files/2023_05
[2025-04-21T01:52:25.254-0300] {pyspark_ETL.py:81} INFO - 🔍 Lendo arquivo: yellow_tripdata_2023-05
[2025-04-21T01:52:25.703-0300] {pyspark_ETL.py:74} INFO - 📁 Verificando diretório: /home/lenovo/airflow/tmp/s3-us-east-1.amazonaws.com/yellow_taxi_files/2023_04
[2025-04-21T01:52:25.703-0300] {pyspark_ETL.py:81} INFO - 🔍 Lendo arquivo: yellow_tripdata_2023-04
[2025-04-21T01:53:21.336-0300] {pyspark_ETL.py:111} INFO - ✅ Dados processados e salvos com sucesso.
[2025-04-21T01:53:21.875-0300] {logging_mixin.py:190} INFO - Mensagem enviada com sucesso.
[2025-04-21T01:53:22.381-0300] {python.py:240} INFO - Done. Returned value was: None
[2025-04-21T01:53:22.393-0300] {taskinstance.py:340} INFO - ::group::Post task execution logs
[2025-04-21T01:53:22.393-0300] {taskinstance.py:352} INFO - Marking task as SUCCESS. dag_id=ETL, task_id=run_scraper, run_id=scheduled__2025-04-20T00:00:00+00:00, execution_date=20250420T000000, start_date=20250421T045210, end_date=20250421T045322
[2025-04-21T01:53:22.435-0300] {local_task_job_runner.py:266} INFO - Task exited with return code 0
[2025-04-21T01:53:22.449-0300] {taskinstance.py:3895} INFO - 0 downstream tasks scheduled from follow-on schedule check
[2025-04-21T01:53:22.450-0300] {local_task_job_runner.py:245} INFO - ::endgroup::
