[2025-04-21T09:01:25.171-0300] {local_task_job_runner.py:123} INFO - ::group::Pre task execution logs
[2025-04-21T09:01:25.179-0300] {taskinstance.py:2613} INFO - Dependencies all met for dep_context=non-requeueable deps ti=<TaskInstance: D.Duck scheduled__2025-04-20T00:00:00+00:00 [queued]>
[2025-04-21T09:01:25.184-0300] {taskinstance.py:2613} INFO - Dependencies all met for dep_context=requeueable deps ti=<TaskInstance: D.Duck scheduled__2025-04-20T00:00:00+00:00 [queued]>
[2025-04-21T09:01:25.184-0300] {taskinstance.py:2866} INFO - Starting attempt 1 of 4
[2025-04-21T09:01:25.197-0300] {taskinstance.py:2889} INFO - Executing <Task(PythonOperator): Duck> on 2025-04-20 00:00:00+00:00
[2025-04-21T09:01:25.202-0300] {standard_task_runner.py:104} INFO - Running: ['airflow', 'tasks', 'run', 'D', 'Duck', 'scheduled__2025-04-20T00:00:00+00:00', '--job-id', '63', '--raw', '--subdir', 'DAGS_FOLDER/DW.py', '--cfg-path', '/tmp/tmp3s6z2f4o']
[2025-04-21T09:01:25.203-0300] {standard_task_runner.py:105} INFO - Job 63: Subtask Duck
[2025-04-21T09:01:25.205-0300] {logging_mixin.py:190} WARNING - /home/lenovo/miniconda3/envs/worker/lib/python3.12/site-packages/airflow/task/task_runner/standard_task_runner.py:70 DeprecationWarning: This process (pid=36541) is multi-threaded, use of fork() may lead to deadlocks in the child.
[2025-04-21T09:01:25.205-0300] {standard_task_runner.py:72} INFO - Started process 36631 to run task
[2025-04-21T09:01:25.229-0300] {task_command.py:467} INFO - Running <TaskInstance: D.Duck scheduled__2025-04-20T00:00:00+00:00 [running]> on host DESKTOP-1GIT60U.
[2025-04-21T09:01:25.277-0300] {taskinstance.py:3132} INFO - Exporting env vars: AIRFLOW_CTX_DAG_OWNER='airflow' AIRFLOW_CTX_DAG_ID='D' AIRFLOW_CTX_TASK_ID='Duck' AIRFLOW_CTX_EXECUTION_DATE='2025-04-20T00:00:00+00:00' AIRFLOW_CTX_TRY_NUMBER='1' AIRFLOW_CTX_DAG_RUN_ID='scheduled__2025-04-20T00:00:00+00:00'
[2025-04-21T09:01:25.278-0300] {taskinstance.py:731} INFO - ::endgroup::
[2025-04-21T09:14:08.838-0300] {local_task_job_runner.py:346} WARNING - State of this instance has been externally set to None. Terminating instance.
[2025-04-21T09:14:08.839-0300] {local_task_job_runner.py:245} INFO - ::endgroup::
[2025-04-21T09:14:08.841-0300] {process_utils.py:132} INFO - Sending 15 to group 36631. PIDs of all processes in the group: [36631]
[2025-04-21T09:14:08.841-0300] {process_utils.py:87} INFO - Sending the signal 15 to group 36631
[2025-04-21T09:15:11.102-0300] {process_utils.py:150} WARNING - process psutil.Process(pid=36631, name='airflow task runner: D Duck scheduled__2025-04-20T00:00:00+00:00 63', status='sleeping', started='09:01:24') did not respond to SIGTERM. Trying SIGKILL
[2025-04-21T09:15:11.103-0300] {process_utils.py:87} INFO - Sending the signal 9 to group 36631
[2025-04-21T09:15:11.117-0300] {process_utils.py:80} INFO - Process psutil.Process(pid=36631, name='airflow task runner: D Duck scheduled__2025-04-20T00:00:00+00:00 63', status='terminated', exitcode=<Negsignal.SIGKILL: -9>, started='09:01:24') (36631) terminated with exit code -9
[2025-04-21T09:15:11.117-0300] {standard_task_runner.py:190} ERROR - ('Job 63 was killed before it finished (likely due to running out of memory)', 'For more information, see https://airflow.apache.org/docs/apache-airflow/stable/troubleshooting.html#LocalTaskJob-killed')
