[2025-04-21T09:16:29.272-0300] {local_task_job_runner.py:123} INFO - ::group::Pre task execution logs
[2025-04-21T09:16:29.283-0300] {taskinstance.py:2613} INFO - Dependencies all met for dep_context=non-requeueable deps ti=<TaskInstance: DS.iniciando_pipeline scheduled__2025-04-20T00:00:00+00:00 [queued]>
[2025-04-21T09:16:29.290-0300] {taskinstance.py:2613} INFO - Dependencies all met for dep_context=requeueable deps ti=<TaskInstance: DS.iniciando_pipeline scheduled__2025-04-20T00:00:00+00:00 [queued]>
[2025-04-21T09:16:29.291-0300] {taskinstance.py:2866} INFO - Starting attempt 1 of 2
[2025-04-21T09:16:29.313-0300] {taskinstance.py:2889} INFO - Executing <Task(BashOperator): iniciando_pipeline> on 2025-04-20 00:00:00+00:00
[2025-04-21T09:16:29.317-0300] {standard_task_runner.py:72} INFO - Started process 37307 to run task
[2025-04-21T09:16:29.320-0300] {standard_task_runner.py:104} INFO - Running: ['airflow', 'tasks', 'run', 'DS', 'iniciando_pipeline', 'scheduled__2025-04-20T00:00:00+00:00', '--job-id', '64', '--raw', '--subdir', 'DAGS_FOLDER/DW.py', '--cfg-path', '/tmp/tmp7bj86c9h']
[2025-04-21T09:16:29.322-0300] {standard_task_runner.py:105} INFO - Job 64: Subtask iniciando_pipeline
[2025-04-21T09:16:29.371-0300] {task_command.py:467} INFO - Running <TaskInstance: DS.iniciando_pipeline scheduled__2025-04-20T00:00:00+00:00 [running]> on host DESKTOP-1GIT60U.
[2025-04-21T09:16:29.453-0300] {taskinstance.py:3132} INFO - Exporting env vars: AIRFLOW_CTX_DAG_EMAIL='airflow@example.com' AIRFLOW_CTX_DAG_OWNER='airflow' AIRFLOW_CTX_DAG_ID='DS' AIRFLOW_CTX_TASK_ID='iniciando_pipeline' AIRFLOW_CTX_EXECUTION_DATE='2025-04-20T00:00:00+00:00' AIRFLOW_CTX_TRY_NUMBER='1' AIRFLOW_CTX_DAG_RUN_ID='scheduled__2025-04-20T00:00:00+00:00'
[2025-04-21T09:16:29.454-0300] {taskinstance.py:731} INFO - ::endgroup::
[2025-04-21T09:16:29.470-0300] {subprocess.py:78} INFO - Tmp dir root location: /tmp
[2025-04-21T09:16:29.472-0300] {subprocess.py:88} INFO - Running command: ['/usr/bin/bash', '-c', 'echo "🚀 Iniciando o pipeline..."']
[2025-04-21T09:16:29.480-0300] {subprocess.py:99} INFO - Output:
[2025-04-21T09:16:29.481-0300] {subprocess.py:106} INFO - 🚀 Iniciando o pipeline...
[2025-04-21T09:16:29.482-0300] {subprocess.py:110} INFO - Command exited with return code 0
[2025-04-21T09:16:29.509-0300] {taskinstance.py:340} INFO - ::group::Post task execution logs
[2025-04-21T09:16:29.510-0300] {taskinstance.py:352} INFO - Marking task as SUCCESS. dag_id=DS, task_id=iniciando_pipeline, run_id=scheduled__2025-04-20T00:00:00+00:00, execution_date=20250420T000000, start_date=20250421T121629, end_date=20250421T121629
[2025-04-21T09:16:29.577-0300] {local_task_job_runner.py:266} INFO - Task exited with return code 0
[2025-04-21T09:16:29.594-0300] {taskinstance.py:3895} INFO - 1 downstream tasks scheduled from follow-on schedule check
[2025-04-21T09:16:29.602-0300] {local_task_job_runner.py:245} INFO - ::endgroup::
