[2025-04-21T00:40:52.429-0300] {processor.py:186} INFO - Started process (PID=15740) to work on /home/lenovo/miniconda3/envs/worker/lib/python3.12/site-packages/airflow/example_dags/example_latest_only_with_trigger.py
[2025-04-21T00:40:52.430-0300] {processor.py:914} INFO - Processing file /home/lenovo/miniconda3/envs/worker/lib/python3.12/site-packages/airflow/example_dags/example_latest_only_with_trigger.py for tasks to queue
[2025-04-21T00:40:52.434-0300] {logging_mixin.py:190} INFO - [2025-04-21T00:40:52.433-0300] {dagbag.py:588} INFO - Filling up the DagBag from /home/lenovo/miniconda3/envs/worker/lib/python3.12/site-packages/airflow/example_dags/example_latest_only_with_trigger.py
[2025-04-21T00:40:52.447-0300] {processor.py:925} INFO - DAG(s) 'latest_only_with_trigger' retrieved from /home/lenovo/miniconda3/envs/worker/lib/python3.12/site-packages/airflow/example_dags/example_latest_only_with_trigger.py
[2025-04-21T00:40:52.627-0300] {logging_mixin.py:190} INFO - [2025-04-21T00:40:52.626-0300] {override.py:1911} INFO - Created Permission View: can read on DAG:latest_only_with_trigger
[2025-04-21T00:40:52.649-0300] {logging_mixin.py:190} INFO - [2025-04-21T00:40:52.649-0300] {override.py:1911} INFO - Created Permission View: can delete on DAG:latest_only_with_trigger
[2025-04-21T00:40:52.665-0300] {logging_mixin.py:190} INFO - [2025-04-21T00:40:52.664-0300] {override.py:1911} INFO - Created Permission View: can edit on DAG:latest_only_with_trigger
[2025-04-21T00:40:52.691-0300] {logging_mixin.py:190} INFO - [2025-04-21T00:40:52.690-0300] {override.py:1911} INFO - Created Permission View: can read on DAG Run:latest_only_with_trigger
[2025-04-21T00:40:52.706-0300] {logging_mixin.py:190} INFO - [2025-04-21T00:40:52.705-0300] {override.py:1911} INFO - Created Permission View: can delete on DAG Run:latest_only_with_trigger
[2025-04-21T00:40:52.721-0300] {logging_mixin.py:190} INFO - [2025-04-21T00:40:52.720-0300] {override.py:1911} INFO - Created Permission View: can create on DAG Run:latest_only_with_trigger
[2025-04-21T00:40:52.735-0300] {logging_mixin.py:190} INFO - [2025-04-21T00:40:52.735-0300] {override.py:1911} INFO - Created Permission View: menu access on DAG Run:latest_only_with_trigger
[2025-04-21T00:40:52.736-0300] {logging_mixin.py:190} INFO - [2025-04-21T00:40:52.736-0300] {dag.py:3239} INFO - Sync 1 DAGs
[2025-04-21T00:40:52.751-0300] {logging_mixin.py:190} INFO - [2025-04-21T00:40:52.751-0300] {dag.py:3262} INFO - Creating ORM DAG for latest_only_with_trigger
[2025-04-21T00:40:52.763-0300] {logging_mixin.py:190} INFO - [2025-04-21T00:40:52.763-0300] {dag.py:4180} INFO - Setting next_dagrun for latest_only_with_trigger to 2025-04-20 20:00:00+00:00, run_after=2025-04-21 00:00:00+00:00
[2025-04-21T00:40:52.797-0300] {processor.py:208} INFO - Processing /home/lenovo/miniconda3/envs/worker/lib/python3.12/site-packages/airflow/example_dags/example_latest_only_with_trigger.py took 0.377 seconds
[2025-04-21T00:43:27.822-0300] {processor.py:186} INFO - Started process (PID=479) to work on /home/lenovo/miniconda3/envs/worker/lib/python3.12/site-packages/airflow/example_dags/example_latest_only_with_trigger.py
[2025-04-21T00:43:27.845-0300] {processor.py:914} INFO - Processing file /home/lenovo/miniconda3/envs/worker/lib/python3.12/site-packages/airflow/example_dags/example_latest_only_with_trigger.py for tasks to queue
[2025-04-21T00:43:27.849-0300] {logging_mixin.py:190} INFO - [2025-04-21T00:43:27.848-0300] {dagbag.py:588} INFO - Filling up the DagBag from /home/lenovo/miniconda3/envs/worker/lib/python3.12/site-packages/airflow/example_dags/example_latest_only_with_trigger.py
[2025-04-21T00:43:27.866-0300] {processor.py:925} INFO - DAG(s) 'latest_only_with_trigger' retrieved from /home/lenovo/miniconda3/envs/worker/lib/python3.12/site-packages/airflow/example_dags/example_latest_only_with_trigger.py
[2025-04-21T00:43:27.898-0300] {logging_mixin.py:190} INFO - [2025-04-21T00:43:27.898-0300] {dag.py:3239} INFO - Sync 1 DAGs
[2025-04-21T00:43:27.933-0300] {logging_mixin.py:190} INFO - [2025-04-21T00:43:27.932-0300] {dag.py:4180} INFO - Setting next_dagrun for latest_only_with_trigger to 2025-04-20 20:00:00+00:00, run_after=2025-04-21 00:00:00+00:00
[2025-04-21T00:43:27.990-0300] {processor.py:208} INFO - Processing /home/lenovo/miniconda3/envs/worker/lib/python3.12/site-packages/airflow/example_dags/example_latest_only_with_trigger.py took 0.177 seconds
[2025-04-21T00:44:38.254-0300] {processor.py:186} INFO - Started process (PID=594) to work on /home/lenovo/miniconda3/envs/worker/lib/python3.12/site-packages/airflow/example_dags/example_latest_only_with_trigger.py
[2025-04-21T00:44:38.276-0300] {processor.py:914} INFO - Processing file /home/lenovo/miniconda3/envs/worker/lib/python3.12/site-packages/airflow/example_dags/example_latest_only_with_trigger.py for tasks to queue
[2025-04-21T00:44:38.280-0300] {logging_mixin.py:190} INFO - [2025-04-21T00:44:38.279-0300] {dagbag.py:588} INFO - Filling up the DagBag from /home/lenovo/miniconda3/envs/worker/lib/python3.12/site-packages/airflow/example_dags/example_latest_only_with_trigger.py
[2025-04-21T00:44:38.294-0300] {processor.py:925} INFO - DAG(s) 'latest_only_with_trigger' retrieved from /home/lenovo/miniconda3/envs/worker/lib/python3.12/site-packages/airflow/example_dags/example_latest_only_with_trigger.py
[2025-04-21T00:44:38.315-0300] {logging_mixin.py:190} INFO - [2025-04-21T00:44:38.315-0300] {dag.py:3239} INFO - Sync 1 DAGs
[2025-04-21T00:44:38.342-0300] {logging_mixin.py:190} INFO - [2025-04-21T00:44:38.342-0300] {dag.py:4180} INFO - Setting next_dagrun for latest_only_with_trigger to 2025-04-20 20:00:00+00:00, run_after=2025-04-21 00:00:00+00:00
[2025-04-21T00:44:38.375-0300] {processor.py:208} INFO - Processing /home/lenovo/miniconda3/envs/worker/lib/python3.12/site-packages/airflow/example_dags/example_latest_only_with_trigger.py took 0.127 seconds
[2025-04-21T00:45:52.683-0300] {processor.py:186} INFO - Started process (PID=687) to work on /home/lenovo/miniconda3/envs/worker/lib/python3.12/site-packages/airflow/example_dags/example_latest_only_with_trigger.py
[2025-04-21T00:45:52.712-0300] {processor.py:914} INFO - Processing file /home/lenovo/miniconda3/envs/worker/lib/python3.12/site-packages/airflow/example_dags/example_latest_only_with_trigger.py for tasks to queue
[2025-04-21T00:45:52.716-0300] {logging_mixin.py:190} INFO - [2025-04-21T00:45:52.716-0300] {dagbag.py:588} INFO - Filling up the DagBag from /home/lenovo/miniconda3/envs/worker/lib/python3.12/site-packages/airflow/example_dags/example_latest_only_with_trigger.py
[2025-04-21T00:45:52.728-0300] {processor.py:925} INFO - DAG(s) 'latest_only_with_trigger' retrieved from /home/lenovo/miniconda3/envs/worker/lib/python3.12/site-packages/airflow/example_dags/example_latest_only_with_trigger.py
[2025-04-21T00:45:52.752-0300] {logging_mixin.py:190} INFO - [2025-04-21T00:45:52.751-0300] {dag.py:3239} INFO - Sync 1 DAGs
[2025-04-21T00:45:52.782-0300] {logging_mixin.py:190} INFO - [2025-04-21T00:45:52.781-0300] {dag.py:4180} INFO - Setting next_dagrun for latest_only_with_trigger to 2025-04-20 20:00:00+00:00, run_after=2025-04-21 00:00:00+00:00
[2025-04-21T00:45:52.819-0300] {processor.py:208} INFO - Processing /home/lenovo/miniconda3/envs/worker/lib/python3.12/site-packages/airflow/example_dags/example_latest_only_with_trigger.py took 0.145 seconds
