[2025-04-21T00:40:12.403-0300] {processor.py:186} INFO - Started process (PID=15684) to work on /home/lenovo/miniconda3/envs/worker/lib/python3.12/site-packages/airflow/example_dags/example_complex.py
[2025-04-21T00:40:12.404-0300] {processor.py:914} INFO - Processing file /home/lenovo/miniconda3/envs/worker/lib/python3.12/site-packages/airflow/example_dags/example_complex.py for tasks to queue
[2025-04-21T00:40:12.407-0300] {logging_mixin.py:190} INFO - [2025-04-21T00:40:12.406-0300] {dagbag.py:588} INFO - Filling up the DagBag from /home/lenovo/miniconda3/envs/worker/lib/python3.12/site-packages/airflow/example_dags/example_complex.py
[2025-04-21T00:40:12.425-0300] {processor.py:925} INFO - DAG(s) 'example_complex' retrieved from /home/lenovo/miniconda3/envs/worker/lib/python3.12/site-packages/airflow/example_dags/example_complex.py
[2025-04-21T00:40:12.622-0300] {logging_mixin.py:190} INFO - [2025-04-21T00:40:12.621-0300] {override.py:1911} INFO - Created Permission View: can read on DAG:example_complex
[2025-04-21T00:40:12.646-0300] {logging_mixin.py:190} INFO - [2025-04-21T00:40:12.646-0300] {override.py:1911} INFO - Created Permission View: can delete on DAG:example_complex
[2025-04-21T00:40:12.667-0300] {logging_mixin.py:190} INFO - [2025-04-21T00:40:12.666-0300] {override.py:1911} INFO - Created Permission View: can edit on DAG:example_complex
[2025-04-21T00:40:12.703-0300] {logging_mixin.py:190} INFO - [2025-04-21T00:40:12.702-0300] {override.py:1911} INFO - Created Permission View: can read on DAG Run:example_complex
[2025-04-21T00:40:12.724-0300] {logging_mixin.py:190} INFO - [2025-04-21T00:40:12.723-0300] {override.py:1911} INFO - Created Permission View: can delete on DAG Run:example_complex
[2025-04-21T00:40:12.748-0300] {logging_mixin.py:190} INFO - [2025-04-21T00:40:12.747-0300] {override.py:1911} INFO - Created Permission View: can create on DAG Run:example_complex
[2025-04-21T00:40:12.765-0300] {logging_mixin.py:190} INFO - [2025-04-21T00:40:12.764-0300] {override.py:1911} INFO - Created Permission View: menu access on DAG Run:example_complex
[2025-04-21T00:40:12.766-0300] {logging_mixin.py:190} INFO - [2025-04-21T00:40:12.766-0300] {dag.py:3239} INFO - Sync 1 DAGs
[2025-04-21T00:40:12.785-0300] {logging_mixin.py:190} INFO - [2025-04-21T00:40:12.785-0300] {dag.py:3262} INFO - Creating ORM DAG for example_complex
[2025-04-21T00:40:12.786-0300] {logging_mixin.py:190} INFO - [2025-04-21T00:40:12.786-0300] {dag.py:4180} INFO - Setting next_dagrun for example_complex to None, run_after=None
[2025-04-21T00:40:12.825-0300] {processor.py:208} INFO - Processing /home/lenovo/miniconda3/envs/worker/lib/python3.12/site-packages/airflow/example_dags/example_complex.py took 0.429 seconds
[2025-04-21T00:42:54.158-0300] {processor.py:186} INFO - Started process (PID=451) to work on /home/lenovo/miniconda3/envs/worker/lib/python3.12/site-packages/airflow/example_dags/example_complex.py
[2025-04-21T00:42:54.161-0300] {processor.py:914} INFO - Processing file /home/lenovo/miniconda3/envs/worker/lib/python3.12/site-packages/airflow/example_dags/example_complex.py for tasks to queue
[2025-04-21T00:42:54.164-0300] {logging_mixin.py:190} INFO - [2025-04-21T00:42:54.163-0300] {dagbag.py:588} INFO - Filling up the DagBag from /home/lenovo/miniconda3/envs/worker/lib/python3.12/site-packages/airflow/example_dags/example_complex.py
[2025-04-21T00:42:54.181-0300] {processor.py:925} INFO - DAG(s) 'example_complex' retrieved from /home/lenovo/miniconda3/envs/worker/lib/python3.12/site-packages/airflow/example_dags/example_complex.py
[2025-04-21T00:42:54.225-0300] {logging_mixin.py:190} INFO - [2025-04-21T00:42:54.225-0300] {dag.py:3239} INFO - Sync 1 DAGs
[2025-04-21T00:42:54.246-0300] {logging_mixin.py:190} INFO - [2025-04-21T00:42:54.245-0300] {dag.py:4180} INFO - Setting next_dagrun for example_complex to None, run_after=None
[2025-04-21T00:42:54.292-0300] {processor.py:208} INFO - Processing /home/lenovo/miniconda3/envs/worker/lib/python3.12/site-packages/airflow/example_dags/example_complex.py took 0.142 seconds
[2025-04-21T00:43:59.273-0300] {processor.py:186} INFO - Started process (PID=540) to work on /home/lenovo/miniconda3/envs/worker/lib/python3.12/site-packages/airflow/example_dags/example_complex.py
[2025-04-21T00:43:59.296-0300] {processor.py:914} INFO - Processing file /home/lenovo/miniconda3/envs/worker/lib/python3.12/site-packages/airflow/example_dags/example_complex.py for tasks to queue
[2025-04-21T00:43:59.300-0300] {logging_mixin.py:190} INFO - [2025-04-21T00:43:59.299-0300] {dagbag.py:588} INFO - Filling up the DagBag from /home/lenovo/miniconda3/envs/worker/lib/python3.12/site-packages/airflow/example_dags/example_complex.py
[2025-04-21T00:43:59.318-0300] {processor.py:925} INFO - DAG(s) 'example_complex' retrieved from /home/lenovo/miniconda3/envs/worker/lib/python3.12/site-packages/airflow/example_dags/example_complex.py
[2025-04-21T00:43:59.370-0300] {logging_mixin.py:190} INFO - [2025-04-21T00:43:59.370-0300] {dag.py:3239} INFO - Sync 1 DAGs
[2025-04-21T00:43:59.386-0300] {logging_mixin.py:190} INFO - [2025-04-21T00:43:59.386-0300] {dag.py:4180} INFO - Setting next_dagrun for example_complex to None, run_after=None
[2025-04-21T00:43:59.421-0300] {processor.py:208} INFO - Processing /home/lenovo/miniconda3/envs/worker/lib/python3.12/site-packages/airflow/example_dags/example_complex.py took 0.156 seconds
[2025-04-21T00:45:11.388-0300] {processor.py:186} INFO - Started process (PID=647) to work on /home/lenovo/miniconda3/envs/worker/lib/python3.12/site-packages/airflow/example_dags/example_complex.py
[2025-04-21T00:45:11.390-0300] {processor.py:914} INFO - Processing file /home/lenovo/miniconda3/envs/worker/lib/python3.12/site-packages/airflow/example_dags/example_complex.py for tasks to queue
[2025-04-21T00:45:11.394-0300] {logging_mixin.py:190} INFO - [2025-04-21T00:45:11.394-0300] {dagbag.py:588} INFO - Filling up the DagBag from /home/lenovo/miniconda3/envs/worker/lib/python3.12/site-packages/airflow/example_dags/example_complex.py
[2025-04-21T00:45:11.418-0300] {processor.py:925} INFO - DAG(s) 'example_complex' retrieved from /home/lenovo/miniconda3/envs/worker/lib/python3.12/site-packages/airflow/example_dags/example_complex.py
[2025-04-21T00:45:11.467-0300] {logging_mixin.py:190} INFO - [2025-04-21T00:45:11.466-0300] {dag.py:3239} INFO - Sync 1 DAGs
[2025-04-21T00:45:11.487-0300] {logging_mixin.py:190} INFO - [2025-04-21T00:45:11.486-0300] {dag.py:4180} INFO - Setting next_dagrun for example_complex to None, run_after=None
[2025-04-21T00:45:11.549-0300] {processor.py:208} INFO - Processing /home/lenovo/miniconda3/envs/worker/lib/python3.12/site-packages/airflow/example_dags/example_complex.py took 0.174 seconds
