[2025-04-21T00:39:51.957-0300] {processor.py:186} INFO - Started process (PID=15672) to work on /home/lenovo/miniconda3/envs/worker/lib/python3.12/site-packages/airflow/example_dags/example_dataset_alias_with_no_taskflow.py
[2025-04-21T00:39:51.958-0300] {processor.py:914} INFO - Processing file /home/lenovo/miniconda3/envs/worker/lib/python3.12/site-packages/airflow/example_dags/example_dataset_alias_with_no_taskflow.py for tasks to queue
[2025-04-21T00:39:51.961-0300] {logging_mixin.py:190} INFO - [2025-04-21T00:39:51.960-0300] {dagbag.py:588} INFO - Filling up the DagBag from /home/lenovo/miniconda3/envs/worker/lib/python3.12/site-packages/airflow/example_dags/example_dataset_alias_with_no_taskflow.py
[2025-04-21T00:39:51.985-0300] {processor.py:925} INFO - DAG(s) 'dataset_alias_example_alias_producer_with_no_taskflow', 'dataset_s3_bucket_consumer_with_no_taskflow', 'dataset_s3_bucket_producer_with_no_taskflow', 'dataset_alias_example_alias_consumer_with_no_taskflow' retrieved from /home/lenovo/miniconda3/envs/worker/lib/python3.12/site-packages/airflow/example_dags/example_dataset_alias_with_no_taskflow.py
[2025-04-21T00:39:52.169-0300] {logging_mixin.py:190} INFO - [2025-04-21T00:39:52.168-0300] {override.py:1911} INFO - Created Permission View: can read on DAG:dataset_alias_example_alias_producer_with_no_taskflow
[2025-04-21T00:39:52.190-0300] {logging_mixin.py:190} INFO - [2025-04-21T00:39:52.189-0300] {override.py:1911} INFO - Created Permission View: can delete on DAG:dataset_alias_example_alias_producer_with_no_taskflow
[2025-04-21T00:39:52.210-0300] {logging_mixin.py:190} INFO - [2025-04-21T00:39:52.210-0300] {override.py:1911} INFO - Created Permission View: can edit on DAG:dataset_alias_example_alias_producer_with_no_taskflow
[2025-04-21T00:39:52.236-0300] {logging_mixin.py:190} INFO - [2025-04-21T00:39:52.235-0300] {override.py:1911} INFO - Created Permission View: can read on DAG Run:dataset_alias_example_alias_producer_with_no_taskflow
[2025-04-21T00:39:52.251-0300] {logging_mixin.py:190} INFO - [2025-04-21T00:39:52.251-0300] {override.py:1911} INFO - Created Permission View: can delete on DAG Run:dataset_alias_example_alias_producer_with_no_taskflow
[2025-04-21T00:39:52.266-0300] {logging_mixin.py:190} INFO - [2025-04-21T00:39:52.266-0300] {override.py:1911} INFO - Created Permission View: can create on DAG Run:dataset_alias_example_alias_producer_with_no_taskflow
[2025-04-21T00:39:52.281-0300] {logging_mixin.py:190} INFO - [2025-04-21T00:39:52.281-0300] {override.py:1911} INFO - Created Permission View: menu access on DAG Run:dataset_alias_example_alias_producer_with_no_taskflow
[2025-04-21T00:39:52.317-0300] {logging_mixin.py:190} INFO - [2025-04-21T00:39:52.316-0300] {override.py:1911} INFO - Created Permission View: can read on DAG:dataset_s3_bucket_consumer_with_no_taskflow
[2025-04-21T00:39:52.332-0300] {logging_mixin.py:190} INFO - [2025-04-21T00:39:52.331-0300] {override.py:1911} INFO - Created Permission View: can delete on DAG:dataset_s3_bucket_consumer_with_no_taskflow
[2025-04-21T00:39:52.346-0300] {logging_mixin.py:190} INFO - [2025-04-21T00:39:52.346-0300] {override.py:1911} INFO - Created Permission View: can edit on DAG:dataset_s3_bucket_consumer_with_no_taskflow
[2025-04-21T00:39:52.371-0300] {logging_mixin.py:190} INFO - [2025-04-21T00:39:52.371-0300] {override.py:1911} INFO - Created Permission View: can read on DAG Run:dataset_s3_bucket_consumer_with_no_taskflow
[2025-04-21T00:39:52.386-0300] {logging_mixin.py:190} INFO - [2025-04-21T00:39:52.386-0300] {override.py:1911} INFO - Created Permission View: can delete on DAG Run:dataset_s3_bucket_consumer_with_no_taskflow
[2025-04-21T00:39:52.401-0300] {logging_mixin.py:190} INFO - [2025-04-21T00:39:52.401-0300] {override.py:1911} INFO - Created Permission View: can create on DAG Run:dataset_s3_bucket_consumer_with_no_taskflow
[2025-04-21T00:39:52.417-0300] {logging_mixin.py:190} INFO - [2025-04-21T00:39:52.416-0300] {override.py:1911} INFO - Created Permission View: menu access on DAG Run:dataset_s3_bucket_consumer_with_no_taskflow
[2025-04-21T00:39:52.451-0300] {logging_mixin.py:190} INFO - [2025-04-21T00:39:52.450-0300] {override.py:1911} INFO - Created Permission View: can read on DAG:dataset_s3_bucket_producer_with_no_taskflow
[2025-04-21T00:39:52.467-0300] {logging_mixin.py:190} INFO - [2025-04-21T00:39:52.467-0300] {override.py:1911} INFO - Created Permission View: can delete on DAG:dataset_s3_bucket_producer_with_no_taskflow
[2025-04-21T00:39:52.485-0300] {logging_mixin.py:190} INFO - [2025-04-21T00:39:52.484-0300] {override.py:1911} INFO - Created Permission View: can edit on DAG:dataset_s3_bucket_producer_with_no_taskflow
[2025-04-21T00:39:52.521-0300] {logging_mixin.py:190} INFO - [2025-04-21T00:39:52.520-0300] {override.py:1911} INFO - Created Permission View: can read on DAG Run:dataset_s3_bucket_producer_with_no_taskflow
[2025-04-21T00:39:52.536-0300] {logging_mixin.py:190} INFO - [2025-04-21T00:39:52.536-0300] {override.py:1911} INFO - Created Permission View: can delete on DAG Run:dataset_s3_bucket_producer_with_no_taskflow
[2025-04-21T00:39:52.550-0300] {logging_mixin.py:190} INFO - [2025-04-21T00:39:52.549-0300] {override.py:1911} INFO - Created Permission View: can create on DAG Run:dataset_s3_bucket_producer_with_no_taskflow
[2025-04-21T00:39:52.564-0300] {logging_mixin.py:190} INFO - [2025-04-21T00:39:52.564-0300] {override.py:1911} INFO - Created Permission View: menu access on DAG Run:dataset_s3_bucket_producer_with_no_taskflow
[2025-04-21T00:39:52.601-0300] {logging_mixin.py:190} INFO - [2025-04-21T00:39:52.600-0300] {override.py:1911} INFO - Created Permission View: can read on DAG:dataset_alias_example_alias_consumer_with_no_taskflow
[2025-04-21T00:39:52.620-0300] {logging_mixin.py:190} INFO - [2025-04-21T00:39:52.620-0300] {override.py:1911} INFO - Created Permission View: can delete on DAG:dataset_alias_example_alias_consumer_with_no_taskflow
[2025-04-21T00:39:52.636-0300] {logging_mixin.py:190} INFO - [2025-04-21T00:39:52.636-0300] {override.py:1911} INFO - Created Permission View: can edit on DAG:dataset_alias_example_alias_consumer_with_no_taskflow
[2025-04-21T00:39:52.665-0300] {logging_mixin.py:190} INFO - [2025-04-21T00:39:52.665-0300] {override.py:1911} INFO - Created Permission View: can read on DAG Run:dataset_alias_example_alias_consumer_with_no_taskflow
[2025-04-21T00:39:52.684-0300] {logging_mixin.py:190} INFO - [2025-04-21T00:39:52.683-0300] {override.py:1911} INFO - Created Permission View: can delete on DAG Run:dataset_alias_example_alias_consumer_with_no_taskflow
[2025-04-21T00:39:52.701-0300] {logging_mixin.py:190} INFO - [2025-04-21T00:39:52.700-0300] {override.py:1911} INFO - Created Permission View: can create on DAG Run:dataset_alias_example_alias_consumer_with_no_taskflow
[2025-04-21T00:39:52.718-0300] {logging_mixin.py:190} INFO - [2025-04-21T00:39:52.718-0300] {override.py:1911} INFO - Created Permission View: menu access on DAG Run:dataset_alias_example_alias_consumer_with_no_taskflow
[2025-04-21T00:39:52.719-0300] {logging_mixin.py:190} INFO - [2025-04-21T00:39:52.719-0300] {dag.py:3239} INFO - Sync 4 DAGs
[2025-04-21T00:39:52.739-0300] {logging_mixin.py:190} INFO - [2025-04-21T00:39:52.739-0300] {dag.py:3262} INFO - Creating ORM DAG for dataset_alias_example_alias_producer_with_no_taskflow
[2025-04-21T00:39:52.740-0300] {logging_mixin.py:190} INFO - [2025-04-21T00:39:52.740-0300] {dag.py:3262} INFO - Creating ORM DAG for dataset_s3_bucket_consumer_with_no_taskflow
[2025-04-21T00:39:52.741-0300] {logging_mixin.py:190} INFO - [2025-04-21T00:39:52.740-0300] {dag.py:3262} INFO - Creating ORM DAG for dataset_alias_example_alias_consumer_with_no_taskflow
[2025-04-21T00:39:52.741-0300] {logging_mixin.py:190} INFO - [2025-04-21T00:39:52.741-0300] {dag.py:3262} INFO - Creating ORM DAG for dataset_s3_bucket_producer_with_no_taskflow
[2025-04-21T00:39:52.753-0300] {logging_mixin.py:190} INFO - [2025-04-21T00:39:52.753-0300] {dag.py:4180} INFO - Setting next_dagrun for dataset_alias_example_alias_consumer_with_no_taskflow to None, run_after=None
[2025-04-21T00:39:52.754-0300] {logging_mixin.py:190} INFO - [2025-04-21T00:39:52.754-0300] {dag.py:4180} INFO - Setting next_dagrun for dataset_alias_example_alias_producer_with_no_taskflow to None, run_after=None
[2025-04-21T00:39:52.755-0300] {logging_mixin.py:190} INFO - [2025-04-21T00:39:52.755-0300] {dag.py:4180} INFO - Setting next_dagrun for dataset_s3_bucket_consumer_with_no_taskflow to None, run_after=None
[2025-04-21T00:39:52.755-0300] {logging_mixin.py:190} INFO - [2025-04-21T00:39:52.755-0300] {dag.py:4180} INFO - Setting next_dagrun for dataset_s3_bucket_producer_with_no_taskflow to None, run_after=None
[2025-04-21T00:39:52.803-0300] {processor.py:208} INFO - Processing /home/lenovo/miniconda3/envs/worker/lib/python3.12/site-packages/airflow/example_dags/example_dataset_alias_with_no_taskflow.py took 0.852 seconds
[2025-04-21T00:41:12.466-0300] {processor.py:186} INFO - Started process (PID=15757) to work on /home/lenovo/miniconda3/envs/worker/lib/python3.12/site-packages/airflow/example_dags/example_dataset_alias_with_no_taskflow.py
[2025-04-21T00:41:12.490-0300] {processor.py:914} INFO - Processing file /home/lenovo/miniconda3/envs/worker/lib/python3.12/site-packages/airflow/example_dags/example_dataset_alias_with_no_taskflow.py for tasks to queue
[2025-04-21T00:41:12.493-0300] {logging_mixin.py:190} INFO - [2025-04-21T00:41:12.493-0300] {dagbag.py:588} INFO - Filling up the DagBag from /home/lenovo/miniconda3/envs/worker/lib/python3.12/site-packages/airflow/example_dags/example_dataset_alias_with_no_taskflow.py
[2025-04-21T00:41:12.525-0300] {processor.py:925} INFO - DAG(s) 'dataset_s3_bucket_producer_with_no_taskflow', 'dataset_alias_example_alias_producer_with_no_taskflow', 'dataset_s3_bucket_consumer_with_no_taskflow', 'dataset_alias_example_alias_consumer_with_no_taskflow' retrieved from /home/lenovo/miniconda3/envs/worker/lib/python3.12/site-packages/airflow/example_dags/example_dataset_alias_with_no_taskflow.py
[2025-04-21T00:41:12.558-0300] {logging_mixin.py:190} INFO - [2025-04-21T00:41:12.557-0300] {dag.py:3239} INFO - Sync 4 DAGs
[2025-04-21T00:41:12.591-0300] {logging_mixin.py:190} INFO - [2025-04-21T00:41:12.590-0300] {dag.py:4180} INFO - Setting next_dagrun for dataset_alias_example_alias_consumer_with_no_taskflow to None, run_after=None
[2025-04-21T00:41:12.593-0300] {logging_mixin.py:190} INFO - [2025-04-21T00:41:12.593-0300] {dag.py:4180} INFO - Setting next_dagrun for dataset_alias_example_alias_producer_with_no_taskflow to None, run_after=None
[2025-04-21T00:41:12.594-0300] {logging_mixin.py:190} INFO - [2025-04-21T00:41:12.594-0300] {dag.py:4180} INFO - Setting next_dagrun for dataset_s3_bucket_consumer_with_no_taskflow to None, run_after=None
[2025-04-21T00:41:12.596-0300] {logging_mixin.py:190} INFO - [2025-04-21T00:41:12.596-0300] {dag.py:4180} INFO - Setting next_dagrun for dataset_s3_bucket_producer_with_no_taskflow to None, run_after=None
[2025-04-21T00:41:12.655-0300] {processor.py:208} INFO - Processing /home/lenovo/miniconda3/envs/worker/lib/python3.12/site-packages/airflow/example_dags/example_dataset_alias_with_no_taskflow.py took 0.195 seconds
[2025-04-21T00:42:40.924-0300] {processor.py:186} INFO - Started process (PID=439) to work on /home/lenovo/miniconda3/envs/worker/lib/python3.12/site-packages/airflow/example_dags/example_dataset_alias_with_no_taskflow.py
[2025-04-21T00:42:40.926-0300] {processor.py:914} INFO - Processing file /home/lenovo/miniconda3/envs/worker/lib/python3.12/site-packages/airflow/example_dags/example_dataset_alias_with_no_taskflow.py for tasks to queue
[2025-04-21T00:42:40.929-0300] {logging_mixin.py:190} INFO - [2025-04-21T00:42:40.928-0300] {dagbag.py:588} INFO - Filling up the DagBag from /home/lenovo/miniconda3/envs/worker/lib/python3.12/site-packages/airflow/example_dags/example_dataset_alias_with_no_taskflow.py
[2025-04-21T00:42:40.960-0300] {processor.py:925} INFO - DAG(s) 'dataset_s3_bucket_producer_with_no_taskflow', 'dataset_alias_example_alias_producer_with_no_taskflow', 'dataset_s3_bucket_consumer_with_no_taskflow', 'dataset_alias_example_alias_consumer_with_no_taskflow' retrieved from /home/lenovo/miniconda3/envs/worker/lib/python3.12/site-packages/airflow/example_dags/example_dataset_alias_with_no_taskflow.py
[2025-04-21T00:42:40.995-0300] {logging_mixin.py:190} INFO - [2025-04-21T00:42:40.994-0300] {dag.py:3239} INFO - Sync 4 DAGs
[2025-04-21T00:42:41.023-0300] {logging_mixin.py:190} INFO - [2025-04-21T00:42:41.022-0300] {dag.py:4180} INFO - Setting next_dagrun for dataset_alias_example_alias_consumer_with_no_taskflow to None, run_after=None
[2025-04-21T00:42:41.025-0300] {logging_mixin.py:190} INFO - [2025-04-21T00:42:41.025-0300] {dag.py:4180} INFO - Setting next_dagrun for dataset_alias_example_alias_producer_with_no_taskflow to None, run_after=None
[2025-04-21T00:42:41.027-0300] {logging_mixin.py:190} INFO - [2025-04-21T00:42:41.027-0300] {dag.py:4180} INFO - Setting next_dagrun for dataset_s3_bucket_consumer_with_no_taskflow to None, run_after=None
[2025-04-21T00:42:41.028-0300] {logging_mixin.py:190} INFO - [2025-04-21T00:42:41.028-0300] {dag.py:4180} INFO - Setting next_dagrun for dataset_s3_bucket_producer_with_no_taskflow to None, run_after=None
[2025-04-21T00:42:41.061-0300] {processor.py:208} INFO - Processing /home/lenovo/miniconda3/envs/worker/lib/python3.12/site-packages/airflow/example_dags/example_dataset_alias_with_no_taskflow.py took 0.144 seconds
[2025-04-21T00:43:46.369-0300] {processor.py:186} INFO - Started process (PID=496) to work on /home/lenovo/miniconda3/envs/worker/lib/python3.12/site-packages/airflow/example_dags/example_dataset_alias_with_no_taskflow.py
[2025-04-21T00:43:46.391-0300] {processor.py:914} INFO - Processing file /home/lenovo/miniconda3/envs/worker/lib/python3.12/site-packages/airflow/example_dags/example_dataset_alias_with_no_taskflow.py for tasks to queue
[2025-04-21T00:43:46.395-0300] {logging_mixin.py:190} INFO - [2025-04-21T00:43:46.395-0300] {dagbag.py:588} INFO - Filling up the DagBag from /home/lenovo/miniconda3/envs/worker/lib/python3.12/site-packages/airflow/example_dags/example_dataset_alias_with_no_taskflow.py
[2025-04-21T00:43:46.437-0300] {processor.py:925} INFO - DAG(s) 'dataset_alias_example_alias_producer_with_no_taskflow', 'dataset_s3_bucket_consumer_with_no_taskflow', 'dataset_alias_example_alias_consumer_with_no_taskflow', 'dataset_s3_bucket_producer_with_no_taskflow' retrieved from /home/lenovo/miniconda3/envs/worker/lib/python3.12/site-packages/airflow/example_dags/example_dataset_alias_with_no_taskflow.py
[2025-04-21T00:43:46.478-0300] {logging_mixin.py:190} INFO - [2025-04-21T00:43:46.477-0300] {dag.py:3239} INFO - Sync 4 DAGs
[2025-04-21T00:43:46.518-0300] {logging_mixin.py:190} INFO - [2025-04-21T00:43:46.518-0300] {dag.py:4180} INFO - Setting next_dagrun for dataset_alias_example_alias_consumer_with_no_taskflow to None, run_after=None
[2025-04-21T00:43:46.524-0300] {logging_mixin.py:190} INFO - [2025-04-21T00:43:46.523-0300] {dag.py:4180} INFO - Setting next_dagrun for dataset_alias_example_alias_producer_with_no_taskflow to None, run_after=None
[2025-04-21T00:43:46.525-0300] {logging_mixin.py:190} INFO - [2025-04-21T00:43:46.525-0300] {dag.py:4180} INFO - Setting next_dagrun for dataset_s3_bucket_consumer_with_no_taskflow to None, run_after=None
[2025-04-21T00:43:46.526-0300] {logging_mixin.py:190} INFO - [2025-04-21T00:43:46.526-0300] {dag.py:4180} INFO - Setting next_dagrun for dataset_s3_bucket_producer_with_no_taskflow to None, run_after=None
[2025-04-21T00:43:46.570-0300] {processor.py:208} INFO - Processing /home/lenovo/miniconda3/envs/worker/lib/python3.12/site-packages/airflow/example_dags/example_dataset_alias_with_no_taskflow.py took 0.214 seconds
[2025-04-21T00:44:57.815-0300] {processor.py:186} INFO - Started process (PID=623) to work on /home/lenovo/miniconda3/envs/worker/lib/python3.12/site-packages/airflow/example_dags/example_dataset_alias_with_no_taskflow.py
[2025-04-21T00:44:57.819-0300] {processor.py:914} INFO - Processing file /home/lenovo/miniconda3/envs/worker/lib/python3.12/site-packages/airflow/example_dags/example_dataset_alias_with_no_taskflow.py for tasks to queue
[2025-04-21T00:44:57.828-0300] {logging_mixin.py:190} INFO - [2025-04-21T00:44:57.826-0300] {dagbag.py:588} INFO - Filling up the DagBag from /home/lenovo/miniconda3/envs/worker/lib/python3.12/site-packages/airflow/example_dags/example_dataset_alias_with_no_taskflow.py
[2025-04-21T00:44:57.872-0300] {processor.py:925} INFO - DAG(s) 'dataset_s3_bucket_producer_with_no_taskflow', 'dataset_s3_bucket_consumer_with_no_taskflow', 'dataset_alias_example_alias_consumer_with_no_taskflow', 'dataset_alias_example_alias_producer_with_no_taskflow' retrieved from /home/lenovo/miniconda3/envs/worker/lib/python3.12/site-packages/airflow/example_dags/example_dataset_alias_with_no_taskflow.py
[2025-04-21T00:44:57.951-0300] {logging_mixin.py:190} INFO - [2025-04-21T00:44:57.951-0300] {dag.py:3239} INFO - Sync 4 DAGs
[2025-04-21T00:44:58.077-0300] {logging_mixin.py:190} INFO - [2025-04-21T00:44:58.069-0300] {dag.py:4180} INFO - Setting next_dagrun for dataset_alias_example_alias_consumer_with_no_taskflow to None, run_after=None
[2025-04-21T00:44:58.082-0300] {logging_mixin.py:190} INFO - [2025-04-21T00:44:58.082-0300] {dag.py:4180} INFO - Setting next_dagrun for dataset_alias_example_alias_producer_with_no_taskflow to None, run_after=None
[2025-04-21T00:44:58.085-0300] {logging_mixin.py:190} INFO - [2025-04-21T00:44:58.084-0300] {dag.py:4180} INFO - Setting next_dagrun for dataset_s3_bucket_consumer_with_no_taskflow to None, run_after=None
[2025-04-21T00:44:58.087-0300] {logging_mixin.py:190} INFO - [2025-04-21T00:44:58.086-0300] {dag.py:4180} INFO - Setting next_dagrun for dataset_s3_bucket_producer_with_no_taskflow to None, run_after=None
[2025-04-21T00:44:58.251-0300] {processor.py:208} INFO - Processing /home/lenovo/miniconda3/envs/worker/lib/python3.12/site-packages/airflow/example_dags/example_dataset_alias_with_no_taskflow.py took 0.453 seconds
[2025-04-21T00:46:10.460-0300] {processor.py:186} INFO - Started process (PID=704) to work on /home/lenovo/miniconda3/envs/worker/lib/python3.12/site-packages/airflow/example_dags/example_dataset_alias_with_no_taskflow.py
[2025-04-21T00:46:10.482-0300] {processor.py:914} INFO - Processing file /home/lenovo/miniconda3/envs/worker/lib/python3.12/site-packages/airflow/example_dags/example_dataset_alias_with_no_taskflow.py for tasks to queue
[2025-04-21T00:46:10.487-0300] {logging_mixin.py:190} INFO - [2025-04-21T00:46:10.486-0300] {dagbag.py:588} INFO - Filling up the DagBag from /home/lenovo/miniconda3/envs/worker/lib/python3.12/site-packages/airflow/example_dags/example_dataset_alias_with_no_taskflow.py
[2025-04-21T00:46:10.526-0300] {processor.py:925} INFO - DAG(s) 'dataset_alias_example_alias_consumer_with_no_taskflow', 'dataset_s3_bucket_producer_with_no_taskflow', 'dataset_alias_example_alias_producer_with_no_taskflow', 'dataset_s3_bucket_consumer_with_no_taskflow' retrieved from /home/lenovo/miniconda3/envs/worker/lib/python3.12/site-packages/airflow/example_dags/example_dataset_alias_with_no_taskflow.py
[2025-04-21T00:46:10.560-0300] {logging_mixin.py:190} INFO - [2025-04-21T00:46:10.559-0300] {dag.py:3239} INFO - Sync 4 DAGs
[2025-04-21T00:46:10.593-0300] {logging_mixin.py:190} INFO - [2025-04-21T00:46:10.593-0300] {dag.py:4180} INFO - Setting next_dagrun for dataset_alias_example_alias_consumer_with_no_taskflow to None, run_after=None
[2025-04-21T00:46:10.599-0300] {logging_mixin.py:190} INFO - [2025-04-21T00:46:10.598-0300] {dag.py:4180} INFO - Setting next_dagrun for dataset_alias_example_alias_producer_with_no_taskflow to None, run_after=None
[2025-04-21T00:46:10.600-0300] {logging_mixin.py:190} INFO - [2025-04-21T00:46:10.600-0300] {dag.py:4180} INFO - Setting next_dagrun for dataset_s3_bucket_consumer_with_no_taskflow to None, run_after=None
[2025-04-21T00:46:10.601-0300] {logging_mixin.py:190} INFO - [2025-04-21T00:46:10.601-0300] {dag.py:4180} INFO - Setting next_dagrun for dataset_s3_bucket_producer_with_no_taskflow to None, run_after=None
[2025-04-21T00:46:10.671-0300] {processor.py:208} INFO - Processing /home/lenovo/miniconda3/envs/worker/lib/python3.12/site-packages/airflow/example_dags/example_dataset_alias_with_no_taskflow.py took 0.219 seconds
