[2025-04-21T00:40:57.880-0300] {processor.py:186} INFO - Started process (PID=15744) to work on /home/lenovo/miniconda3/envs/worker/lib/python3.12/site-packages/airflow/example_dags/example_time_delta_sensor_async.py
[2025-04-21T00:40:57.881-0300] {processor.py:914} INFO - Processing file /home/lenovo/miniconda3/envs/worker/lib/python3.12/site-packages/airflow/example_dags/example_time_delta_sensor_async.py for tasks to queue
[2025-04-21T00:40:57.884-0300] {logging_mixin.py:190} INFO - [2025-04-21T00:40:57.883-0300] {dagbag.py:588} INFO - Filling up the DagBag from /home/lenovo/miniconda3/envs/worker/lib/python3.12/site-packages/airflow/example_dags/example_time_delta_sensor_async.py
[2025-04-21T00:40:57.895-0300] {processor.py:925} INFO - DAG(s) 'example_time_delta_sensor_async' retrieved from /home/lenovo/miniconda3/envs/worker/lib/python3.12/site-packages/airflow/example_dags/example_time_delta_sensor_async.py
[2025-04-21T00:40:58.079-0300] {logging_mixin.py:190} INFO - [2025-04-21T00:40:58.078-0300] {override.py:1911} INFO - Created Permission View: can read on DAG:example_time_delta_sensor_async
[2025-04-21T00:40:58.101-0300] {logging_mixin.py:190} INFO - [2025-04-21T00:40:58.101-0300] {override.py:1911} INFO - Created Permission View: can delete on DAG:example_time_delta_sensor_async
[2025-04-21T00:40:58.118-0300] {logging_mixin.py:190} INFO - [2025-04-21T00:40:58.118-0300] {override.py:1911} INFO - Created Permission View: can edit on DAG:example_time_delta_sensor_async
[2025-04-21T00:40:58.146-0300] {logging_mixin.py:190} INFO - [2025-04-21T00:40:58.145-0300] {override.py:1911} INFO - Created Permission View: can read on DAG Run:example_time_delta_sensor_async
[2025-04-21T00:40:58.165-0300] {logging_mixin.py:190} INFO - [2025-04-21T00:40:58.164-0300] {override.py:1911} INFO - Created Permission View: can delete on DAG Run:example_time_delta_sensor_async
[2025-04-21T00:40:58.201-0300] {logging_mixin.py:190} INFO - [2025-04-21T00:40:58.200-0300] {override.py:1911} INFO - Created Permission View: can create on DAG Run:example_time_delta_sensor_async
[2025-04-21T00:40:58.219-0300] {logging_mixin.py:190} INFO - [2025-04-21T00:40:58.219-0300] {override.py:1911} INFO - Created Permission View: menu access on DAG Run:example_time_delta_sensor_async
[2025-04-21T00:40:58.219-0300] {logging_mixin.py:190} INFO - [2025-04-21T00:40:58.219-0300] {dag.py:3239} INFO - Sync 1 DAGs
[2025-04-21T00:40:58.235-0300] {logging_mixin.py:190} INFO - [2025-04-21T00:40:58.235-0300] {dag.py:3262} INFO - Creating ORM DAG for example_time_delta_sensor_async
[2025-04-21T00:40:58.236-0300] {logging_mixin.py:190} INFO - [2025-04-21T00:40:58.236-0300] {dag.py:4180} INFO - Setting next_dagrun for example_time_delta_sensor_async to None, run_after=None
[2025-04-21T00:40:58.267-0300] {processor.py:208} INFO - Processing /home/lenovo/miniconda3/envs/worker/lib/python3.12/site-packages/airflow/example_dags/example_time_delta_sensor_async.py took 0.394 seconds
[2025-04-21T00:43:33.134-0300] {processor.py:186} INFO - Started process (PID=483) to work on /home/lenovo/miniconda3/envs/worker/lib/python3.12/site-packages/airflow/example_dags/example_time_delta_sensor_async.py
[2025-04-21T00:43:33.157-0300] {processor.py:914} INFO - Processing file /home/lenovo/miniconda3/envs/worker/lib/python3.12/site-packages/airflow/example_dags/example_time_delta_sensor_async.py for tasks to queue
[2025-04-21T00:43:33.161-0300] {logging_mixin.py:190} INFO - [2025-04-21T00:43:33.160-0300] {dagbag.py:588} INFO - Filling up the DagBag from /home/lenovo/miniconda3/envs/worker/lib/python3.12/site-packages/airflow/example_dags/example_time_delta_sensor_async.py
[2025-04-21T00:43:33.171-0300] {processor.py:925} INFO - DAG(s) 'example_time_delta_sensor_async' retrieved from /home/lenovo/miniconda3/envs/worker/lib/python3.12/site-packages/airflow/example_dags/example_time_delta_sensor_async.py
[2025-04-21T00:43:33.193-0300] {logging_mixin.py:190} INFO - [2025-04-21T00:43:33.193-0300] {dag.py:3239} INFO - Sync 1 DAGs
[2025-04-21T00:43:33.212-0300] {logging_mixin.py:190} INFO - [2025-04-21T00:43:33.212-0300] {dag.py:4180} INFO - Setting next_dagrun for example_time_delta_sensor_async to None, run_after=None
[2025-04-21T00:43:33.249-0300] {processor.py:208} INFO - Processing /home/lenovo/miniconda3/envs/worker/lib/python3.12/site-packages/airflow/example_dags/example_time_delta_sensor_async.py took 0.123 seconds
[2025-04-21T00:44:43.619-0300] {processor.py:186} INFO - Started process (PID=598) to work on /home/lenovo/miniconda3/envs/worker/lib/python3.12/site-packages/airflow/example_dags/example_time_delta_sensor_async.py
[2025-04-21T00:44:43.621-0300] {processor.py:914} INFO - Processing file /home/lenovo/miniconda3/envs/worker/lib/python3.12/site-packages/airflow/example_dags/example_time_delta_sensor_async.py for tasks to queue
[2025-04-21T00:44:43.626-0300] {logging_mixin.py:190} INFO - [2025-04-21T00:44:43.625-0300] {dagbag.py:588} INFO - Filling up the DagBag from /home/lenovo/miniconda3/envs/worker/lib/python3.12/site-packages/airflow/example_dags/example_time_delta_sensor_async.py
[2025-04-21T00:44:43.640-0300] {processor.py:925} INFO - DAG(s) 'example_time_delta_sensor_async' retrieved from /home/lenovo/miniconda3/envs/worker/lib/python3.12/site-packages/airflow/example_dags/example_time_delta_sensor_async.py
[2025-04-21T00:44:43.680-0300] {logging_mixin.py:190} INFO - [2025-04-21T00:44:43.679-0300] {dag.py:3239} INFO - Sync 1 DAGs
[2025-04-21T00:44:43.709-0300] {logging_mixin.py:190} INFO - [2025-04-21T00:44:43.708-0300] {dag.py:4180} INFO - Setting next_dagrun for example_time_delta_sensor_async to None, run_after=None
[2025-04-21T00:44:43.758-0300] {processor.py:208} INFO - Processing /home/lenovo/miniconda3/envs/worker/lib/python3.12/site-packages/airflow/example_dags/example_time_delta_sensor_async.py took 0.148 seconds
[2025-04-21T00:45:56.384-0300] {processor.py:186} INFO - Started process (PID=691) to work on /home/lenovo/miniconda3/envs/worker/lib/python3.12/site-packages/airflow/example_dags/example_time_delta_sensor_async.py
[2025-04-21T00:45:56.405-0300] {processor.py:914} INFO - Processing file /home/lenovo/miniconda3/envs/worker/lib/python3.12/site-packages/airflow/example_dags/example_time_delta_sensor_async.py for tasks to queue
[2025-04-21T00:45:56.409-0300] {logging_mixin.py:190} INFO - [2025-04-21T00:45:56.409-0300] {dagbag.py:588} INFO - Filling up the DagBag from /home/lenovo/miniconda3/envs/worker/lib/python3.12/site-packages/airflow/example_dags/example_time_delta_sensor_async.py
[2025-04-21T00:45:56.419-0300] {processor.py:925} INFO - DAG(s) 'example_time_delta_sensor_async' retrieved from /home/lenovo/miniconda3/envs/worker/lib/python3.12/site-packages/airflow/example_dags/example_time_delta_sensor_async.py
[2025-04-21T00:45:56.441-0300] {logging_mixin.py:190} INFO - [2025-04-21T00:45:56.441-0300] {dag.py:3239} INFO - Sync 1 DAGs
[2025-04-21T00:45:56.462-0300] {logging_mixin.py:190} INFO - [2025-04-21T00:45:56.461-0300] {dag.py:4180} INFO - Setting next_dagrun for example_time_delta_sensor_async to None, run_after=None
[2025-04-21T00:45:56.505-0300] {processor.py:208} INFO - Processing /home/lenovo/miniconda3/envs/worker/lib/python3.12/site-packages/airflow/example_dags/example_time_delta_sensor_async.py took 0.128 seconds
