[2025-04-21T00:40:48.448-0300] {processor.py:186} INFO - Started process (PID=15735) to work on /home/lenovo/miniconda3/envs/worker/lib/python3.12/site-packages/airflow/example_dags/example_dag_decorator.py
[2025-04-21T00:40:48.449-0300] {processor.py:914} INFO - Processing file /home/lenovo/miniconda3/envs/worker/lib/python3.12/site-packages/airflow/example_dags/example_dag_decorator.py for tasks to queue
[2025-04-21T00:40:48.452-0300] {logging_mixin.py:190} INFO - [2025-04-21T00:40:48.452-0300] {dagbag.py:588} INFO - Filling up the DagBag from /home/lenovo/miniconda3/envs/worker/lib/python3.12/site-packages/airflow/example_dags/example_dag_decorator.py
[2025-04-21T00:40:48.468-0300] {processor.py:925} INFO - DAG(s) 'example_dag_decorator' retrieved from /home/lenovo/miniconda3/envs/worker/lib/python3.12/site-packages/airflow/example_dags/example_dag_decorator.py
[2025-04-21T00:40:48.646-0300] {logging_mixin.py:190} INFO - [2025-04-21T00:40:48.645-0300] {override.py:1911} INFO - Created Permission View: can read on DAG:example_dag_decorator
[2025-04-21T00:40:48.671-0300] {logging_mixin.py:190} INFO - [2025-04-21T00:40:48.670-0300] {override.py:1911} INFO - Created Permission View: can delete on DAG:example_dag_decorator
[2025-04-21T00:40:48.689-0300] {logging_mixin.py:190} INFO - [2025-04-21T00:40:48.689-0300] {override.py:1911} INFO - Created Permission View: can edit on DAG:example_dag_decorator
[2025-04-21T00:40:48.722-0300] {logging_mixin.py:190} INFO - [2025-04-21T00:40:48.721-0300] {override.py:1911} INFO - Created Permission View: can read on DAG Run:example_dag_decorator
[2025-04-21T00:40:48.740-0300] {logging_mixin.py:190} INFO - [2025-04-21T00:40:48.739-0300] {override.py:1911} INFO - Created Permission View: can delete on DAG Run:example_dag_decorator
[2025-04-21T00:40:48.758-0300] {logging_mixin.py:190} INFO - [2025-04-21T00:40:48.757-0300] {override.py:1911} INFO - Created Permission View: can create on DAG Run:example_dag_decorator
[2025-04-21T00:40:48.778-0300] {logging_mixin.py:190} INFO - [2025-04-21T00:40:48.778-0300] {override.py:1911} INFO - Created Permission View: menu access on DAG Run:example_dag_decorator
[2025-04-21T00:40:48.779-0300] {logging_mixin.py:190} INFO - [2025-04-21T00:40:48.779-0300] {dag.py:3239} INFO - Sync 1 DAGs
[2025-04-21T00:40:48.795-0300] {logging_mixin.py:190} INFO - [2025-04-21T00:40:48.795-0300] {dag.py:3262} INFO - Creating ORM DAG for example_dag_decorator
[2025-04-21T00:40:48.796-0300] {logging_mixin.py:190} INFO - [2025-04-21T00:40:48.796-0300] {dag.py:4180} INFO - Setting next_dagrun for example_dag_decorator to None, run_after=None
[2025-04-21T00:40:48.831-0300] {processor.py:208} INFO - Processing /home/lenovo/miniconda3/envs/worker/lib/python3.12/site-packages/airflow/example_dags/example_dag_decorator.py took 0.390 seconds
[2025-04-21T00:43:23.906-0300] {processor.py:186} INFO - Started process (PID=476) to work on /home/lenovo/miniconda3/envs/worker/lib/python3.12/site-packages/airflow/example_dags/example_dag_decorator.py
[2025-04-21T00:43:23.908-0300] {processor.py:914} INFO - Processing file /home/lenovo/miniconda3/envs/worker/lib/python3.12/site-packages/airflow/example_dags/example_dag_decorator.py for tasks to queue
[2025-04-21T00:43:23.910-0300] {logging_mixin.py:190} INFO - [2025-04-21T00:43:23.910-0300] {dagbag.py:588} INFO - Filling up the DagBag from /home/lenovo/miniconda3/envs/worker/lib/python3.12/site-packages/airflow/example_dags/example_dag_decorator.py
[2025-04-21T00:43:23.926-0300] {processor.py:925} INFO - DAG(s) 'example_dag_decorator' retrieved from /home/lenovo/miniconda3/envs/worker/lib/python3.12/site-packages/airflow/example_dags/example_dag_decorator.py
[2025-04-21T00:43:24.073-0300] {logging_mixin.py:190} INFO - [2025-04-21T00:43:24.073-0300] {dag.py:3239} INFO - Sync 1 DAGs
[2025-04-21T00:43:24.090-0300] {logging_mixin.py:190} INFO - [2025-04-21T00:43:24.090-0300] {dag.py:4180} INFO - Setting next_dagrun for example_dag_decorator to None, run_after=None
[2025-04-21T00:43:24.143-0300] {processor.py:208} INFO - Processing /home/lenovo/miniconda3/envs/worker/lib/python3.12/site-packages/airflow/example_dags/example_dag_decorator.py took 0.245 seconds
[2025-04-21T00:44:35.601-0300] {processor.py:186} INFO - Started process (PID=591) to work on /home/lenovo/miniconda3/envs/worker/lib/python3.12/site-packages/airflow/example_dags/example_dag_decorator.py
[2025-04-21T00:44:35.624-0300] {processor.py:914} INFO - Processing file /home/lenovo/miniconda3/envs/worker/lib/python3.12/site-packages/airflow/example_dags/example_dag_decorator.py for tasks to queue
[2025-04-21T00:44:35.627-0300] {logging_mixin.py:190} INFO - [2025-04-21T00:44:35.627-0300] {dagbag.py:588} INFO - Filling up the DagBag from /home/lenovo/miniconda3/envs/worker/lib/python3.12/site-packages/airflow/example_dags/example_dag_decorator.py
[2025-04-21T00:44:35.646-0300] {processor.py:925} INFO - DAG(s) 'example_dag_decorator' retrieved from /home/lenovo/miniconda3/envs/worker/lib/python3.12/site-packages/airflow/example_dags/example_dag_decorator.py
[2025-04-21T00:44:35.800-0300] {logging_mixin.py:190} INFO - [2025-04-21T00:44:35.800-0300] {dag.py:3239} INFO - Sync 1 DAGs
[2025-04-21T00:44:35.819-0300] {logging_mixin.py:190} INFO - [2025-04-21T00:44:35.818-0300] {dag.py:4180} INFO - Setting next_dagrun for example_dag_decorator to None, run_after=None
[2025-04-21T00:44:35.876-0300] {processor.py:208} INFO - Processing /home/lenovo/miniconda3/envs/worker/lib/python3.12/site-packages/airflow/example_dags/example_dag_decorator.py took 0.284 seconds
[2025-04-21T00:45:49.863-0300] {processor.py:186} INFO - Started process (PID=684) to work on /home/lenovo/miniconda3/envs/worker/lib/python3.12/site-packages/airflow/example_dags/example_dag_decorator.py
[2025-04-21T00:45:49.886-0300] {processor.py:914} INFO - Processing file /home/lenovo/miniconda3/envs/worker/lib/python3.12/site-packages/airflow/example_dags/example_dag_decorator.py for tasks to queue
[2025-04-21T00:45:49.889-0300] {logging_mixin.py:190} INFO - [2025-04-21T00:45:49.889-0300] {dagbag.py:588} INFO - Filling up the DagBag from /home/lenovo/miniconda3/envs/worker/lib/python3.12/site-packages/airflow/example_dags/example_dag_decorator.py
[2025-04-21T00:45:49.914-0300] {processor.py:925} INFO - DAG(s) 'example_dag_decorator' retrieved from /home/lenovo/miniconda3/envs/worker/lib/python3.12/site-packages/airflow/example_dags/example_dag_decorator.py
[2025-04-21T00:45:49.949-0300] {logging_mixin.py:190} INFO - [2025-04-21T00:45:49.948-0300] {dag.py:3239} INFO - Sync 1 DAGs
[2025-04-21T00:45:49.970-0300] {logging_mixin.py:190} INFO - [2025-04-21T00:45:49.969-0300] {dag.py:4180} INFO - Setting next_dagrun for example_dag_decorator to None, run_after=None
[2025-04-21T00:45:50.014-0300] {processor.py:208} INFO - Processing /home/lenovo/miniconda3/envs/worker/lib/python3.12/site-packages/airflow/example_dags/example_dag_decorator.py took 0.167 seconds
