[2025-04-21T00:40:51.399-0300] {processor.py:186} INFO - Started process (PID=15739) to work on /home/lenovo/miniconda3/envs/worker/lib/python3.12/site-packages/airflow/example_dags/example_branch_datetime_operator.py
[2025-04-21T00:40:51.400-0300] {processor.py:914} INFO - Processing file /home/lenovo/miniconda3/envs/worker/lib/python3.12/site-packages/airflow/example_dags/example_branch_datetime_operator.py for tasks to queue
[2025-04-21T00:40:51.404-0300] {logging_mixin.py:190} INFO - [2025-04-21T00:40:51.403-0300] {dagbag.py:588} INFO - Filling up the DagBag from /home/lenovo/miniconda3/envs/worker/lib/python3.12/site-packages/airflow/example_dags/example_branch_datetime_operator.py
[2025-04-21T00:40:51.424-0300] {processor.py:925} INFO - DAG(s) 'example_branch_datetime_operator_3', 'example_branch_datetime_operator_2', 'example_branch_datetime_operator' retrieved from /home/lenovo/miniconda3/envs/worker/lib/python3.12/site-packages/airflow/example_dags/example_branch_datetime_operator.py
[2025-04-21T00:40:51.603-0300] {logging_mixin.py:190} INFO - [2025-04-21T00:40:51.601-0300] {override.py:1911} INFO - Created Permission View: can read on DAG:example_branch_datetime_operator_3
[2025-04-21T00:40:51.628-0300] {logging_mixin.py:190} INFO - [2025-04-21T00:40:51.627-0300] {override.py:1911} INFO - Created Permission View: can delete on DAG:example_branch_datetime_operator_3
[2025-04-21T00:40:51.645-0300] {logging_mixin.py:190} INFO - [2025-04-21T00:40:51.645-0300] {override.py:1911} INFO - Created Permission View: can edit on DAG:example_branch_datetime_operator_3
[2025-04-21T00:40:51.672-0300] {logging_mixin.py:190} INFO - [2025-04-21T00:40:51.671-0300] {override.py:1911} INFO - Created Permission View: can read on DAG Run:example_branch_datetime_operator_3
[2025-04-21T00:40:51.688-0300] {logging_mixin.py:190} INFO - [2025-04-21T00:40:51.687-0300] {override.py:1911} INFO - Created Permission View: can delete on DAG Run:example_branch_datetime_operator_3
[2025-04-21T00:40:51.705-0300] {logging_mixin.py:190} INFO - [2025-04-21T00:40:51.704-0300] {override.py:1911} INFO - Created Permission View: can create on DAG Run:example_branch_datetime_operator_3
[2025-04-21T00:40:51.720-0300] {logging_mixin.py:190} INFO - [2025-04-21T00:40:51.719-0300] {override.py:1911} INFO - Created Permission View: menu access on DAG Run:example_branch_datetime_operator_3
[2025-04-21T00:40:51.756-0300] {logging_mixin.py:190} INFO - [2025-04-21T00:40:51.755-0300] {override.py:1911} INFO - Created Permission View: can read on DAG:example_branch_datetime_operator_2
[2025-04-21T00:40:51.773-0300] {logging_mixin.py:190} INFO - [2025-04-21T00:40:51.773-0300] {override.py:1911} INFO - Created Permission View: can delete on DAG:example_branch_datetime_operator_2
[2025-04-21T00:40:51.791-0300] {logging_mixin.py:190} INFO - [2025-04-21T00:40:51.790-0300] {override.py:1911} INFO - Created Permission View: can edit on DAG:example_branch_datetime_operator_2
[2025-04-21T00:40:51.820-0300] {logging_mixin.py:190} INFO - [2025-04-21T00:40:51.819-0300] {override.py:1911} INFO - Created Permission View: can read on DAG Run:example_branch_datetime_operator_2
[2025-04-21T00:40:51.838-0300] {logging_mixin.py:190} INFO - [2025-04-21T00:40:51.837-0300] {override.py:1911} INFO - Created Permission View: can delete on DAG Run:example_branch_datetime_operator_2
[2025-04-21T00:40:51.855-0300] {logging_mixin.py:190} INFO - [2025-04-21T00:40:51.854-0300] {override.py:1911} INFO - Created Permission View: can create on DAG Run:example_branch_datetime_operator_2
[2025-04-21T00:40:51.873-0300] {logging_mixin.py:190} INFO - [2025-04-21T00:40:51.872-0300] {override.py:1911} INFO - Created Permission View: menu access on DAG Run:example_branch_datetime_operator_2
[2025-04-21T00:40:51.910-0300] {logging_mixin.py:190} INFO - [2025-04-21T00:40:51.909-0300] {override.py:1911} INFO - Created Permission View: can read on DAG:example_branch_datetime_operator
[2025-04-21T00:40:51.928-0300] {logging_mixin.py:190} INFO - [2025-04-21T00:40:51.928-0300] {override.py:1911} INFO - Created Permission View: can delete on DAG:example_branch_datetime_operator
[2025-04-21T00:40:51.947-0300] {logging_mixin.py:190} INFO - [2025-04-21T00:40:51.946-0300] {override.py:1911} INFO - Created Permission View: can edit on DAG:example_branch_datetime_operator
[2025-04-21T00:40:51.976-0300] {logging_mixin.py:190} INFO - [2025-04-21T00:40:51.975-0300] {override.py:1911} INFO - Created Permission View: can read on DAG Run:example_branch_datetime_operator
[2025-04-21T00:40:51.993-0300] {logging_mixin.py:190} INFO - [2025-04-21T00:40:51.992-0300] {override.py:1911} INFO - Created Permission View: can delete on DAG Run:example_branch_datetime_operator
[2025-04-21T00:40:52.010-0300] {logging_mixin.py:190} INFO - [2025-04-21T00:40:52.010-0300] {override.py:1911} INFO - Created Permission View: can create on DAG Run:example_branch_datetime_operator
[2025-04-21T00:40:52.026-0300] {logging_mixin.py:190} INFO - [2025-04-21T00:40:52.025-0300] {override.py:1911} INFO - Created Permission View: menu access on DAG Run:example_branch_datetime_operator
[2025-04-21T00:40:52.026-0300] {logging_mixin.py:190} INFO - [2025-04-21T00:40:52.026-0300] {dag.py:3239} INFO - Sync 3 DAGs
[2025-04-21T00:40:52.045-0300] {logging_mixin.py:190} INFO - [2025-04-21T00:40:52.044-0300] {dag.py:3262} INFO - Creating ORM DAG for example_branch_datetime_operator_2
[2025-04-21T00:40:52.045-0300] {logging_mixin.py:190} INFO - [2025-04-21T00:40:52.045-0300] {dag.py:3262} INFO - Creating ORM DAG for example_branch_datetime_operator_3
[2025-04-21T00:40:52.046-0300] {logging_mixin.py:190} INFO - [2025-04-21T00:40:52.046-0300] {dag.py:3262} INFO - Creating ORM DAG for example_branch_datetime_operator
[2025-04-21T00:40:52.063-0300] {logging_mixin.py:190} INFO - [2025-04-21T00:40:52.061-0300] {dag.py:4180} INFO - Setting next_dagrun for example_branch_datetime_operator to 2025-04-20 00:00:00+00:00, run_after=2025-04-21 00:00:00+00:00
[2025-04-21T00:40:52.066-0300] {logging_mixin.py:190} INFO - [2025-04-21T00:40:52.065-0300] {dag.py:4180} INFO - Setting next_dagrun for example_branch_datetime_operator_2 to 2025-04-20 00:00:00+00:00, run_after=2025-04-21 00:00:00+00:00
[2025-04-21T00:40:52.067-0300] {logging_mixin.py:190} INFO - [2025-04-21T00:40:52.067-0300] {dag.py:4180} INFO - Setting next_dagrun for example_branch_datetime_operator_3 to 2025-04-20 00:00:00+00:00, run_after=2025-04-21 00:00:00+00:00
[2025-04-21T00:40:52.104-0300] {processor.py:208} INFO - Processing /home/lenovo/miniconda3/envs/worker/lib/python3.12/site-packages/airflow/example_dags/example_branch_datetime_operator.py took 0.714 seconds
[2025-04-21T00:43:26.529-0300] {processor.py:186} INFO - Started process (PID=478) to work on /home/lenovo/miniconda3/envs/worker/lib/python3.12/site-packages/airflow/example_dags/example_branch_datetime_operator.py
[2025-04-21T00:43:26.531-0300] {processor.py:914} INFO - Processing file /home/lenovo/miniconda3/envs/worker/lib/python3.12/site-packages/airflow/example_dags/example_branch_datetime_operator.py for tasks to queue
[2025-04-21T00:43:26.534-0300] {logging_mixin.py:190} INFO - [2025-04-21T00:43:26.533-0300] {dagbag.py:588} INFO - Filling up the DagBag from /home/lenovo/miniconda3/envs/worker/lib/python3.12/site-packages/airflow/example_dags/example_branch_datetime_operator.py
[2025-04-21T00:43:26.551-0300] {processor.py:925} INFO - DAG(s) 'example_branch_datetime_operator_2', 'example_branch_datetime_operator_3', 'example_branch_datetime_operator' retrieved from /home/lenovo/miniconda3/envs/worker/lib/python3.12/site-packages/airflow/example_dags/example_branch_datetime_operator.py
[2025-04-21T00:43:26.580-0300] {logging_mixin.py:190} INFO - [2025-04-21T00:43:26.579-0300] {dag.py:3239} INFO - Sync 3 DAGs
[2025-04-21T00:43:26.614-0300] {logging_mixin.py:190} INFO - [2025-04-21T00:43:26.613-0300] {dag.py:4180} INFO - Setting next_dagrun for example_branch_datetime_operator to 2025-04-20 00:00:00+00:00, run_after=2025-04-21 00:00:00+00:00
[2025-04-21T00:43:26.621-0300] {logging_mixin.py:190} INFO - [2025-04-21T00:43:26.620-0300] {dag.py:4180} INFO - Setting next_dagrun for example_branch_datetime_operator_2 to 2025-04-20 00:00:00+00:00, run_after=2025-04-21 00:00:00+00:00
[2025-04-21T00:43:26.624-0300] {logging_mixin.py:190} INFO - [2025-04-21T00:43:26.624-0300] {dag.py:4180} INFO - Setting next_dagrun for example_branch_datetime_operator_3 to 2025-04-20 00:00:00+00:00, run_after=2025-04-21 00:00:00+00:00
[2025-04-21T00:43:26.656-0300] {processor.py:208} INFO - Processing /home/lenovo/miniconda3/envs/worker/lib/python3.12/site-packages/airflow/example_dags/example_branch_datetime_operator.py took 0.135 seconds
[2025-04-21T00:44:36.888-0300] {processor.py:186} INFO - Started process (PID=593) to work on /home/lenovo/miniconda3/envs/worker/lib/python3.12/site-packages/airflow/example_dags/example_branch_datetime_operator.py
[2025-04-21T00:44:36.910-0300] {processor.py:914} INFO - Processing file /home/lenovo/miniconda3/envs/worker/lib/python3.12/site-packages/airflow/example_dags/example_branch_datetime_operator.py for tasks to queue
[2025-04-21T00:44:36.913-0300] {logging_mixin.py:190} INFO - [2025-04-21T00:44:36.913-0300] {dagbag.py:588} INFO - Filling up the DagBag from /home/lenovo/miniconda3/envs/worker/lib/python3.12/site-packages/airflow/example_dags/example_branch_datetime_operator.py
[2025-04-21T00:44:36.932-0300] {processor.py:925} INFO - DAG(s) 'example_branch_datetime_operator', 'example_branch_datetime_operator_3', 'example_branch_datetime_operator_2' retrieved from /home/lenovo/miniconda3/envs/worker/lib/python3.12/site-packages/airflow/example_dags/example_branch_datetime_operator.py
[2025-04-21T00:44:36.978-0300] {logging_mixin.py:190} INFO - [2025-04-21T00:44:36.978-0300] {dag.py:3239} INFO - Sync 3 DAGs
[2025-04-21T00:44:37.024-0300] {logging_mixin.py:190} INFO - [2025-04-21T00:44:37.024-0300] {dag.py:4180} INFO - Setting next_dagrun for example_branch_datetime_operator to 2025-04-20 00:00:00+00:00, run_after=2025-04-21 00:00:00+00:00
[2025-04-21T00:44:37.035-0300] {logging_mixin.py:190} INFO - [2025-04-21T00:44:37.034-0300] {dag.py:4180} INFO - Setting next_dagrun for example_branch_datetime_operator_2 to 2025-04-20 00:00:00+00:00, run_after=2025-04-21 00:00:00+00:00
[2025-04-21T00:44:37.038-0300] {logging_mixin.py:190} INFO - [2025-04-21T00:44:37.038-0300] {dag.py:4180} INFO - Setting next_dagrun for example_branch_datetime_operator_3 to 2025-04-20 00:00:00+00:00, run_after=2025-04-21 00:00:00+00:00
[2025-04-21T00:44:37.102-0300] {processor.py:208} INFO - Processing /home/lenovo/miniconda3/envs/worker/lib/python3.12/site-packages/airflow/example_dags/example_branch_datetime_operator.py took 0.222 seconds
[2025-04-21T00:45:52.392-0300] {processor.py:186} INFO - Started process (PID=686) to work on /home/lenovo/miniconda3/envs/worker/lib/python3.12/site-packages/airflow/example_dags/example_branch_datetime_operator.py
[2025-04-21T00:45:52.415-0300] {processor.py:914} INFO - Processing file /home/lenovo/miniconda3/envs/worker/lib/python3.12/site-packages/airflow/example_dags/example_branch_datetime_operator.py for tasks to queue
[2025-04-21T00:45:52.419-0300] {logging_mixin.py:190} INFO - [2025-04-21T00:45:52.418-0300] {dagbag.py:588} INFO - Filling up the DagBag from /home/lenovo/miniconda3/envs/worker/lib/python3.12/site-packages/airflow/example_dags/example_branch_datetime_operator.py
[2025-04-21T00:45:52.437-0300] {processor.py:925} INFO - DAG(s) 'example_branch_datetime_operator_3', 'example_branch_datetime_operator', 'example_branch_datetime_operator_2' retrieved from /home/lenovo/miniconda3/envs/worker/lib/python3.12/site-packages/airflow/example_dags/example_branch_datetime_operator.py
[2025-04-21T00:45:52.473-0300] {logging_mixin.py:190} INFO - [2025-04-21T00:45:52.473-0300] {dag.py:3239} INFO - Sync 3 DAGs
[2025-04-21T00:45:52.509-0300] {logging_mixin.py:190} INFO - [2025-04-21T00:45:52.509-0300] {dag.py:4180} INFO - Setting next_dagrun for example_branch_datetime_operator to 2025-04-20 00:00:00+00:00, run_after=2025-04-21 00:00:00+00:00
[2025-04-21T00:45:52.517-0300] {logging_mixin.py:190} INFO - [2025-04-21T00:45:52.516-0300] {dag.py:4180} INFO - Setting next_dagrun for example_branch_datetime_operator_2 to 2025-04-20 00:00:00+00:00, run_after=2025-04-21 00:00:00+00:00
[2025-04-21T00:45:52.521-0300] {logging_mixin.py:190} INFO - [2025-04-21T00:45:52.520-0300] {dag.py:4180} INFO - Setting next_dagrun for example_branch_datetime_operator_3 to 2025-04-20 00:00:00+00:00, run_after=2025-04-21 00:00:00+00:00
[2025-04-21T00:45:52.579-0300] {processor.py:208} INFO - Processing /home/lenovo/miniconda3/envs/worker/lib/python3.12/site-packages/airflow/example_dags/example_branch_datetime_operator.py took 0.196 seconds
