[2025-04-21T00:40:13.317-0300] {processor.py:186} INFO - Started process (PID=15685) to work on /home/lenovo/miniconda3/envs/worker/lib/python3.12/site-packages/airflow/example_dags/example_trigger_target_dag.py
[2025-04-21T00:40:13.318-0300] {processor.py:914} INFO - Processing file /home/lenovo/miniconda3/envs/worker/lib/python3.12/site-packages/airflow/example_dags/example_trigger_target_dag.py for tasks to queue
[2025-04-21T00:40:13.320-0300] {logging_mixin.py:190} INFO - [2025-04-21T00:40:13.320-0300] {dagbag.py:588} INFO - Filling up the DagBag from /home/lenovo/miniconda3/envs/worker/lib/python3.12/site-packages/airflow/example_dags/example_trigger_target_dag.py
[2025-04-21T00:40:13.332-0300] {processor.py:925} INFO - DAG(s) 'example_trigger_target_dag' retrieved from /home/lenovo/miniconda3/envs/worker/lib/python3.12/site-packages/airflow/example_dags/example_trigger_target_dag.py
[2025-04-21T00:40:13.538-0300] {logging_mixin.py:190} INFO - [2025-04-21T00:40:13.536-0300] {override.py:1911} INFO - Created Permission View: can read on DAG:example_trigger_target_dag
[2025-04-21T00:40:13.558-0300] {logging_mixin.py:190} INFO - [2025-04-21T00:40:13.557-0300] {override.py:1911} INFO - Created Permission View: can delete on DAG:example_trigger_target_dag
[2025-04-21T00:40:13.575-0300] {logging_mixin.py:190} INFO - [2025-04-21T00:40:13.574-0300] {override.py:1911} INFO - Created Permission View: can edit on DAG:example_trigger_target_dag
[2025-04-21T00:40:13.601-0300] {logging_mixin.py:190} INFO - [2025-04-21T00:40:13.601-0300] {override.py:1911} INFO - Created Permission View: can read on DAG Run:example_trigger_target_dag
[2025-04-21T00:40:13.618-0300] {logging_mixin.py:190} INFO - [2025-04-21T00:40:13.617-0300] {override.py:1911} INFO - Created Permission View: can delete on DAG Run:example_trigger_target_dag
[2025-04-21T00:40:13.633-0300] {logging_mixin.py:190} INFO - [2025-04-21T00:40:13.633-0300] {override.py:1911} INFO - Created Permission View: can create on DAG Run:example_trigger_target_dag
[2025-04-21T00:40:13.649-0300] {logging_mixin.py:190} INFO - [2025-04-21T00:40:13.649-0300] {override.py:1911} INFO - Created Permission View: menu access on DAG Run:example_trigger_target_dag
[2025-04-21T00:40:13.650-0300] {logging_mixin.py:190} INFO - [2025-04-21T00:40:13.650-0300] {dag.py:3239} INFO - Sync 1 DAGs
[2025-04-21T00:40:13.666-0300] {logging_mixin.py:190} INFO - [2025-04-21T00:40:13.666-0300] {dag.py:3262} INFO - Creating ORM DAG for example_trigger_target_dag
[2025-04-21T00:40:13.667-0300] {logging_mixin.py:190} INFO - [2025-04-21T00:40:13.667-0300] {dag.py:4180} INFO - Setting next_dagrun for example_trigger_target_dag to None, run_after=None
[2025-04-21T00:40:13.704-0300] {processor.py:208} INFO - Processing /home/lenovo/miniconda3/envs/worker/lib/python3.12/site-packages/airflow/example_dags/example_trigger_target_dag.py took 0.395 seconds
[2025-04-21T00:42:57.694-0300] {processor.py:186} INFO - Started process (PID=452) to work on /home/lenovo/miniconda3/envs/worker/lib/python3.12/site-packages/airflow/example_dags/example_trigger_target_dag.py
[2025-04-21T00:42:57.717-0300] {processor.py:914} INFO - Processing file /home/lenovo/miniconda3/envs/worker/lib/python3.12/site-packages/airflow/example_dags/example_trigger_target_dag.py for tasks to queue
[2025-04-21T00:42:57.720-0300] {logging_mixin.py:190} INFO - [2025-04-21T00:42:57.720-0300] {dagbag.py:588} INFO - Filling up the DagBag from /home/lenovo/miniconda3/envs/worker/lib/python3.12/site-packages/airflow/example_dags/example_trigger_target_dag.py
[2025-04-21T00:42:57.734-0300] {processor.py:925} INFO - DAG(s) 'example_trigger_target_dag' retrieved from /home/lenovo/miniconda3/envs/worker/lib/python3.12/site-packages/airflow/example_dags/example_trigger_target_dag.py
[2025-04-21T00:42:57.760-0300] {logging_mixin.py:190} INFO - [2025-04-21T00:42:57.759-0300] {dag.py:3239} INFO - Sync 1 DAGs
[2025-04-21T00:42:57.778-0300] {logging_mixin.py:190} INFO - [2025-04-21T00:42:57.778-0300] {dag.py:4180} INFO - Setting next_dagrun for example_trigger_target_dag to None, run_after=None
[2025-04-21T00:42:57.821-0300] {processor.py:208} INFO - Processing /home/lenovo/miniconda3/envs/worker/lib/python3.12/site-packages/airflow/example_dags/example_trigger_target_dag.py took 0.134 seconds
[2025-04-21T00:44:00.551-0300] {processor.py:186} INFO - Started process (PID=543) to work on /home/lenovo/miniconda3/envs/worker/lib/python3.12/site-packages/airflow/example_dags/example_trigger_target_dag.py
[2025-04-21T00:44:00.553-0300] {processor.py:914} INFO - Processing file /home/lenovo/miniconda3/envs/worker/lib/python3.12/site-packages/airflow/example_dags/example_trigger_target_dag.py for tasks to queue
[2025-04-21T00:44:00.556-0300] {logging_mixin.py:190} INFO - [2025-04-21T00:44:00.556-0300] {dagbag.py:588} INFO - Filling up the DagBag from /home/lenovo/miniconda3/envs/worker/lib/python3.12/site-packages/airflow/example_dags/example_trigger_target_dag.py
[2025-04-21T00:44:00.573-0300] {processor.py:925} INFO - DAG(s) 'example_trigger_target_dag' retrieved from /home/lenovo/miniconda3/envs/worker/lib/python3.12/site-packages/airflow/example_dags/example_trigger_target_dag.py
[2025-04-21T00:44:00.707-0300] {logging_mixin.py:190} INFO - [2025-04-21T00:44:00.706-0300] {dag.py:3239} INFO - Sync 1 DAGs
[2025-04-21T00:44:00.723-0300] {logging_mixin.py:190} INFO - [2025-04-21T00:44:00.723-0300] {dag.py:4180} INFO - Setting next_dagrun for example_trigger_target_dag to None, run_after=None
[2025-04-21T00:44:00.764-0300] {processor.py:208} INFO - Processing /home/lenovo/miniconda3/envs/worker/lib/python3.12/site-packages/airflow/example_dags/example_trigger_target_dag.py took 0.222 seconds
[2025-04-21T00:45:14.330-0300] {processor.py:186} INFO - Started process (PID=648) to work on /home/lenovo/miniconda3/envs/worker/lib/python3.12/site-packages/airflow/example_dags/example_trigger_target_dag.py
[2025-04-21T00:45:14.353-0300] {processor.py:914} INFO - Processing file /home/lenovo/miniconda3/envs/worker/lib/python3.12/site-packages/airflow/example_dags/example_trigger_target_dag.py for tasks to queue
[2025-04-21T00:45:14.356-0300] {logging_mixin.py:190} INFO - [2025-04-21T00:45:14.355-0300] {dagbag.py:588} INFO - Filling up the DagBag from /home/lenovo/miniconda3/envs/worker/lib/python3.12/site-packages/airflow/example_dags/example_trigger_target_dag.py
[2025-04-21T00:45:14.370-0300] {processor.py:925} INFO - DAG(s) 'example_trigger_target_dag' retrieved from /home/lenovo/miniconda3/envs/worker/lib/python3.12/site-packages/airflow/example_dags/example_trigger_target_dag.py
[2025-04-21T00:45:14.393-0300] {logging_mixin.py:190} INFO - [2025-04-21T00:45:14.393-0300] {dag.py:3239} INFO - Sync 1 DAGs
[2025-04-21T00:45:14.411-0300] {logging_mixin.py:190} INFO - [2025-04-21T00:45:14.411-0300] {dag.py:4180} INFO - Setting next_dagrun for example_trigger_target_dag to None, run_after=None
[2025-04-21T00:45:14.451-0300] {processor.py:208} INFO - Processing /home/lenovo/miniconda3/envs/worker/lib/python3.12/site-packages/airflow/example_dags/example_trigger_target_dag.py took 0.128 seconds
