[2025-04-21T00:40:59.345-0300] {processor.py:186} INFO - Started process (PID=15745) to work on /home/lenovo/miniconda3/envs/worker/lib/python3.12/site-packages/airflow/example_dags/example_short_circuit_operator.py
[2025-04-21T00:40:59.346-0300] {processor.py:914} INFO - Processing file /home/lenovo/miniconda3/envs/worker/lib/python3.12/site-packages/airflow/example_dags/example_short_circuit_operator.py for tasks to queue
[2025-04-21T00:40:59.349-0300] {logging_mixin.py:190} INFO - [2025-04-21T00:40:59.349-0300] {dagbag.py:588} INFO - Filling up the DagBag from /home/lenovo/miniconda3/envs/worker/lib/python3.12/site-packages/airflow/example_dags/example_short_circuit_operator.py
[2025-04-21T00:40:59.366-0300] {processor.py:925} INFO - DAG(s) 'example_short_circuit_operator' retrieved from /home/lenovo/miniconda3/envs/worker/lib/python3.12/site-packages/airflow/example_dags/example_short_circuit_operator.py
[2025-04-21T00:40:59.548-0300] {logging_mixin.py:190} INFO - [2025-04-21T00:40:59.547-0300] {override.py:1911} INFO - Created Permission View: can read on DAG:example_short_circuit_operator
[2025-04-21T00:40:59.574-0300] {logging_mixin.py:190} INFO - [2025-04-21T00:40:59.573-0300] {override.py:1911} INFO - Created Permission View: can delete on DAG:example_short_circuit_operator
[2025-04-21T00:40:59.591-0300] {logging_mixin.py:190} INFO - [2025-04-21T00:40:59.590-0300] {override.py:1911} INFO - Created Permission View: can edit on DAG:example_short_circuit_operator
[2025-04-21T00:40:59.626-0300] {logging_mixin.py:190} INFO - [2025-04-21T00:40:59.626-0300] {override.py:1911} INFO - Created Permission View: can read on DAG Run:example_short_circuit_operator
[2025-04-21T00:40:59.645-0300] {logging_mixin.py:190} INFO - [2025-04-21T00:40:59.644-0300] {override.py:1911} INFO - Created Permission View: can delete on DAG Run:example_short_circuit_operator
[2025-04-21T00:40:59.663-0300] {logging_mixin.py:190} INFO - [2025-04-21T00:40:59.662-0300] {override.py:1911} INFO - Created Permission View: can create on DAG Run:example_short_circuit_operator
[2025-04-21T00:40:59.681-0300] {logging_mixin.py:190} INFO - [2025-04-21T00:40:59.680-0300] {override.py:1911} INFO - Created Permission View: menu access on DAG Run:example_short_circuit_operator
[2025-04-21T00:40:59.681-0300] {logging_mixin.py:190} INFO - [2025-04-21T00:40:59.681-0300] {dag.py:3239} INFO - Sync 1 DAGs
[2025-04-21T00:40:59.705-0300] {logging_mixin.py:190} INFO - [2025-04-21T00:40:59.705-0300] {dag.py:3262} INFO - Creating ORM DAG for example_short_circuit_operator
[2025-04-21T00:40:59.706-0300] {logging_mixin.py:190} INFO - [2025-04-21T00:40:59.706-0300] {dag.py:4180} INFO - Setting next_dagrun for example_short_circuit_operator to None, run_after=None
[2025-04-21T00:40:59.747-0300] {processor.py:208} INFO - Processing /home/lenovo/miniconda3/envs/worker/lib/python3.12/site-packages/airflow/example_dags/example_short_circuit_operator.py took 0.413 seconds
[2025-04-21T00:43:33.509-0300] {processor.py:186} INFO - Started process (PID=484) to work on /home/lenovo/miniconda3/envs/worker/lib/python3.12/site-packages/airflow/example_dags/example_short_circuit_operator.py
[2025-04-21T00:43:33.511-0300] {processor.py:914} INFO - Processing file /home/lenovo/miniconda3/envs/worker/lib/python3.12/site-packages/airflow/example_dags/example_short_circuit_operator.py for tasks to queue
[2025-04-21T00:43:33.516-0300] {logging_mixin.py:190} INFO - [2025-04-21T00:43:33.515-0300] {dagbag.py:588} INFO - Filling up the DagBag from /home/lenovo/miniconda3/envs/worker/lib/python3.12/site-packages/airflow/example_dags/example_short_circuit_operator.py
[2025-04-21T00:43:33.527-0300] {processor.py:925} INFO - DAG(s) 'example_short_circuit_operator' retrieved from /home/lenovo/miniconda3/envs/worker/lib/python3.12/site-packages/airflow/example_dags/example_short_circuit_operator.py
[2025-04-21T00:43:33.555-0300] {logging_mixin.py:190} INFO - [2025-04-21T00:43:33.554-0300] {dag.py:3239} INFO - Sync 1 DAGs
[2025-04-21T00:43:33.574-0300] {logging_mixin.py:190} INFO - [2025-04-21T00:43:33.574-0300] {dag.py:4180} INFO - Setting next_dagrun for example_short_circuit_operator to None, run_after=None
[2025-04-21T00:43:33.607-0300] {processor.py:208} INFO - Processing /home/lenovo/miniconda3/envs/worker/lib/python3.12/site-packages/airflow/example_dags/example_short_circuit_operator.py took 0.105 seconds
[2025-04-21T00:44:44.873-0300] {processor.py:186} INFO - Started process (PID=601) to work on /home/lenovo/miniconda3/envs/worker/lib/python3.12/site-packages/airflow/example_dags/example_short_circuit_operator.py
[2025-04-21T00:44:44.895-0300] {processor.py:914} INFO - Processing file /home/lenovo/miniconda3/envs/worker/lib/python3.12/site-packages/airflow/example_dags/example_short_circuit_operator.py for tasks to queue
[2025-04-21T00:44:44.899-0300] {logging_mixin.py:190} INFO - [2025-04-21T00:44:44.899-0300] {dagbag.py:588} INFO - Filling up the DagBag from /home/lenovo/miniconda3/envs/worker/lib/python3.12/site-packages/airflow/example_dags/example_short_circuit_operator.py
[2025-04-21T00:44:44.912-0300] {processor.py:925} INFO - DAG(s) 'example_short_circuit_operator' retrieved from /home/lenovo/miniconda3/envs/worker/lib/python3.12/site-packages/airflow/example_dags/example_short_circuit_operator.py
[2025-04-21T00:44:44.940-0300] {logging_mixin.py:190} INFO - [2025-04-21T00:44:44.939-0300] {dag.py:3239} INFO - Sync 1 DAGs
[2025-04-21T00:44:44.959-0300] {logging_mixin.py:190} INFO - [2025-04-21T00:44:44.958-0300] {dag.py:4180} INFO - Setting next_dagrun for example_short_circuit_operator to None, run_after=None
[2025-04-21T00:44:44.993-0300] {processor.py:208} INFO - Processing /home/lenovo/miniconda3/envs/worker/lib/python3.12/site-packages/airflow/example_dags/example_short_circuit_operator.py took 0.127 seconds
[2025-04-21T00:45:57.642-0300] {processor.py:186} INFO - Started process (PID=692) to work on /home/lenovo/miniconda3/envs/worker/lib/python3.12/site-packages/airflow/example_dags/example_short_circuit_operator.py
[2025-04-21T00:45:57.665-0300] {processor.py:914} INFO - Processing file /home/lenovo/miniconda3/envs/worker/lib/python3.12/site-packages/airflow/example_dags/example_short_circuit_operator.py for tasks to queue
[2025-04-21T00:45:57.668-0300] {logging_mixin.py:190} INFO - [2025-04-21T00:45:57.668-0300] {dagbag.py:588} INFO - Filling up the DagBag from /home/lenovo/miniconda3/envs/worker/lib/python3.12/site-packages/airflow/example_dags/example_short_circuit_operator.py
[2025-04-21T00:45:57.683-0300] {processor.py:925} INFO - DAG(s) 'example_short_circuit_operator' retrieved from /home/lenovo/miniconda3/envs/worker/lib/python3.12/site-packages/airflow/example_dags/example_short_circuit_operator.py
[2025-04-21T00:45:57.709-0300] {logging_mixin.py:190} INFO - [2025-04-21T00:45:57.709-0300] {dag.py:3239} INFO - Sync 1 DAGs
[2025-04-21T00:45:57.727-0300] {logging_mixin.py:190} INFO - [2025-04-21T00:45:57.726-0300] {dag.py:4180} INFO - Setting next_dagrun for example_short_circuit_operator to None, run_after=None
[2025-04-21T00:45:57.768-0300] {processor.py:208} INFO - Processing /home/lenovo/miniconda3/envs/worker/lib/python3.12/site-packages/airflow/example_dags/example_short_circuit_operator.py took 0.133 seconds
