[2025-04-21T00:40:03.381-0300] {processor.py:186} INFO - Started process (PID=15679) to work on /home/lenovo/miniconda3/envs/worker/lib/python3.12/site-packages/airflow/example_dags/example_trigger_controller_dag.py
[2025-04-21T00:40:03.382-0300] {processor.py:914} INFO - Processing file /home/lenovo/miniconda3/envs/worker/lib/python3.12/site-packages/airflow/example_dags/example_trigger_controller_dag.py for tasks to queue
[2025-04-21T00:40:03.384-0300] {logging_mixin.py:190} INFO - [2025-04-21T00:40:03.383-0300] {dagbag.py:588} INFO - Filling up the DagBag from /home/lenovo/miniconda3/envs/worker/lib/python3.12/site-packages/airflow/example_dags/example_trigger_controller_dag.py
[2025-04-21T00:40:03.393-0300] {processor.py:925} INFO - DAG(s) 'example_trigger_controller_dag' retrieved from /home/lenovo/miniconda3/envs/worker/lib/python3.12/site-packages/airflow/example_dags/example_trigger_controller_dag.py
[2025-04-21T00:40:03.559-0300] {logging_mixin.py:190} INFO - [2025-04-21T00:40:03.558-0300] {override.py:1911} INFO - Created Permission View: can read on DAG:example_trigger_controller_dag
[2025-04-21T00:40:03.579-0300] {logging_mixin.py:190} INFO - [2025-04-21T00:40:03.578-0300] {override.py:1911} INFO - Created Permission View: can delete on DAG:example_trigger_controller_dag
[2025-04-21T00:40:03.595-0300] {logging_mixin.py:190} INFO - [2025-04-21T00:40:03.595-0300] {override.py:1911} INFO - Created Permission View: can edit on DAG:example_trigger_controller_dag
[2025-04-21T00:40:03.623-0300] {logging_mixin.py:190} INFO - [2025-04-21T00:40:03.622-0300] {override.py:1911} INFO - Created Permission View: can read on DAG Run:example_trigger_controller_dag
[2025-04-21T00:40:03.640-0300] {logging_mixin.py:190} INFO - [2025-04-21T00:40:03.640-0300] {override.py:1911} INFO - Created Permission View: can delete on DAG Run:example_trigger_controller_dag
[2025-04-21T00:40:03.658-0300] {logging_mixin.py:190} INFO - [2025-04-21T00:40:03.657-0300] {override.py:1911} INFO - Created Permission View: can create on DAG Run:example_trigger_controller_dag
[2025-04-21T00:40:03.676-0300] {logging_mixin.py:190} INFO - [2025-04-21T00:40:03.675-0300] {override.py:1911} INFO - Created Permission View: menu access on DAG Run:example_trigger_controller_dag
[2025-04-21T00:40:03.676-0300] {logging_mixin.py:190} INFO - [2025-04-21T00:40:03.676-0300] {dag.py:3239} INFO - Sync 1 DAGs
[2025-04-21T00:40:03.695-0300] {logging_mixin.py:190} INFO - [2025-04-21T00:40:03.694-0300] {dag.py:3262} INFO - Creating ORM DAG for example_trigger_controller_dag
[2025-04-21T00:40:03.705-0300] {logging_mixin.py:190} INFO - [2025-04-21T00:40:03.704-0300] {dag.py:4180} INFO - Setting next_dagrun for example_trigger_controller_dag to 2021-01-01 00:00:00+00:00, run_after=2021-01-01 00:00:00+00:00
[2025-04-21T00:40:03.737-0300] {processor.py:208} INFO - Processing /home/lenovo/miniconda3/envs/worker/lib/python3.12/site-packages/airflow/example_dags/example_trigger_controller_dag.py took 0.363 seconds
[2025-04-21T00:42:48.778-0300] {processor.py:186} INFO - Started process (PID=446) to work on /home/lenovo/miniconda3/envs/worker/lib/python3.12/site-packages/airflow/example_dags/example_trigger_controller_dag.py
[2025-04-21T00:42:48.780-0300] {processor.py:914} INFO - Processing file /home/lenovo/miniconda3/envs/worker/lib/python3.12/site-packages/airflow/example_dags/example_trigger_controller_dag.py for tasks to queue
[2025-04-21T00:42:48.783-0300] {logging_mixin.py:190} INFO - [2025-04-21T00:42:48.783-0300] {dagbag.py:588} INFO - Filling up the DagBag from /home/lenovo/miniconda3/envs/worker/lib/python3.12/site-packages/airflow/example_dags/example_trigger_controller_dag.py
[2025-04-21T00:42:48.792-0300] {processor.py:925} INFO - DAG(s) 'example_trigger_controller_dag' retrieved from /home/lenovo/miniconda3/envs/worker/lib/python3.12/site-packages/airflow/example_dags/example_trigger_controller_dag.py
[2025-04-21T00:42:48.813-0300] {logging_mixin.py:190} INFO - [2025-04-21T00:42:48.812-0300] {dag.py:3239} INFO - Sync 1 DAGs
[2025-04-21T00:42:48.836-0300] {logging_mixin.py:190} INFO - [2025-04-21T00:42:48.836-0300] {dag.py:4180} INFO - Setting next_dagrun for example_trigger_controller_dag to 2021-01-01 00:00:00+00:00, run_after=2021-01-01 00:00:00+00:00
[2025-04-21T00:42:48.867-0300] {processor.py:208} INFO - Processing /home/lenovo/miniconda3/envs/worker/lib/python3.12/site-packages/airflow/example_dags/example_trigger_controller_dag.py took 0.096 seconds
[2025-04-21T00:43:53.893-0300] {processor.py:186} INFO - Started process (PID=532) to work on /home/lenovo/miniconda3/envs/worker/lib/python3.12/site-packages/airflow/example_dags/example_trigger_controller_dag.py
[2025-04-21T00:43:53.914-0300] {processor.py:914} INFO - Processing file /home/lenovo/miniconda3/envs/worker/lib/python3.12/site-packages/airflow/example_dags/example_trigger_controller_dag.py for tasks to queue
[2025-04-21T00:43:53.917-0300] {logging_mixin.py:190} INFO - [2025-04-21T00:43:53.916-0300] {dagbag.py:588} INFO - Filling up the DagBag from /home/lenovo/miniconda3/envs/worker/lib/python3.12/site-packages/airflow/example_dags/example_trigger_controller_dag.py
[2025-04-21T00:43:53.925-0300] {processor.py:925} INFO - DAG(s) 'example_trigger_controller_dag' retrieved from /home/lenovo/miniconda3/envs/worker/lib/python3.12/site-packages/airflow/example_dags/example_trigger_controller_dag.py
[2025-04-21T00:43:53.945-0300] {logging_mixin.py:190} INFO - [2025-04-21T00:43:53.944-0300] {dag.py:3239} INFO - Sync 1 DAGs
[2025-04-21T00:43:53.975-0300] {logging_mixin.py:190} INFO - [2025-04-21T00:43:53.975-0300] {dag.py:4180} INFO - Setting next_dagrun for example_trigger_controller_dag to 2021-01-01 00:00:00+00:00, run_after=2021-01-01 00:00:00+00:00
[2025-04-21T00:43:54.009-0300] {processor.py:208} INFO - Processing /home/lenovo/miniconda3/envs/worker/lib/python3.12/site-packages/airflow/example_dags/example_trigger_controller_dag.py took 0.123 seconds
[2025-04-21T00:45:06.074-0300] {processor.py:186} INFO - Started process (PID=630) to work on /home/lenovo/miniconda3/envs/worker/lib/python3.12/site-packages/airflow/example_dags/example_trigger_controller_dag.py
[2025-04-21T00:45:06.097-0300] {processor.py:914} INFO - Processing file /home/lenovo/miniconda3/envs/worker/lib/python3.12/site-packages/airflow/example_dags/example_trigger_controller_dag.py for tasks to queue
[2025-04-21T00:45:06.100-0300] {logging_mixin.py:190} INFO - [2025-04-21T00:45:06.099-0300] {dagbag.py:588} INFO - Filling up the DagBag from /home/lenovo/miniconda3/envs/worker/lib/python3.12/site-packages/airflow/example_dags/example_trigger_controller_dag.py
[2025-04-21T00:45:06.110-0300] {processor.py:925} INFO - DAG(s) 'example_trigger_controller_dag' retrieved from /home/lenovo/miniconda3/envs/worker/lib/python3.12/site-packages/airflow/example_dags/example_trigger_controller_dag.py
[2025-04-21T00:45:06.138-0300] {logging_mixin.py:190} INFO - [2025-04-21T00:45:06.137-0300] {dag.py:3239} INFO - Sync 1 DAGs
[2025-04-21T00:45:06.169-0300] {logging_mixin.py:190} INFO - [2025-04-21T00:45:06.169-0300] {dag.py:4180} INFO - Setting next_dagrun for example_trigger_controller_dag to 2021-01-01 00:00:00+00:00, run_after=2021-01-01 00:00:00+00:00
[2025-04-21T00:45:06.205-0300] {processor.py:208} INFO - Processing /home/lenovo/miniconda3/envs/worker/lib/python3.12/site-packages/airflow/example_dags/example_trigger_controller_dag.py took 0.138 seconds
[2025-04-21T00:46:17.416-0300] {processor.py:186} INFO - Started process (PID=711) to work on /home/lenovo/miniconda3/envs/worker/lib/python3.12/site-packages/airflow/example_dags/example_trigger_controller_dag.py
[2025-04-21T00:46:17.439-0300] {processor.py:914} INFO - Processing file /home/lenovo/miniconda3/envs/worker/lib/python3.12/site-packages/airflow/example_dags/example_trigger_controller_dag.py for tasks to queue
[2025-04-21T00:46:17.441-0300] {logging_mixin.py:190} INFO - [2025-04-21T00:46:17.441-0300] {dagbag.py:588} INFO - Filling up the DagBag from /home/lenovo/miniconda3/envs/worker/lib/python3.12/site-packages/airflow/example_dags/example_trigger_controller_dag.py
[2025-04-21T00:46:17.535-0300] {processor.py:925} INFO - DAG(s) 'example_trigger_controller_dag' retrieved from /home/lenovo/miniconda3/envs/worker/lib/python3.12/site-packages/airflow/example_dags/example_trigger_controller_dag.py
[2025-04-21T00:46:17.587-0300] {logging_mixin.py:190} INFO - [2025-04-21T00:46:17.587-0300] {dag.py:3239} INFO - Sync 1 DAGs
[2025-04-21T00:46:17.625-0300] {logging_mixin.py:190} INFO - [2025-04-21T00:46:17.624-0300] {dag.py:4180} INFO - Setting next_dagrun for example_trigger_controller_dag to 2021-01-01 00:00:00+00:00, run_after=2021-01-01 00:00:00+00:00
[2025-04-21T00:46:17.681-0300] {processor.py:208} INFO - Processing /home/lenovo/miniconda3/envs/worker/lib/python3.12/site-packages/airflow/example_dags/example_trigger_controller_dag.py took 0.272 seconds
