[2025-04-21T00:40:36.066-0300] {processor.py:186} INFO - Started process (PID=15728) to work on /home/lenovo/miniconda3/envs/worker/lib/python3.12/site-packages/airflow/example_dags/example_sla_dag.py
[2025-04-21T00:40:36.067-0300] {processor.py:914} INFO - Processing file /home/lenovo/miniconda3/envs/worker/lib/python3.12/site-packages/airflow/example_dags/example_sla_dag.py for tasks to queue
[2025-04-21T00:40:36.070-0300] {logging_mixin.py:190} INFO - [2025-04-21T00:40:36.069-0300] {dagbag.py:588} INFO - Filling up the DagBag from /home/lenovo/miniconda3/envs/worker/lib/python3.12/site-packages/airflow/example_dags/example_sla_dag.py
[2025-04-21T00:40:36.083-0300] {processor.py:925} INFO - DAG(s) 'example_sla_dag' retrieved from /home/lenovo/miniconda3/envs/worker/lib/python3.12/site-packages/airflow/example_dags/example_sla_dag.py
[2025-04-21T00:40:36.263-0300] {logging_mixin.py:190} INFO - [2025-04-21T00:40:36.262-0300] {override.py:1911} INFO - Created Permission View: can read on DAG:example_sla_dag
[2025-04-21T00:40:36.283-0300] {logging_mixin.py:190} INFO - [2025-04-21T00:40:36.283-0300] {override.py:1911} INFO - Created Permission View: can delete on DAG:example_sla_dag
[2025-04-21T00:40:36.299-0300] {logging_mixin.py:190} INFO - [2025-04-21T00:40:36.298-0300] {override.py:1911} INFO - Created Permission View: can edit on DAG:example_sla_dag
[2025-04-21T00:40:36.326-0300] {logging_mixin.py:190} INFO - [2025-04-21T00:40:36.325-0300] {override.py:1911} INFO - Created Permission View: can read on DAG Run:example_sla_dag
[2025-04-21T00:40:36.344-0300] {logging_mixin.py:190} INFO - [2025-04-21T00:40:36.343-0300] {override.py:1911} INFO - Created Permission View: can delete on DAG Run:example_sla_dag
[2025-04-21T00:40:36.362-0300] {logging_mixin.py:190} INFO - [2025-04-21T00:40:36.361-0300] {override.py:1911} INFO - Created Permission View: can create on DAG Run:example_sla_dag
[2025-04-21T00:40:36.379-0300] {logging_mixin.py:190} INFO - [2025-04-21T00:40:36.378-0300] {override.py:1911} INFO - Created Permission View: menu access on DAG Run:example_sla_dag
[2025-04-21T00:40:36.380-0300] {logging_mixin.py:190} INFO - [2025-04-21T00:40:36.379-0300] {dag.py:3239} INFO - Sync 1 DAGs
[2025-04-21T00:40:36.398-0300] {logging_mixin.py:190} INFO - [2025-04-21T00:40:36.398-0300] {dag.py:3262} INFO - Creating ORM DAG for example_sla_dag
[2025-04-21T00:40:36.413-0300] {logging_mixin.py:190} INFO - [2025-04-21T00:40:36.412-0300] {dag.py:4180} INFO - Setting next_dagrun for example_sla_dag to 2025-04-21 03:38:00+00:00, run_after=2025-04-21 03:40:00+00:00
[2025-04-21T00:40:36.447-0300] {processor.py:208} INFO - Processing /home/lenovo/miniconda3/envs/worker/lib/python3.12/site-packages/airflow/example_dags/example_sla_dag.py took 0.387 seconds
[2025-04-21T00:43:16.104-0300] {processor.py:186} INFO - Started process (PID=469) to work on /home/lenovo/miniconda3/envs/worker/lib/python3.12/site-packages/airflow/example_dags/example_sla_dag.py
[2025-04-21T00:43:16.115-0300] {processor.py:914} INFO - Processing file /home/lenovo/miniconda3/envs/worker/lib/python3.12/site-packages/airflow/example_dags/example_sla_dag.py for tasks to queue
[2025-04-21T00:43:16.118-0300] {logging_mixin.py:190} INFO - [2025-04-21T00:43:16.118-0300] {dagbag.py:588} INFO - Filling up the DagBag from /home/lenovo/miniconda3/envs/worker/lib/python3.12/site-packages/airflow/example_dags/example_sla_dag.py
[2025-04-21T00:43:16.132-0300] {processor.py:925} INFO - DAG(s) 'example_sla_dag' retrieved from /home/lenovo/miniconda3/envs/worker/lib/python3.12/site-packages/airflow/example_dags/example_sla_dag.py
[2025-04-21T00:43:16.156-0300] {logging_mixin.py:190} INFO - [2025-04-21T00:43:16.156-0300] {dag.py:3239} INFO - Sync 1 DAGs
[2025-04-21T00:43:16.187-0300] {logging_mixin.py:190} INFO - [2025-04-21T00:43:16.187-0300] {dag.py:4180} INFO - Setting next_dagrun for example_sla_dag to 2025-04-21 03:40:00+00:00, run_after=2025-04-21 03:42:00+00:00
[2025-04-21T00:43:16.220-0300] {processor.py:208} INFO - Processing /home/lenovo/miniconda3/envs/worker/lib/python3.12/site-packages/airflow/example_dags/example_sla_dag.py took 0.123 seconds
[2025-04-21T00:44:27.888-0300] {processor.py:186} INFO - Started process (PID=579) to work on /home/lenovo/miniconda3/envs/worker/lib/python3.12/site-packages/airflow/example_dags/example_sla_dag.py
[2025-04-21T00:44:27.911-0300] {processor.py:914} INFO - Processing file /home/lenovo/miniconda3/envs/worker/lib/python3.12/site-packages/airflow/example_dags/example_sla_dag.py for tasks to queue
[2025-04-21T00:44:27.915-0300] {logging_mixin.py:190} INFO - [2025-04-21T00:44:27.914-0300] {dagbag.py:588} INFO - Filling up the DagBag from /home/lenovo/miniconda3/envs/worker/lib/python3.12/site-packages/airflow/example_dags/example_sla_dag.py
[2025-04-21T00:44:27.936-0300] {processor.py:925} INFO - DAG(s) 'example_sla_dag' retrieved from /home/lenovo/miniconda3/envs/worker/lib/python3.12/site-packages/airflow/example_dags/example_sla_dag.py
[2025-04-21T00:44:27.988-0300] {logging_mixin.py:190} INFO - [2025-04-21T00:44:27.987-0300] {dag.py:3239} INFO - Sync 1 DAGs
[2025-04-21T00:44:28.047-0300] {logging_mixin.py:190} INFO - [2025-04-21T00:44:28.047-0300] {dag.py:4180} INFO - Setting next_dagrun for example_sla_dag to 2025-04-21 03:42:00+00:00, run_after=2025-04-21 03:44:00+00:00
[2025-04-21T00:44:28.108-0300] {processor.py:208} INFO - Processing /home/lenovo/miniconda3/envs/worker/lib/python3.12/site-packages/airflow/example_dags/example_sla_dag.py took 0.228 seconds
[2025-04-21T00:45:40.484-0300] {processor.py:186} INFO - Started process (PID=677) to work on /home/lenovo/miniconda3/envs/worker/lib/python3.12/site-packages/airflow/example_dags/example_sla_dag.py
[2025-04-21T00:45:40.507-0300] {processor.py:914} INFO - Processing file /home/lenovo/miniconda3/envs/worker/lib/python3.12/site-packages/airflow/example_dags/example_sla_dag.py for tasks to queue
[2025-04-21T00:45:40.510-0300] {logging_mixin.py:190} INFO - [2025-04-21T00:45:40.509-0300] {dagbag.py:588} INFO - Filling up the DagBag from /home/lenovo/miniconda3/envs/worker/lib/python3.12/site-packages/airflow/example_dags/example_sla_dag.py
[2025-04-21T00:45:40.524-0300] {processor.py:925} INFO - DAG(s) 'example_sla_dag' retrieved from /home/lenovo/miniconda3/envs/worker/lib/python3.12/site-packages/airflow/example_dags/example_sla_dag.py
[2025-04-21T00:45:40.547-0300] {logging_mixin.py:190} INFO - [2025-04-21T00:45:40.547-0300] {dag.py:3239} INFO - Sync 1 DAGs
[2025-04-21T00:45:40.582-0300] {logging_mixin.py:190} INFO - [2025-04-21T00:45:40.581-0300] {dag.py:4180} INFO - Setting next_dagrun for example_sla_dag to 2025-04-21 03:42:00+00:00, run_after=2025-04-21 03:44:00+00:00
[2025-04-21T00:45:40.620-0300] {processor.py:208} INFO - Processing /home/lenovo/miniconda3/envs/worker/lib/python3.12/site-packages/airflow/example_dags/example_sla_dag.py took 0.143 seconds
