[2025-04-21T00:40:43.418-0300] {processor.py:186} INFO - Started process (PID=15733) to work on /home/lenovo/miniconda3/envs/worker/lib/python3.12/site-packages/airflow/example_dags/example_external_task_marker_dag.py
[2025-04-21T00:40:43.419-0300] {processor.py:914} INFO - Processing file /home/lenovo/miniconda3/envs/worker/lib/python3.12/site-packages/airflow/example_dags/example_external_task_marker_dag.py for tasks to queue
[2025-04-21T00:40:43.422-0300] {logging_mixin.py:190} INFO - [2025-04-21T00:40:43.421-0300] {dagbag.py:588} INFO - Filling up the DagBag from /home/lenovo/miniconda3/envs/worker/lib/python3.12/site-packages/airflow/example_dags/example_external_task_marker_dag.py
[2025-04-21T00:40:43.435-0300] {processor.py:925} INFO - DAG(s) 'example_external_task_marker_child', 'example_external_task_marker_parent' retrieved from /home/lenovo/miniconda3/envs/worker/lib/python3.12/site-packages/airflow/example_dags/example_external_task_marker_dag.py
[2025-04-21T00:40:43.615-0300] {logging_mixin.py:190} INFO - [2025-04-21T00:40:43.614-0300] {override.py:1911} INFO - Created Permission View: can read on DAG:example_external_task_marker_child
[2025-04-21T00:40:43.638-0300] {logging_mixin.py:190} INFO - [2025-04-21T00:40:43.638-0300] {override.py:1911} INFO - Created Permission View: can delete on DAG:example_external_task_marker_child
[2025-04-21T00:40:43.656-0300] {logging_mixin.py:190} INFO - [2025-04-21T00:40:43.656-0300] {override.py:1911} INFO - Created Permission View: can edit on DAG:example_external_task_marker_child
[2025-04-21T00:40:43.690-0300] {logging_mixin.py:190} INFO - [2025-04-21T00:40:43.690-0300] {override.py:1911} INFO - Created Permission View: can read on DAG Run:example_external_task_marker_child
[2025-04-21T00:40:43.708-0300] {logging_mixin.py:190} INFO - [2025-04-21T00:40:43.707-0300] {override.py:1911} INFO - Created Permission View: can delete on DAG Run:example_external_task_marker_child
[2025-04-21T00:40:43.726-0300] {logging_mixin.py:190} INFO - [2025-04-21T00:40:43.725-0300] {override.py:1911} INFO - Created Permission View: can create on DAG Run:example_external_task_marker_child
[2025-04-21T00:40:43.747-0300] {logging_mixin.py:190} INFO - [2025-04-21T00:40:43.746-0300] {override.py:1911} INFO - Created Permission View: menu access on DAG Run:example_external_task_marker_child
[2025-04-21T00:40:43.803-0300] {logging_mixin.py:190} INFO - [2025-04-21T00:40:43.803-0300] {override.py:1911} INFO - Created Permission View: can read on DAG:example_external_task_marker_parent
[2025-04-21T00:40:43.819-0300] {logging_mixin.py:190} INFO - [2025-04-21T00:40:43.818-0300] {override.py:1911} INFO - Created Permission View: can delete on DAG:example_external_task_marker_parent
[2025-04-21T00:40:43.834-0300] {logging_mixin.py:190} INFO - [2025-04-21T00:40:43.833-0300] {override.py:1911} INFO - Created Permission View: can edit on DAG:example_external_task_marker_parent
[2025-04-21T00:40:43.859-0300] {logging_mixin.py:190} INFO - [2025-04-21T00:40:43.858-0300] {override.py:1911} INFO - Created Permission View: can read on DAG Run:example_external_task_marker_parent
[2025-04-21T00:40:43.873-0300] {logging_mixin.py:190} INFO - [2025-04-21T00:40:43.873-0300] {override.py:1911} INFO - Created Permission View: can delete on DAG Run:example_external_task_marker_parent
[2025-04-21T00:40:43.888-0300] {logging_mixin.py:190} INFO - [2025-04-21T00:40:43.887-0300] {override.py:1911} INFO - Created Permission View: can create on DAG Run:example_external_task_marker_parent
[2025-04-21T00:40:43.902-0300] {logging_mixin.py:190} INFO - [2025-04-21T00:40:43.902-0300] {override.py:1911} INFO - Created Permission View: menu access on DAG Run:example_external_task_marker_parent
[2025-04-21T00:40:43.903-0300] {logging_mixin.py:190} INFO - [2025-04-21T00:40:43.902-0300] {dag.py:3239} INFO - Sync 2 DAGs
[2025-04-21T00:40:43.918-0300] {logging_mixin.py:190} INFO - [2025-04-21T00:40:43.917-0300] {dag.py:3262} INFO - Creating ORM DAG for example_external_task_marker_parent
[2025-04-21T00:40:43.918-0300] {logging_mixin.py:190} INFO - [2025-04-21T00:40:43.918-0300] {dag.py:3262} INFO - Creating ORM DAG for example_external_task_marker_child
[2025-04-21T00:40:43.919-0300] {logging_mixin.py:190} INFO - [2025-04-21T00:40:43.919-0300] {dag.py:4180} INFO - Setting next_dagrun for example_external_task_marker_child to None, run_after=None
[2025-04-21T00:40:43.920-0300] {logging_mixin.py:190} INFO - [2025-04-21T00:40:43.919-0300] {dag.py:4180} INFO - Setting next_dagrun for example_external_task_marker_parent to None, run_after=None
[2025-04-21T00:40:43.955-0300] {processor.py:208} INFO - Processing /home/lenovo/miniconda3/envs/worker/lib/python3.12/site-packages/airflow/example_dags/example_external_task_marker_dag.py took 0.546 seconds
[2025-04-21T00:43:21.498-0300] {processor.py:186} INFO - Started process (PID=474) to work on /home/lenovo/miniconda3/envs/worker/lib/python3.12/site-packages/airflow/example_dags/example_external_task_marker_dag.py
[2025-04-21T00:43:21.519-0300] {processor.py:914} INFO - Processing file /home/lenovo/miniconda3/envs/worker/lib/python3.12/site-packages/airflow/example_dags/example_external_task_marker_dag.py for tasks to queue
[2025-04-21T00:43:21.522-0300] {logging_mixin.py:190} INFO - [2025-04-21T00:43:21.522-0300] {dagbag.py:588} INFO - Filling up the DagBag from /home/lenovo/miniconda3/envs/worker/lib/python3.12/site-packages/airflow/example_dags/example_external_task_marker_dag.py
[2025-04-21T00:43:21.532-0300] {processor.py:925} INFO - DAG(s) 'example_external_task_marker_child', 'example_external_task_marker_parent' retrieved from /home/lenovo/miniconda3/envs/worker/lib/python3.12/site-packages/airflow/example_dags/example_external_task_marker_dag.py
[2025-04-21T00:43:21.558-0300] {logging_mixin.py:190} INFO - [2025-04-21T00:43:21.557-0300] {dag.py:3239} INFO - Sync 2 DAGs
[2025-04-21T00:43:21.576-0300] {logging_mixin.py:190} INFO - [2025-04-21T00:43:21.576-0300] {dag.py:4180} INFO - Setting next_dagrun for example_external_task_marker_child to None, run_after=None
[2025-04-21T00:43:21.582-0300] {logging_mixin.py:190} INFO - [2025-04-21T00:43:21.581-0300] {dag.py:4180} INFO - Setting next_dagrun for example_external_task_marker_parent to None, run_after=None
[2025-04-21T00:43:21.612-0300] {processor.py:208} INFO - Processing /home/lenovo/miniconda3/envs/worker/lib/python3.12/site-packages/airflow/example_dags/example_external_task_marker_dag.py took 0.120 seconds
[2025-04-21T00:44:33.674-0300] {processor.py:186} INFO - Started process (PID=587) to work on /home/lenovo/miniconda3/envs/worker/lib/python3.12/site-packages/airflow/example_dags/example_external_task_marker_dag.py
[2025-04-21T00:44:33.697-0300] {processor.py:914} INFO - Processing file /home/lenovo/miniconda3/envs/worker/lib/python3.12/site-packages/airflow/example_dags/example_external_task_marker_dag.py for tasks to queue
[2025-04-21T00:44:33.701-0300] {logging_mixin.py:190} INFO - [2025-04-21T00:44:33.700-0300] {dagbag.py:588} INFO - Filling up the DagBag from /home/lenovo/miniconda3/envs/worker/lib/python3.12/site-packages/airflow/example_dags/example_external_task_marker_dag.py
[2025-04-21T00:44:33.718-0300] {processor.py:925} INFO - DAG(s) 'example_external_task_marker_child', 'example_external_task_marker_parent' retrieved from /home/lenovo/miniconda3/envs/worker/lib/python3.12/site-packages/airflow/example_dags/example_external_task_marker_dag.py
[2025-04-21T00:44:33.760-0300] {logging_mixin.py:190} INFO - [2025-04-21T00:44:33.760-0300] {dag.py:3239} INFO - Sync 2 DAGs
[2025-04-21T00:44:33.789-0300] {logging_mixin.py:190} INFO - [2025-04-21T00:44:33.788-0300] {dag.py:4180} INFO - Setting next_dagrun for example_external_task_marker_child to None, run_after=None
[2025-04-21T00:44:33.795-0300] {logging_mixin.py:190} INFO - [2025-04-21T00:44:33.795-0300] {dag.py:4180} INFO - Setting next_dagrun for example_external_task_marker_parent to None, run_after=None
[2025-04-21T00:44:33.852-0300] {processor.py:208} INFO - Processing /home/lenovo/miniconda3/envs/worker/lib/python3.12/site-packages/airflow/example_dags/example_external_task_marker_dag.py took 0.189 seconds
[2025-04-21T00:45:45.786-0300] {processor.py:186} INFO - Started process (PID=682) to work on /home/lenovo/miniconda3/envs/worker/lib/python3.12/site-packages/airflow/example_dags/example_external_task_marker_dag.py
[2025-04-21T00:45:45.808-0300] {processor.py:914} INFO - Processing file /home/lenovo/miniconda3/envs/worker/lib/python3.12/site-packages/airflow/example_dags/example_external_task_marker_dag.py for tasks to queue
[2025-04-21T00:45:45.811-0300] {logging_mixin.py:190} INFO - [2025-04-21T00:45:45.811-0300] {dagbag.py:588} INFO - Filling up the DagBag from /home/lenovo/miniconda3/envs/worker/lib/python3.12/site-packages/airflow/example_dags/example_external_task_marker_dag.py
[2025-04-21T00:45:45.825-0300] {processor.py:925} INFO - DAG(s) 'example_external_task_marker_parent', 'example_external_task_marker_child' retrieved from /home/lenovo/miniconda3/envs/worker/lib/python3.12/site-packages/airflow/example_dags/example_external_task_marker_dag.py
[2025-04-21T00:45:45.859-0300] {logging_mixin.py:190} INFO - [2025-04-21T00:45:45.858-0300] {dag.py:3239} INFO - Sync 2 DAGs
[2025-04-21T00:45:45.876-0300] {logging_mixin.py:190} INFO - [2025-04-21T00:45:45.876-0300] {dag.py:4180} INFO - Setting next_dagrun for example_external_task_marker_child to None, run_after=None
[2025-04-21T00:45:45.881-0300] {logging_mixin.py:190} INFO - [2025-04-21T00:45:45.881-0300] {dag.py:4180} INFO - Setting next_dagrun for example_external_task_marker_parent to None, run_after=None
[2025-04-21T00:45:45.918-0300] {processor.py:208} INFO - Processing /home/lenovo/miniconda3/envs/worker/lib/python3.12/site-packages/airflow/example_dags/example_external_task_marker_dag.py took 0.140 seconds
