[2025-04-21T00:40:05.924-0300] {processor.py:186} INFO - Started process (PID=15681) to work on /home/lenovo/miniconda3/envs/worker/lib/python3.12/site-packages/airflow/example_dags/example_branch_python_dop_operator_3.py
[2025-04-21T00:40:05.925-0300] {processor.py:914} INFO - Processing file /home/lenovo/miniconda3/envs/worker/lib/python3.12/site-packages/airflow/example_dags/example_branch_python_dop_operator_3.py for tasks to queue
[2025-04-21T00:40:05.927-0300] {logging_mixin.py:190} INFO - [2025-04-21T00:40:05.927-0300] {dagbag.py:588} INFO - Filling up the DagBag from /home/lenovo/miniconda3/envs/worker/lib/python3.12/site-packages/airflow/example_dags/example_branch_python_dop_operator_3.py
[2025-04-21T00:40:05.942-0300] {processor.py:925} INFO - DAG(s) 'example_branch_dop_operator_v3' retrieved from /home/lenovo/miniconda3/envs/worker/lib/python3.12/site-packages/airflow/example_dags/example_branch_python_dop_operator_3.py
[2025-04-21T00:40:06.121-0300] {logging_mixin.py:190} INFO - [2025-04-21T00:40:06.120-0300] {override.py:1911} INFO - Created Permission View: can read on DAG:example_branch_dop_operator_v3
[2025-04-21T00:40:06.147-0300] {logging_mixin.py:190} INFO - [2025-04-21T00:40:06.147-0300] {override.py:1911} INFO - Created Permission View: can delete on DAG:example_branch_dop_operator_v3
[2025-04-21T00:40:06.167-0300] {logging_mixin.py:190} INFO - [2025-04-21T00:40:06.166-0300] {override.py:1911} INFO - Created Permission View: can edit on DAG:example_branch_dop_operator_v3
[2025-04-21T00:40:06.201-0300] {logging_mixin.py:190} INFO - [2025-04-21T00:40:06.200-0300] {override.py:1911} INFO - Created Permission View: can read on DAG Run:example_branch_dop_operator_v3
[2025-04-21T00:40:06.219-0300] {logging_mixin.py:190} INFO - [2025-04-21T00:40:06.219-0300] {override.py:1911} INFO - Created Permission View: can delete on DAG Run:example_branch_dop_operator_v3
[2025-04-21T00:40:06.237-0300] {logging_mixin.py:190} INFO - [2025-04-21T00:40:06.236-0300] {override.py:1911} INFO - Created Permission View: can create on DAG Run:example_branch_dop_operator_v3
[2025-04-21T00:40:06.253-0300] {logging_mixin.py:190} INFO - [2025-04-21T00:40:06.252-0300] {override.py:1911} INFO - Created Permission View: menu access on DAG Run:example_branch_dop_operator_v3
[2025-04-21T00:40:06.254-0300] {logging_mixin.py:190} INFO - [2025-04-21T00:40:06.254-0300] {dag.py:3239} INFO - Sync 1 DAGs
[2025-04-21T00:40:06.273-0300] {logging_mixin.py:190} INFO - [2025-04-21T00:40:06.272-0300] {dag.py:3262} INFO - Creating ORM DAG for example_branch_dop_operator_v3
[2025-04-21T00:40:06.314-0300] {logging_mixin.py:190} INFO - [2025-04-21T00:40:06.313-0300] {dag.py:4180} INFO - Setting next_dagrun for example_branch_dop_operator_v3 to 2025-04-21 03:39:00+00:00, run_after=2025-04-21 03:40:00+00:00
[2025-04-21T00:40:06.360-0300] {processor.py:208} INFO - Processing /home/lenovo/miniconda3/envs/worker/lib/python3.12/site-packages/airflow/example_dags/example_branch_python_dop_operator_3.py took 0.442 seconds
[2025-04-21T00:42:50.375-0300] {processor.py:186} INFO - Started process (PID=448) to work on /home/lenovo/miniconda3/envs/worker/lib/python3.12/site-packages/airflow/example_dags/example_branch_python_dop_operator_3.py
[2025-04-21T00:42:50.396-0300] {processor.py:914} INFO - Processing file /home/lenovo/miniconda3/envs/worker/lib/python3.12/site-packages/airflow/example_dags/example_branch_python_dop_operator_3.py for tasks to queue
[2025-04-21T00:42:50.399-0300] {logging_mixin.py:190} INFO - [2025-04-21T00:42:50.398-0300] {dagbag.py:588} INFO - Filling up the DagBag from /home/lenovo/miniconda3/envs/worker/lib/python3.12/site-packages/airflow/example_dags/example_branch_python_dop_operator_3.py
[2025-04-21T00:42:50.415-0300] {processor.py:925} INFO - DAG(s) 'example_branch_dop_operator_v3' retrieved from /home/lenovo/miniconda3/envs/worker/lib/python3.12/site-packages/airflow/example_dags/example_branch_python_dop_operator_3.py
[2025-04-21T00:42:50.442-0300] {logging_mixin.py:190} INFO - [2025-04-21T00:42:50.441-0300] {dag.py:3239} INFO - Sync 1 DAGs
[2025-04-21T00:42:50.476-0300] {logging_mixin.py:190} INFO - [2025-04-21T00:42:50.475-0300] {dag.py:4180} INFO - Setting next_dagrun for example_branch_dop_operator_v3 to 2025-04-21 03:41:00+00:00, run_after=2025-04-21 03:42:00+00:00
[2025-04-21T00:42:50.511-0300] {processor.py:208} INFO - Processing /home/lenovo/miniconda3/envs/worker/lib/python3.12/site-packages/airflow/example_dags/example_branch_python_dop_operator_3.py took 0.142 seconds
[2025-04-21T00:43:55.517-0300] {processor.py:186} INFO - Started process (PID=535) to work on /home/lenovo/miniconda3/envs/worker/lib/python3.12/site-packages/airflow/example_dags/example_branch_python_dop_operator_3.py
[2025-04-21T00:43:55.540-0300] {processor.py:914} INFO - Processing file /home/lenovo/miniconda3/envs/worker/lib/python3.12/site-packages/airflow/example_dags/example_branch_python_dop_operator_3.py for tasks to queue
[2025-04-21T00:43:55.544-0300] {logging_mixin.py:190} INFO - [2025-04-21T00:43:55.543-0300] {dagbag.py:588} INFO - Filling up the DagBag from /home/lenovo/miniconda3/envs/worker/lib/python3.12/site-packages/airflow/example_dags/example_branch_python_dop_operator_3.py
[2025-04-21T00:43:55.560-0300] {processor.py:925} INFO - DAG(s) 'example_branch_dop_operator_v3' retrieved from /home/lenovo/miniconda3/envs/worker/lib/python3.12/site-packages/airflow/example_dags/example_branch_python_dop_operator_3.py
[2025-04-21T00:43:55.582-0300] {logging_mixin.py:190} INFO - [2025-04-21T00:43:55.582-0300] {dag.py:3239} INFO - Sync 1 DAGs
[2025-04-21T00:43:55.615-0300] {logging_mixin.py:190} INFO - [2025-04-21T00:43:55.615-0300] {dag.py:4180} INFO - Setting next_dagrun for example_branch_dop_operator_v3 to 2025-04-21 03:42:00+00:00, run_after=2025-04-21 03:43:00+00:00
[2025-04-21T00:43:55.654-0300] {processor.py:208} INFO - Processing /home/lenovo/miniconda3/envs/worker/lib/python3.12/site-packages/airflow/example_dags/example_branch_python_dop_operator_3.py took 0.147 seconds
[2025-04-21T00:45:08.385-0300] {processor.py:186} INFO - Started process (PID=632) to work on /home/lenovo/miniconda3/envs/worker/lib/python3.12/site-packages/airflow/example_dags/example_branch_python_dop_operator_3.py
[2025-04-21T00:45:08.388-0300] {processor.py:914} INFO - Processing file /home/lenovo/miniconda3/envs/worker/lib/python3.12/site-packages/airflow/example_dags/example_branch_python_dop_operator_3.py for tasks to queue
[2025-04-21T00:45:08.391-0300] {logging_mixin.py:190} INFO - [2025-04-21T00:45:08.390-0300] {dagbag.py:588} INFO - Filling up the DagBag from /home/lenovo/miniconda3/envs/worker/lib/python3.12/site-packages/airflow/example_dags/example_branch_python_dop_operator_3.py
[2025-04-21T00:45:08.405-0300] {processor.py:925} INFO - DAG(s) 'example_branch_dop_operator_v3' retrieved from /home/lenovo/miniconda3/envs/worker/lib/python3.12/site-packages/airflow/example_dags/example_branch_python_dop_operator_3.py
[2025-04-21T00:45:08.429-0300] {logging_mixin.py:190} INFO - [2025-04-21T00:45:08.429-0300] {dag.py:3239} INFO - Sync 1 DAGs
[2025-04-21T00:45:08.484-0300] {logging_mixin.py:190} INFO - [2025-04-21T00:45:08.483-0300] {dag.py:4180} INFO - Setting next_dagrun for example_branch_dop_operator_v3 to 2025-04-21 03:44:00+00:00, run_after=2025-04-21 03:45:00+00:00
[2025-04-21T00:45:08.547-0300] {processor.py:208} INFO - Processing /home/lenovo/miniconda3/envs/worker/lib/python3.12/site-packages/airflow/example_dags/example_branch_python_dop_operator_3.py took 0.168 seconds
[2025-04-21T00:46:20.040-0300] {processor.py:186} INFO - Started process (PID=717) to work on /home/lenovo/miniconda3/envs/worker/lib/python3.12/site-packages/airflow/example_dags/example_branch_python_dop_operator_3.py
[2025-04-21T00:46:20.063-0300] {processor.py:914} INFO - Processing file /home/lenovo/miniconda3/envs/worker/lib/python3.12/site-packages/airflow/example_dags/example_branch_python_dop_operator_3.py for tasks to queue
[2025-04-21T00:46:20.067-0300] {logging_mixin.py:190} INFO - [2025-04-21T00:46:20.067-0300] {dagbag.py:588} INFO - Filling up the DagBag from /home/lenovo/miniconda3/envs/worker/lib/python3.12/site-packages/airflow/example_dags/example_branch_python_dop_operator_3.py
[2025-04-21T00:46:20.086-0300] {processor.py:925} INFO - DAG(s) 'example_branch_dop_operator_v3' retrieved from /home/lenovo/miniconda3/envs/worker/lib/python3.12/site-packages/airflow/example_dags/example_branch_python_dop_operator_3.py
[2025-04-21T00:46:20.119-0300] {logging_mixin.py:190} INFO - [2025-04-21T00:46:20.118-0300] {dag.py:3239} INFO - Sync 1 DAGs
[2025-04-21T00:46:20.157-0300] {logging_mixin.py:190} INFO - [2025-04-21T00:46:20.157-0300] {dag.py:4180} INFO - Setting next_dagrun for example_branch_dop_operator_v3 to 2025-04-21 03:45:00+00:00, run_after=2025-04-21 03:46:00+00:00
[2025-04-21T00:46:20.196-0300] {processor.py:208} INFO - Processing /home/lenovo/miniconda3/envs/worker/lib/python3.12/site-packages/airflow/example_dags/example_branch_python_dop_operator_3.py took 0.165 seconds
