[2025-04-21T00:40:46.865-0300] {processor.py:186} INFO - Started process (PID=15734) to work on /home/lenovo/miniconda3/envs/worker/lib/python3.12/site-packages/airflow/example_dags/example_dynamic_task_mapping_with_no_taskflow_operators.py
[2025-04-21T00:40:46.866-0300] {processor.py:914} INFO - Processing file /home/lenovo/miniconda3/envs/worker/lib/python3.12/site-packages/airflow/example_dags/example_dynamic_task_mapping_with_no_taskflow_operators.py for tasks to queue
[2025-04-21T00:40:46.869-0300] {logging_mixin.py:190} INFO - [2025-04-21T00:40:46.869-0300] {dagbag.py:588} INFO - Filling up the DagBag from /home/lenovo/miniconda3/envs/worker/lib/python3.12/site-packages/airflow/example_dags/example_dynamic_task_mapping_with_no_taskflow_operators.py
[2025-04-21T00:40:46.882-0300] {processor.py:925} INFO - DAG(s) 'example_dynamic_task_mapping_with_no_taskflow_operators' retrieved from /home/lenovo/miniconda3/envs/worker/lib/python3.12/site-packages/airflow/example_dags/example_dynamic_task_mapping_with_no_taskflow_operators.py
[2025-04-21T00:40:47.072-0300] {logging_mixin.py:190} INFO - [2025-04-21T00:40:47.071-0300] {override.py:1911} INFO - Created Permission View: can read on DAG:example_dynamic_task_mapping_with_no_taskflow_operators
[2025-04-21T00:40:47.098-0300] {logging_mixin.py:190} INFO - [2025-04-21T00:40:47.097-0300] {override.py:1911} INFO - Created Permission View: can delete on DAG:example_dynamic_task_mapping_with_no_taskflow_operators
[2025-04-21T00:40:47.117-0300] {logging_mixin.py:190} INFO - [2025-04-21T00:40:47.116-0300] {override.py:1911} INFO - Created Permission View: can edit on DAG:example_dynamic_task_mapping_with_no_taskflow_operators
[2025-04-21T00:40:47.148-0300] {logging_mixin.py:190} INFO - [2025-04-21T00:40:47.147-0300] {override.py:1911} INFO - Created Permission View: can read on DAG Run:example_dynamic_task_mapping_with_no_taskflow_operators
[2025-04-21T00:40:47.166-0300] {logging_mixin.py:190} INFO - [2025-04-21T00:40:47.165-0300] {override.py:1911} INFO - Created Permission View: can delete on DAG Run:example_dynamic_task_mapping_with_no_taskflow_operators
[2025-04-21T00:40:47.184-0300] {logging_mixin.py:190} INFO - [2025-04-21T00:40:47.183-0300] {override.py:1911} INFO - Created Permission View: can create on DAG Run:example_dynamic_task_mapping_with_no_taskflow_operators
[2025-04-21T00:40:47.202-0300] {logging_mixin.py:190} INFO - [2025-04-21T00:40:47.201-0300] {override.py:1911} INFO - Created Permission View: menu access on DAG Run:example_dynamic_task_mapping_with_no_taskflow_operators
[2025-04-21T00:40:47.202-0300] {logging_mixin.py:190} INFO - [2025-04-21T00:40:47.202-0300] {dag.py:3239} INFO - Sync 1 DAGs
[2025-04-21T00:40:47.223-0300] {logging_mixin.py:190} INFO - [2025-04-21T00:40:47.222-0300] {dag.py:3262} INFO - Creating ORM DAG for example_dynamic_task_mapping_with_no_taskflow_operators
[2025-04-21T00:40:47.223-0300] {logging_mixin.py:190} INFO - [2025-04-21T00:40:47.223-0300] {dag.py:4180} INFO - Setting next_dagrun for example_dynamic_task_mapping_with_no_taskflow_operators to None, run_after=None
[2025-04-21T00:40:47.264-0300] {processor.py:208} INFO - Processing /home/lenovo/miniconda3/envs/worker/lib/python3.12/site-packages/airflow/example_dags/example_dynamic_task_mapping_with_no_taskflow_operators.py took 0.408 seconds
[2025-04-21T00:43:22.631-0300] {processor.py:186} INFO - Started process (PID=475) to work on /home/lenovo/miniconda3/envs/worker/lib/python3.12/site-packages/airflow/example_dags/example_dynamic_task_mapping_with_no_taskflow_operators.py
[2025-04-21T00:43:22.653-0300] {processor.py:914} INFO - Processing file /home/lenovo/miniconda3/envs/worker/lib/python3.12/site-packages/airflow/example_dags/example_dynamic_task_mapping_with_no_taskflow_operators.py for tasks to queue
[2025-04-21T00:43:22.657-0300] {logging_mixin.py:190} INFO - [2025-04-21T00:43:22.656-0300] {dagbag.py:588} INFO - Filling up the DagBag from /home/lenovo/miniconda3/envs/worker/lib/python3.12/site-packages/airflow/example_dags/example_dynamic_task_mapping_with_no_taskflow_operators.py
[2025-04-21T00:43:22.668-0300] {processor.py:925} INFO - DAG(s) 'example_dynamic_task_mapping_with_no_taskflow_operators' retrieved from /home/lenovo/miniconda3/envs/worker/lib/python3.12/site-packages/airflow/example_dags/example_dynamic_task_mapping_with_no_taskflow_operators.py
[2025-04-21T00:43:22.689-0300] {logging_mixin.py:190} INFO - [2025-04-21T00:43:22.689-0300] {dag.py:3239} INFO - Sync 1 DAGs
[2025-04-21T00:43:22.708-0300] {logging_mixin.py:190} INFO - [2025-04-21T00:43:22.708-0300] {dag.py:4180} INFO - Setting next_dagrun for example_dynamic_task_mapping_with_no_taskflow_operators to None, run_after=None
[2025-04-21T00:43:22.743-0300] {processor.py:208} INFO - Processing /home/lenovo/miniconda3/envs/worker/lib/python3.12/site-packages/airflow/example_dags/example_dynamic_task_mapping_with_no_taskflow_operators.py took 0.119 seconds
[2025-04-21T00:44:34.324-0300] {processor.py:186} INFO - Started process (PID=590) to work on /home/lenovo/miniconda3/envs/worker/lib/python3.12/site-packages/airflow/example_dags/example_dynamic_task_mapping_with_no_taskflow_operators.py
[2025-04-21T00:44:34.326-0300] {processor.py:914} INFO - Processing file /home/lenovo/miniconda3/envs/worker/lib/python3.12/site-packages/airflow/example_dags/example_dynamic_task_mapping_with_no_taskflow_operators.py for tasks to queue
[2025-04-21T00:44:34.329-0300] {logging_mixin.py:190} INFO - [2025-04-21T00:44:34.329-0300] {dagbag.py:588} INFO - Filling up the DagBag from /home/lenovo/miniconda3/envs/worker/lib/python3.12/site-packages/airflow/example_dags/example_dynamic_task_mapping_with_no_taskflow_operators.py
[2025-04-21T00:44:34.344-0300] {processor.py:925} INFO - DAG(s) 'example_dynamic_task_mapping_with_no_taskflow_operators' retrieved from /home/lenovo/miniconda3/envs/worker/lib/python3.12/site-packages/airflow/example_dags/example_dynamic_task_mapping_with_no_taskflow_operators.py
[2025-04-21T00:44:34.373-0300] {logging_mixin.py:190} INFO - [2025-04-21T00:44:34.373-0300] {dag.py:3239} INFO - Sync 1 DAGs
[2025-04-21T00:44:34.398-0300] {logging_mixin.py:190} INFO - [2025-04-21T00:44:34.397-0300] {dag.py:4180} INFO - Setting next_dagrun for example_dynamic_task_mapping_with_no_taskflow_operators to None, run_after=None
[2025-04-21T00:44:34.442-0300] {processor.py:208} INFO - Processing /home/lenovo/miniconda3/envs/worker/lib/python3.12/site-packages/airflow/example_dags/example_dynamic_task_mapping_with_no_taskflow_operators.py took 0.129 seconds
[2025-04-21T00:45:48.600-0300] {processor.py:186} INFO - Started process (PID=683) to work on /home/lenovo/miniconda3/envs/worker/lib/python3.12/site-packages/airflow/example_dags/example_dynamic_task_mapping_with_no_taskflow_operators.py
[2025-04-21T00:45:48.623-0300] {processor.py:914} INFO - Processing file /home/lenovo/miniconda3/envs/worker/lib/python3.12/site-packages/airflow/example_dags/example_dynamic_task_mapping_with_no_taskflow_operators.py for tasks to queue
[2025-04-21T00:45:48.626-0300] {logging_mixin.py:190} INFO - [2025-04-21T00:45:48.626-0300] {dagbag.py:588} INFO - Filling up the DagBag from /home/lenovo/miniconda3/envs/worker/lib/python3.12/site-packages/airflow/example_dags/example_dynamic_task_mapping_with_no_taskflow_operators.py
[2025-04-21T00:45:48.640-0300] {processor.py:925} INFO - DAG(s) 'example_dynamic_task_mapping_with_no_taskflow_operators' retrieved from /home/lenovo/miniconda3/envs/worker/lib/python3.12/site-packages/airflow/example_dags/example_dynamic_task_mapping_with_no_taskflow_operators.py
[2025-04-21T00:45:48.663-0300] {logging_mixin.py:190} INFO - [2025-04-21T00:45:48.663-0300] {dag.py:3239} INFO - Sync 1 DAGs
[2025-04-21T00:45:48.685-0300] {logging_mixin.py:190} INFO - [2025-04-21T00:45:48.685-0300] {dag.py:4180} INFO - Setting next_dagrun for example_dynamic_task_mapping_with_no_taskflow_operators to None, run_after=None
[2025-04-21T00:45:48.723-0300] {processor.py:208} INFO - Processing /home/lenovo/miniconda3/envs/worker/lib/python3.12/site-packages/airflow/example_dags/example_dynamic_task_mapping_with_no_taskflow_operators.py took 0.130 seconds
