[2025-04-21T00:39:46.434-0300] {processor.py:186} INFO - Started process (PID=15668) to work on /home/lenovo/miniconda3/envs/worker/lib/python3.12/site-packages/airflow/example_dags/example_branch_operator_decorator.py
[2025-04-21T00:39:46.436-0300] {processor.py:914} INFO - Processing file /home/lenovo/miniconda3/envs/worker/lib/python3.12/site-packages/airflow/example_dags/example_branch_operator_decorator.py for tasks to queue
[2025-04-21T00:39:46.438-0300] {logging_mixin.py:190} INFO - [2025-04-21T00:39:46.437-0300] {dagbag.py:588} INFO - Filling up the DagBag from /home/lenovo/miniconda3/envs/worker/lib/python3.12/site-packages/airflow/example_dags/example_branch_operator_decorator.py
[2025-04-21T00:39:46.443-0300] {processor.py:927} WARNING - No viable dags retrieved from /home/lenovo/miniconda3/envs/worker/lib/python3.12/site-packages/airflow/example_dags/example_branch_operator_decorator.py
[2025-04-21T00:39:46.457-0300] {processor.py:208} INFO - Processing /home/lenovo/miniconda3/envs/worker/lib/python3.12/site-packages/airflow/example_dags/example_branch_operator_decorator.py took 0.029 seconds
[2025-04-21T00:41:08.453-0300] {processor.py:186} INFO - Started process (PID=15753) to work on /home/lenovo/miniconda3/envs/worker/lib/python3.12/site-packages/airflow/example_dags/example_branch_operator_decorator.py
[2025-04-21T00:41:08.474-0300] {processor.py:914} INFO - Processing file /home/lenovo/miniconda3/envs/worker/lib/python3.12/site-packages/airflow/example_dags/example_branch_operator_decorator.py for tasks to queue
[2025-04-21T00:41:08.477-0300] {logging_mixin.py:190} INFO - [2025-04-21T00:41:08.476-0300] {dagbag.py:588} INFO - Filling up the DagBag from /home/lenovo/miniconda3/envs/worker/lib/python3.12/site-packages/airflow/example_dags/example_branch_operator_decorator.py
[2025-04-21T00:41:08.481-0300] {processor.py:927} WARNING - No viable dags retrieved from /home/lenovo/miniconda3/envs/worker/lib/python3.12/site-packages/airflow/example_dags/example_branch_operator_decorator.py
[2025-04-21T00:41:08.494-0300] {processor.py:208} INFO - Processing /home/lenovo/miniconda3/envs/worker/lib/python3.12/site-packages/airflow/example_dags/example_branch_operator_decorator.py took 0.047 seconds
[2025-04-21T00:42:37.018-0300] {processor.py:186} INFO - Started process (PID=435) to work on /home/lenovo/miniconda3/envs/worker/lib/python3.12/site-packages/airflow/example_dags/example_branch_operator_decorator.py
[2025-04-21T00:42:37.039-0300] {processor.py:914} INFO - Processing file /home/lenovo/miniconda3/envs/worker/lib/python3.12/site-packages/airflow/example_dags/example_branch_operator_decorator.py for tasks to queue
[2025-04-21T00:42:37.042-0300] {logging_mixin.py:190} INFO - [2025-04-21T00:42:37.041-0300] {dagbag.py:588} INFO - Filling up the DagBag from /home/lenovo/miniconda3/envs/worker/lib/python3.12/site-packages/airflow/example_dags/example_branch_operator_decorator.py
[2025-04-21T00:42:37.049-0300] {processor.py:927} WARNING - No viable dags retrieved from /home/lenovo/miniconda3/envs/worker/lib/python3.12/site-packages/airflow/example_dags/example_branch_operator_decorator.py
[2025-04-21T00:42:37.064-0300] {processor.py:208} INFO - Processing /home/lenovo/miniconda3/envs/worker/lib/python3.12/site-packages/airflow/example_dags/example_branch_operator_decorator.py took 0.053 seconds
[2025-04-21T00:43:42.450-0300] {processor.py:186} INFO - Started process (PID=492) to work on /home/lenovo/miniconda3/envs/worker/lib/python3.12/site-packages/airflow/example_dags/example_branch_operator_decorator.py
[2025-04-21T00:43:42.472-0300] {processor.py:914} INFO - Processing file /home/lenovo/miniconda3/envs/worker/lib/python3.12/site-packages/airflow/example_dags/example_branch_operator_decorator.py for tasks to queue
[2025-04-21T00:43:42.475-0300] {logging_mixin.py:190} INFO - [2025-04-21T00:43:42.475-0300] {dagbag.py:588} INFO - Filling up the DagBag from /home/lenovo/miniconda3/envs/worker/lib/python3.12/site-packages/airflow/example_dags/example_branch_operator_decorator.py
[2025-04-21T00:43:42.480-0300] {processor.py:927} WARNING - No viable dags retrieved from /home/lenovo/miniconda3/envs/worker/lib/python3.12/site-packages/airflow/example_dags/example_branch_operator_decorator.py
[2025-04-21T00:43:42.493-0300] {processor.py:208} INFO - Processing /home/lenovo/miniconda3/envs/worker/lib/python3.12/site-packages/airflow/example_dags/example_branch_operator_decorator.py took 0.051 seconds
[2025-04-21T00:44:53.418-0300] {processor.py:186} INFO - Started process (PID=611) to work on /home/lenovo/miniconda3/envs/worker/lib/python3.12/site-packages/airflow/example_dags/example_branch_operator_decorator.py
[2025-04-21T00:44:53.440-0300] {processor.py:914} INFO - Processing file /home/lenovo/miniconda3/envs/worker/lib/python3.12/site-packages/airflow/example_dags/example_branch_operator_decorator.py for tasks to queue
[2025-04-21T00:44:53.443-0300] {logging_mixin.py:190} INFO - [2025-04-21T00:44:53.442-0300] {dagbag.py:588} INFO - Filling up the DagBag from /home/lenovo/miniconda3/envs/worker/lib/python3.12/site-packages/airflow/example_dags/example_branch_operator_decorator.py
[2025-04-21T00:44:53.447-0300] {processor.py:927} WARNING - No viable dags retrieved from /home/lenovo/miniconda3/envs/worker/lib/python3.12/site-packages/airflow/example_dags/example_branch_operator_decorator.py
[2025-04-21T00:44:53.463-0300] {processor.py:208} INFO - Processing /home/lenovo/miniconda3/envs/worker/lib/python3.12/site-packages/airflow/example_dags/example_branch_operator_decorator.py took 0.054 seconds
[2025-04-21T00:46:06.347-0300] {processor.py:186} INFO - Started process (PID=700) to work on /home/lenovo/miniconda3/envs/worker/lib/python3.12/site-packages/airflow/example_dags/example_branch_operator_decorator.py
[2025-04-21T00:46:06.368-0300] {processor.py:914} INFO - Processing file /home/lenovo/miniconda3/envs/worker/lib/python3.12/site-packages/airflow/example_dags/example_branch_operator_decorator.py for tasks to queue
[2025-04-21T00:46:06.371-0300] {logging_mixin.py:190} INFO - [2025-04-21T00:46:06.370-0300] {dagbag.py:588} INFO - Filling up the DagBag from /home/lenovo/miniconda3/envs/worker/lib/python3.12/site-packages/airflow/example_dags/example_branch_operator_decorator.py
[2025-04-21T00:46:06.375-0300] {processor.py:927} WARNING - No viable dags retrieved from /home/lenovo/miniconda3/envs/worker/lib/python3.12/site-packages/airflow/example_dags/example_branch_operator_decorator.py
[2025-04-21T00:46:06.390-0300] {processor.py:208} INFO - Processing /home/lenovo/miniconda3/envs/worker/lib/python3.12/site-packages/airflow/example_dags/example_branch_operator_decorator.py took 0.050 seconds
