[2025-04-21T00:40:34.613-0300] {processor.py:186} INFO - Started process (PID=15727) to work on /home/lenovo/miniconda3/envs/worker/lib/python3.12/site-packages/airflow/example_dags/example_params_ui_tutorial.py
[2025-04-21T00:40:34.614-0300] {processor.py:914} INFO - Processing file /home/lenovo/miniconda3/envs/worker/lib/python3.12/site-packages/airflow/example_dags/example_params_ui_tutorial.py for tasks to queue
[2025-04-21T00:40:34.616-0300] {logging_mixin.py:190} INFO - [2025-04-21T00:40:34.616-0300] {dagbag.py:588} INFO - Filling up the DagBag from /home/lenovo/miniconda3/envs/worker/lib/python3.12/site-packages/airflow/example_dags/example_params_ui_tutorial.py
[2025-04-21T00:40:34.628-0300] {processor.py:925} INFO - DAG(s) 'example_params_ui_tutorial' retrieved from /home/lenovo/miniconda3/envs/worker/lib/python3.12/site-packages/airflow/example_dags/example_params_ui_tutorial.py
[2025-04-21T00:40:34.832-0300] {logging_mixin.py:190} INFO - [2025-04-21T00:40:34.832-0300] {override.py:1911} INFO - Created Permission View: can read on DAG:example_params_ui_tutorial
[2025-04-21T00:40:34.852-0300] {logging_mixin.py:190} INFO - [2025-04-21T00:40:34.852-0300] {override.py:1911} INFO - Created Permission View: can delete on DAG:example_params_ui_tutorial
[2025-04-21T00:40:34.867-0300] {logging_mixin.py:190} INFO - [2025-04-21T00:40:34.867-0300] {override.py:1911} INFO - Created Permission View: can edit on DAG:example_params_ui_tutorial
[2025-04-21T00:40:34.893-0300] {logging_mixin.py:190} INFO - [2025-04-21T00:40:34.893-0300] {override.py:1911} INFO - Created Permission View: can read on DAG Run:example_params_ui_tutorial
[2025-04-21T00:40:34.910-0300] {logging_mixin.py:190} INFO - [2025-04-21T00:40:34.909-0300] {override.py:1911} INFO - Created Permission View: can delete on DAG Run:example_params_ui_tutorial
[2025-04-21T00:40:34.925-0300] {logging_mixin.py:190} INFO - [2025-04-21T00:40:34.925-0300] {override.py:1911} INFO - Created Permission View: can create on DAG Run:example_params_ui_tutorial
[2025-04-21T00:40:34.941-0300] {logging_mixin.py:190} INFO - [2025-04-21T00:40:34.940-0300] {override.py:1911} INFO - Created Permission View: menu access on DAG Run:example_params_ui_tutorial
[2025-04-21T00:40:34.941-0300] {logging_mixin.py:190} INFO - [2025-04-21T00:40:34.941-0300] {dag.py:3239} INFO - Sync 1 DAGs
[2025-04-21T00:40:34.959-0300] {logging_mixin.py:190} INFO - [2025-04-21T00:40:34.959-0300] {dag.py:3262} INFO - Creating ORM DAG for example_params_ui_tutorial
[2025-04-21T00:40:34.960-0300] {logging_mixin.py:190} INFO - [2025-04-21T00:40:34.959-0300] {dag.py:4180} INFO - Setting next_dagrun for example_params_ui_tutorial to None, run_after=None
[2025-04-21T00:40:34.992-0300] {processor.py:208} INFO - Processing /home/lenovo/miniconda3/envs/worker/lib/python3.12/site-packages/airflow/example_dags/example_params_ui_tutorial.py took 0.385 seconds
[2025-04-21T00:43:14.854-0300] {processor.py:186} INFO - Started process (PID=468) to work on /home/lenovo/miniconda3/envs/worker/lib/python3.12/site-packages/airflow/example_dags/example_params_ui_tutorial.py
[2025-04-21T00:43:14.880-0300] {processor.py:914} INFO - Processing file /home/lenovo/miniconda3/envs/worker/lib/python3.12/site-packages/airflow/example_dags/example_params_ui_tutorial.py for tasks to queue
[2025-04-21T00:43:14.883-0300] {logging_mixin.py:190} INFO - [2025-04-21T00:43:14.882-0300] {dagbag.py:588} INFO - Filling up the DagBag from /home/lenovo/miniconda3/envs/worker/lib/python3.12/site-packages/airflow/example_dags/example_params_ui_tutorial.py
[2025-04-21T00:43:14.897-0300] {processor.py:925} INFO - DAG(s) 'example_params_ui_tutorial' retrieved from /home/lenovo/miniconda3/envs/worker/lib/python3.12/site-packages/airflow/example_dags/example_params_ui_tutorial.py
[2025-04-21T00:43:14.955-0300] {logging_mixin.py:190} INFO - [2025-04-21T00:43:14.955-0300] {dag.py:3239} INFO - Sync 1 DAGs
[2025-04-21T00:43:14.973-0300] {logging_mixin.py:190} INFO - [2025-04-21T00:43:14.973-0300] {dag.py:4180} INFO - Setting next_dagrun for example_params_ui_tutorial to None, run_after=None
[2025-04-21T00:43:15.025-0300] {processor.py:208} INFO - Processing /home/lenovo/miniconda3/envs/worker/lib/python3.12/site-packages/airflow/example_dags/example_params_ui_tutorial.py took 0.178 seconds
[2025-04-21T00:44:26.535-0300] {processor.py:186} INFO - Started process (PID=578) to work on /home/lenovo/miniconda3/envs/worker/lib/python3.12/site-packages/airflow/example_dags/example_params_ui_tutorial.py
[2025-04-21T00:44:26.558-0300] {processor.py:914} INFO - Processing file /home/lenovo/miniconda3/envs/worker/lib/python3.12/site-packages/airflow/example_dags/example_params_ui_tutorial.py for tasks to queue
[2025-04-21T00:44:26.562-0300] {logging_mixin.py:190} INFO - [2025-04-21T00:44:26.561-0300] {dagbag.py:588} INFO - Filling up the DagBag from /home/lenovo/miniconda3/envs/worker/lib/python3.12/site-packages/airflow/example_dags/example_params_ui_tutorial.py
[2025-04-21T00:44:26.581-0300] {processor.py:925} INFO - DAG(s) 'example_params_ui_tutorial' retrieved from /home/lenovo/miniconda3/envs/worker/lib/python3.12/site-packages/airflow/example_dags/example_params_ui_tutorial.py
[2025-04-21T00:44:26.656-0300] {logging_mixin.py:190} INFO - [2025-04-21T00:44:26.656-0300] {dag.py:3239} INFO - Sync 1 DAGs
[2025-04-21T00:44:26.681-0300] {logging_mixin.py:190} INFO - [2025-04-21T00:44:26.680-0300] {dag.py:4180} INFO - Setting next_dagrun for example_params_ui_tutorial to None, run_after=None
[2025-04-21T00:44:26.741-0300] {processor.py:208} INFO - Processing /home/lenovo/miniconda3/envs/worker/lib/python3.12/site-packages/airflow/example_dags/example_params_ui_tutorial.py took 0.216 seconds
[2025-04-21T00:45:39.190-0300] {processor.py:186} INFO - Started process (PID=676) to work on /home/lenovo/miniconda3/envs/worker/lib/python3.12/site-packages/airflow/example_dags/example_params_ui_tutorial.py
[2025-04-21T00:45:39.212-0300] {processor.py:914} INFO - Processing file /home/lenovo/miniconda3/envs/worker/lib/python3.12/site-packages/airflow/example_dags/example_params_ui_tutorial.py for tasks to queue
[2025-04-21T00:45:39.215-0300] {logging_mixin.py:190} INFO - [2025-04-21T00:45:39.214-0300] {dagbag.py:588} INFO - Filling up the DagBag from /home/lenovo/miniconda3/envs/worker/lib/python3.12/site-packages/airflow/example_dags/example_params_ui_tutorial.py
[2025-04-21T00:45:39.230-0300] {processor.py:925} INFO - DAG(s) 'example_params_ui_tutorial' retrieved from /home/lenovo/miniconda3/envs/worker/lib/python3.12/site-packages/airflow/example_dags/example_params_ui_tutorial.py
[2025-04-21T00:45:39.305-0300] {logging_mixin.py:190} INFO - [2025-04-21T00:45:39.304-0300] {dag.py:3239} INFO - Sync 1 DAGs
[2025-04-21T00:45:39.324-0300] {logging_mixin.py:190} INFO - [2025-04-21T00:45:39.324-0300] {dag.py:4180} INFO - Setting next_dagrun for example_params_ui_tutorial to None, run_after=None
[2025-04-21T00:45:39.379-0300] {processor.py:208} INFO - Processing /home/lenovo/miniconda3/envs/worker/lib/python3.12/site-packages/airflow/example_dags/example_params_ui_tutorial.py took 0.197 seconds
