[2025-04-21T00:39:47.598-0300] {processor.py:186} INFO - Started process (PID=15669) to work on /home/lenovo/miniconda3/envs/worker/lib/python3.12/site-packages/airflow/example_dags/example_outlet_event_extra.py
[2025-04-21T00:39:47.599-0300] {processor.py:914} INFO - Processing file /home/lenovo/miniconda3/envs/worker/lib/python3.12/site-packages/airflow/example_dags/example_outlet_event_extra.py for tasks to queue
[2025-04-21T00:39:47.602-0300] {logging_mixin.py:190} INFO - [2025-04-21T00:39:47.602-0300] {dagbag.py:588} INFO - Filling up the DagBag from /home/lenovo/miniconda3/envs/worker/lib/python3.12/site-packages/airflow/example_dags/example_outlet_event_extra.py
[2025-04-21T00:39:47.624-0300] {processor.py:925} INFO - DAG(s) 'dataset_with_extra_by_context', 'dataset_with_extra_from_classic_operator', 'dataset_with_extra_by_yield' retrieved from /home/lenovo/miniconda3/envs/worker/lib/python3.12/site-packages/airflow/example_dags/example_outlet_event_extra.py
[2025-04-21T00:39:47.804-0300] {logging_mixin.py:190} INFO - [2025-04-21T00:39:47.803-0300] {override.py:1911} INFO - Created Permission View: can read on DAG:dataset_with_extra_by_context
[2025-04-21T00:39:47.824-0300] {logging_mixin.py:190} INFO - [2025-04-21T00:39:47.823-0300] {override.py:1911} INFO - Created Permission View: can delete on DAG:dataset_with_extra_by_context
[2025-04-21T00:39:47.840-0300] {logging_mixin.py:190} INFO - [2025-04-21T00:39:47.839-0300] {override.py:1911} INFO - Created Permission View: can edit on DAG:dataset_with_extra_by_context
[2025-04-21T00:39:47.869-0300] {logging_mixin.py:190} INFO - [2025-04-21T00:39:47.868-0300] {override.py:1911} INFO - Created Permission View: can read on DAG Run:dataset_with_extra_by_context
[2025-04-21T00:39:47.886-0300] {logging_mixin.py:190} INFO - [2025-04-21T00:39:47.885-0300] {override.py:1911} INFO - Created Permission View: can delete on DAG Run:dataset_with_extra_by_context
[2025-04-21T00:39:47.902-0300] {logging_mixin.py:190} INFO - [2025-04-21T00:39:47.902-0300] {override.py:1911} INFO - Created Permission View: can create on DAG Run:dataset_with_extra_by_context
[2025-04-21T00:39:47.921-0300] {logging_mixin.py:190} INFO - [2025-04-21T00:39:47.920-0300] {override.py:1911} INFO - Created Permission View: menu access on DAG Run:dataset_with_extra_by_context
[2025-04-21T00:39:47.960-0300] {logging_mixin.py:190} INFO - [2025-04-21T00:39:47.959-0300] {override.py:1911} INFO - Created Permission View: can read on DAG:dataset_with_extra_from_classic_operator
[2025-04-21T00:39:47.976-0300] {logging_mixin.py:190} INFO - [2025-04-21T00:39:47.976-0300] {override.py:1911} INFO - Created Permission View: can delete on DAG:dataset_with_extra_from_classic_operator
[2025-04-21T00:39:47.993-0300] {logging_mixin.py:190} INFO - [2025-04-21T00:39:47.992-0300] {override.py:1911} INFO - Created Permission View: can edit on DAG:dataset_with_extra_from_classic_operator
[2025-04-21T00:39:48.021-0300] {logging_mixin.py:190} INFO - [2025-04-21T00:39:48.021-0300] {override.py:1911} INFO - Created Permission View: can read on DAG Run:dataset_with_extra_from_classic_operator
[2025-04-21T00:39:48.037-0300] {logging_mixin.py:190} INFO - [2025-04-21T00:39:48.036-0300] {override.py:1911} INFO - Created Permission View: can delete on DAG Run:dataset_with_extra_from_classic_operator
[2025-04-21T00:39:48.052-0300] {logging_mixin.py:190} INFO - [2025-04-21T00:39:48.052-0300] {override.py:1911} INFO - Created Permission View: can create on DAG Run:dataset_with_extra_from_classic_operator
[2025-04-21T00:39:48.068-0300] {logging_mixin.py:190} INFO - [2025-04-21T00:39:48.067-0300] {override.py:1911} INFO - Created Permission View: menu access on DAG Run:dataset_with_extra_from_classic_operator
[2025-04-21T00:39:48.101-0300] {logging_mixin.py:190} INFO - [2025-04-21T00:39:48.101-0300] {override.py:1911} INFO - Created Permission View: can read on DAG:dataset_with_extra_by_yield
[2025-04-21T00:39:48.118-0300] {logging_mixin.py:190} INFO - [2025-04-21T00:39:48.117-0300] {override.py:1911} INFO - Created Permission View: can delete on DAG:dataset_with_extra_by_yield
[2025-04-21T00:39:48.133-0300] {logging_mixin.py:190} INFO - [2025-04-21T00:39:48.132-0300] {override.py:1911} INFO - Created Permission View: can edit on DAG:dataset_with_extra_by_yield
[2025-04-21T00:39:48.157-0300] {logging_mixin.py:190} INFO - [2025-04-21T00:39:48.157-0300] {override.py:1911} INFO - Created Permission View: can read on DAG Run:dataset_with_extra_by_yield
[2025-04-21T00:39:48.171-0300] {logging_mixin.py:190} INFO - [2025-04-21T00:39:48.171-0300] {override.py:1911} INFO - Created Permission View: can delete on DAG Run:dataset_with_extra_by_yield
[2025-04-21T00:39:48.185-0300] {logging_mixin.py:190} INFO - [2025-04-21T00:39:48.185-0300] {override.py:1911} INFO - Created Permission View: can create on DAG Run:dataset_with_extra_by_yield
[2025-04-21T00:39:48.199-0300] {logging_mixin.py:190} INFO - [2025-04-21T00:39:48.199-0300] {override.py:1911} INFO - Created Permission View: menu access on DAG Run:dataset_with_extra_by_yield
[2025-04-21T00:39:48.200-0300] {logging_mixin.py:190} INFO - [2025-04-21T00:39:48.200-0300] {dag.py:3239} INFO - Sync 3 DAGs
[2025-04-21T00:39:48.215-0300] {logging_mixin.py:190} INFO - [2025-04-21T00:39:48.214-0300] {dag.py:3262} INFO - Creating ORM DAG for dataset_with_extra_by_yield
[2025-04-21T00:39:48.216-0300] {logging_mixin.py:190} INFO - [2025-04-21T00:39:48.215-0300] {dag.py:3262} INFO - Creating ORM DAG for dataset_with_extra_by_context
[2025-04-21T00:39:48.216-0300] {logging_mixin.py:190} INFO - [2025-04-21T00:39:48.216-0300] {dag.py:3262} INFO - Creating ORM DAG for dataset_with_extra_from_classic_operator
[2025-04-21T00:39:48.228-0300] {logging_mixin.py:190} INFO - [2025-04-21T00:39:48.228-0300] {dag.py:4180} INFO - Setting next_dagrun for dataset_with_extra_by_context to 2025-04-20 00:00:00+00:00, run_after=2025-04-21 00:00:00+00:00
[2025-04-21T00:39:48.230-0300] {logging_mixin.py:190} INFO - [2025-04-21T00:39:48.230-0300] {dag.py:4180} INFO - Setting next_dagrun for dataset_with_extra_by_yield to 2025-04-20 00:00:00+00:00, run_after=2025-04-21 00:00:00+00:00
[2025-04-21T00:39:48.232-0300] {logging_mixin.py:190} INFO - [2025-04-21T00:39:48.232-0300] {dag.py:4180} INFO - Setting next_dagrun for dataset_with_extra_from_classic_operator to 2025-04-20 00:00:00+00:00, run_after=2025-04-21 00:00:00+00:00
[2025-04-21T00:39:48.268-0300] {processor.py:208} INFO - Processing /home/lenovo/miniconda3/envs/worker/lib/python3.12/site-packages/airflow/example_dags/example_outlet_event_extra.py took 0.678 seconds
[2025-04-21T00:41:09.606-0300] {processor.py:186} INFO - Started process (PID=15754) to work on /home/lenovo/miniconda3/envs/worker/lib/python3.12/site-packages/airflow/example_dags/example_outlet_event_extra.py
[2025-04-21T00:41:09.609-0300] {processor.py:914} INFO - Processing file /home/lenovo/miniconda3/envs/worker/lib/python3.12/site-packages/airflow/example_dags/example_outlet_event_extra.py for tasks to queue
[2025-04-21T00:41:09.612-0300] {logging_mixin.py:190} INFO - [2025-04-21T00:41:09.611-0300] {dagbag.py:588} INFO - Filling up the DagBag from /home/lenovo/miniconda3/envs/worker/lib/python3.12/site-packages/airflow/example_dags/example_outlet_event_extra.py
[2025-04-21T00:41:09.632-0300] {processor.py:925} INFO - DAG(s) 'dataset_with_extra_from_classic_operator', 'dataset_with_extra_by_context', 'dataset_with_extra_by_yield' retrieved from /home/lenovo/miniconda3/envs/worker/lib/python3.12/site-packages/airflow/example_dags/example_outlet_event_extra.py
[2025-04-21T00:41:09.664-0300] {logging_mixin.py:190} INFO - [2025-04-21T00:41:09.664-0300] {dag.py:3239} INFO - Sync 3 DAGs
[2025-04-21T00:41:09.697-0300] {logging_mixin.py:190} INFO - [2025-04-21T00:41:09.697-0300] {dag.py:4180} INFO - Setting next_dagrun for dataset_with_extra_by_context to 2025-04-20 00:00:00+00:00, run_after=2025-04-21 00:00:00+00:00
[2025-04-21T00:41:09.706-0300] {logging_mixin.py:190} INFO - [2025-04-21T00:41:09.706-0300] {dag.py:4180} INFO - Setting next_dagrun for dataset_with_extra_by_yield to 2025-04-20 00:00:00+00:00, run_after=2025-04-21 00:00:00+00:00
[2025-04-21T00:41:09.710-0300] {logging_mixin.py:190} INFO - [2025-04-21T00:41:09.709-0300] {dag.py:4180} INFO - Setting next_dagrun for dataset_with_extra_from_classic_operator to 2025-04-20 00:00:00+00:00, run_after=2025-04-21 00:00:00+00:00
[2025-04-21T00:41:09.773-0300] {processor.py:208} INFO - Processing /home/lenovo/miniconda3/envs/worker/lib/python3.12/site-packages/airflow/example_dags/example_outlet_event_extra.py took 0.174 seconds
[2025-04-21T00:42:38.197-0300] {processor.py:186} INFO - Started process (PID=436) to work on /home/lenovo/miniconda3/envs/worker/lib/python3.12/site-packages/airflow/example_dags/example_outlet_event_extra.py
[2025-04-21T00:42:38.198-0300] {processor.py:914} INFO - Processing file /home/lenovo/miniconda3/envs/worker/lib/python3.12/site-packages/airflow/example_dags/example_outlet_event_extra.py for tasks to queue
[2025-04-21T00:42:38.201-0300] {logging_mixin.py:190} INFO - [2025-04-21T00:42:38.200-0300] {dagbag.py:588} INFO - Filling up the DagBag from /home/lenovo/miniconda3/envs/worker/lib/python3.12/site-packages/airflow/example_dags/example_outlet_event_extra.py
[2025-04-21T00:42:38.224-0300] {processor.py:925} INFO - DAG(s) 'dataset_with_extra_by_yield', 'dataset_with_extra_from_classic_operator', 'dataset_with_extra_by_context' retrieved from /home/lenovo/miniconda3/envs/worker/lib/python3.12/site-packages/airflow/example_dags/example_outlet_event_extra.py
[2025-04-21T00:42:38.262-0300] {logging_mixin.py:190} INFO - [2025-04-21T00:42:38.262-0300] {dag.py:3239} INFO - Sync 3 DAGs
[2025-04-21T00:42:38.292-0300] {logging_mixin.py:190} INFO - [2025-04-21T00:42:38.292-0300] {dag.py:4180} INFO - Setting next_dagrun for dataset_with_extra_by_context to 2025-04-20 00:00:00+00:00, run_after=2025-04-21 00:00:00+00:00
[2025-04-21T00:42:38.298-0300] {logging_mixin.py:190} INFO - [2025-04-21T00:42:38.298-0300] {dag.py:4180} INFO - Setting next_dagrun for dataset_with_extra_by_yield to 2025-04-20 00:00:00+00:00, run_after=2025-04-21 00:00:00+00:00
[2025-04-21T00:42:38.301-0300] {logging_mixin.py:190} INFO - [2025-04-21T00:42:38.301-0300] {dag.py:4180} INFO - Setting next_dagrun for dataset_with_extra_from_classic_operator to 2025-04-20 00:00:00+00:00, run_after=2025-04-21 00:00:00+00:00
[2025-04-21T00:42:38.335-0300] {processor.py:208} INFO - Processing /home/lenovo/miniconda3/envs/worker/lib/python3.12/site-packages/airflow/example_dags/example_outlet_event_extra.py took 0.146 seconds
[2025-04-21T00:43:43.629-0300] {processor.py:186} INFO - Started process (PID=493) to work on /home/lenovo/miniconda3/envs/worker/lib/python3.12/site-packages/airflow/example_dags/example_outlet_event_extra.py
[2025-04-21T00:43:43.651-0300] {processor.py:914} INFO - Processing file /home/lenovo/miniconda3/envs/worker/lib/python3.12/site-packages/airflow/example_dags/example_outlet_event_extra.py for tasks to queue
[2025-04-21T00:43:43.653-0300] {logging_mixin.py:190} INFO - [2025-04-21T00:43:43.653-0300] {dagbag.py:588} INFO - Filling up the DagBag from /home/lenovo/miniconda3/envs/worker/lib/python3.12/site-packages/airflow/example_dags/example_outlet_event_extra.py
[2025-04-21T00:43:43.671-0300] {processor.py:925} INFO - DAG(s) 'dataset_with_extra_by_yield', 'dataset_with_extra_from_classic_operator', 'dataset_with_extra_by_context' retrieved from /home/lenovo/miniconda3/envs/worker/lib/python3.12/site-packages/airflow/example_dags/example_outlet_event_extra.py
[2025-04-21T00:43:43.698-0300] {logging_mixin.py:190} INFO - [2025-04-21T00:43:43.698-0300] {dag.py:3239} INFO - Sync 3 DAGs
[2025-04-21T00:43:43.731-0300] {logging_mixin.py:190} INFO - [2025-04-21T00:43:43.730-0300] {dag.py:4180} INFO - Setting next_dagrun for dataset_with_extra_by_context to 2025-04-20 00:00:00+00:00, run_after=2025-04-21 00:00:00+00:00
[2025-04-21T00:43:43.738-0300] {logging_mixin.py:190} INFO - [2025-04-21T00:43:43.737-0300] {dag.py:4180} INFO - Setting next_dagrun for dataset_with_extra_by_yield to 2025-04-20 00:00:00+00:00, run_after=2025-04-21 00:00:00+00:00
[2025-04-21T00:43:43.740-0300] {logging_mixin.py:190} INFO - [2025-04-21T00:43:43.740-0300] {dag.py:4180} INFO - Setting next_dagrun for dataset_with_extra_from_classic_operator to 2025-04-20 00:00:00+00:00, run_after=2025-04-21 00:00:00+00:00
[2025-04-21T00:43:43.776-0300] {processor.py:208} INFO - Processing /home/lenovo/miniconda3/envs/worker/lib/python3.12/site-packages/airflow/example_dags/example_outlet_event_extra.py took 0.153 seconds
[2025-04-21T00:44:54.571-0300] {processor.py:186} INFO - Started process (PID=612) to work on /home/lenovo/miniconda3/envs/worker/lib/python3.12/site-packages/airflow/example_dags/example_outlet_event_extra.py
[2025-04-21T00:44:54.592-0300] {processor.py:914} INFO - Processing file /home/lenovo/miniconda3/envs/worker/lib/python3.12/site-packages/airflow/example_dags/example_outlet_event_extra.py for tasks to queue
[2025-04-21T00:44:54.596-0300] {logging_mixin.py:190} INFO - [2025-04-21T00:44:54.596-0300] {dagbag.py:588} INFO - Filling up the DagBag from /home/lenovo/miniconda3/envs/worker/lib/python3.12/site-packages/airflow/example_dags/example_outlet_event_extra.py
[2025-04-21T00:44:54.621-0300] {processor.py:925} INFO - DAG(s) 'dataset_with_extra_by_context', 'dataset_with_extra_by_yield', 'dataset_with_extra_from_classic_operator' retrieved from /home/lenovo/miniconda3/envs/worker/lib/python3.12/site-packages/airflow/example_dags/example_outlet_event_extra.py
[2025-04-21T00:44:54.673-0300] {logging_mixin.py:190} INFO - [2025-04-21T00:44:54.673-0300] {dag.py:3239} INFO - Sync 3 DAGs
[2025-04-21T00:44:54.719-0300] {logging_mixin.py:190} INFO - [2025-04-21T00:44:54.719-0300] {dag.py:4180} INFO - Setting next_dagrun for dataset_with_extra_by_context to 2025-04-20 00:00:00+00:00, run_after=2025-04-21 00:00:00+00:00
[2025-04-21T00:44:54.728-0300] {logging_mixin.py:190} INFO - [2025-04-21T00:44:54.727-0300] {dag.py:4180} INFO - Setting next_dagrun for dataset_with_extra_by_yield to 2025-04-20 00:00:00+00:00, run_after=2025-04-21 00:00:00+00:00
[2025-04-21T00:44:54.731-0300] {logging_mixin.py:190} INFO - [2025-04-21T00:44:54.731-0300] {dag.py:4180} INFO - Setting next_dagrun for dataset_with_extra_from_classic_operator to 2025-04-20 00:00:00+00:00, run_after=2025-04-21 00:00:00+00:00
[2025-04-21T00:44:54.794-0300] {processor.py:208} INFO - Processing /home/lenovo/miniconda3/envs/worker/lib/python3.12/site-packages/airflow/example_dags/example_outlet_event_extra.py took 0.232 seconds
[2025-04-21T00:46:06.804-0300] {processor.py:186} INFO - Started process (PID=701) to work on /home/lenovo/miniconda3/envs/worker/lib/python3.12/site-packages/airflow/example_dags/example_outlet_event_extra.py
[2025-04-21T00:46:06.827-0300] {processor.py:914} INFO - Processing file /home/lenovo/miniconda3/envs/worker/lib/python3.12/site-packages/airflow/example_dags/example_outlet_event_extra.py for tasks to queue
[2025-04-21T00:46:06.830-0300] {logging_mixin.py:190} INFO - [2025-04-21T00:46:06.829-0300] {dagbag.py:588} INFO - Filling up the DagBag from /home/lenovo/miniconda3/envs/worker/lib/python3.12/site-packages/airflow/example_dags/example_outlet_event_extra.py
[2025-04-21T00:46:06.850-0300] {processor.py:925} INFO - DAG(s) 'dataset_with_extra_from_classic_operator', 'dataset_with_extra_by_context', 'dataset_with_extra_by_yield' retrieved from /home/lenovo/miniconda3/envs/worker/lib/python3.12/site-packages/airflow/example_dags/example_outlet_event_extra.py
[2025-04-21T00:46:06.877-0300] {logging_mixin.py:190} INFO - [2025-04-21T00:46:06.877-0300] {dag.py:3239} INFO - Sync 3 DAGs
[2025-04-21T00:46:06.907-0300] {logging_mixin.py:190} INFO - [2025-04-21T00:46:06.906-0300] {dag.py:4180} INFO - Setting next_dagrun for dataset_with_extra_by_context to 2025-04-20 00:00:00+00:00, run_after=2025-04-21 00:00:00+00:00
[2025-04-21T00:46:06.914-0300] {logging_mixin.py:190} INFO - [2025-04-21T00:46:06.914-0300] {dag.py:4180} INFO - Setting next_dagrun for dataset_with_extra_by_yield to 2025-04-20 00:00:00+00:00, run_after=2025-04-21 00:00:00+00:00
[2025-04-21T00:46:06.918-0300] {logging_mixin.py:190} INFO - [2025-04-21T00:46:06.918-0300] {dag.py:4180} INFO - Setting next_dagrun for dataset_with_extra_from_classic_operator to 2025-04-20 00:00:00+00:00, run_after=2025-04-21 00:00:00+00:00
[2025-04-21T00:46:06.956-0300] {processor.py:208} INFO - Processing /home/lenovo/miniconda3/envs/worker/lib/python3.12/site-packages/airflow/example_dags/example_outlet_event_extra.py took 0.169 seconds
