[2025-04-21T00:40:21.400-0300] {processor.py:186} INFO - Started process (PID=15691) to work on /home/lenovo/miniconda3/envs/worker/lib/python3.12/site-packages/airflow/example_dags/example_kubernetes_executor.py
[2025-04-21T00:40:21.401-0300] {processor.py:914} INFO - Processing file /home/lenovo/miniconda3/envs/worker/lib/python3.12/site-packages/airflow/example_dags/example_kubernetes_executor.py for tasks to queue
[2025-04-21T00:40:21.403-0300] {logging_mixin.py:190} INFO - [2025-04-21T00:40:21.403-0300] {dagbag.py:588} INFO - Filling up the DagBag from /home/lenovo/miniconda3/envs/worker/lib/python3.12/site-packages/airflow/example_dags/example_kubernetes_executor.py
[2025-04-21T00:40:21.409-0300] {logging_mixin.py:190} INFO - [2025-04-21T00:40:21.409-0300] {example_kubernetes_executor.py:39} WARNING - The example_kubernetes_executor example DAG requires the kubernetes provider. Please install it with: pip install apache-airflow[cncf.kubernetes]
[2025-04-21T00:40:21.409-0300] {processor.py:927} WARNING - No viable dags retrieved from /home/lenovo/miniconda3/envs/worker/lib/python3.12/site-packages/airflow/example_dags/example_kubernetes_executor.py
[2025-04-21T00:40:21.425-0300] {processor.py:208} INFO - Processing /home/lenovo/miniconda3/envs/worker/lib/python3.12/site-packages/airflow/example_dags/example_kubernetes_executor.py took 0.031 seconds
[2025-04-21T00:43:04.225-0300] {processor.py:186} INFO - Started process (PID=458) to work on /home/lenovo/miniconda3/envs/worker/lib/python3.12/site-packages/airflow/example_dags/example_kubernetes_executor.py
[2025-04-21T00:43:04.248-0300] {processor.py:914} INFO - Processing file /home/lenovo/miniconda3/envs/worker/lib/python3.12/site-packages/airflow/example_dags/example_kubernetes_executor.py for tasks to queue
[2025-04-21T00:43:04.253-0300] {logging_mixin.py:190} INFO - [2025-04-21T00:43:04.252-0300] {dagbag.py:588} INFO - Filling up the DagBag from /home/lenovo/miniconda3/envs/worker/lib/python3.12/site-packages/airflow/example_dags/example_kubernetes_executor.py
[2025-04-21T00:43:04.257-0300] {logging_mixin.py:190} INFO - [2025-04-21T00:43:04.257-0300] {example_kubernetes_executor.py:39} WARNING - The example_kubernetes_executor example DAG requires the kubernetes provider. Please install it with: pip install apache-airflow[cncf.kubernetes]
[2025-04-21T00:43:04.258-0300] {processor.py:927} WARNING - No viable dags retrieved from /home/lenovo/miniconda3/envs/worker/lib/python3.12/site-packages/airflow/example_dags/example_kubernetes_executor.py
[2025-04-21T00:43:04.276-0300] {processor.py:208} INFO - Processing /home/lenovo/miniconda3/envs/worker/lib/python3.12/site-packages/airflow/example_dags/example_kubernetes_executor.py took 0.059 seconds
[2025-04-21T00:44:09.212-0300] {processor.py:186} INFO - Started process (PID=556) to work on /home/lenovo/miniconda3/envs/worker/lib/python3.12/site-packages/airflow/example_dags/example_kubernetes_executor.py
[2025-04-21T00:44:09.213-0300] {processor.py:914} INFO - Processing file /home/lenovo/miniconda3/envs/worker/lib/python3.12/site-packages/airflow/example_dags/example_kubernetes_executor.py for tasks to queue
[2025-04-21T00:44:09.216-0300] {logging_mixin.py:190} INFO - [2025-04-21T00:44:09.215-0300] {dagbag.py:588} INFO - Filling up the DagBag from /home/lenovo/miniconda3/envs/worker/lib/python3.12/site-packages/airflow/example_dags/example_kubernetes_executor.py
[2025-04-21T00:44:09.220-0300] {logging_mixin.py:190} INFO - [2025-04-21T00:44:09.219-0300] {example_kubernetes_executor.py:39} WARNING - The example_kubernetes_executor example DAG requires the kubernetes provider. Please install it with: pip install apache-airflow[cncf.kubernetes]
[2025-04-21T00:44:09.220-0300] {processor.py:927} WARNING - No viable dags retrieved from /home/lenovo/miniconda3/envs/worker/lib/python3.12/site-packages/airflow/example_dags/example_kubernetes_executor.py
[2025-04-21T00:44:09.236-0300] {processor.py:208} INFO - Processing /home/lenovo/miniconda3/envs/worker/lib/python3.12/site-packages/airflow/example_dags/example_kubernetes_executor.py took 0.031 seconds
[2025-04-21T00:45:21.594-0300] {processor.py:186} INFO - Started process (PID=656) to work on /home/lenovo/miniconda3/envs/worker/lib/python3.12/site-packages/airflow/example_dags/example_kubernetes_executor.py
[2025-04-21T00:45:21.616-0300] {processor.py:914} INFO - Processing file /home/lenovo/miniconda3/envs/worker/lib/python3.12/site-packages/airflow/example_dags/example_kubernetes_executor.py for tasks to queue
[2025-04-21T00:45:21.619-0300] {logging_mixin.py:190} INFO - [2025-04-21T00:45:21.618-0300] {dagbag.py:588} INFO - Filling up the DagBag from /home/lenovo/miniconda3/envs/worker/lib/python3.12/site-packages/airflow/example_dags/example_kubernetes_executor.py
[2025-04-21T00:45:21.622-0300] {logging_mixin.py:190} INFO - [2025-04-21T00:45:21.622-0300] {example_kubernetes_executor.py:39} WARNING - The example_kubernetes_executor example DAG requires the kubernetes provider. Please install it with: pip install apache-airflow[cncf.kubernetes]
[2025-04-21T00:45:21.623-0300] {processor.py:927} WARNING - No viable dags retrieved from /home/lenovo/miniconda3/envs/worker/lib/python3.12/site-packages/airflow/example_dags/example_kubernetes_executor.py
[2025-04-21T00:45:21.640-0300] {processor.py:208} INFO - Processing /home/lenovo/miniconda3/envs/worker/lib/python3.12/site-packages/airflow/example_dags/example_kubernetes_executor.py took 0.054 seconds
