[2025-04-21T00:39:53.383-0300] {processor.py:186} INFO - Started process (PID=15673) to work on /home/lenovo/miniconda3/envs/worker/lib/python3.12/site-packages/airflow/example_dags/example_datasets.py
[2025-04-21T00:39:53.384-0300] {processor.py:914} INFO - Processing file /home/lenovo/miniconda3/envs/worker/lib/python3.12/site-packages/airflow/example_dags/example_datasets.py for tasks to queue
[2025-04-21T00:39:53.388-0300] {logging_mixin.py:190} INFO - [2025-04-21T00:39:53.387-0300] {dagbag.py:588} INFO - Filling up the DagBag from /home/lenovo/miniconda3/envs/worker/lib/python3.12/site-packages/airflow/example_dags/example_datasets.py
[2025-04-21T00:39:53.412-0300] {processor.py:925} INFO - DAG(s) 'dataset_produces_2', 'dataset_consumes_1_and_2', 'dataset_consumes_unknown_never_scheduled', 'consume_1_and_2_with_dataset_expressions', 'consume_1_or_2_with_dataset_expressions', 'consume_1_or_both_2_and_3_with_dataset_expressions', 'dataset_consumes_1_never_scheduled', 'dataset_consumes_1', 'dataset_produces_1', 'conditional_dataset_and_time_based_timetable' retrieved from /home/lenovo/miniconda3/envs/worker/lib/python3.12/site-packages/airflow/example_dags/example_datasets.py
[2025-04-21T00:39:53.591-0300] {logging_mixin.py:190} INFO - [2025-04-21T00:39:53.590-0300] {override.py:1911} INFO - Created Permission View: can read on DAG:dataset_produces_2
[2025-04-21T00:39:53.613-0300] {logging_mixin.py:190} INFO - [2025-04-21T00:39:53.613-0300] {override.py:1911} INFO - Created Permission View: can delete on DAG:dataset_produces_2
[2025-04-21T00:39:53.631-0300] {logging_mixin.py:190} INFO - [2025-04-21T00:39:53.630-0300] {override.py:1911} INFO - Created Permission View: can edit on DAG:dataset_produces_2
[2025-04-21T00:39:53.661-0300] {logging_mixin.py:190} INFO - [2025-04-21T00:39:53.660-0300] {override.py:1911} INFO - Created Permission View: can read on DAG Run:dataset_produces_2
[2025-04-21T00:39:53.678-0300] {logging_mixin.py:190} INFO - [2025-04-21T00:39:53.678-0300] {override.py:1911} INFO - Created Permission View: can delete on DAG Run:dataset_produces_2
[2025-04-21T00:39:53.696-0300] {logging_mixin.py:190} INFO - [2025-04-21T00:39:53.695-0300] {override.py:1911} INFO - Created Permission View: can create on DAG Run:dataset_produces_2
[2025-04-21T00:39:53.714-0300] {logging_mixin.py:190} INFO - [2025-04-21T00:39:53.713-0300] {override.py:1911} INFO - Created Permission View: menu access on DAG Run:dataset_produces_2
[2025-04-21T00:39:53.747-0300] {logging_mixin.py:190} INFO - [2025-04-21T00:39:53.746-0300] {override.py:1911} INFO - Created Permission View: can read on DAG:dataset_consumes_1_and_2
[2025-04-21T00:39:53.761-0300] {logging_mixin.py:190} INFO - [2025-04-21T00:39:53.761-0300] {override.py:1911} INFO - Created Permission View: can delete on DAG:dataset_consumes_1_and_2
[2025-04-21T00:39:53.778-0300] {logging_mixin.py:190} INFO - [2025-04-21T00:39:53.777-0300] {override.py:1911} INFO - Created Permission View: can edit on DAG:dataset_consumes_1_and_2
[2025-04-21T00:39:53.808-0300] {logging_mixin.py:190} INFO - [2025-04-21T00:39:53.808-0300] {override.py:1911} INFO - Created Permission View: can read on DAG Run:dataset_consumes_1_and_2
[2025-04-21T00:39:53.826-0300] {logging_mixin.py:190} INFO - [2025-04-21T00:39:53.826-0300] {override.py:1911} INFO - Created Permission View: can delete on DAG Run:dataset_consumes_1_and_2
[2025-04-21T00:39:53.844-0300] {logging_mixin.py:190} INFO - [2025-04-21T00:39:53.843-0300] {override.py:1911} INFO - Created Permission View: can create on DAG Run:dataset_consumes_1_and_2
[2025-04-21T00:39:53.862-0300] {logging_mixin.py:190} INFO - [2025-04-21T00:39:53.861-0300] {override.py:1911} INFO - Created Permission View: menu access on DAG Run:dataset_consumes_1_and_2
[2025-04-21T00:39:53.902-0300] {logging_mixin.py:190} INFO - [2025-04-21T00:39:53.901-0300] {override.py:1911} INFO - Created Permission View: can read on DAG:dataset_consumes_unknown_never_scheduled
[2025-04-21T00:39:53.920-0300] {logging_mixin.py:190} INFO - [2025-04-21T00:39:53.919-0300] {override.py:1911} INFO - Created Permission View: can delete on DAG:dataset_consumes_unknown_never_scheduled
[2025-04-21T00:39:53.937-0300] {logging_mixin.py:190} INFO - [2025-04-21T00:39:53.937-0300] {override.py:1911} INFO - Created Permission View: can edit on DAG:dataset_consumes_unknown_never_scheduled
[2025-04-21T00:39:53.967-0300] {logging_mixin.py:190} INFO - [2025-04-21T00:39:53.967-0300] {override.py:1911} INFO - Created Permission View: can read on DAG Run:dataset_consumes_unknown_never_scheduled
[2025-04-21T00:39:53.984-0300] {logging_mixin.py:190} INFO - [2025-04-21T00:39:53.983-0300] {override.py:1911} INFO - Created Permission View: can delete on DAG Run:dataset_consumes_unknown_never_scheduled
[2025-04-21T00:39:54.001-0300] {logging_mixin.py:190} INFO - [2025-04-21T00:39:54.001-0300] {override.py:1911} INFO - Created Permission View: can create on DAG Run:dataset_consumes_unknown_never_scheduled
[2025-04-21T00:39:54.018-0300] {logging_mixin.py:190} INFO - [2025-04-21T00:39:54.018-0300] {override.py:1911} INFO - Created Permission View: menu access on DAG Run:dataset_consumes_unknown_never_scheduled
[2025-04-21T00:39:54.056-0300] {logging_mixin.py:190} INFO - [2025-04-21T00:39:54.056-0300] {override.py:1911} INFO - Created Permission View: can read on DAG:consume_1_and_2_with_dataset_expressions
[2025-04-21T00:39:54.073-0300] {logging_mixin.py:190} INFO - [2025-04-21T00:39:54.072-0300] {override.py:1911} INFO - Created Permission View: can delete on DAG:consume_1_and_2_with_dataset_expressions
[2025-04-21T00:39:54.091-0300] {logging_mixin.py:190} INFO - [2025-04-21T00:39:54.090-0300] {override.py:1911} INFO - Created Permission View: can edit on DAG:consume_1_and_2_with_dataset_expressions
[2025-04-21T00:39:54.120-0300] {logging_mixin.py:190} INFO - [2025-04-21T00:39:54.119-0300] {override.py:1911} INFO - Created Permission View: can read on DAG Run:consume_1_and_2_with_dataset_expressions
[2025-04-21T00:39:54.138-0300] {logging_mixin.py:190} INFO - [2025-04-21T00:39:54.137-0300] {override.py:1911} INFO - Created Permission View: can delete on DAG Run:consume_1_and_2_with_dataset_expressions
[2025-04-21T00:39:54.155-0300] {logging_mixin.py:190} INFO - [2025-04-21T00:39:54.154-0300] {override.py:1911} INFO - Created Permission View: can create on DAG Run:consume_1_and_2_with_dataset_expressions
[2025-04-21T00:39:54.171-0300] {logging_mixin.py:190} INFO - [2025-04-21T00:39:54.170-0300] {override.py:1911} INFO - Created Permission View: menu access on DAG Run:consume_1_and_2_with_dataset_expressions
[2025-04-21T00:39:54.204-0300] {logging_mixin.py:190} INFO - [2025-04-21T00:39:54.203-0300] {override.py:1911} INFO - Created Permission View: can read on DAG:consume_1_or_2_with_dataset_expressions
[2025-04-21T00:39:54.219-0300] {logging_mixin.py:190} INFO - [2025-04-21T00:39:54.219-0300] {override.py:1911} INFO - Created Permission View: can delete on DAG:consume_1_or_2_with_dataset_expressions
[2025-04-21T00:39:54.234-0300] {logging_mixin.py:190} INFO - [2025-04-21T00:39:54.233-0300] {override.py:1911} INFO - Created Permission View: can edit on DAG:consume_1_or_2_with_dataset_expressions
[2025-04-21T00:39:54.258-0300] {logging_mixin.py:190} INFO - [2025-04-21T00:39:54.258-0300] {override.py:1911} INFO - Created Permission View: can read on DAG Run:consume_1_or_2_with_dataset_expressions
[2025-04-21T00:39:54.273-0300] {logging_mixin.py:190} INFO - [2025-04-21T00:39:54.272-0300] {override.py:1911} INFO - Created Permission View: can delete on DAG Run:consume_1_or_2_with_dataset_expressions
[2025-04-21T00:39:54.288-0300] {logging_mixin.py:190} INFO - [2025-04-21T00:39:54.287-0300] {override.py:1911} INFO - Created Permission View: can create on DAG Run:consume_1_or_2_with_dataset_expressions
[2025-04-21T00:39:54.302-0300] {logging_mixin.py:190} INFO - [2025-04-21T00:39:54.302-0300] {override.py:1911} INFO - Created Permission View: menu access on DAG Run:consume_1_or_2_with_dataset_expressions
[2025-04-21T00:39:54.333-0300] {logging_mixin.py:190} INFO - [2025-04-21T00:39:54.332-0300] {override.py:1911} INFO - Created Permission View: can read on DAG:consume_1_or_both_2_and_3_with_dataset_expressions
[2025-04-21T00:39:54.347-0300] {logging_mixin.py:190} INFO - [2025-04-21T00:39:54.346-0300] {override.py:1911} INFO - Created Permission View: can delete on DAG:consume_1_or_both_2_and_3_with_dataset_expressions
[2025-04-21T00:39:54.362-0300] {logging_mixin.py:190} INFO - [2025-04-21T00:39:54.361-0300] {override.py:1911} INFO - Created Permission View: can edit on DAG:consume_1_or_both_2_and_3_with_dataset_expressions
[2025-04-21T00:39:54.387-0300] {logging_mixin.py:190} INFO - [2025-04-21T00:39:54.387-0300] {override.py:1911} INFO - Created Permission View: can read on DAG Run:consume_1_or_both_2_and_3_with_dataset_expressions
[2025-04-21T00:39:54.404-0300] {logging_mixin.py:190} INFO - [2025-04-21T00:39:54.403-0300] {override.py:1911} INFO - Created Permission View: can delete on DAG Run:consume_1_or_both_2_and_3_with_dataset_expressions
[2025-04-21T00:39:54.422-0300] {logging_mixin.py:190} INFO - [2025-04-21T00:39:54.421-0300] {override.py:1911} INFO - Created Permission View: can create on DAG Run:consume_1_or_both_2_and_3_with_dataset_expressions
[2025-04-21T00:39:54.438-0300] {logging_mixin.py:190} INFO - [2025-04-21T00:39:54.437-0300] {override.py:1911} INFO - Created Permission View: menu access on DAG Run:consume_1_or_both_2_and_3_with_dataset_expressions
[2025-04-21T00:39:54.472-0300] {logging_mixin.py:190} INFO - [2025-04-21T00:39:54.471-0300] {override.py:1911} INFO - Created Permission View: can read on DAG:dataset_consumes_1_never_scheduled
[2025-04-21T00:39:54.487-0300] {logging_mixin.py:190} INFO - [2025-04-21T00:39:54.486-0300] {override.py:1911} INFO - Created Permission View: can delete on DAG:dataset_consumes_1_never_scheduled
[2025-04-21T00:39:54.504-0300] {logging_mixin.py:190} INFO - [2025-04-21T00:39:54.504-0300] {override.py:1911} INFO - Created Permission View: can edit on DAG:dataset_consumes_1_never_scheduled
[2025-04-21T00:39:54.531-0300] {logging_mixin.py:190} INFO - [2025-04-21T00:39:54.531-0300] {override.py:1911} INFO - Created Permission View: can read on DAG Run:dataset_consumes_1_never_scheduled
[2025-04-21T00:39:54.546-0300] {logging_mixin.py:190} INFO - [2025-04-21T00:39:54.546-0300] {override.py:1911} INFO - Created Permission View: can delete on DAG Run:dataset_consumes_1_never_scheduled
[2025-04-21T00:39:54.561-0300] {logging_mixin.py:190} INFO - [2025-04-21T00:39:54.560-0300] {override.py:1911} INFO - Created Permission View: can create on DAG Run:dataset_consumes_1_never_scheduled
[2025-04-21T00:39:54.575-0300] {logging_mixin.py:190} INFO - [2025-04-21T00:39:54.575-0300] {override.py:1911} INFO - Created Permission View: menu access on DAG Run:dataset_consumes_1_never_scheduled
[2025-04-21T00:39:54.670-0300] {logging_mixin.py:190} INFO - [2025-04-21T00:39:54.670-0300] {override.py:1911} INFO - Created Permission View: can read on DAG:dataset_consumes_1
[2025-04-21T00:39:54.688-0300] {logging_mixin.py:190} INFO - [2025-04-21T00:39:54.687-0300] {override.py:1911} INFO - Created Permission View: can delete on DAG:dataset_consumes_1
[2025-04-21T00:39:54.705-0300] {logging_mixin.py:190} INFO - [2025-04-21T00:39:54.704-0300] {override.py:1911} INFO - Created Permission View: can edit on DAG:dataset_consumes_1
[2025-04-21T00:39:54.735-0300] {logging_mixin.py:190} INFO - [2025-04-21T00:39:54.735-0300] {override.py:1911} INFO - Created Permission View: can read on DAG Run:dataset_consumes_1
[2025-04-21T00:39:54.752-0300] {logging_mixin.py:190} INFO - [2025-04-21T00:39:54.752-0300] {override.py:1911} INFO - Created Permission View: can delete on DAG Run:dataset_consumes_1
[2025-04-21T00:39:54.770-0300] {logging_mixin.py:190} INFO - [2025-04-21T00:39:54.770-0300] {override.py:1911} INFO - Created Permission View: can create on DAG Run:dataset_consumes_1
[2025-04-21T00:39:54.788-0300] {logging_mixin.py:190} INFO - [2025-04-21T00:39:54.787-0300] {override.py:1911} INFO - Created Permission View: menu access on DAG Run:dataset_consumes_1
[2025-04-21T00:39:54.876-0300] {logging_mixin.py:190} INFO - [2025-04-21T00:39:54.875-0300] {override.py:1911} INFO - Created Permission View: can read on DAG:dataset_produces_1
[2025-04-21T00:39:54.893-0300] {logging_mixin.py:190} INFO - [2025-04-21T00:39:54.892-0300] {override.py:1911} INFO - Created Permission View: can delete on DAG:dataset_produces_1
[2025-04-21T00:39:54.909-0300] {logging_mixin.py:190} INFO - [2025-04-21T00:39:54.908-0300] {override.py:1911} INFO - Created Permission View: can edit on DAG:dataset_produces_1
[2025-04-21T00:39:54.938-0300] {logging_mixin.py:190} INFO - [2025-04-21T00:39:54.938-0300] {override.py:1911} INFO - Created Permission View: can read on DAG Run:dataset_produces_1
[2025-04-21T00:39:54.955-0300] {logging_mixin.py:190} INFO - [2025-04-21T00:39:54.954-0300] {override.py:1911} INFO - Created Permission View: can delete on DAG Run:dataset_produces_1
[2025-04-21T00:39:54.972-0300] {logging_mixin.py:190} INFO - [2025-04-21T00:39:54.971-0300] {override.py:1911} INFO - Created Permission View: can create on DAG Run:dataset_produces_1
[2025-04-21T00:39:54.989-0300] {logging_mixin.py:190} INFO - [2025-04-21T00:39:54.988-0300] {override.py:1911} INFO - Created Permission View: menu access on DAG Run:dataset_produces_1
[2025-04-21T00:39:55.077-0300] {logging_mixin.py:190} INFO - [2025-04-21T00:39:55.076-0300] {override.py:1911} INFO - Created Permission View: can read on DAG:conditional_dataset_and_time_based_timetable
[2025-04-21T00:39:55.095-0300] {logging_mixin.py:190} INFO - [2025-04-21T00:39:55.094-0300] {override.py:1911} INFO - Created Permission View: can delete on DAG:conditional_dataset_and_time_based_timetable
[2025-04-21T00:39:55.111-0300] {logging_mixin.py:190} INFO - [2025-04-21T00:39:55.111-0300] {override.py:1911} INFO - Created Permission View: can edit on DAG:conditional_dataset_and_time_based_timetable
[2025-04-21T00:39:55.141-0300] {logging_mixin.py:190} INFO - [2025-04-21T00:39:55.140-0300] {override.py:1911} INFO - Created Permission View: can read on DAG Run:conditional_dataset_and_time_based_timetable
[2025-04-21T00:39:55.158-0300] {logging_mixin.py:190} INFO - [2025-04-21T00:39:55.158-0300] {override.py:1911} INFO - Created Permission View: can delete on DAG Run:conditional_dataset_and_time_based_timetable
[2025-04-21T00:39:55.176-0300] {logging_mixin.py:190} INFO - [2025-04-21T00:39:55.175-0300] {override.py:1911} INFO - Created Permission View: can create on DAG Run:conditional_dataset_and_time_based_timetable
[2025-04-21T00:39:55.193-0300] {logging_mixin.py:190} INFO - [2025-04-21T00:39:55.193-0300] {override.py:1911} INFO - Created Permission View: menu access on DAG Run:conditional_dataset_and_time_based_timetable
[2025-04-21T00:39:55.194-0300] {logging_mixin.py:190} INFO - [2025-04-21T00:39:55.194-0300] {dag.py:3239} INFO - Sync 10 DAGs
[2025-04-21T00:39:55.210-0300] {logging_mixin.py:190} INFO - [2025-04-21T00:39:55.210-0300] {dag.py:3262} INFO - Creating ORM DAG for consume_1_and_2_with_dataset_expressions
[2025-04-21T00:39:55.211-0300] {logging_mixin.py:190} INFO - [2025-04-21T00:39:55.211-0300] {dag.py:3262} INFO - Creating ORM DAG for consume_1_or_both_2_and_3_with_dataset_expressions
[2025-04-21T00:39:55.212-0300] {logging_mixin.py:190} INFO - [2025-04-21T00:39:55.212-0300] {dag.py:3262} INFO - Creating ORM DAG for dataset_produces_2
[2025-04-21T00:39:55.213-0300] {logging_mixin.py:190} INFO - [2025-04-21T00:39:55.213-0300] {dag.py:3262} INFO - Creating ORM DAG for dataset_consumes_1_and_2
[2025-04-21T00:39:55.214-0300] {logging_mixin.py:190} INFO - [2025-04-21T00:39:55.213-0300] {dag.py:3262} INFO - Creating ORM DAG for dataset_consumes_unknown_never_scheduled
[2025-04-21T00:39:55.214-0300] {logging_mixin.py:190} INFO - [2025-04-21T00:39:55.214-0300] {dag.py:3262} INFO - Creating ORM DAG for consume_1_or_2_with_dataset_expressions
[2025-04-21T00:39:55.215-0300] {logging_mixin.py:190} INFO - [2025-04-21T00:39:55.215-0300] {dag.py:3262} INFO - Creating ORM DAG for dataset_consumes_1
[2025-04-21T00:39:55.216-0300] {logging_mixin.py:190} INFO - [2025-04-21T00:39:55.215-0300] {dag.py:3262} INFO - Creating ORM DAG for conditional_dataset_and_time_based_timetable
[2025-04-21T00:39:55.216-0300] {logging_mixin.py:190} INFO - [2025-04-21T00:39:55.216-0300] {dag.py:3262} INFO - Creating ORM DAG for dataset_produces_1
[2025-04-21T00:39:55.217-0300] {logging_mixin.py:190} INFO - [2025-04-21T00:39:55.217-0300] {dag.py:3262} INFO - Creating ORM DAG for dataset_consumes_1_never_scheduled
[2025-04-21T00:39:55.232-0300] {logging_mixin.py:190} INFO - [2025-04-21T00:39:55.232-0300] {dag.py:4180} INFO - Setting next_dagrun for conditional_dataset_and_time_based_timetable to 2025-04-16 01:00:00+00:00, run_after=2025-04-16 01:00:00+00:00
[2025-04-21T00:39:55.233-0300] {logging_mixin.py:190} INFO - [2025-04-21T00:39:55.233-0300] {dag.py:4180} INFO - Setting next_dagrun for consume_1_and_2_with_dataset_expressions to None, run_after=None
[2025-04-21T00:39:55.233-0300] {logging_mixin.py:190} INFO - [2025-04-21T00:39:55.233-0300] {dag.py:4180} INFO - Setting next_dagrun for consume_1_or_2_with_dataset_expressions to None, run_after=None
[2025-04-21T00:39:55.234-0300] {logging_mixin.py:190} INFO - [2025-04-21T00:39:55.234-0300] {dag.py:4180} INFO - Setting next_dagrun for consume_1_or_both_2_and_3_with_dataset_expressions to None, run_after=None
[2025-04-21T00:39:55.234-0300] {logging_mixin.py:190} INFO - [2025-04-21T00:39:55.234-0300] {dag.py:4180} INFO - Setting next_dagrun for dataset_consumes_1 to None, run_after=None
[2025-04-21T00:39:55.235-0300] {logging_mixin.py:190} INFO - [2025-04-21T00:39:55.235-0300] {dag.py:4180} INFO - Setting next_dagrun for dataset_consumes_1_and_2 to None, run_after=None
[2025-04-21T00:39:55.236-0300] {logging_mixin.py:190} INFO - [2025-04-21T00:39:55.235-0300] {dag.py:4180} INFO - Setting next_dagrun for dataset_consumes_1_never_scheduled to None, run_after=None
[2025-04-21T00:39:55.236-0300] {logging_mixin.py:190} INFO - [2025-04-21T00:39:55.236-0300] {dag.py:4180} INFO - Setting next_dagrun for dataset_consumes_unknown_never_scheduled to None, run_after=None
[2025-04-21T00:39:55.238-0300] {logging_mixin.py:190} INFO - [2025-04-21T00:39:55.238-0300] {dag.py:4180} INFO - Setting next_dagrun for dataset_produces_1 to 2025-04-20 00:00:00+00:00, run_after=2025-04-21 00:00:00+00:00
[2025-04-21T00:39:55.239-0300] {logging_mixin.py:190} INFO - [2025-04-21T00:39:55.239-0300] {dag.py:4180} INFO - Setting next_dagrun for dataset_produces_2 to None, run_after=None
[2025-04-21T00:39:55.329-0300] {processor.py:208} INFO - Processing /home/lenovo/miniconda3/envs/worker/lib/python3.12/site-packages/airflow/example_dags/example_datasets.py took 1.952 seconds
[2025-04-21T00:41:13.607-0300] {processor.py:186} INFO - Started process (PID=15758) to work on /home/lenovo/miniconda3/envs/worker/lib/python3.12/site-packages/airflow/example_dags/example_datasets.py
[2025-04-21T00:41:13.610-0300] {processor.py:914} INFO - Processing file /home/lenovo/miniconda3/envs/worker/lib/python3.12/site-packages/airflow/example_dags/example_datasets.py for tasks to queue
[2025-04-21T00:41:13.613-0300] {logging_mixin.py:190} INFO - [2025-04-21T00:41:13.613-0300] {dagbag.py:588} INFO - Filling up the DagBag from /home/lenovo/miniconda3/envs/worker/lib/python3.12/site-packages/airflow/example_dags/example_datasets.py
[2025-04-21T00:41:13.637-0300] {processor.py:925} INFO - DAG(s) 'consume_1_and_2_with_dataset_expressions', 'conditional_dataset_and_time_based_timetable', 'dataset_produces_1', 'dataset_consumes_1_and_2', 'consume_1_or_2_with_dataset_expressions', 'consume_1_or_both_2_and_3_with_dataset_expressions', 'dataset_produces_2', 'dataset_consumes_1', 'dataset_consumes_1_never_scheduled', 'dataset_consumes_unknown_never_scheduled' retrieved from /home/lenovo/miniconda3/envs/worker/lib/python3.12/site-packages/airflow/example_dags/example_datasets.py
[2025-04-21T00:41:13.692-0300] {logging_mixin.py:190} INFO - [2025-04-21T00:41:13.691-0300] {dag.py:3239} INFO - Sync 10 DAGs
[2025-04-21T00:41:13.724-0300] {logging_mixin.py:190} INFO - [2025-04-21T00:41:13.723-0300] {dag.py:4180} INFO - Setting next_dagrun for conditional_dataset_and_time_based_timetable to 2025-04-16 01:00:00+00:00, run_after=2025-04-16 01:00:00+00:00
[2025-04-21T00:41:13.728-0300] {logging_mixin.py:190} INFO - [2025-04-21T00:41:13.728-0300] {dag.py:4180} INFO - Setting next_dagrun for consume_1_and_2_with_dataset_expressions to None, run_after=None
[2025-04-21T00:41:13.730-0300] {logging_mixin.py:190} INFO - [2025-04-21T00:41:13.730-0300] {dag.py:4180} INFO - Setting next_dagrun for consume_1_or_2_with_dataset_expressions to None, run_after=None
[2025-04-21T00:41:13.731-0300] {logging_mixin.py:190} INFO - [2025-04-21T00:41:13.731-0300] {dag.py:4180} INFO - Setting next_dagrun for consume_1_or_both_2_and_3_with_dataset_expressions to None, run_after=None
[2025-04-21T00:41:13.732-0300] {logging_mixin.py:190} INFO - [2025-04-21T00:41:13.732-0300] {dag.py:4180} INFO - Setting next_dagrun for dataset_consumes_1 to None, run_after=None
[2025-04-21T00:41:13.733-0300] {logging_mixin.py:190} INFO - [2025-04-21T00:41:13.733-0300] {dag.py:4180} INFO - Setting next_dagrun for dataset_consumes_1_and_2 to None, run_after=None
[2025-04-21T00:41:13.734-0300] {logging_mixin.py:190} INFO - [2025-04-21T00:41:13.734-0300] {dag.py:4180} INFO - Setting next_dagrun for dataset_consumes_1_never_scheduled to None, run_after=None
[2025-04-21T00:41:13.735-0300] {logging_mixin.py:190} INFO - [2025-04-21T00:41:13.735-0300] {dag.py:4180} INFO - Setting next_dagrun for dataset_consumes_unknown_never_scheduled to None, run_after=None
[2025-04-21T00:41:13.738-0300] {logging_mixin.py:190} INFO - [2025-04-21T00:41:13.738-0300] {dag.py:4180} INFO - Setting next_dagrun for dataset_produces_1 to 2025-04-20 00:00:00+00:00, run_after=2025-04-21 00:00:00+00:00
[2025-04-21T00:41:13.739-0300] {logging_mixin.py:190} INFO - [2025-04-21T00:41:13.739-0300] {dag.py:4180} INFO - Setting next_dagrun for dataset_produces_2 to None, run_after=None
[2025-04-21T00:41:13.787-0300] {processor.py:208} INFO - Processing /home/lenovo/miniconda3/envs/worker/lib/python3.12/site-packages/airflow/example_dags/example_datasets.py took 0.187 seconds
[2025-04-21T00:42:42.195-0300] {processor.py:186} INFO - Started process (PID=440) to work on /home/lenovo/miniconda3/envs/worker/lib/python3.12/site-packages/airflow/example_dags/example_datasets.py
[2025-04-21T00:42:42.196-0300] {processor.py:914} INFO - Processing file /home/lenovo/miniconda3/envs/worker/lib/python3.12/site-packages/airflow/example_dags/example_datasets.py for tasks to queue
[2025-04-21T00:42:42.199-0300] {logging_mixin.py:190} INFO - [2025-04-21T00:42:42.198-0300] {dagbag.py:588} INFO - Filling up the DagBag from /home/lenovo/miniconda3/envs/worker/lib/python3.12/site-packages/airflow/example_dags/example_datasets.py
[2025-04-21T00:42:42.226-0300] {processor.py:925} INFO - DAG(s) 'conditional_dataset_and_time_based_timetable', 'dataset_consumes_1', 'dataset_consumes_unknown_never_scheduled', 'dataset_consumes_1_never_scheduled', 'consume_1_or_both_2_and_3_with_dataset_expressions', 'dataset_produces_1', 'consume_1_or_2_with_dataset_expressions', 'dataset_consumes_1_and_2', 'consume_1_and_2_with_dataset_expressions', 'dataset_produces_2' retrieved from /home/lenovo/miniconda3/envs/worker/lib/python3.12/site-packages/airflow/example_dags/example_datasets.py
[2025-04-21T00:42:42.286-0300] {logging_mixin.py:190} INFO - [2025-04-21T00:42:42.286-0300] {dag.py:3239} INFO - Sync 10 DAGs
[2025-04-21T00:42:42.316-0300] {logging_mixin.py:190} INFO - [2025-04-21T00:42:42.316-0300] {dag.py:4180} INFO - Setting next_dagrun for conditional_dataset_and_time_based_timetable to 2025-04-16 01:00:00+00:00, run_after=2025-04-16 01:00:00+00:00
[2025-04-21T00:42:42.320-0300] {logging_mixin.py:190} INFO - [2025-04-21T00:42:42.320-0300] {dag.py:4180} INFO - Setting next_dagrun for consume_1_and_2_with_dataset_expressions to None, run_after=None
[2025-04-21T00:42:42.322-0300] {logging_mixin.py:190} INFO - [2025-04-21T00:42:42.321-0300] {dag.py:4180} INFO - Setting next_dagrun for consume_1_or_2_with_dataset_expressions to None, run_after=None
[2025-04-21T00:42:42.322-0300] {logging_mixin.py:190} INFO - [2025-04-21T00:42:42.322-0300] {dag.py:4180} INFO - Setting next_dagrun for consume_1_or_both_2_and_3_with_dataset_expressions to None, run_after=None
[2025-04-21T00:42:42.324-0300] {logging_mixin.py:190} INFO - [2025-04-21T00:42:42.323-0300] {dag.py:4180} INFO - Setting next_dagrun for dataset_consumes_1 to None, run_after=None
[2025-04-21T00:42:42.324-0300] {logging_mixin.py:190} INFO - [2025-04-21T00:42:42.324-0300] {dag.py:4180} INFO - Setting next_dagrun for dataset_consumes_1_and_2 to None, run_after=None
[2025-04-21T00:42:42.326-0300] {logging_mixin.py:190} INFO - [2025-04-21T00:42:42.325-0300] {dag.py:4180} INFO - Setting next_dagrun for dataset_consumes_1_never_scheduled to None, run_after=None
[2025-04-21T00:42:42.326-0300] {logging_mixin.py:190} INFO - [2025-04-21T00:42:42.326-0300] {dag.py:4180} INFO - Setting next_dagrun for dataset_consumes_unknown_never_scheduled to None, run_after=None
[2025-04-21T00:42:42.329-0300] {logging_mixin.py:190} INFO - [2025-04-21T00:42:42.329-0300] {dag.py:4180} INFO - Setting next_dagrun for dataset_produces_1 to 2025-04-20 00:00:00+00:00, run_after=2025-04-21 00:00:00+00:00
[2025-04-21T00:42:42.330-0300] {logging_mixin.py:190} INFO - [2025-04-21T00:42:42.330-0300] {dag.py:4180} INFO - Setting next_dagrun for dataset_produces_2 to None, run_after=None
[2025-04-21T00:42:42.392-0300] {processor.py:208} INFO - Processing /home/lenovo/miniconda3/envs/worker/lib/python3.12/site-packages/airflow/example_dags/example_datasets.py took 0.204 seconds
[2025-04-21T00:43:47.741-0300] {processor.py:186} INFO - Started process (PID=497) to work on /home/lenovo/miniconda3/envs/worker/lib/python3.12/site-packages/airflow/example_dags/example_datasets.py
[2025-04-21T00:43:47.763-0300] {processor.py:914} INFO - Processing file /home/lenovo/miniconda3/envs/worker/lib/python3.12/site-packages/airflow/example_dags/example_datasets.py for tasks to queue
[2025-04-21T00:43:47.766-0300] {logging_mixin.py:190} INFO - [2025-04-21T00:43:47.765-0300] {dagbag.py:588} INFO - Filling up the DagBag from /home/lenovo/miniconda3/envs/worker/lib/python3.12/site-packages/airflow/example_dags/example_datasets.py
[2025-04-21T00:43:47.798-0300] {processor.py:925} INFO - DAG(s) 'dataset_produces_2', 'consume_1_or_2_with_dataset_expressions', 'conditional_dataset_and_time_based_timetable', 'consume_1_and_2_with_dataset_expressions', 'dataset_consumes_1', 'dataset_consumes_1_and_2', 'dataset_produces_1', 'dataset_consumes_unknown_never_scheduled', 'dataset_consumes_1_never_scheduled', 'consume_1_or_both_2_and_3_with_dataset_expressions' retrieved from /home/lenovo/miniconda3/envs/worker/lib/python3.12/site-packages/airflow/example_dags/example_datasets.py
[2025-04-21T00:43:47.858-0300] {logging_mixin.py:190} INFO - [2025-04-21T00:43:47.857-0300] {dag.py:3239} INFO - Sync 10 DAGs
[2025-04-21T00:43:47.901-0300] {logging_mixin.py:190} INFO - [2025-04-21T00:43:47.901-0300] {dag.py:4180} INFO - Setting next_dagrun for conditional_dataset_and_time_based_timetable to 2025-04-16 01:00:00+00:00, run_after=2025-04-16 01:00:00+00:00
[2025-04-21T00:43:47.908-0300] {logging_mixin.py:190} INFO - [2025-04-21T00:43:47.907-0300] {dag.py:4180} INFO - Setting next_dagrun for consume_1_and_2_with_dataset_expressions to None, run_after=None
[2025-04-21T00:43:47.909-0300] {logging_mixin.py:190} INFO - [2025-04-21T00:43:47.909-0300] {dag.py:4180} INFO - Setting next_dagrun for consume_1_or_2_with_dataset_expressions to None, run_after=None
[2025-04-21T00:43:47.911-0300] {logging_mixin.py:190} INFO - [2025-04-21T00:43:47.911-0300] {dag.py:4180} INFO - Setting next_dagrun for consume_1_or_both_2_and_3_with_dataset_expressions to None, run_after=None
[2025-04-21T00:43:47.912-0300] {logging_mixin.py:190} INFO - [2025-04-21T00:43:47.912-0300] {dag.py:4180} INFO - Setting next_dagrun for dataset_consumes_1 to None, run_after=None
[2025-04-21T00:43:47.913-0300] {logging_mixin.py:190} INFO - [2025-04-21T00:43:47.913-0300] {dag.py:4180} INFO - Setting next_dagrun for dataset_consumes_1_and_2 to None, run_after=None
[2025-04-21T00:43:47.914-0300] {logging_mixin.py:190} INFO - [2025-04-21T00:43:47.914-0300] {dag.py:4180} INFO - Setting next_dagrun for dataset_consumes_1_never_scheduled to None, run_after=None
[2025-04-21T00:43:47.915-0300] {logging_mixin.py:190} INFO - [2025-04-21T00:43:47.915-0300] {dag.py:4180} INFO - Setting next_dagrun for dataset_consumes_unknown_never_scheduled to None, run_after=None
[2025-04-21T00:43:47.918-0300] {logging_mixin.py:190} INFO - [2025-04-21T00:43:47.918-0300] {dag.py:4180} INFO - Setting next_dagrun for dataset_produces_1 to 2025-04-20 00:00:00+00:00, run_after=2025-04-21 00:00:00+00:00
[2025-04-21T00:43:47.920-0300] {logging_mixin.py:190} INFO - [2025-04-21T00:43:47.919-0300] {dag.py:4180} INFO - Setting next_dagrun for dataset_produces_2 to None, run_after=None
[2025-04-21T00:43:47.995-0300] {processor.py:208} INFO - Processing /home/lenovo/miniconda3/envs/worker/lib/python3.12/site-packages/airflow/example_dags/example_datasets.py took 0.262 seconds
[2025-04-21T00:44:59.407-0300] {processor.py:186} INFO - Started process (PID=624) to work on /home/lenovo/miniconda3/envs/worker/lib/python3.12/site-packages/airflow/example_dags/example_datasets.py
[2025-04-21T00:44:59.422-0300] {processor.py:914} INFO - Processing file /home/lenovo/miniconda3/envs/worker/lib/python3.12/site-packages/airflow/example_dags/example_datasets.py for tasks to queue
[2025-04-21T00:44:59.426-0300] {logging_mixin.py:190} INFO - [2025-04-21T00:44:59.425-0300] {dagbag.py:588} INFO - Filling up the DagBag from /home/lenovo/miniconda3/envs/worker/lib/python3.12/site-packages/airflow/example_dags/example_datasets.py
[2025-04-21T00:44:59.464-0300] {processor.py:925} INFO - DAG(s) 'consume_1_or_2_with_dataset_expressions', 'conditional_dataset_and_time_based_timetable', 'dataset_consumes_unknown_never_scheduled', 'consume_1_or_both_2_and_3_with_dataset_expressions', 'dataset_produces_2', 'dataset_produces_1', 'dataset_consumes_1_never_scheduled', 'dataset_consumes_1', 'consume_1_and_2_with_dataset_expressions', 'dataset_consumes_1_and_2' retrieved from /home/lenovo/miniconda3/envs/worker/lib/python3.12/site-packages/airflow/example_dags/example_datasets.py
[2025-04-21T00:44:59.541-0300] {logging_mixin.py:190} INFO - [2025-04-21T00:44:59.540-0300] {dag.py:3239} INFO - Sync 10 DAGs
[2025-04-21T00:44:59.581-0300] {logging_mixin.py:190} INFO - [2025-04-21T00:44:59.580-0300] {dag.py:4180} INFO - Setting next_dagrun for conditional_dataset_and_time_based_timetable to 2025-04-16 01:00:00+00:00, run_after=2025-04-16 01:00:00+00:00
[2025-04-21T00:44:59.587-0300] {logging_mixin.py:190} INFO - [2025-04-21T00:44:59.587-0300] {dag.py:4180} INFO - Setting next_dagrun for consume_1_and_2_with_dataset_expressions to None, run_after=None
[2025-04-21T00:44:59.589-0300] {logging_mixin.py:190} INFO - [2025-04-21T00:44:59.589-0300] {dag.py:4180} INFO - Setting next_dagrun for consume_1_or_2_with_dataset_expressions to None, run_after=None
[2025-04-21T00:44:59.591-0300] {logging_mixin.py:190} INFO - [2025-04-21T00:44:59.590-0300] {dag.py:4180} INFO - Setting next_dagrun for consume_1_or_both_2_and_3_with_dataset_expressions to None, run_after=None
[2025-04-21T00:44:59.592-0300] {logging_mixin.py:190} INFO - [2025-04-21T00:44:59.592-0300] {dag.py:4180} INFO - Setting next_dagrun for dataset_consumes_1 to None, run_after=None
[2025-04-21T00:44:59.594-0300] {logging_mixin.py:190} INFO - [2025-04-21T00:44:59.594-0300] {dag.py:4180} INFO - Setting next_dagrun for dataset_consumes_1_and_2 to None, run_after=None
[2025-04-21T00:44:59.596-0300] {logging_mixin.py:190} INFO - [2025-04-21T00:44:59.595-0300] {dag.py:4180} INFO - Setting next_dagrun for dataset_consumes_1_never_scheduled to None, run_after=None
[2025-04-21T00:44:59.598-0300] {logging_mixin.py:190} INFO - [2025-04-21T00:44:59.597-0300] {dag.py:4180} INFO - Setting next_dagrun for dataset_consumes_unknown_never_scheduled to None, run_after=None
[2025-04-21T00:44:59.602-0300] {logging_mixin.py:190} INFO - [2025-04-21T00:44:59.601-0300] {dag.py:4180} INFO - Setting next_dagrun for dataset_produces_1 to 2025-04-20 00:00:00+00:00, run_after=2025-04-21 00:00:00+00:00
[2025-04-21T00:44:59.604-0300] {logging_mixin.py:190} INFO - [2025-04-21T00:44:59.603-0300] {dag.py:4180} INFO - Setting next_dagrun for dataset_produces_2 to None, run_after=None
[2025-04-21T00:44:59.682-0300] {processor.py:208} INFO - Processing /home/lenovo/miniconda3/envs/worker/lib/python3.12/site-packages/airflow/example_dags/example_datasets.py took 0.295 seconds
[2025-04-21T00:46:11.307-0300] {processor.py:186} INFO - Started process (PID=705) to work on /home/lenovo/miniconda3/envs/worker/lib/python3.12/site-packages/airflow/example_dags/example_datasets.py
[2025-04-21T00:46:11.310-0300] {processor.py:914} INFO - Processing file /home/lenovo/miniconda3/envs/worker/lib/python3.12/site-packages/airflow/example_dags/example_datasets.py for tasks to queue
[2025-04-21T00:46:11.313-0300] {logging_mixin.py:190} INFO - [2025-04-21T00:46:11.313-0300] {dagbag.py:588} INFO - Filling up the DagBag from /home/lenovo/miniconda3/envs/worker/lib/python3.12/site-packages/airflow/example_dags/example_datasets.py
[2025-04-21T00:46:11.337-0300] {processor.py:925} INFO - DAG(s) 'conditional_dataset_and_time_based_timetable', 'dataset_consumes_1', 'dataset_consumes_1_never_scheduled', 'dataset_consumes_1_and_2', 'dataset_consumes_unknown_never_scheduled', 'dataset_produces_1', 'dataset_produces_2', 'consume_1_or_both_2_and_3_with_dataset_expressions', 'consume_1_or_2_with_dataset_expressions', 'consume_1_and_2_with_dataset_expressions' retrieved from /home/lenovo/miniconda3/envs/worker/lib/python3.12/site-packages/airflow/example_dags/example_datasets.py
[2025-04-21T00:46:11.389-0300] {logging_mixin.py:190} INFO - [2025-04-21T00:46:11.388-0300] {dag.py:3239} INFO - Sync 10 DAGs
[2025-04-21T00:46:11.427-0300] {logging_mixin.py:190} INFO - [2025-04-21T00:46:11.427-0300] {dag.py:4180} INFO - Setting next_dagrun for conditional_dataset_and_time_based_timetable to 2025-04-16 01:00:00+00:00, run_after=2025-04-16 01:00:00+00:00
[2025-04-21T00:46:11.433-0300] {logging_mixin.py:190} INFO - [2025-04-21T00:46:11.433-0300] {dag.py:4180} INFO - Setting next_dagrun for consume_1_and_2_with_dataset_expressions to None, run_after=None
[2025-04-21T00:46:11.435-0300] {logging_mixin.py:190} INFO - [2025-04-21T00:46:11.435-0300] {dag.py:4180} INFO - Setting next_dagrun for consume_1_or_2_with_dataset_expressions to None, run_after=None
[2025-04-21T00:46:11.436-0300] {logging_mixin.py:190} INFO - [2025-04-21T00:46:11.436-0300] {dag.py:4180} INFO - Setting next_dagrun for consume_1_or_both_2_and_3_with_dataset_expressions to None, run_after=None
[2025-04-21T00:46:11.438-0300] {logging_mixin.py:190} INFO - [2025-04-21T00:46:11.437-0300] {dag.py:4180} INFO - Setting next_dagrun for dataset_consumes_1 to None, run_after=None
[2025-04-21T00:46:11.439-0300] {logging_mixin.py:190} INFO - [2025-04-21T00:46:11.439-0300] {dag.py:4180} INFO - Setting next_dagrun for dataset_consumes_1_and_2 to None, run_after=None
[2025-04-21T00:46:11.440-0300] {logging_mixin.py:190} INFO - [2025-04-21T00:46:11.440-0300] {dag.py:4180} INFO - Setting next_dagrun for dataset_consumes_1_never_scheduled to None, run_after=None
[2025-04-21T00:46:11.441-0300] {logging_mixin.py:190} INFO - [2025-04-21T00:46:11.441-0300] {dag.py:4180} INFO - Setting next_dagrun for dataset_consumes_unknown_never_scheduled to None, run_after=None
[2025-04-21T00:46:11.446-0300] {logging_mixin.py:190} INFO - [2025-04-21T00:46:11.445-0300] {dag.py:4180} INFO - Setting next_dagrun for dataset_produces_1 to 2025-04-20 00:00:00+00:00, run_after=2025-04-21 00:00:00+00:00
[2025-04-21T00:46:11.448-0300] {logging_mixin.py:190} INFO - [2025-04-21T00:46:11.448-0300] {dag.py:4180} INFO - Setting next_dagrun for dataset_produces_2 to None, run_after=None
[2025-04-21T00:46:11.525-0300] {processor.py:208} INFO - Processing /home/lenovo/miniconda3/envs/worker/lib/python3.12/site-packages/airflow/example_dags/example_datasets.py took 0.226 seconds
