[2025-04-21T00:40:17.935-0300] {processor.py:186} INFO - Started process (PID=15688) to work on /home/lenovo/miniconda3/envs/worker/lib/python3.12/site-packages/airflow/example_dags/example_branch_labels.py
[2025-04-21T00:40:17.936-0300] {processor.py:914} INFO - Processing file /home/lenovo/miniconda3/envs/worker/lib/python3.12/site-packages/airflow/example_dags/example_branch_labels.py for tasks to queue
[2025-04-21T00:40:17.940-0300] {logging_mixin.py:190} INFO - [2025-04-21T00:40:17.939-0300] {dagbag.py:588} INFO - Filling up the DagBag from /home/lenovo/miniconda3/envs/worker/lib/python3.12/site-packages/airflow/example_dags/example_branch_labels.py
[2025-04-21T00:40:17.953-0300] {processor.py:925} INFO - DAG(s) 'example_branch_labels' retrieved from /home/lenovo/miniconda3/envs/worker/lib/python3.12/site-packages/airflow/example_dags/example_branch_labels.py
[2025-04-21T00:40:18.122-0300] {logging_mixin.py:190} INFO - [2025-04-21T00:40:18.121-0300] {override.py:1911} INFO - Created Permission View: can read on DAG:example_branch_labels
[2025-04-21T00:40:18.202-0300] {logging_mixin.py:190} INFO - [2025-04-21T00:40:18.201-0300] {override.py:1911} INFO - Created Permission View: can delete on DAG:example_branch_labels
[2025-04-21T00:40:18.218-0300] {logging_mixin.py:190} INFO - [2025-04-21T00:40:18.218-0300] {override.py:1911} INFO - Created Permission View: can edit on DAG:example_branch_labels
[2025-04-21T00:40:18.244-0300] {logging_mixin.py:190} INFO - [2025-04-21T00:40:18.243-0300] {override.py:1911} INFO - Created Permission View: can read on DAG Run:example_branch_labels
[2025-04-21T00:40:18.260-0300] {logging_mixin.py:190} INFO - [2025-04-21T00:40:18.260-0300] {override.py:1911} INFO - Created Permission View: can delete on DAG Run:example_branch_labels
[2025-04-21T00:40:18.276-0300] {logging_mixin.py:190} INFO - [2025-04-21T00:40:18.275-0300] {override.py:1911} INFO - Created Permission View: can create on DAG Run:example_branch_labels
[2025-04-21T00:40:18.293-0300] {logging_mixin.py:190} INFO - [2025-04-21T00:40:18.292-0300] {override.py:1911} INFO - Created Permission View: menu access on DAG Run:example_branch_labels
[2025-04-21T00:40:18.294-0300] {logging_mixin.py:190} INFO - [2025-04-21T00:40:18.293-0300] {dag.py:3239} INFO - Sync 1 DAGs
[2025-04-21T00:40:18.311-0300] {logging_mixin.py:190} INFO - [2025-04-21T00:40:18.310-0300] {dag.py:3262} INFO - Creating ORM DAG for example_branch_labels
[2025-04-21T00:40:18.326-0300] {logging_mixin.py:190} INFO - [2025-04-21T00:40:18.326-0300] {dag.py:4180} INFO - Setting next_dagrun for example_branch_labels to 2025-04-20 00:00:00+00:00, run_after=2025-04-21 00:00:00+00:00
[2025-04-21T00:40:18.363-0300] {processor.py:208} INFO - Processing /home/lenovo/miniconda3/envs/worker/lib/python3.12/site-packages/airflow/example_dags/example_branch_labels.py took 0.435 seconds
[2025-04-21T00:43:00.972-0300] {processor.py:186} INFO - Started process (PID=455) to work on /home/lenovo/miniconda3/envs/worker/lib/python3.12/site-packages/airflow/example_dags/example_branch_labels.py
[2025-04-21T00:43:00.997-0300] {processor.py:914} INFO - Processing file /home/lenovo/miniconda3/envs/worker/lib/python3.12/site-packages/airflow/example_dags/example_branch_labels.py for tasks to queue
[2025-04-21T00:43:01.001-0300] {logging_mixin.py:190} INFO - [2025-04-21T00:43:01.000-0300] {dagbag.py:588} INFO - Filling up the DagBag from /home/lenovo/miniconda3/envs/worker/lib/python3.12/site-packages/airflow/example_dags/example_branch_labels.py
[2025-04-21T00:43:01.017-0300] {processor.py:925} INFO - DAG(s) 'example_branch_labels' retrieved from /home/lenovo/miniconda3/envs/worker/lib/python3.12/site-packages/airflow/example_dags/example_branch_labels.py
[2025-04-21T00:43:01.047-0300] {logging_mixin.py:190} INFO - [2025-04-21T00:43:01.046-0300] {dag.py:3239} INFO - Sync 1 DAGs
[2025-04-21T00:43:01.084-0300] {logging_mixin.py:190} INFO - [2025-04-21T00:43:01.084-0300] {dag.py:4180} INFO - Setting next_dagrun for example_branch_labels to 2025-04-20 00:00:00+00:00, run_after=2025-04-21 00:00:00+00:00
[2025-04-21T00:43:01.129-0300] {processor.py:208} INFO - Processing /home/lenovo/miniconda3/envs/worker/lib/python3.12/site-packages/airflow/example_dags/example_branch_labels.py took 0.165 seconds
[2025-04-21T00:44:03.669-0300] {processor.py:186} INFO - Started process (PID=553) to work on /home/lenovo/miniconda3/envs/worker/lib/python3.12/site-packages/airflow/example_dags/example_branch_labels.py
[2025-04-21T00:44:03.691-0300] {processor.py:914} INFO - Processing file /home/lenovo/miniconda3/envs/worker/lib/python3.12/site-packages/airflow/example_dags/example_branch_labels.py for tasks to queue
[2025-04-21T00:44:03.694-0300] {logging_mixin.py:190} INFO - [2025-04-21T00:44:03.693-0300] {dagbag.py:588} INFO - Filling up the DagBag from /home/lenovo/miniconda3/envs/worker/lib/python3.12/site-packages/airflow/example_dags/example_branch_labels.py
[2025-04-21T00:44:03.706-0300] {processor.py:925} INFO - DAG(s) 'example_branch_labels' retrieved from /home/lenovo/miniconda3/envs/worker/lib/python3.12/site-packages/airflow/example_dags/example_branch_labels.py
[2025-04-21T00:44:03.732-0300] {logging_mixin.py:190} INFO - [2025-04-21T00:44:03.731-0300] {dag.py:3239} INFO - Sync 1 DAGs
[2025-04-21T00:44:03.762-0300] {logging_mixin.py:190} INFO - [2025-04-21T00:44:03.762-0300] {dag.py:4180} INFO - Setting next_dagrun for example_branch_labels to 2025-04-20 00:00:00+00:00, run_after=2025-04-21 00:00:00+00:00
[2025-04-21T00:44:03.800-0300] {processor.py:208} INFO - Processing /home/lenovo/miniconda3/envs/worker/lib/python3.12/site-packages/airflow/example_dags/example_branch_labels.py took 0.137 seconds
[2025-04-21T00:45:18.177-0300] {processor.py:186} INFO - Started process (PID=651) to work on /home/lenovo/miniconda3/envs/worker/lib/python3.12/site-packages/airflow/example_dags/example_branch_labels.py
[2025-04-21T00:45:18.200-0300] {processor.py:914} INFO - Processing file /home/lenovo/miniconda3/envs/worker/lib/python3.12/site-packages/airflow/example_dags/example_branch_labels.py for tasks to queue
[2025-04-21T00:45:18.203-0300] {logging_mixin.py:190} INFO - [2025-04-21T00:45:18.202-0300] {dagbag.py:588} INFO - Filling up the DagBag from /home/lenovo/miniconda3/envs/worker/lib/python3.12/site-packages/airflow/example_dags/example_branch_labels.py
[2025-04-21T00:45:18.219-0300] {processor.py:925} INFO - DAG(s) 'example_branch_labels' retrieved from /home/lenovo/miniconda3/envs/worker/lib/python3.12/site-packages/airflow/example_dags/example_branch_labels.py
[2025-04-21T00:45:18.244-0300] {logging_mixin.py:190} INFO - [2025-04-21T00:45:18.243-0300] {dag.py:3239} INFO - Sync 1 DAGs
[2025-04-21T00:45:18.275-0300] {logging_mixin.py:190} INFO - [2025-04-21T00:45:18.275-0300] {dag.py:4180} INFO - Setting next_dagrun for example_branch_labels to 2025-04-20 00:00:00+00:00, run_after=2025-04-21 00:00:00+00:00
[2025-04-21T00:45:18.312-0300] {processor.py:208} INFO - Processing /home/lenovo/miniconda3/envs/worker/lib/python3.12/site-packages/airflow/example_dags/example_branch_labels.py took 0.143 seconds
