[2025-04-21T00:40:31.555-0300] {processor.py:186} INFO - Started process (PID=15720) to work on /home/lenovo/miniconda3/envs/worker/lib/python3.12/site-packages/airflow/example_dags/example_workday_timetable.py
[2025-04-21T00:40:31.555-0300] {processor.py:914} INFO - Processing file /home/lenovo/miniconda3/envs/worker/lib/python3.12/site-packages/airflow/example_dags/example_workday_timetable.py for tasks to queue
[2025-04-21T00:40:31.557-0300] {logging_mixin.py:190} INFO - [2025-04-21T00:40:31.557-0300] {dagbag.py:588} INFO - Filling up the DagBag from /home/lenovo/miniconda3/envs/worker/lib/python3.12/site-packages/airflow/example_dags/example_workday_timetable.py
[2025-04-21T00:40:31.565-0300] {processor.py:925} INFO - DAG(s) 'example_workday_timetable' retrieved from /home/lenovo/miniconda3/envs/worker/lib/python3.12/site-packages/airflow/example_dags/example_workday_timetable.py
[2025-04-21T00:40:31.722-0300] {logging_mixin.py:190} INFO - [2025-04-21T00:40:31.722-0300] {override.py:1911} INFO - Created Permission View: can read on DAG:example_workday_timetable
[2025-04-21T00:40:31.743-0300] {logging_mixin.py:190} INFO - [2025-04-21T00:40:31.742-0300] {override.py:1911} INFO - Created Permission View: can delete on DAG:example_workday_timetable
[2025-04-21T00:40:31.758-0300] {logging_mixin.py:190} INFO - [2025-04-21T00:40:31.758-0300] {override.py:1911} INFO - Created Permission View: can edit on DAG:example_workday_timetable
[2025-04-21T00:40:31.784-0300] {logging_mixin.py:190} INFO - [2025-04-21T00:40:31.783-0300] {override.py:1911} INFO - Created Permission View: can read on DAG Run:example_workday_timetable
[2025-04-21T00:40:31.799-0300] {logging_mixin.py:190} INFO - [2025-04-21T00:40:31.799-0300] {override.py:1911} INFO - Created Permission View: can delete on DAG Run:example_workday_timetable
[2025-04-21T00:40:31.817-0300] {logging_mixin.py:190} INFO - [2025-04-21T00:40:31.816-0300] {override.py:1911} INFO - Created Permission View: can create on DAG Run:example_workday_timetable
[2025-04-21T00:40:31.832-0300] {logging_mixin.py:190} INFO - [2025-04-21T00:40:31.831-0300] {override.py:1911} INFO - Created Permission View: menu access on DAG Run:example_workday_timetable
[2025-04-21T00:40:31.832-0300] {logging_mixin.py:190} INFO - [2025-04-21T00:40:31.832-0300] {dag.py:3239} INFO - Sync 1 DAGs
[2025-04-21T00:40:31.849-0300] {logging_mixin.py:190} INFO - [2025-04-21T00:40:31.848-0300] {dag.py:3262} INFO - Creating ORM DAG for example_workday_timetable
[2025-04-21T00:40:31.913-0300] {logging_mixin.py:190} INFO - [2025-04-21T00:40:31.913-0300] {dag.py:4180} INFO - Setting next_dagrun for example_workday_timetable to 2021-01-04 00:00:00+00:00, run_after=2021-01-05 00:00:00+00:00
[2025-04-21T00:40:31.949-0300] {processor.py:208} INFO - Processing /home/lenovo/miniconda3/envs/worker/lib/python3.12/site-packages/airflow/example_dags/example_workday_timetable.py took 0.400 seconds
[2025-04-21T00:43:12.230-0300] {processor.py:186} INFO - Started process (PID=466) to work on /home/lenovo/miniconda3/envs/worker/lib/python3.12/site-packages/airflow/example_dags/example_workday_timetable.py
[2025-04-21T00:43:12.252-0300] {processor.py:914} INFO - Processing file /home/lenovo/miniconda3/envs/worker/lib/python3.12/site-packages/airflow/example_dags/example_workday_timetable.py for tasks to queue
[2025-04-21T00:43:12.255-0300] {logging_mixin.py:190} INFO - [2025-04-21T00:43:12.255-0300] {dagbag.py:588} INFO - Filling up the DagBag from /home/lenovo/miniconda3/envs/worker/lib/python3.12/site-packages/airflow/example_dags/example_workday_timetable.py
[2025-04-21T00:43:12.267-0300] {processor.py:925} INFO - DAG(s) 'example_workday_timetable' retrieved from /home/lenovo/miniconda3/envs/worker/lib/python3.12/site-packages/airflow/example_dags/example_workday_timetable.py
[2025-04-21T00:43:12.292-0300] {logging_mixin.py:190} INFO - [2025-04-21T00:43:12.292-0300] {dag.py:3239} INFO - Sync 1 DAGs
[2025-04-21T00:43:12.392-0300] {logging_mixin.py:190} INFO - [2025-04-21T00:43:12.392-0300] {dag.py:4180} INFO - Setting next_dagrun for example_workday_timetable to 2021-01-04 00:00:00+00:00, run_after=2021-01-05 00:00:00+00:00
[2025-04-21T00:43:12.437-0300] {processor.py:208} INFO - Processing /home/lenovo/miniconda3/envs/worker/lib/python3.12/site-packages/airflow/example_dags/example_workday_timetable.py took 0.215 seconds
[2025-04-21T00:44:24.595-0300] {processor.py:186} INFO - Started process (PID=574) to work on /home/lenovo/miniconda3/envs/worker/lib/python3.12/site-packages/airflow/example_dags/example_workday_timetable.py
[2025-04-21T00:44:24.596-0300] {processor.py:914} INFO - Processing file /home/lenovo/miniconda3/envs/worker/lib/python3.12/site-packages/airflow/example_dags/example_workday_timetable.py for tasks to queue
[2025-04-21T00:44:24.599-0300] {logging_mixin.py:190} INFO - [2025-04-21T00:44:24.598-0300] {dagbag.py:588} INFO - Filling up the DagBag from /home/lenovo/miniconda3/envs/worker/lib/python3.12/site-packages/airflow/example_dags/example_workday_timetable.py
[2025-04-21T00:44:24.606-0300] {processor.py:925} INFO - DAG(s) 'example_workday_timetable' retrieved from /home/lenovo/miniconda3/envs/worker/lib/python3.12/site-packages/airflow/example_dags/example_workday_timetable.py
[2025-04-21T00:44:24.626-0300] {logging_mixin.py:190} INFO - [2025-04-21T00:44:24.625-0300] {dag.py:3239} INFO - Sync 1 DAGs
[2025-04-21T00:44:24.696-0300] {logging_mixin.py:190} INFO - [2025-04-21T00:44:24.696-0300] {dag.py:4180} INFO - Setting next_dagrun for example_workday_timetable to 2021-01-04 00:00:00+00:00, run_after=2021-01-05 00:00:00+00:00
[2025-04-21T00:44:24.750-0300] {processor.py:208} INFO - Processing /home/lenovo/miniconda3/envs/worker/lib/python3.12/site-packages/airflow/example_dags/example_workday_timetable.py took 0.161 seconds
[2025-04-21T00:45:37.139-0300] {processor.py:186} INFO - Started process (PID=674) to work on /home/lenovo/miniconda3/envs/worker/lib/python3.12/site-packages/airflow/example_dags/example_workday_timetable.py
[2025-04-21T00:45:37.162-0300] {processor.py:914} INFO - Processing file /home/lenovo/miniconda3/envs/worker/lib/python3.12/site-packages/airflow/example_dags/example_workday_timetable.py for tasks to queue
[2025-04-21T00:45:37.164-0300] {logging_mixin.py:190} INFO - [2025-04-21T00:45:37.164-0300] {dagbag.py:588} INFO - Filling up the DagBag from /home/lenovo/miniconda3/envs/worker/lib/python3.12/site-packages/airflow/example_dags/example_workday_timetable.py
[2025-04-21T00:45:37.173-0300] {processor.py:925} INFO - DAG(s) 'example_workday_timetable' retrieved from /home/lenovo/miniconda3/envs/worker/lib/python3.12/site-packages/airflow/example_dags/example_workday_timetable.py
[2025-04-21T00:45:37.196-0300] {logging_mixin.py:190} INFO - [2025-04-21T00:45:37.196-0300] {dag.py:3239} INFO - Sync 1 DAGs
[2025-04-21T00:45:37.278-0300] {logging_mixin.py:190} INFO - [2025-04-21T00:45:37.278-0300] {dag.py:4180} INFO - Setting next_dagrun for example_workday_timetable to 2021-01-04 00:00:00+00:00, run_after=2021-01-05 00:00:00+00:00
[2025-04-21T00:45:37.335-0300] {processor.py:208} INFO - Processing /home/lenovo/miniconda3/envs/worker/lib/python3.12/site-packages/airflow/example_dags/example_workday_timetable.py took 0.204 seconds
