[2025-04-21T00:39:56.443-0300] {processor.py:186} INFO - Started process (PID=15674) to work on /home/lenovo/miniconda3/envs/worker/lib/python3.12/site-packages/airflow/example_dags/example_bash_operator.py
[2025-04-21T00:39:56.444-0300] {processor.py:914} INFO - Processing file /home/lenovo/miniconda3/envs/worker/lib/python3.12/site-packages/airflow/example_dags/example_bash_operator.py for tasks to queue
[2025-04-21T00:39:56.446-0300] {logging_mixin.py:190} INFO - [2025-04-21T00:39:56.446-0300] {dagbag.py:588} INFO - Filling up the DagBag from /home/lenovo/miniconda3/envs/worker/lib/python3.12/site-packages/airflow/example_dags/example_bash_operator.py
[2025-04-21T00:39:56.470-0300] {processor.py:925} INFO - DAG(s) 'example_bash_operator' retrieved from /home/lenovo/miniconda3/envs/worker/lib/python3.12/site-packages/airflow/example_dags/example_bash_operator.py
[2025-04-21T00:39:56.669-0300] {logging_mixin.py:190} INFO - [2025-04-21T00:39:56.668-0300] {override.py:1911} INFO - Created Permission View: can read on DAG:example_bash_operator
[2025-04-21T00:39:56.746-0300] {logging_mixin.py:190} INFO - [2025-04-21T00:39:56.745-0300] {override.py:1911} INFO - Created Permission View: can delete on DAG:example_bash_operator
[2025-04-21T00:39:56.765-0300] {logging_mixin.py:190} INFO - [2025-04-21T00:39:56.764-0300] {override.py:1911} INFO - Created Permission View: can edit on DAG:example_bash_operator
[2025-04-21T00:39:56.795-0300] {logging_mixin.py:190} INFO - [2025-04-21T00:39:56.794-0300] {override.py:1911} INFO - Created Permission View: can read on DAG Run:example_bash_operator
[2025-04-21T00:39:56.812-0300] {logging_mixin.py:190} INFO - [2025-04-21T00:39:56.811-0300] {override.py:1911} INFO - Created Permission View: can delete on DAG Run:example_bash_operator
[2025-04-21T00:39:56.828-0300] {logging_mixin.py:190} INFO - [2025-04-21T00:39:56.828-0300] {override.py:1911} INFO - Created Permission View: can create on DAG Run:example_bash_operator
[2025-04-21T00:39:56.845-0300] {logging_mixin.py:190} INFO - [2025-04-21T00:39:56.844-0300] {override.py:1911} INFO - Created Permission View: menu access on DAG Run:example_bash_operator
[2025-04-21T00:39:56.845-0300] {logging_mixin.py:190} INFO - [2025-04-21T00:39:56.845-0300] {dag.py:3239} INFO - Sync 1 DAGs
[2025-04-21T00:39:56.862-0300] {logging_mixin.py:190} INFO - [2025-04-21T00:39:56.862-0300] {dag.py:3262} INFO - Creating ORM DAG for example_bash_operator
[2025-04-21T00:39:56.876-0300] {logging_mixin.py:190} INFO - [2025-04-21T00:39:56.876-0300] {dag.py:4180} INFO - Setting next_dagrun for example_bash_operator to 2025-04-20 00:00:00+00:00, run_after=2025-04-21 00:00:00+00:00
[2025-04-21T00:39:56.909-0300] {processor.py:208} INFO - Processing /home/lenovo/miniconda3/envs/worker/lib/python3.12/site-packages/airflow/example_dags/example_bash_operator.py took 0.473 seconds
[2025-04-21T00:41:14.489-0300] {processor.py:186} INFO - Started process (PID=15759) to work on /home/lenovo/miniconda3/envs/worker/lib/python3.12/site-packages/airflow/example_dags/example_bash_operator.py
[2025-04-21T00:41:14.511-0300] {processor.py:914} INFO - Processing file /home/lenovo/miniconda3/envs/worker/lib/python3.12/site-packages/airflow/example_dags/example_bash_operator.py for tasks to queue
[2025-04-21T00:41:14.514-0300] {logging_mixin.py:190} INFO - [2025-04-21T00:41:14.514-0300] {dagbag.py:588} INFO - Filling up the DagBag from /home/lenovo/miniconda3/envs/worker/lib/python3.12/site-packages/airflow/example_dags/example_bash_operator.py
[2025-04-21T00:41:14.534-0300] {processor.py:925} INFO - DAG(s) 'example_bash_operator' retrieved from /home/lenovo/miniconda3/envs/worker/lib/python3.12/site-packages/airflow/example_dags/example_bash_operator.py
[2025-04-21T00:41:14.565-0300] {logging_mixin.py:190} INFO - [2025-04-21T00:41:14.565-0300] {dag.py:3239} INFO - Sync 1 DAGs
[2025-04-21T00:41:14.593-0300] {logging_mixin.py:190} INFO - [2025-04-21T00:41:14.593-0300] {dag.py:4180} INFO - Setting next_dagrun for example_bash_operator to 2025-04-20 00:00:00+00:00, run_after=2025-04-21 00:00:00+00:00
[2025-04-21T00:41:14.629-0300] {processor.py:208} INFO - Processing /home/lenovo/miniconda3/envs/worker/lib/python3.12/site-packages/airflow/example_dags/example_bash_operator.py took 0.146 seconds
[2025-04-21T00:42:43.479-0300] {processor.py:186} INFO - Started process (PID=441) to work on /home/lenovo/miniconda3/envs/worker/lib/python3.12/site-packages/airflow/example_dags/example_bash_operator.py
[2025-04-21T00:42:43.500-0300] {processor.py:914} INFO - Processing file /home/lenovo/miniconda3/envs/worker/lib/python3.12/site-packages/airflow/example_dags/example_bash_operator.py for tasks to queue
[2025-04-21T00:42:43.503-0300] {logging_mixin.py:190} INFO - [2025-04-21T00:42:43.503-0300] {dagbag.py:588} INFO - Filling up the DagBag from /home/lenovo/miniconda3/envs/worker/lib/python3.12/site-packages/airflow/example_dags/example_bash_operator.py
[2025-04-21T00:42:43.527-0300] {processor.py:925} INFO - DAG(s) 'example_bash_operator' retrieved from /home/lenovo/miniconda3/envs/worker/lib/python3.12/site-packages/airflow/example_dags/example_bash_operator.py
[2025-04-21T00:42:43.575-0300] {logging_mixin.py:190} INFO - [2025-04-21T00:42:43.575-0300] {dag.py:3239} INFO - Sync 1 DAGs
[2025-04-21T00:42:43.603-0300] {logging_mixin.py:190} INFO - [2025-04-21T00:42:43.602-0300] {dag.py:4180} INFO - Setting next_dagrun for example_bash_operator to 2025-04-20 00:00:00+00:00, run_after=2025-04-21 00:00:00+00:00
[2025-04-21T00:42:43.654-0300] {processor.py:208} INFO - Processing /home/lenovo/miniconda3/envs/worker/lib/python3.12/site-packages/airflow/example_dags/example_bash_operator.py took 0.182 seconds
[2025-04-21T00:43:48.418-0300] {processor.py:186} INFO - Started process (PID=519) to work on /home/lenovo/miniconda3/envs/worker/lib/python3.12/site-packages/airflow/example_dags/example_bash_operator.py
[2025-04-21T00:43:48.440-0300] {processor.py:914} INFO - Processing file /home/lenovo/miniconda3/envs/worker/lib/python3.12/site-packages/airflow/example_dags/example_bash_operator.py for tasks to queue
[2025-04-21T00:43:48.442-0300] {logging_mixin.py:190} INFO - [2025-04-21T00:43:48.442-0300] {dagbag.py:588} INFO - Filling up the DagBag from /home/lenovo/miniconda3/envs/worker/lib/python3.12/site-packages/airflow/example_dags/example_bash_operator.py
[2025-04-21T00:43:48.460-0300] {processor.py:925} INFO - DAG(s) 'example_bash_operator' retrieved from /home/lenovo/miniconda3/envs/worker/lib/python3.12/site-packages/airflow/example_dags/example_bash_operator.py
[2025-04-21T00:43:48.493-0300] {logging_mixin.py:190} INFO - [2025-04-21T00:43:48.492-0300] {dag.py:3239} INFO - Sync 1 DAGs
[2025-04-21T00:43:48.530-0300] {logging_mixin.py:190} INFO - [2025-04-21T00:43:48.530-0300] {dag.py:4180} INFO - Setting next_dagrun for example_bash_operator to 2025-04-20 00:00:00+00:00, run_after=2025-04-21 00:00:00+00:00
[2025-04-21T00:43:48.584-0300] {processor.py:208} INFO - Processing /home/lenovo/miniconda3/envs/worker/lib/python3.12/site-packages/airflow/example_dags/example_bash_operator.py took 0.171 seconds
[2025-04-21T00:45:00.645-0300] {processor.py:186} INFO - Started process (PID=625) to work on /home/lenovo/miniconda3/envs/worker/lib/python3.12/site-packages/airflow/example_dags/example_bash_operator.py
[2025-04-21T00:45:00.667-0300] {processor.py:914} INFO - Processing file /home/lenovo/miniconda3/envs/worker/lib/python3.12/site-packages/airflow/example_dags/example_bash_operator.py for tasks to queue
[2025-04-21T00:45:00.670-0300] {logging_mixin.py:190} INFO - [2025-04-21T00:45:00.669-0300] {dagbag.py:588} INFO - Filling up the DagBag from /home/lenovo/miniconda3/envs/worker/lib/python3.12/site-packages/airflow/example_dags/example_bash_operator.py
[2025-04-21T00:45:00.700-0300] {processor.py:925} INFO - DAG(s) 'example_bash_operator' retrieved from /home/lenovo/miniconda3/envs/worker/lib/python3.12/site-packages/airflow/example_dags/example_bash_operator.py
[2025-04-21T00:45:00.741-0300] {logging_mixin.py:190} INFO - [2025-04-21T00:45:00.740-0300] {dag.py:3239} INFO - Sync 1 DAGs
[2025-04-21T00:45:00.783-0300] {logging_mixin.py:190} INFO - [2025-04-21T00:45:00.782-0300] {dag.py:4180} INFO - Setting next_dagrun for example_bash_operator to 2025-04-20 00:00:00+00:00, run_after=2025-04-21 00:00:00+00:00
[2025-04-21T00:45:00.851-0300] {processor.py:208} INFO - Processing /home/lenovo/miniconda3/envs/worker/lib/python3.12/site-packages/airflow/example_dags/example_bash_operator.py took 0.217 seconds
[2025-04-21T00:46:12.061-0300] {processor.py:186} INFO - Started process (PID=706) to work on /home/lenovo/miniconda3/envs/worker/lib/python3.12/site-packages/airflow/example_dags/example_bash_operator.py
[2025-04-21T00:46:12.083-0300] {processor.py:914} INFO - Processing file /home/lenovo/miniconda3/envs/worker/lib/python3.12/site-packages/airflow/example_dags/example_bash_operator.py for tasks to queue
[2025-04-21T00:46:12.087-0300] {logging_mixin.py:190} INFO - [2025-04-21T00:46:12.086-0300] {dagbag.py:588} INFO - Filling up the DagBag from /home/lenovo/miniconda3/envs/worker/lib/python3.12/site-packages/airflow/example_dags/example_bash_operator.py
[2025-04-21T00:46:12.113-0300] {processor.py:925} INFO - DAG(s) 'example_bash_operator' retrieved from /home/lenovo/miniconda3/envs/worker/lib/python3.12/site-packages/airflow/example_dags/example_bash_operator.py
[2025-04-21T00:46:12.154-0300] {logging_mixin.py:190} INFO - [2025-04-21T00:46:12.153-0300] {dag.py:3239} INFO - Sync 1 DAGs
[2025-04-21T00:46:12.197-0300] {logging_mixin.py:190} INFO - [2025-04-21T00:46:12.196-0300] {dag.py:4180} INFO - Setting next_dagrun for example_bash_operator to 2025-04-20 00:00:00+00:00, run_after=2025-04-21 00:00:00+00:00
[2025-04-21T00:46:12.259-0300] {processor.py:208} INFO - Processing /home/lenovo/miniconda3/envs/worker/lib/python3.12/site-packages/airflow/example_dags/example_bash_operator.py took 0.210 seconds
