[2025-04-21T00:40:37.517-0300] {processor.py:186} INFO - Started process (PID=15729) to work on /home/lenovo/miniconda3/envs/worker/lib/python3.12/site-packages/airflow/example_dags/example_subdag_operator.py
[2025-04-21T00:40:37.518-0300] {processor.py:914} INFO - Processing file /home/lenovo/miniconda3/envs/worker/lib/python3.12/site-packages/airflow/example_dags/example_subdag_operator.py for tasks to queue
[2025-04-21T00:40:37.521-0300] {logging_mixin.py:190} INFO - [2025-04-21T00:40:37.520-0300] {dagbag.py:588} INFO - Filling up the DagBag from /home/lenovo/miniconda3/envs/worker/lib/python3.12/site-packages/airflow/example_dags/example_subdag_operator.py
[2025-04-21T00:40:37.553-0300] {processor.py:925} INFO - DAG(s) 'example_subdag_operator.section-1', 'example_subdag_operator.section-2', 'example_subdag_operator' retrieved from /home/lenovo/miniconda3/envs/worker/lib/python3.12/site-packages/airflow/example_dags/example_subdag_operator.py
[2025-04-21T00:40:37.743-0300] {logging_mixin.py:190} INFO - [2025-04-21T00:40:37.742-0300] {override.py:1911} INFO - Created Permission View: can read on DAG:example_subdag_operator
[2025-04-21T00:40:37.770-0300] {logging_mixin.py:190} INFO - [2025-04-21T00:40:37.770-0300] {override.py:1911} INFO - Created Permission View: can delete on DAG:example_subdag_operator
[2025-04-21T00:40:37.787-0300] {logging_mixin.py:190} INFO - [2025-04-21T00:40:37.787-0300] {override.py:1911} INFO - Created Permission View: can edit on DAG:example_subdag_operator
[2025-04-21T00:40:37.820-0300] {logging_mixin.py:190} INFO - [2025-04-21T00:40:37.820-0300] {override.py:1911} INFO - Created Permission View: can read on DAG Run:example_subdag_operator
[2025-04-21T00:40:37.839-0300] {logging_mixin.py:190} INFO - [2025-04-21T00:40:37.838-0300] {override.py:1911} INFO - Created Permission View: can delete on DAG Run:example_subdag_operator
[2025-04-21T00:40:37.858-0300] {logging_mixin.py:190} INFO - [2025-04-21T00:40:37.857-0300] {override.py:1911} INFO - Created Permission View: can create on DAG Run:example_subdag_operator
[2025-04-21T00:40:37.877-0300] {logging_mixin.py:190} INFO - [2025-04-21T00:40:37.877-0300] {override.py:1911} INFO - Created Permission View: menu access on DAG Run:example_subdag_operator
[2025-04-21T00:40:37.878-0300] {logging_mixin.py:190} INFO - [2025-04-21T00:40:37.878-0300] {dag.py:3239} INFO - Sync 3 DAGs
[2025-04-21T00:40:37.900-0300] {logging_mixin.py:190} INFO - [2025-04-21T00:40:37.900-0300] {dag.py:3262} INFO - Creating ORM DAG for example_subdag_operator.section-2
[2025-04-21T00:40:37.901-0300] {logging_mixin.py:190} INFO - [2025-04-21T00:40:37.901-0300] {dag.py:3262} INFO - Creating ORM DAG for example_subdag_operator
[2025-04-21T00:40:37.902-0300] {logging_mixin.py:190} INFO - [2025-04-21T00:40:37.902-0300] {dag.py:3262} INFO - Creating ORM DAG for example_subdag_operator.section-1
[2025-04-21T00:40:37.913-0300] {logging_mixin.py:190} INFO - [2025-04-21T00:40:37.913-0300] {dag.py:4180} INFO - Setting next_dagrun for example_subdag_operator to 2022-01-01 00:00:00+00:00, run_after=2022-01-01 00:00:00+00:00
[2025-04-21T00:40:37.914-0300] {logging_mixin.py:190} INFO - [2025-04-21T00:40:37.914-0300] {dag.py:4180} INFO - Setting next_dagrun for example_subdag_operator.section-1 to None, run_after=None
[2025-04-21T00:40:37.914-0300] {logging_mixin.py:190} INFO - [2025-04-21T00:40:37.914-0300] {dag.py:4180} INFO - Setting next_dagrun for example_subdag_operator.section-2 to None, run_after=None
[2025-04-21T00:40:37.923-0300] {logging_mixin.py:190} INFO - [2025-04-21T00:40:37.922-0300] {dag.py:3239} INFO - Sync 2 DAGs
[2025-04-21T00:40:37.928-0300] {logging_mixin.py:190} INFO - [2025-04-21T00:40:37.928-0300] {dag.py:4180} INFO - Setting next_dagrun for example_subdag_operator.section-1 to None, run_after=None
[2025-04-21T00:40:37.931-0300] {logging_mixin.py:190} INFO - [2025-04-21T00:40:37.931-0300] {dag.py:4180} INFO - Setting next_dagrun for example_subdag_operator.section-2 to None, run_after=None
[2025-04-21T00:40:37.962-0300] {processor.py:208} INFO - Processing /home/lenovo/miniconda3/envs/worker/lib/python3.12/site-packages/airflow/example_dags/example_subdag_operator.py took 0.452 seconds
[2025-04-21T00:43:17.376-0300] {processor.py:186} INFO - Started process (PID=470) to work on /home/lenovo/miniconda3/envs/worker/lib/python3.12/site-packages/airflow/example_dags/example_subdag_operator.py
[2025-04-21T00:43:17.397-0300] {processor.py:914} INFO - Processing file /home/lenovo/miniconda3/envs/worker/lib/python3.12/site-packages/airflow/example_dags/example_subdag_operator.py for tasks to queue
[2025-04-21T00:43:17.400-0300] {logging_mixin.py:190} INFO - [2025-04-21T00:43:17.400-0300] {dagbag.py:588} INFO - Filling up the DagBag from /home/lenovo/miniconda3/envs/worker/lib/python3.12/site-packages/airflow/example_dags/example_subdag_operator.py
[2025-04-21T00:43:17.432-0300] {processor.py:925} INFO - DAG(s) 'example_subdag_operator.section-1', 'example_subdag_operator.section-2', 'example_subdag_operator' retrieved from /home/lenovo/miniconda3/envs/worker/lib/python3.12/site-packages/airflow/example_dags/example_subdag_operator.py
[2025-04-21T00:43:17.455-0300] {logging_mixin.py:190} INFO - [2025-04-21T00:43:17.455-0300] {dag.py:3239} INFO - Sync 3 DAGs
[2025-04-21T00:43:17.482-0300] {logging_mixin.py:190} INFO - [2025-04-21T00:43:17.482-0300] {dag.py:4180} INFO - Setting next_dagrun for example_subdag_operator to 2022-01-01 00:00:00+00:00, run_after=2022-01-01 00:00:00+00:00
[2025-04-21T00:43:17.487-0300] {logging_mixin.py:190} INFO - [2025-04-21T00:43:17.486-0300] {dag.py:4180} INFO - Setting next_dagrun for example_subdag_operator.section-1 to None, run_after=None
[2025-04-21T00:43:17.488-0300] {logging_mixin.py:190} INFO - [2025-04-21T00:43:17.488-0300] {dag.py:4180} INFO - Setting next_dagrun for example_subdag_operator.section-2 to None, run_after=None
[2025-04-21T00:43:17.495-0300] {logging_mixin.py:190} INFO - [2025-04-21T00:43:17.494-0300] {dag.py:3239} INFO - Sync 2 DAGs
[2025-04-21T00:43:17.500-0300] {logging_mixin.py:190} INFO - [2025-04-21T00:43:17.500-0300] {dag.py:4180} INFO - Setting next_dagrun for example_subdag_operator.section-1 to None, run_after=None
[2025-04-21T00:43:17.500-0300] {logging_mixin.py:190} INFO - [2025-04-21T00:43:17.500-0300] {dag.py:4180} INFO - Setting next_dagrun for example_subdag_operator.section-2 to None, run_after=None
[2025-04-21T00:43:17.542-0300] {processor.py:208} INFO - Processing /home/lenovo/miniconda3/envs/worker/lib/python3.12/site-packages/airflow/example_dags/example_subdag_operator.py took 0.173 seconds
[2025-04-21T00:44:28.599-0300] {processor.py:186} INFO - Started process (PID=580) to work on /home/lenovo/miniconda3/envs/worker/lib/python3.12/site-packages/airflow/example_dags/example_subdag_operator.py
[2025-04-21T00:44:28.621-0300] {processor.py:914} INFO - Processing file /home/lenovo/miniconda3/envs/worker/lib/python3.12/site-packages/airflow/example_dags/example_subdag_operator.py for tasks to queue
[2025-04-21T00:44:28.625-0300] {logging_mixin.py:190} INFO - [2025-04-21T00:44:28.624-0300] {dagbag.py:588} INFO - Filling up the DagBag from /home/lenovo/miniconda3/envs/worker/lib/python3.12/site-packages/airflow/example_dags/example_subdag_operator.py
[2025-04-21T00:44:28.658-0300] {processor.py:925} INFO - DAG(s) 'example_subdag_operator.section-1', 'example_subdag_operator.section-2', 'example_subdag_operator' retrieved from /home/lenovo/miniconda3/envs/worker/lib/python3.12/site-packages/airflow/example_dags/example_subdag_operator.py
[2025-04-21T00:44:28.680-0300] {logging_mixin.py:190} INFO - [2025-04-21T00:44:28.679-0300] {dag.py:3239} INFO - Sync 3 DAGs
[2025-04-21T00:44:28.708-0300] {logging_mixin.py:190} INFO - [2025-04-21T00:44:28.708-0300] {dag.py:4180} INFO - Setting next_dagrun for example_subdag_operator to 2022-01-01 00:00:00+00:00, run_after=2022-01-01 00:00:00+00:00
[2025-04-21T00:44:28.712-0300] {logging_mixin.py:190} INFO - [2025-04-21T00:44:28.712-0300] {dag.py:4180} INFO - Setting next_dagrun for example_subdag_operator.section-1 to None, run_after=None
[2025-04-21T00:44:28.713-0300] {logging_mixin.py:190} INFO - [2025-04-21T00:44:28.713-0300] {dag.py:4180} INFO - Setting next_dagrun for example_subdag_operator.section-2 to None, run_after=None
[2025-04-21T00:44:28.721-0300] {logging_mixin.py:190} INFO - [2025-04-21T00:44:28.721-0300] {dag.py:3239} INFO - Sync 2 DAGs
[2025-04-21T00:44:28.727-0300] {logging_mixin.py:190} INFO - [2025-04-21T00:44:28.726-0300] {dag.py:4180} INFO - Setting next_dagrun for example_subdag_operator.section-1 to None, run_after=None
[2025-04-21T00:44:28.727-0300] {logging_mixin.py:190} INFO - [2025-04-21T00:44:28.727-0300] {dag.py:4180} INFO - Setting next_dagrun for example_subdag_operator.section-2 to None, run_after=None
[2025-04-21T00:44:28.773-0300] {processor.py:208} INFO - Processing /home/lenovo/miniconda3/envs/worker/lib/python3.12/site-packages/airflow/example_dags/example_subdag_operator.py took 0.181 seconds
[2025-04-21T00:45:40.784-0300] {processor.py:186} INFO - Started process (PID=678) to work on /home/lenovo/miniconda3/envs/worker/lib/python3.12/site-packages/airflow/example_dags/example_subdag_operator.py
[2025-04-21T00:45:40.807-0300] {processor.py:914} INFO - Processing file /home/lenovo/miniconda3/envs/worker/lib/python3.12/site-packages/airflow/example_dags/example_subdag_operator.py for tasks to queue
[2025-04-21T00:45:40.810-0300] {logging_mixin.py:190} INFO - [2025-04-21T00:45:40.810-0300] {dagbag.py:588} INFO - Filling up the DagBag from /home/lenovo/miniconda3/envs/worker/lib/python3.12/site-packages/airflow/example_dags/example_subdag_operator.py
[2025-04-21T00:45:40.857-0300] {processor.py:925} INFO - DAG(s) 'example_subdag_operator.section-1', 'example_subdag_operator.section-2', 'example_subdag_operator' retrieved from /home/lenovo/miniconda3/envs/worker/lib/python3.12/site-packages/airflow/example_dags/example_subdag_operator.py
[2025-04-21T00:45:40.900-0300] {logging_mixin.py:190} INFO - [2025-04-21T00:45:40.900-0300] {dag.py:3239} INFO - Sync 3 DAGs
[2025-04-21T00:45:40.942-0300] {logging_mixin.py:190} INFO - [2025-04-21T00:45:40.941-0300] {dag.py:4180} INFO - Setting next_dagrun for example_subdag_operator to 2022-01-01 00:00:00+00:00, run_after=2022-01-01 00:00:00+00:00
[2025-04-21T00:45:40.952-0300] {logging_mixin.py:190} INFO - [2025-04-21T00:45:40.951-0300] {dag.py:4180} INFO - Setting next_dagrun for example_subdag_operator.section-1 to None, run_after=None
[2025-04-21T00:45:40.953-0300] {logging_mixin.py:190} INFO - [2025-04-21T00:45:40.953-0300] {dag.py:4180} INFO - Setting next_dagrun for example_subdag_operator.section-2 to None, run_after=None
[2025-04-21T00:45:40.964-0300] {logging_mixin.py:190} INFO - [2025-04-21T00:45:40.963-0300] {dag.py:3239} INFO - Sync 2 DAGs
[2025-04-21T00:45:40.969-0300] {logging_mixin.py:190} INFO - [2025-04-21T00:45:40.969-0300] {dag.py:4180} INFO - Setting next_dagrun for example_subdag_operator.section-1 to None, run_after=None
[2025-04-21T00:45:40.969-0300] {logging_mixin.py:190} INFO - [2025-04-21T00:45:40.969-0300] {dag.py:4180} INFO - Setting next_dagrun for example_subdag_operator.section-2 to None, run_after=None
[2025-04-21T00:45:41.017-0300] {processor.py:208} INFO - Processing /home/lenovo/miniconda3/envs/worker/lib/python3.12/site-packages/airflow/example_dags/example_subdag_operator.py took 0.263 seconds
