[2025-04-21T00:40:27.819-0300] {processor.py:186} INFO - Started process (PID=15696) to work on /home/lenovo/miniconda3/envs/worker/lib/python3.12/site-packages/airflow/example_dags/example_nested_branch_dag.py
[2025-04-21T00:40:27.820-0300] {processor.py:914} INFO - Processing file /home/lenovo/miniconda3/envs/worker/lib/python3.12/site-packages/airflow/example_dags/example_nested_branch_dag.py for tasks to queue
[2025-04-21T00:40:27.822-0300] {logging_mixin.py:190} INFO - [2025-04-21T00:40:27.822-0300] {dagbag.py:588} INFO - Filling up the DagBag from /home/lenovo/miniconda3/envs/worker/lib/python3.12/site-packages/airflow/example_dags/example_nested_branch_dag.py
[2025-04-21T00:40:27.837-0300] {processor.py:925} INFO - DAG(s) 'example_nested_branch_dag' retrieved from /home/lenovo/miniconda3/envs/worker/lib/python3.12/site-packages/airflow/example_dags/example_nested_branch_dag.py
[2025-04-21T00:40:28.008-0300] {logging_mixin.py:190} INFO - [2025-04-21T00:40:28.007-0300] {override.py:1911} INFO - Created Permission View: can read on DAG:example_nested_branch_dag
[2025-04-21T00:40:28.031-0300] {logging_mixin.py:190} INFO - [2025-04-21T00:40:28.030-0300] {override.py:1911} INFO - Created Permission View: can delete on DAG:example_nested_branch_dag
[2025-04-21T00:40:28.048-0300] {logging_mixin.py:190} INFO - [2025-04-21T00:40:28.048-0300] {override.py:1911} INFO - Created Permission View: can edit on DAG:example_nested_branch_dag
[2025-04-21T00:40:28.077-0300] {logging_mixin.py:190} INFO - [2025-04-21T00:40:28.076-0300] {override.py:1911} INFO - Created Permission View: can read on DAG Run:example_nested_branch_dag
[2025-04-21T00:40:28.094-0300] {logging_mixin.py:190} INFO - [2025-04-21T00:40:28.093-0300] {override.py:1911} INFO - Created Permission View: can delete on DAG Run:example_nested_branch_dag
[2025-04-21T00:40:28.110-0300] {logging_mixin.py:190} INFO - [2025-04-21T00:40:28.109-0300] {override.py:1911} INFO - Created Permission View: can create on DAG Run:example_nested_branch_dag
[2025-04-21T00:40:28.127-0300] {logging_mixin.py:190} INFO - [2025-04-21T00:40:28.127-0300] {override.py:1911} INFO - Created Permission View: menu access on DAG Run:example_nested_branch_dag
[2025-04-21T00:40:28.128-0300] {logging_mixin.py:190} INFO - [2025-04-21T00:40:28.127-0300] {dag.py:3239} INFO - Sync 1 DAGs
[2025-04-21T00:40:28.145-0300] {logging_mixin.py:190} INFO - [2025-04-21T00:40:28.145-0300] {dag.py:3262} INFO - Creating ORM DAG for example_nested_branch_dag
[2025-04-21T00:40:28.158-0300] {logging_mixin.py:190} INFO - [2025-04-21T00:40:28.157-0300] {dag.py:4180} INFO - Setting next_dagrun for example_nested_branch_dag to 2025-04-20 00:00:00+00:00, run_after=2025-04-21 00:00:00+00:00
[2025-04-21T00:40:28.188-0300] {processor.py:208} INFO - Processing /home/lenovo/miniconda3/envs/worker/lib/python3.12/site-packages/airflow/example_dags/example_nested_branch_dag.py took 0.376 seconds
[2025-04-21T00:43:09.577-0300] {processor.py:186} INFO - Started process (PID=463) to work on /home/lenovo/miniconda3/envs/worker/lib/python3.12/site-packages/airflow/example_dags/example_nested_branch_dag.py
[2025-04-21T00:43:09.579-0300] {processor.py:914} INFO - Processing file /home/lenovo/miniconda3/envs/worker/lib/python3.12/site-packages/airflow/example_dags/example_nested_branch_dag.py for tasks to queue
[2025-04-21T00:43:09.582-0300] {logging_mixin.py:190} INFO - [2025-04-21T00:43:09.581-0300] {dagbag.py:588} INFO - Filling up the DagBag from /home/lenovo/miniconda3/envs/worker/lib/python3.12/site-packages/airflow/example_dags/example_nested_branch_dag.py
[2025-04-21T00:43:09.601-0300] {processor.py:925} INFO - DAG(s) 'example_nested_branch_dag' retrieved from /home/lenovo/miniconda3/envs/worker/lib/python3.12/site-packages/airflow/example_dags/example_nested_branch_dag.py
[2025-04-21T00:43:09.629-0300] {logging_mixin.py:190} INFO - [2025-04-21T00:43:09.629-0300] {dag.py:3239} INFO - Sync 1 DAGs
[2025-04-21T00:43:09.663-0300] {logging_mixin.py:190} INFO - [2025-04-21T00:43:09.662-0300] {dag.py:4180} INFO - Setting next_dagrun for example_nested_branch_dag to 2025-04-20 00:00:00+00:00, run_after=2025-04-21 00:00:00+00:00
[2025-04-21T00:43:09.700-0300] {processor.py:208} INFO - Processing /home/lenovo/miniconda3/envs/worker/lib/python3.12/site-packages/airflow/example_dags/example_nested_branch_dag.py took 0.128 seconds
[2025-04-21T00:44:20.772-0300] {processor.py:186} INFO - Started process (PID=571) to work on /home/lenovo/miniconda3/envs/worker/lib/python3.12/site-packages/airflow/example_dags/example_nested_branch_dag.py
[2025-04-21T00:44:20.794-0300] {processor.py:914} INFO - Processing file /home/lenovo/miniconda3/envs/worker/lib/python3.12/site-packages/airflow/example_dags/example_nested_branch_dag.py for tasks to queue
[2025-04-21T00:44:20.797-0300] {logging_mixin.py:190} INFO - [2025-04-21T00:44:20.797-0300] {dagbag.py:588} INFO - Filling up the DagBag from /home/lenovo/miniconda3/envs/worker/lib/python3.12/site-packages/airflow/example_dags/example_nested_branch_dag.py
[2025-04-21T00:44:20.816-0300] {processor.py:925} INFO - DAG(s) 'example_nested_branch_dag' retrieved from /home/lenovo/miniconda3/envs/worker/lib/python3.12/site-packages/airflow/example_dags/example_nested_branch_dag.py
[2025-04-21T00:44:20.851-0300] {logging_mixin.py:190} INFO - [2025-04-21T00:44:20.847-0300] {dag.py:3239} INFO - Sync 1 DAGs
[2025-04-21T00:44:20.880-0300] {logging_mixin.py:190} INFO - [2025-04-21T00:44:20.880-0300] {dag.py:4180} INFO - Setting next_dagrun for example_nested_branch_dag to 2025-04-20 00:00:00+00:00, run_after=2025-04-21 00:00:00+00:00
[2025-04-21T00:44:20.916-0300] {processor.py:208} INFO - Processing /home/lenovo/miniconda3/envs/worker/lib/python3.12/site-packages/airflow/example_dags/example_nested_branch_dag.py took 0.152 seconds
[2025-04-21T00:45:33.893-0300] {processor.py:186} INFO - Started process (PID=671) to work on /home/lenovo/miniconda3/envs/worker/lib/python3.12/site-packages/airflow/example_dags/example_nested_branch_dag.py
[2025-04-21T00:45:33.916-0300] {processor.py:914} INFO - Processing file /home/lenovo/miniconda3/envs/worker/lib/python3.12/site-packages/airflow/example_dags/example_nested_branch_dag.py for tasks to queue
[2025-04-21T00:45:33.919-0300] {logging_mixin.py:190} INFO - [2025-04-21T00:45:33.919-0300] {dagbag.py:588} INFO - Filling up the DagBag from /home/lenovo/miniconda3/envs/worker/lib/python3.12/site-packages/airflow/example_dags/example_nested_branch_dag.py
[2025-04-21T00:45:33.936-0300] {processor.py:925} INFO - DAG(s) 'example_nested_branch_dag' retrieved from /home/lenovo/miniconda3/envs/worker/lib/python3.12/site-packages/airflow/example_dags/example_nested_branch_dag.py
[2025-04-21T00:45:33.960-0300] {logging_mixin.py:190} INFO - [2025-04-21T00:45:33.960-0300] {dag.py:3239} INFO - Sync 1 DAGs
[2025-04-21T00:45:33.989-0300] {logging_mixin.py:190} INFO - [2025-04-21T00:45:33.988-0300] {dag.py:4180} INFO - Setting next_dagrun for example_nested_branch_dag to 2025-04-20 00:00:00+00:00, run_after=2025-04-21 00:00:00+00:00
[2025-04-21T00:45:34.025-0300] {processor.py:208} INFO - Processing /home/lenovo/miniconda3/envs/worker/lib/python3.12/site-packages/airflow/example_dags/example_nested_branch_dag.py took 0.140 seconds
