[2025-04-21T00:40:16.378-0300] {processor.py:186} INFO - Started process (PID=15687) to work on /home/lenovo/miniconda3/envs/worker/lib/python3.12/site-packages/airflow/example_dags/example_python_decorator.py
[2025-04-21T00:40:16.379-0300] {processor.py:914} INFO - Processing file /home/lenovo/miniconda3/envs/worker/lib/python3.12/site-packages/airflow/example_dags/example_python_decorator.py for tasks to queue
[2025-04-21T00:40:16.381-0300] {logging_mixin.py:190} INFO - [2025-04-21T00:40:16.381-0300] {dagbag.py:588} INFO - Filling up the DagBag from /home/lenovo/miniconda3/envs/worker/lib/python3.12/site-packages/airflow/example_dags/example_python_decorator.py
[2025-04-21T00:40:16.396-0300] {logging_mixin.py:190} INFO - [2025-04-21T00:40:16.396-0300] {example_python_decorator.py:80} WARNING - The virtalenv_python example task requires virtualenv, please install it.
[2025-04-21T00:40:16.399-0300] {processor.py:925} INFO - DAG(s) 'example_python_decorator' retrieved from /home/lenovo/miniconda3/envs/worker/lib/python3.12/site-packages/airflow/example_dags/example_python_decorator.py
[2025-04-21T00:40:16.584-0300] {logging_mixin.py:190} INFO - [2025-04-21T00:40:16.583-0300] {override.py:1911} INFO - Created Permission View: can read on DAG:example_python_decorator
[2025-04-21T00:40:16.607-0300] {logging_mixin.py:190} INFO - [2025-04-21T00:40:16.606-0300] {override.py:1911} INFO - Created Permission View: can delete on DAG:example_python_decorator
[2025-04-21T00:40:16.623-0300] {logging_mixin.py:190} INFO - [2025-04-21T00:40:16.623-0300] {override.py:1911} INFO - Created Permission View: can edit on DAG:example_python_decorator
[2025-04-21T00:40:16.651-0300] {logging_mixin.py:190} INFO - [2025-04-21T00:40:16.651-0300] {override.py:1911} INFO - Created Permission View: can read on DAG Run:example_python_decorator
[2025-04-21T00:40:16.668-0300] {logging_mixin.py:190} INFO - [2025-04-21T00:40:16.667-0300] {override.py:1911} INFO - Created Permission View: can delete on DAG Run:example_python_decorator
[2025-04-21T00:40:16.685-0300] {logging_mixin.py:190} INFO - [2025-04-21T00:40:16.684-0300] {override.py:1911} INFO - Created Permission View: can create on DAG Run:example_python_decorator
[2025-04-21T00:40:16.704-0300] {logging_mixin.py:190} INFO - [2025-04-21T00:40:16.703-0300] {override.py:1911} INFO - Created Permission View: menu access on DAG Run:example_python_decorator
[2025-04-21T00:40:16.704-0300] {logging_mixin.py:190} INFO - [2025-04-21T00:40:16.704-0300] {dag.py:3239} INFO - Sync 1 DAGs
[2025-04-21T00:40:16.728-0300] {logging_mixin.py:190} INFO - [2025-04-21T00:40:16.728-0300] {dag.py:3262} INFO - Creating ORM DAG for example_python_decorator
[2025-04-21T00:40:16.729-0300] {logging_mixin.py:190} INFO - [2025-04-21T00:40:16.729-0300] {dag.py:4180} INFO - Setting next_dagrun for example_python_decorator to None, run_after=None
[2025-04-21T00:40:16.768-0300] {processor.py:208} INFO - Processing /home/lenovo/miniconda3/envs/worker/lib/python3.12/site-packages/airflow/example_dags/example_python_decorator.py took 0.399 seconds
[2025-04-21T00:43:00.238-0300] {processor.py:186} INFO - Started process (PID=454) to work on /home/lenovo/miniconda3/envs/worker/lib/python3.12/site-packages/airflow/example_dags/example_python_decorator.py
[2025-04-21T00:43:00.263-0300] {processor.py:914} INFO - Processing file /home/lenovo/miniconda3/envs/worker/lib/python3.12/site-packages/airflow/example_dags/example_python_decorator.py for tasks to queue
[2025-04-21T00:43:00.266-0300] {logging_mixin.py:190} INFO - [2025-04-21T00:43:00.266-0300] {dagbag.py:588} INFO - Filling up the DagBag from /home/lenovo/miniconda3/envs/worker/lib/python3.12/site-packages/airflow/example_dags/example_python_decorator.py
[2025-04-21T00:43:00.287-0300] {logging_mixin.py:190} INFO - [2025-04-21T00:43:00.287-0300] {example_python_decorator.py:80} WARNING - The virtalenv_python example task requires virtualenv, please install it.
[2025-04-21T00:43:00.293-0300] {processor.py:925} INFO - DAG(s) 'example_python_decorator' retrieved from /home/lenovo/miniconda3/envs/worker/lib/python3.12/site-packages/airflow/example_dags/example_python_decorator.py
[2025-04-21T00:43:00.328-0300] {logging_mixin.py:190} INFO - [2025-04-21T00:43:00.328-0300] {dag.py:3239} INFO - Sync 1 DAGs
[2025-04-21T00:43:00.350-0300] {logging_mixin.py:190} INFO - [2025-04-21T00:43:00.350-0300] {dag.py:4180} INFO - Setting next_dagrun for example_python_decorator to None, run_after=None
[2025-04-21T00:43:00.391-0300] {processor.py:208} INFO - Processing /home/lenovo/miniconda3/envs/worker/lib/python3.12/site-packages/airflow/example_dags/example_python_decorator.py took 0.172 seconds
[2025-04-21T00:44:03.234-0300] {processor.py:186} INFO - Started process (PID=545) to work on /home/lenovo/miniconda3/envs/worker/lib/python3.12/site-packages/airflow/example_dags/example_python_decorator.py
[2025-04-21T00:44:03.236-0300] {processor.py:914} INFO - Processing file /home/lenovo/miniconda3/envs/worker/lib/python3.12/site-packages/airflow/example_dags/example_python_decorator.py for tasks to queue
[2025-04-21T00:44:03.239-0300] {logging_mixin.py:190} INFO - [2025-04-21T00:44:03.238-0300] {dagbag.py:588} INFO - Filling up the DagBag from /home/lenovo/miniconda3/envs/worker/lib/python3.12/site-packages/airflow/example_dags/example_python_decorator.py
[2025-04-21T00:44:03.262-0300] {logging_mixin.py:190} INFO - [2025-04-21T00:44:03.262-0300] {example_python_decorator.py:80} WARNING - The virtalenv_python example task requires virtualenv, please install it.
[2025-04-21T00:44:03.266-0300] {processor.py:925} INFO - DAG(s) 'example_python_decorator' retrieved from /home/lenovo/miniconda3/envs/worker/lib/python3.12/site-packages/airflow/example_dags/example_python_decorator.py
[2025-04-21T00:44:03.317-0300] {logging_mixin.py:190} INFO - [2025-04-21T00:44:03.313-0300] {dag.py:3239} INFO - Sync 1 DAGs
[2025-04-21T00:44:03.357-0300] {logging_mixin.py:190} INFO - [2025-04-21T00:44:03.357-0300] {dag.py:4180} INFO - Setting next_dagrun for example_python_decorator to None, run_after=None
[2025-04-21T00:44:03.414-0300] {processor.py:208} INFO - Processing /home/lenovo/miniconda3/envs/worker/lib/python3.12/site-packages/airflow/example_dags/example_python_decorator.py took 0.185 seconds
[2025-04-21T00:45:16.878-0300] {processor.py:186} INFO - Started process (PID=650) to work on /home/lenovo/miniconda3/envs/worker/lib/python3.12/site-packages/airflow/example_dags/example_python_decorator.py
[2025-04-21T00:45:16.901-0300] {processor.py:914} INFO - Processing file /home/lenovo/miniconda3/envs/worker/lib/python3.12/site-packages/airflow/example_dags/example_python_decorator.py for tasks to queue
[2025-04-21T00:45:16.905-0300] {logging_mixin.py:190} INFO - [2025-04-21T00:45:16.904-0300] {dagbag.py:588} INFO - Filling up the DagBag from /home/lenovo/miniconda3/envs/worker/lib/python3.12/site-packages/airflow/example_dags/example_python_decorator.py
[2025-04-21T00:45:16.938-0300] {logging_mixin.py:190} INFO - [2025-04-21T00:45:16.937-0300] {example_python_decorator.py:80} WARNING - The virtalenv_python example task requires virtualenv, please install it.
[2025-04-21T00:45:16.942-0300] {processor.py:925} INFO - DAG(s) 'example_python_decorator' retrieved from /home/lenovo/miniconda3/envs/worker/lib/python3.12/site-packages/airflow/example_dags/example_python_decorator.py
[2025-04-21T00:45:16.985-0300] {logging_mixin.py:190} INFO - [2025-04-21T00:45:16.984-0300] {dag.py:3239} INFO - Sync 1 DAGs
[2025-04-21T00:45:17.014-0300] {logging_mixin.py:190} INFO - [2025-04-21T00:45:17.013-0300] {dag.py:4180} INFO - Setting next_dagrun for example_python_decorator to None, run_after=None
[2025-04-21T00:45:17.061-0300] {processor.py:208} INFO - Processing /home/lenovo/miniconda3/envs/worker/lib/python3.12/site-packages/airflow/example_dags/example_python_decorator.py took 0.192 seconds
