[2025-04-21T00:40:41.632-0300] {processor.py:186} INFO - Started process (PID=15732) to work on /home/lenovo/miniconda3/envs/worker/lib/python3.12/site-packages/airflow/example_dags/example_inlet_event_extra.py
[2025-04-21T00:40:41.633-0300] {processor.py:914} INFO - Processing file /home/lenovo/miniconda3/envs/worker/lib/python3.12/site-packages/airflow/example_dags/example_inlet_event_extra.py for tasks to queue
[2025-04-21T00:40:41.636-0300] {logging_mixin.py:190} INFO - [2025-04-21T00:40:41.636-0300] {dagbag.py:588} INFO - Filling up the DagBag from /home/lenovo/miniconda3/envs/worker/lib/python3.12/site-packages/airflow/example_dags/example_inlet_event_extra.py
[2025-04-21T00:40:41.661-0300] {processor.py:925} INFO - DAG(s) 'read_dataset_event', 'read_dataset_event_from_classic' retrieved from /home/lenovo/miniconda3/envs/worker/lib/python3.12/site-packages/airflow/example_dags/example_inlet_event_extra.py
[2025-04-21T00:40:41.864-0300] {logging_mixin.py:190} INFO - [2025-04-21T00:40:41.863-0300] {override.py:1911} INFO - Created Permission View: can read on DAG:read_dataset_event
[2025-04-21T00:40:41.890-0300] {logging_mixin.py:190} INFO - [2025-04-21T00:40:41.889-0300] {override.py:1911} INFO - Created Permission View: can delete on DAG:read_dataset_event
[2025-04-21T00:40:41.907-0300] {logging_mixin.py:190} INFO - [2025-04-21T00:40:41.906-0300] {override.py:1911} INFO - Created Permission View: can edit on DAG:read_dataset_event
[2025-04-21T00:40:41.936-0300] {logging_mixin.py:190} INFO - [2025-04-21T00:40:41.935-0300] {override.py:1911} INFO - Created Permission View: can read on DAG Run:read_dataset_event
[2025-04-21T00:40:41.954-0300] {logging_mixin.py:190} INFO - [2025-04-21T00:40:41.953-0300] {override.py:1911} INFO - Created Permission View: can delete on DAG Run:read_dataset_event
[2025-04-21T00:40:41.976-0300] {logging_mixin.py:190} INFO - [2025-04-21T00:40:41.975-0300] {override.py:1911} INFO - Created Permission View: can create on DAG Run:read_dataset_event
[2025-04-21T00:40:41.995-0300] {logging_mixin.py:190} INFO - [2025-04-21T00:40:41.994-0300] {override.py:1911} INFO - Created Permission View: menu access on DAG Run:read_dataset_event
[2025-04-21T00:40:42.033-0300] {logging_mixin.py:190} INFO - [2025-04-21T00:40:42.032-0300] {override.py:1911} INFO - Created Permission View: can read on DAG:read_dataset_event_from_classic
[2025-04-21T00:40:42.051-0300] {logging_mixin.py:190} INFO - [2025-04-21T00:40:42.050-0300] {override.py:1911} INFO - Created Permission View: can delete on DAG:read_dataset_event_from_classic
[2025-04-21T00:40:42.068-0300] {logging_mixin.py:190} INFO - [2025-04-21T00:40:42.067-0300] {override.py:1911} INFO - Created Permission View: can edit on DAG:read_dataset_event_from_classic
[2025-04-21T00:40:42.098-0300] {logging_mixin.py:190} INFO - [2025-04-21T00:40:42.097-0300] {override.py:1911} INFO - Created Permission View: can read on DAG Run:read_dataset_event_from_classic
[2025-04-21T00:40:42.117-0300] {logging_mixin.py:190} INFO - [2025-04-21T00:40:42.117-0300] {override.py:1911} INFO - Created Permission View: can delete on DAG Run:read_dataset_event_from_classic
[2025-04-21T00:40:42.133-0300] {logging_mixin.py:190} INFO - [2025-04-21T00:40:42.133-0300] {override.py:1911} INFO - Created Permission View: can create on DAG Run:read_dataset_event_from_classic
[2025-04-21T00:40:42.151-0300] {logging_mixin.py:190} INFO - [2025-04-21T00:40:42.150-0300] {override.py:1911} INFO - Created Permission View: menu access on DAG Run:read_dataset_event_from_classic
[2025-04-21T00:40:42.151-0300] {logging_mixin.py:190} INFO - [2025-04-21T00:40:42.151-0300] {dag.py:3239} INFO - Sync 2 DAGs
[2025-04-21T00:40:42.171-0300] {logging_mixin.py:190} INFO - [2025-04-21T00:40:42.171-0300] {dag.py:3262} INFO - Creating ORM DAG for read_dataset_event_from_classic
[2025-04-21T00:40:42.172-0300] {logging_mixin.py:190} INFO - [2025-04-21T00:40:42.172-0300] {dag.py:3262} INFO - Creating ORM DAG for read_dataset_event
[2025-04-21T00:40:42.188-0300] {logging_mixin.py:190} INFO - [2025-04-21T00:40:42.187-0300] {dag.py:4180} INFO - Setting next_dagrun for read_dataset_event to 2025-04-20 00:00:00+00:00, run_after=2025-04-21 00:00:00+00:00
[2025-04-21T00:40:42.191-0300] {logging_mixin.py:190} INFO - [2025-04-21T00:40:42.191-0300] {dag.py:4180} INFO - Setting next_dagrun for read_dataset_event_from_classic to 2025-04-20 00:00:00+00:00, run_after=2025-04-21 00:00:00+00:00
[2025-04-21T00:40:42.228-0300] {processor.py:208} INFO - Processing /home/lenovo/miniconda3/envs/worker/lib/python3.12/site-packages/airflow/example_dags/example_inlet_event_extra.py took 0.602 seconds
[2025-04-21T00:43:21.137-0300] {processor.py:186} INFO - Started process (PID=473) to work on /home/lenovo/miniconda3/envs/worker/lib/python3.12/site-packages/airflow/example_dags/example_inlet_event_extra.py
[2025-04-21T00:43:21.159-0300] {processor.py:914} INFO - Processing file /home/lenovo/miniconda3/envs/worker/lib/python3.12/site-packages/airflow/example_dags/example_inlet_event_extra.py for tasks to queue
[2025-04-21T00:43:21.161-0300] {logging_mixin.py:190} INFO - [2025-04-21T00:43:21.161-0300] {dagbag.py:588} INFO - Filling up the DagBag from /home/lenovo/miniconda3/envs/worker/lib/python3.12/site-packages/airflow/example_dags/example_inlet_event_extra.py
[2025-04-21T00:43:21.179-0300] {processor.py:925} INFO - DAG(s) 'read_dataset_event_from_classic', 'read_dataset_event' retrieved from /home/lenovo/miniconda3/envs/worker/lib/python3.12/site-packages/airflow/example_dags/example_inlet_event_extra.py
[2025-04-21T00:43:21.206-0300] {logging_mixin.py:190} INFO - [2025-04-21T00:43:21.205-0300] {dag.py:3239} INFO - Sync 2 DAGs
[2025-04-21T00:43:21.237-0300] {logging_mixin.py:190} INFO - [2025-04-21T00:43:21.237-0300] {dag.py:4180} INFO - Setting next_dagrun for read_dataset_event to 2025-04-20 00:00:00+00:00, run_after=2025-04-21 00:00:00+00:00
[2025-04-21T00:43:21.245-0300] {logging_mixin.py:190} INFO - [2025-04-21T00:43:21.244-0300] {dag.py:4180} INFO - Setting next_dagrun for read_dataset_event_from_classic to 2025-04-20 00:00:00+00:00, run_after=2025-04-21 00:00:00+00:00
[2025-04-21T00:43:21.279-0300] {processor.py:208} INFO - Processing /home/lenovo/miniconda3/envs/worker/lib/python3.12/site-packages/airflow/example_dags/example_inlet_event_extra.py took 0.150 seconds
[2025-04-21T00:44:32.410-0300] {processor.py:186} INFO - Started process (PID=586) to work on /home/lenovo/miniconda3/envs/worker/lib/python3.12/site-packages/airflow/example_dags/example_inlet_event_extra.py
[2025-04-21T00:44:32.432-0300] {processor.py:914} INFO - Processing file /home/lenovo/miniconda3/envs/worker/lib/python3.12/site-packages/airflow/example_dags/example_inlet_event_extra.py for tasks to queue
[2025-04-21T00:44:32.435-0300] {logging_mixin.py:190} INFO - [2025-04-21T00:44:32.435-0300] {dagbag.py:588} INFO - Filling up the DagBag from /home/lenovo/miniconda3/envs/worker/lib/python3.12/site-packages/airflow/example_dags/example_inlet_event_extra.py
[2025-04-21T00:44:32.454-0300] {processor.py:925} INFO - DAG(s) 'read_dataset_event_from_classic', 'read_dataset_event' retrieved from /home/lenovo/miniconda3/envs/worker/lib/python3.12/site-packages/airflow/example_dags/example_inlet_event_extra.py
[2025-04-21T00:44:32.479-0300] {logging_mixin.py:190} INFO - [2025-04-21T00:44:32.479-0300] {dag.py:3239} INFO - Sync 2 DAGs
[2025-04-21T00:44:32.514-0300] {logging_mixin.py:190} INFO - [2025-04-21T00:44:32.514-0300] {dag.py:4180} INFO - Setting next_dagrun for read_dataset_event to 2025-04-20 00:00:00+00:00, run_after=2025-04-21 00:00:00+00:00
[2025-04-21T00:44:32.521-0300] {logging_mixin.py:190} INFO - [2025-04-21T00:44:32.521-0300] {dag.py:4180} INFO - Setting next_dagrun for read_dataset_event_from_classic to 2025-04-20 00:00:00+00:00, run_after=2025-04-21 00:00:00+00:00
[2025-04-21T00:44:32.559-0300] {processor.py:208} INFO - Processing /home/lenovo/miniconda3/envs/worker/lib/python3.12/site-packages/airflow/example_dags/example_inlet_event_extra.py took 0.158 seconds
[2025-04-21T00:45:44.479-0300] {processor.py:186} INFO - Started process (PID=681) to work on /home/lenovo/miniconda3/envs/worker/lib/python3.12/site-packages/airflow/example_dags/example_inlet_event_extra.py
[2025-04-21T00:45:44.501-0300] {processor.py:914} INFO - Processing file /home/lenovo/miniconda3/envs/worker/lib/python3.12/site-packages/airflow/example_dags/example_inlet_event_extra.py for tasks to queue
[2025-04-21T00:45:44.504-0300] {logging_mixin.py:190} INFO - [2025-04-21T00:45:44.503-0300] {dagbag.py:588} INFO - Filling up the DagBag from /home/lenovo/miniconda3/envs/worker/lib/python3.12/site-packages/airflow/example_dags/example_inlet_event_extra.py
[2025-04-21T00:45:44.521-0300] {processor.py:925} INFO - DAG(s) 'read_dataset_event', 'read_dataset_event_from_classic' retrieved from /home/lenovo/miniconda3/envs/worker/lib/python3.12/site-packages/airflow/example_dags/example_inlet_event_extra.py
[2025-04-21T00:45:44.545-0300] {logging_mixin.py:190} INFO - [2025-04-21T00:45:44.545-0300] {dag.py:3239} INFO - Sync 2 DAGs
[2025-04-21T00:45:44.578-0300] {logging_mixin.py:190} INFO - [2025-04-21T00:45:44.577-0300] {dag.py:4180} INFO - Setting next_dagrun for read_dataset_event to 2025-04-20 00:00:00+00:00, run_after=2025-04-21 00:00:00+00:00
[2025-04-21T00:45:44.583-0300] {logging_mixin.py:190} INFO - [2025-04-21T00:45:44.583-0300] {dag.py:4180} INFO - Setting next_dagrun for read_dataset_event_from_classic to 2025-04-20 00:00:00+00:00, run_after=2025-04-21 00:00:00+00:00
[2025-04-21T00:45:44.617-0300] {processor.py:208} INFO - Processing /home/lenovo/miniconda3/envs/worker/lib/python3.12/site-packages/airflow/example_dags/example_inlet_event_extra.py took 0.145 seconds
