[2025-04-21T00:39:50.809-0300] {processor.py:186} INFO - Started process (PID=15671) to work on /home/lenovo/miniconda3/envs/worker/lib/python3.12/site-packages/airflow/example_dags/example_local_kubernetes_executor.py
[2025-04-21T00:39:50.810-0300] {processor.py:914} INFO - Processing file /home/lenovo/miniconda3/envs/worker/lib/python3.12/site-packages/airflow/example_dags/example_local_kubernetes_executor.py for tasks to queue
[2025-04-21T00:39:50.812-0300] {logging_mixin.py:190} INFO - [2025-04-21T00:39:50.812-0300] {dagbag.py:588} INFO - Filling up the DagBag from /home/lenovo/miniconda3/envs/worker/lib/python3.12/site-packages/airflow/example_dags/example_local_kubernetes_executor.py
[2025-04-21T00:39:50.817-0300] {logging_mixin.py:190} INFO - [2025-04-21T00:39:50.816-0300] {example_local_kubernetes_executor.py:40} WARNING - Could not import DAGs in example_local_kubernetes_executor.py
Traceback (most recent call last):
  File "/home/lenovo/miniconda3/envs/worker/lib/python3.12/site-packages/airflow/example_dags/example_local_kubernetes_executor.py", line 38, in <module>
    from kubernetes.client import models as k8s
ModuleNotFoundError: No module named 'kubernetes'
[2025-04-21T00:39:50.818-0300] {logging_mixin.py:190} INFO - [2025-04-21T00:39:50.817-0300] {example_local_kubernetes_executor.py:41} WARNING - Install Kubernetes dependencies with: pip install apache-airflow[cncf.kubernetes]
[2025-04-21T00:39:50.818-0300] {processor.py:927} WARNING - No viable dags retrieved from /home/lenovo/miniconda3/envs/worker/lib/python3.12/site-packages/airflow/example_dags/example_local_kubernetes_executor.py
[2025-04-21T00:39:50.831-0300] {processor.py:208} INFO - Processing /home/lenovo/miniconda3/envs/worker/lib/python3.12/site-packages/airflow/example_dags/example_local_kubernetes_executor.py took 0.029 seconds
[2025-04-21T00:41:12.125-0300] {processor.py:186} INFO - Started process (PID=15756) to work on /home/lenovo/miniconda3/envs/worker/lib/python3.12/site-packages/airflow/example_dags/example_local_kubernetes_executor.py
[2025-04-21T00:41:12.148-0300] {processor.py:914} INFO - Processing file /home/lenovo/miniconda3/envs/worker/lib/python3.12/site-packages/airflow/example_dags/example_local_kubernetes_executor.py for tasks to queue
[2025-04-21T00:41:12.151-0300] {logging_mixin.py:190} INFO - [2025-04-21T00:41:12.151-0300] {dagbag.py:588} INFO - Filling up the DagBag from /home/lenovo/miniconda3/envs/worker/lib/python3.12/site-packages/airflow/example_dags/example_local_kubernetes_executor.py
[2025-04-21T00:41:12.157-0300] {logging_mixin.py:190} INFO - [2025-04-21T00:41:12.156-0300] {example_local_kubernetes_executor.py:40} WARNING - Could not import DAGs in example_local_kubernetes_executor.py
Traceback (most recent call last):
  File "/home/lenovo/miniconda3/envs/worker/lib/python3.12/site-packages/airflow/example_dags/example_local_kubernetes_executor.py", line 38, in <module>
    from kubernetes.client import models as k8s
ModuleNotFoundError: No module named 'kubernetes'
[2025-04-21T00:41:12.157-0300] {logging_mixin.py:190} INFO - [2025-04-21T00:41:12.157-0300] {example_local_kubernetes_executor.py:41} WARNING - Install Kubernetes dependencies with: pip install apache-airflow[cncf.kubernetes]
[2025-04-21T00:41:12.157-0300] {processor.py:927} WARNING - No viable dags retrieved from /home/lenovo/miniconda3/envs/worker/lib/python3.12/site-packages/airflow/example_dags/example_local_kubernetes_executor.py
[2025-04-21T00:41:12.173-0300] {processor.py:208} INFO - Processing /home/lenovo/miniconda3/envs/worker/lib/python3.12/site-packages/airflow/example_dags/example_local_kubernetes_executor.py took 0.058 seconds
[2025-04-21T00:42:39.775-0300] {processor.py:186} INFO - Started process (PID=438) to work on /home/lenovo/miniconda3/envs/worker/lib/python3.12/site-packages/airflow/example_dags/example_local_kubernetes_executor.py
[2025-04-21T00:42:39.797-0300] {processor.py:914} INFO - Processing file /home/lenovo/miniconda3/envs/worker/lib/python3.12/site-packages/airflow/example_dags/example_local_kubernetes_executor.py for tasks to queue
[2025-04-21T00:42:39.799-0300] {logging_mixin.py:190} INFO - [2025-04-21T00:42:39.799-0300] {dagbag.py:588} INFO - Filling up the DagBag from /home/lenovo/miniconda3/envs/worker/lib/python3.12/site-packages/airflow/example_dags/example_local_kubernetes_executor.py
[2025-04-21T00:42:39.804-0300] {logging_mixin.py:190} INFO - [2025-04-21T00:42:39.803-0300] {example_local_kubernetes_executor.py:40} WARNING - Could not import DAGs in example_local_kubernetes_executor.py
Traceback (most recent call last):
  File "/home/lenovo/miniconda3/envs/worker/lib/python3.12/site-packages/airflow/example_dags/example_local_kubernetes_executor.py", line 38, in <module>
    from kubernetes.client import models as k8s
ModuleNotFoundError: No module named 'kubernetes'
[2025-04-21T00:42:39.805-0300] {logging_mixin.py:190} INFO - [2025-04-21T00:42:39.805-0300] {example_local_kubernetes_executor.py:41} WARNING - Install Kubernetes dependencies with: pip install apache-airflow[cncf.kubernetes]
[2025-04-21T00:42:39.805-0300] {processor.py:927} WARNING - No viable dags retrieved from /home/lenovo/miniconda3/envs/worker/lib/python3.12/site-packages/airflow/example_dags/example_local_kubernetes_executor.py
[2025-04-21T00:42:39.817-0300] {processor.py:208} INFO - Processing /home/lenovo/miniconda3/envs/worker/lib/python3.12/site-packages/airflow/example_dags/example_local_kubernetes_executor.py took 0.049 seconds
[2025-04-21T00:43:45.199-0300] {processor.py:186} INFO - Started process (PID=495) to work on /home/lenovo/miniconda3/envs/worker/lib/python3.12/site-packages/airflow/example_dags/example_local_kubernetes_executor.py
[2025-04-21T00:43:45.220-0300] {processor.py:914} INFO - Processing file /home/lenovo/miniconda3/envs/worker/lib/python3.12/site-packages/airflow/example_dags/example_local_kubernetes_executor.py for tasks to queue
[2025-04-21T00:43:45.223-0300] {logging_mixin.py:190} INFO - [2025-04-21T00:43:45.222-0300] {dagbag.py:588} INFO - Filling up the DagBag from /home/lenovo/miniconda3/envs/worker/lib/python3.12/site-packages/airflow/example_dags/example_local_kubernetes_executor.py
[2025-04-21T00:43:45.227-0300] {logging_mixin.py:190} INFO - [2025-04-21T00:43:45.226-0300] {example_local_kubernetes_executor.py:40} WARNING - Could not import DAGs in example_local_kubernetes_executor.py
Traceback (most recent call last):
  File "/home/lenovo/miniconda3/envs/worker/lib/python3.12/site-packages/airflow/example_dags/example_local_kubernetes_executor.py", line 38, in <module>
    from kubernetes.client import models as k8s
ModuleNotFoundError: No module named 'kubernetes'
[2025-04-21T00:43:45.227-0300] {logging_mixin.py:190} INFO - [2025-04-21T00:43:45.227-0300] {example_local_kubernetes_executor.py:41} WARNING - Install Kubernetes dependencies with: pip install apache-airflow[cncf.kubernetes]
[2025-04-21T00:43:45.227-0300] {processor.py:927} WARNING - No viable dags retrieved from /home/lenovo/miniconda3/envs/worker/lib/python3.12/site-packages/airflow/example_dags/example_local_kubernetes_executor.py
[2025-04-21T00:43:45.242-0300] {processor.py:208} INFO - Processing /home/lenovo/miniconda3/envs/worker/lib/python3.12/site-packages/airflow/example_dags/example_local_kubernetes_executor.py took 0.049 seconds
[2025-04-21T00:44:56.631-0300] {processor.py:186} INFO - Started process (PID=614) to work on /home/lenovo/miniconda3/envs/worker/lib/python3.12/site-packages/airflow/example_dags/example_local_kubernetes_executor.py
[2025-04-21T00:44:56.652-0300] {processor.py:914} INFO - Processing file /home/lenovo/miniconda3/envs/worker/lib/python3.12/site-packages/airflow/example_dags/example_local_kubernetes_executor.py for tasks to queue
[2025-04-21T00:44:56.655-0300] {logging_mixin.py:190} INFO - [2025-04-21T00:44:56.654-0300] {dagbag.py:588} INFO - Filling up the DagBag from /home/lenovo/miniconda3/envs/worker/lib/python3.12/site-packages/airflow/example_dags/example_local_kubernetes_executor.py
[2025-04-21T00:44:56.659-0300] {logging_mixin.py:190} INFO - [2025-04-21T00:44:56.658-0300] {example_local_kubernetes_executor.py:40} WARNING - Could not import DAGs in example_local_kubernetes_executor.py
Traceback (most recent call last):
  File "/home/lenovo/miniconda3/envs/worker/lib/python3.12/site-packages/airflow/example_dags/example_local_kubernetes_executor.py", line 38, in <module>
    from kubernetes.client import models as k8s
ModuleNotFoundError: No module named 'kubernetes'
[2025-04-21T00:44:56.659-0300] {logging_mixin.py:190} INFO - [2025-04-21T00:44:56.659-0300] {example_local_kubernetes_executor.py:41} WARNING - Install Kubernetes dependencies with: pip install apache-airflow[cncf.kubernetes]
[2025-04-21T00:44:56.659-0300] {processor.py:927} WARNING - No viable dags retrieved from /home/lenovo/miniconda3/envs/worker/lib/python3.12/site-packages/airflow/example_dags/example_local_kubernetes_executor.py
[2025-04-21T00:44:56.676-0300] {processor.py:208} INFO - Processing /home/lenovo/miniconda3/envs/worker/lib/python3.12/site-packages/airflow/example_dags/example_local_kubernetes_executor.py took 0.054 seconds
[2025-04-21T00:46:09.307-0300] {processor.py:186} INFO - Started process (PID=703) to work on /home/lenovo/miniconda3/envs/worker/lib/python3.12/site-packages/airflow/example_dags/example_local_kubernetes_executor.py
[2025-04-21T00:46:09.330-0300] {processor.py:914} INFO - Processing file /home/lenovo/miniconda3/envs/worker/lib/python3.12/site-packages/airflow/example_dags/example_local_kubernetes_executor.py for tasks to queue
[2025-04-21T00:46:09.334-0300] {logging_mixin.py:190} INFO - [2025-04-21T00:46:09.333-0300] {dagbag.py:588} INFO - Filling up the DagBag from /home/lenovo/miniconda3/envs/worker/lib/python3.12/site-packages/airflow/example_dags/example_local_kubernetes_executor.py
[2025-04-21T00:46:09.339-0300] {logging_mixin.py:190} INFO - [2025-04-21T00:46:09.338-0300] {example_local_kubernetes_executor.py:40} WARNING - Could not import DAGs in example_local_kubernetes_executor.py
Traceback (most recent call last):
  File "/home/lenovo/miniconda3/envs/worker/lib/python3.12/site-packages/airflow/example_dags/example_local_kubernetes_executor.py", line 38, in <module>
    from kubernetes.client import models as k8s
ModuleNotFoundError: No module named 'kubernetes'
[2025-04-21T00:46:09.340-0300] {logging_mixin.py:190} INFO - [2025-04-21T00:46:09.339-0300] {example_local_kubernetes_executor.py:41} WARNING - Install Kubernetes dependencies with: pip install apache-airflow[cncf.kubernetes]
[2025-04-21T00:46:09.340-0300] {processor.py:927} WARNING - No viable dags retrieved from /home/lenovo/miniconda3/envs/worker/lib/python3.12/site-packages/airflow/example_dags/example_local_kubernetes_executor.py
[2025-04-21T00:46:09.358-0300] {processor.py:208} INFO - Processing /home/lenovo/miniconda3/envs/worker/lib/python3.12/site-packages/airflow/example_dags/example_local_kubernetes_executor.py took 0.059 seconds
