[2025-04-21T00:40:07.509-0300] {processor.py:186} INFO - Started process (PID=15682) to work on /home/lenovo/miniconda3/envs/worker/lib/python3.12/site-packages/airflow/example_dags/example_branch_day_of_week_operator.py
[2025-04-21T00:40:07.510-0300] {processor.py:914} INFO - Processing file /home/lenovo/miniconda3/envs/worker/lib/python3.12/site-packages/airflow/example_dags/example_branch_day_of_week_operator.py for tasks to queue
[2025-04-21T00:40:07.513-0300] {logging_mixin.py:190} INFO - [2025-04-21T00:40:07.513-0300] {dagbag.py:588} INFO - Filling up the DagBag from /home/lenovo/miniconda3/envs/worker/lib/python3.12/site-packages/airflow/example_dags/example_branch_day_of_week_operator.py
[2025-04-21T00:40:07.525-0300] {processor.py:925} INFO - DAG(s) 'example_weekday_branch_operator' retrieved from /home/lenovo/miniconda3/envs/worker/lib/python3.12/site-packages/airflow/example_dags/example_branch_day_of_week_operator.py
[2025-04-21T00:40:07.730-0300] {logging_mixin.py:190} INFO - [2025-04-21T00:40:07.729-0300] {override.py:1911} INFO - Created Permission View: can read on DAG:example_weekday_branch_operator
[2025-04-21T00:40:07.753-0300] {logging_mixin.py:190} INFO - [2025-04-21T00:40:07.752-0300] {override.py:1911} INFO - Created Permission View: can delete on DAG:example_weekday_branch_operator
[2025-04-21T00:40:07.773-0300] {logging_mixin.py:190} INFO - [2025-04-21T00:40:07.772-0300] {override.py:1911} INFO - Created Permission View: can edit on DAG:example_weekday_branch_operator
[2025-04-21T00:40:07.803-0300] {logging_mixin.py:190} INFO - [2025-04-21T00:40:07.803-0300] {override.py:1911} INFO - Created Permission View: can read on DAG Run:example_weekday_branch_operator
[2025-04-21T00:40:07.821-0300] {logging_mixin.py:190} INFO - [2025-04-21T00:40:07.820-0300] {override.py:1911} INFO - Created Permission View: can delete on DAG Run:example_weekday_branch_operator
[2025-04-21T00:40:07.841-0300] {logging_mixin.py:190} INFO - [2025-04-21T00:40:07.840-0300] {override.py:1911} INFO - Created Permission View: can create on DAG Run:example_weekday_branch_operator
[2025-04-21T00:40:07.859-0300] {logging_mixin.py:190} INFO - [2025-04-21T00:40:07.859-0300] {override.py:1911} INFO - Created Permission View: menu access on DAG Run:example_weekday_branch_operator
[2025-04-21T00:40:07.860-0300] {logging_mixin.py:190} INFO - [2025-04-21T00:40:07.860-0300] {dag.py:3239} INFO - Sync 1 DAGs
[2025-04-21T00:40:07.876-0300] {logging_mixin.py:190} INFO - [2025-04-21T00:40:07.876-0300] {dag.py:3262} INFO - Creating ORM DAG for example_weekday_branch_operator
[2025-04-21T00:40:07.889-0300] {logging_mixin.py:190} INFO - [2025-04-21T00:40:07.889-0300] {dag.py:4180} INFO - Setting next_dagrun for example_weekday_branch_operator to 2025-04-20 00:00:00+00:00, run_after=2025-04-21 00:00:00+00:00
[2025-04-21T00:40:07.926-0300] {processor.py:208} INFO - Processing /home/lenovo/miniconda3/envs/worker/lib/python3.12/site-packages/airflow/example_dags/example_branch_day_of_week_operator.py took 0.424 seconds
[2025-04-21T00:42:51.653-0300] {processor.py:186} INFO - Started process (PID=449) to work on /home/lenovo/miniconda3/envs/worker/lib/python3.12/site-packages/airflow/example_dags/example_branch_day_of_week_operator.py
[2025-04-21T00:42:51.655-0300] {processor.py:914} INFO - Processing file /home/lenovo/miniconda3/envs/worker/lib/python3.12/site-packages/airflow/example_dags/example_branch_day_of_week_operator.py for tasks to queue
[2025-04-21T00:42:51.659-0300] {logging_mixin.py:190} INFO - [2025-04-21T00:42:51.658-0300] {dagbag.py:588} INFO - Filling up the DagBag from /home/lenovo/miniconda3/envs/worker/lib/python3.12/site-packages/airflow/example_dags/example_branch_day_of_week_operator.py
[2025-04-21T00:42:51.674-0300] {processor.py:925} INFO - DAG(s) 'example_weekday_branch_operator' retrieved from /home/lenovo/miniconda3/envs/worker/lib/python3.12/site-packages/airflow/example_dags/example_branch_day_of_week_operator.py
[2025-04-21T00:42:51.702-0300] {logging_mixin.py:190} INFO - [2025-04-21T00:42:51.702-0300] {dag.py:3239} INFO - Sync 1 DAGs
[2025-04-21T00:42:51.729-0300] {logging_mixin.py:190} INFO - [2025-04-21T00:42:51.729-0300] {dag.py:4180} INFO - Setting next_dagrun for example_weekday_branch_operator to 2025-04-20 00:00:00+00:00, run_after=2025-04-21 00:00:00+00:00
[2025-04-21T00:42:51.771-0300] {processor.py:208} INFO - Processing /home/lenovo/miniconda3/envs/worker/lib/python3.12/site-packages/airflow/example_dags/example_branch_day_of_week_operator.py took 0.125 seconds
[2025-04-21T00:43:56.769-0300] {processor.py:186} INFO - Started process (PID=536) to work on /home/lenovo/miniconda3/envs/worker/lib/python3.12/site-packages/airflow/example_dags/example_branch_day_of_week_operator.py
[2025-04-21T00:43:56.792-0300] {processor.py:914} INFO - Processing file /home/lenovo/miniconda3/envs/worker/lib/python3.12/site-packages/airflow/example_dags/example_branch_day_of_week_operator.py for tasks to queue
[2025-04-21T00:43:56.795-0300] {logging_mixin.py:190} INFO - [2025-04-21T00:43:56.795-0300] {dagbag.py:588} INFO - Filling up the DagBag from /home/lenovo/miniconda3/envs/worker/lib/python3.12/site-packages/airflow/example_dags/example_branch_day_of_week_operator.py
[2025-04-21T00:43:56.812-0300] {processor.py:925} INFO - DAG(s) 'example_weekday_branch_operator' retrieved from /home/lenovo/miniconda3/envs/worker/lib/python3.12/site-packages/airflow/example_dags/example_branch_day_of_week_operator.py
[2025-04-21T00:43:56.833-0300] {logging_mixin.py:190} INFO - [2025-04-21T00:43:56.833-0300] {dag.py:3239} INFO - Sync 1 DAGs
[2025-04-21T00:43:56.870-0300] {logging_mixin.py:190} INFO - [2025-04-21T00:43:56.869-0300] {dag.py:4180} INFO - Setting next_dagrun for example_weekday_branch_operator to 2025-04-20 00:00:00+00:00, run_after=2025-04-21 00:00:00+00:00
[2025-04-21T00:43:56.908-0300] {processor.py:208} INFO - Processing /home/lenovo/miniconda3/envs/worker/lib/python3.12/site-packages/airflow/example_dags/example_branch_day_of_week_operator.py took 0.145 seconds
[2025-04-21T00:45:09.641-0300] {processor.py:186} INFO - Started process (PID=640) to work on /home/lenovo/miniconda3/envs/worker/lib/python3.12/site-packages/airflow/example_dags/example_branch_day_of_week_operator.py
[2025-04-21T00:45:09.663-0300] {processor.py:914} INFO - Processing file /home/lenovo/miniconda3/envs/worker/lib/python3.12/site-packages/airflow/example_dags/example_branch_day_of_week_operator.py for tasks to queue
[2025-04-21T00:45:09.666-0300] {logging_mixin.py:190} INFO - [2025-04-21T00:45:09.666-0300] {dagbag.py:588} INFO - Filling up the DagBag from /home/lenovo/miniconda3/envs/worker/lib/python3.12/site-packages/airflow/example_dags/example_branch_day_of_week_operator.py
[2025-04-21T00:45:09.683-0300] {processor.py:925} INFO - DAG(s) 'example_weekday_branch_operator' retrieved from /home/lenovo/miniconda3/envs/worker/lib/python3.12/site-packages/airflow/example_dags/example_branch_day_of_week_operator.py
[2025-04-21T00:45:09.710-0300] {logging_mixin.py:190} INFO - [2025-04-21T00:45:09.710-0300] {dag.py:3239} INFO - Sync 1 DAGs
[2025-04-21T00:45:09.747-0300] {logging_mixin.py:190} INFO - [2025-04-21T00:45:09.746-0300] {dag.py:4180} INFO - Setting next_dagrun for example_weekday_branch_operator to 2025-04-20 00:00:00+00:00, run_after=2025-04-21 00:00:00+00:00
[2025-04-21T00:45:09.790-0300] {processor.py:208} INFO - Processing /home/lenovo/miniconda3/envs/worker/lib/python3.12/site-packages/airflow/example_dags/example_branch_day_of_week_operator.py took 0.157 seconds
[2025-04-21T00:46:22.878-0300] {processor.py:186} INFO - Started process (PID=718) to work on /home/lenovo/miniconda3/envs/worker/lib/python3.12/site-packages/airflow/example_dags/example_branch_day_of_week_operator.py
[2025-04-21T00:46:22.900-0300] {processor.py:914} INFO - Processing file /home/lenovo/miniconda3/envs/worker/lib/python3.12/site-packages/airflow/example_dags/example_branch_day_of_week_operator.py for tasks to queue
[2025-04-21T00:46:22.902-0300] {logging_mixin.py:190} INFO - [2025-04-21T00:46:22.902-0300] {dagbag.py:588} INFO - Filling up the DagBag from /home/lenovo/miniconda3/envs/worker/lib/python3.12/site-packages/airflow/example_dags/example_branch_day_of_week_operator.py
[2025-04-21T00:46:22.918-0300] {processor.py:925} INFO - DAG(s) 'example_weekday_branch_operator' retrieved from /home/lenovo/miniconda3/envs/worker/lib/python3.12/site-packages/airflow/example_dags/example_branch_day_of_week_operator.py
[2025-04-21T00:46:22.943-0300] {logging_mixin.py:190} INFO - [2025-04-21T00:46:22.943-0300] {dag.py:3239} INFO - Sync 1 DAGs
[2025-04-21T00:46:22.978-0300] {logging_mixin.py:190} INFO - [2025-04-21T00:46:22.978-0300] {dag.py:4180} INFO - Setting next_dagrun for example_weekday_branch_operator to 2025-04-20 00:00:00+00:00, run_after=2025-04-21 00:00:00+00:00
[2025-04-21T00:46:23.015-0300] {processor.py:208} INFO - Processing /home/lenovo/miniconda3/envs/worker/lib/python3.12/site-packages/airflow/example_dags/example_branch_day_of_week_operator.py took 0.144 seconds
