[2025-04-21T00:40:29.274-0300] {processor.py:186} INFO - Started process (PID=15697) to work on /home/lenovo/miniconda3/envs/worker/lib/python3.12/site-packages/airflow/example_dags/example_params_trigger_ui.py
[2025-04-21T00:40:29.275-0300] {processor.py:914} INFO - Processing file /home/lenovo/miniconda3/envs/worker/lib/python3.12/site-packages/airflow/example_dags/example_params_trigger_ui.py for tasks to queue
[2025-04-21T00:40:29.279-0300] {logging_mixin.py:190} INFO - [2025-04-21T00:40:29.278-0300] {dagbag.py:588} INFO - Filling up the DagBag from /home/lenovo/miniconda3/envs/worker/lib/python3.12/site-packages/airflow/example_dags/example_params_trigger_ui.py
[2025-04-21T00:40:29.295-0300] {processor.py:925} INFO - DAG(s) 'example_params_trigger_ui' retrieved from /home/lenovo/miniconda3/envs/worker/lib/python3.12/site-packages/airflow/example_dags/example_params_trigger_ui.py
[2025-04-21T00:40:29.563-0300] {logging_mixin.py:190} INFO - [2025-04-21T00:40:29.560-0300] {override.py:1911} INFO - Created Permission View: can read on DAG:example_params_trigger_ui
[2025-04-21T00:40:29.586-0300] {logging_mixin.py:190} INFO - [2025-04-21T00:40:29.586-0300] {override.py:1911} INFO - Created Permission View: can delete on DAG:example_params_trigger_ui
[2025-04-21T00:40:29.604-0300] {logging_mixin.py:190} INFO - [2025-04-21T00:40:29.603-0300] {override.py:1911} INFO - Created Permission View: can edit on DAG:example_params_trigger_ui
[2025-04-21T00:40:29.631-0300] {logging_mixin.py:190} INFO - [2025-04-21T00:40:29.630-0300] {override.py:1911} INFO - Created Permission View: can read on DAG Run:example_params_trigger_ui
[2025-04-21T00:40:29.648-0300] {logging_mixin.py:190} INFO - [2025-04-21T00:40:29.647-0300] {override.py:1911} INFO - Created Permission View: can delete on DAG Run:example_params_trigger_ui
[2025-04-21T00:40:29.665-0300] {logging_mixin.py:190} INFO - [2025-04-21T00:40:29.664-0300] {override.py:1911} INFO - Created Permission View: can create on DAG Run:example_params_trigger_ui
[2025-04-21T00:40:29.683-0300] {logging_mixin.py:190} INFO - [2025-04-21T00:40:29.682-0300] {override.py:1911} INFO - Created Permission View: menu access on DAG Run:example_params_trigger_ui
[2025-04-21T00:40:29.683-0300] {logging_mixin.py:190} INFO - [2025-04-21T00:40:29.683-0300] {dag.py:3239} INFO - Sync 1 DAGs
[2025-04-21T00:40:29.707-0300] {logging_mixin.py:190} INFO - [2025-04-21T00:40:29.707-0300] {dag.py:3262} INFO - Creating ORM DAG for example_params_trigger_ui
[2025-04-21T00:40:29.709-0300] {logging_mixin.py:190} INFO - [2025-04-21T00:40:29.708-0300] {dag.py:4180} INFO - Setting next_dagrun for example_params_trigger_ui to None, run_after=None
[2025-04-21T00:40:29.751-0300] {processor.py:208} INFO - Processing /home/lenovo/miniconda3/envs/worker/lib/python3.12/site-packages/airflow/example_dags/example_params_trigger_ui.py took 0.484 seconds
[2025-04-21T00:43:10.839-0300] {processor.py:186} INFO - Started process (PID=464) to work on /home/lenovo/miniconda3/envs/worker/lib/python3.12/site-packages/airflow/example_dags/example_params_trigger_ui.py
[2025-04-21T00:43:10.841-0300] {processor.py:914} INFO - Processing file /home/lenovo/miniconda3/envs/worker/lib/python3.12/site-packages/airflow/example_dags/example_params_trigger_ui.py for tasks to queue
[2025-04-21T00:43:10.844-0300] {logging_mixin.py:190} INFO - [2025-04-21T00:43:10.844-0300] {dagbag.py:588} INFO - Filling up the DagBag from /home/lenovo/miniconda3/envs/worker/lib/python3.12/site-packages/airflow/example_dags/example_params_trigger_ui.py
[2025-04-21T00:43:10.860-0300] {processor.py:925} INFO - DAG(s) 'example_params_trigger_ui' retrieved from /home/lenovo/miniconda3/envs/worker/lib/python3.12/site-packages/airflow/example_dags/example_params_trigger_ui.py
[2025-04-21T00:43:10.923-0300] {logging_mixin.py:190} INFO - [2025-04-21T00:43:10.922-0300] {dag.py:3239} INFO - Sync 1 DAGs
[2025-04-21T00:43:10.941-0300] {logging_mixin.py:190} INFO - [2025-04-21T00:43:10.940-0300] {dag.py:4180} INFO - Setting next_dagrun for example_params_trigger_ui to None, run_after=None
[2025-04-21T00:43:10.976-0300] {processor.py:208} INFO - Processing /home/lenovo/miniconda3/envs/worker/lib/python3.12/site-packages/airflow/example_dags/example_params_trigger_ui.py took 0.146 seconds
[2025-04-21T00:44:22.041-0300] {processor.py:186} INFO - Started process (PID=572) to work on /home/lenovo/miniconda3/envs/worker/lib/python3.12/site-packages/airflow/example_dags/example_params_trigger_ui.py
[2025-04-21T00:44:22.043-0300] {processor.py:914} INFO - Processing file /home/lenovo/miniconda3/envs/worker/lib/python3.12/site-packages/airflow/example_dags/example_params_trigger_ui.py for tasks to queue
[2025-04-21T00:44:22.046-0300] {logging_mixin.py:190} INFO - [2025-04-21T00:44:22.045-0300] {dagbag.py:588} INFO - Filling up the DagBag from /home/lenovo/miniconda3/envs/worker/lib/python3.12/site-packages/airflow/example_dags/example_params_trigger_ui.py
[2025-04-21T00:44:22.065-0300] {processor.py:925} INFO - DAG(s) 'example_params_trigger_ui' retrieved from /home/lenovo/miniconda3/envs/worker/lib/python3.12/site-packages/airflow/example_dags/example_params_trigger_ui.py
[2025-04-21T00:44:22.125-0300] {logging_mixin.py:190} INFO - [2025-04-21T00:44:22.125-0300] {dag.py:3239} INFO - Sync 1 DAGs
[2025-04-21T00:44:22.148-0300] {logging_mixin.py:190} INFO - [2025-04-21T00:44:22.148-0300] {dag.py:4180} INFO - Setting next_dagrun for example_params_trigger_ui to None, run_after=None
[2025-04-21T00:44:22.217-0300] {processor.py:208} INFO - Processing /home/lenovo/miniconda3/envs/worker/lib/python3.12/site-packages/airflow/example_dags/example_params_trigger_ui.py took 0.191 seconds
[2025-04-21T00:45:35.187-0300] {processor.py:186} INFO - Started process (PID=672) to work on /home/lenovo/miniconda3/envs/worker/lib/python3.12/site-packages/airflow/example_dags/example_params_trigger_ui.py
[2025-04-21T00:45:35.210-0300] {processor.py:914} INFO - Processing file /home/lenovo/miniconda3/envs/worker/lib/python3.12/site-packages/airflow/example_dags/example_params_trigger_ui.py for tasks to queue
[2025-04-21T00:45:35.213-0300] {logging_mixin.py:190} INFO - [2025-04-21T00:45:35.212-0300] {dagbag.py:588} INFO - Filling up the DagBag from /home/lenovo/miniconda3/envs/worker/lib/python3.12/site-packages/airflow/example_dags/example_params_trigger_ui.py
[2025-04-21T00:45:35.230-0300] {processor.py:925} INFO - DAG(s) 'example_params_trigger_ui' retrieved from /home/lenovo/miniconda3/envs/worker/lib/python3.12/site-packages/airflow/example_dags/example_params_trigger_ui.py
[2025-04-21T00:45:35.288-0300] {logging_mixin.py:190} INFO - [2025-04-21T00:45:35.288-0300] {dag.py:3239} INFO - Sync 1 DAGs
[2025-04-21T00:45:35.307-0300] {logging_mixin.py:190} INFO - [2025-04-21T00:45:35.307-0300] {dag.py:4180} INFO - Setting next_dagrun for example_params_trigger_ui to None, run_after=None
[2025-04-21T00:45:35.362-0300] {processor.py:208} INFO - Processing /home/lenovo/miniconda3/envs/worker/lib/python3.12/site-packages/airflow/example_dags/example_params_trigger_ui.py took 0.182 seconds
