[2025-04-21T00:40:33.166-0300] {processor.py:186} INFO - Started process (PID=15726) to work on /home/lenovo/miniconda3/envs/worker/lib/python3.12/site-packages/airflow/example_dags/example_latest_only.py
[2025-04-21T00:40:33.168-0300] {processor.py:914} INFO - Processing file /home/lenovo/miniconda3/envs/worker/lib/python3.12/site-packages/airflow/example_dags/example_latest_only.py for tasks to queue
[2025-04-21T00:40:33.172-0300] {logging_mixin.py:190} INFO - [2025-04-21T00:40:33.172-0300] {dagbag.py:588} INFO - Filling up the DagBag from /home/lenovo/miniconda3/envs/worker/lib/python3.12/site-packages/airflow/example_dags/example_latest_only.py
[2025-04-21T00:40:33.183-0300] {processor.py:925} INFO - DAG(s) 'latest_only' retrieved from /home/lenovo/miniconda3/envs/worker/lib/python3.12/site-packages/airflow/example_dags/example_latest_only.py
[2025-04-21T00:40:33.344-0300] {logging_mixin.py:190} INFO - [2025-04-21T00:40:33.343-0300] {override.py:1911} INFO - Created Permission View: can read on DAG:latest_only
[2025-04-21T00:40:33.371-0300] {logging_mixin.py:190} INFO - [2025-04-21T00:40:33.370-0300] {override.py:1911} INFO - Created Permission View: can delete on DAG:latest_only
[2025-04-21T00:40:33.386-0300] {logging_mixin.py:190} INFO - [2025-04-21T00:40:33.385-0300] {override.py:1911} INFO - Created Permission View: can edit on DAG:latest_only
[2025-04-21T00:40:33.415-0300] {logging_mixin.py:190} INFO - [2025-04-21T00:40:33.414-0300] {override.py:1911} INFO - Created Permission View: can read on DAG Run:latest_only
[2025-04-21T00:40:33.431-0300] {logging_mixin.py:190} INFO - [2025-04-21T00:40:33.430-0300] {override.py:1911} INFO - Created Permission View: can delete on DAG Run:latest_only
[2025-04-21T00:40:33.445-0300] {logging_mixin.py:190} INFO - [2025-04-21T00:40:33.445-0300] {override.py:1911} INFO - Created Permission View: can create on DAG Run:latest_only
[2025-04-21T00:40:33.460-0300] {logging_mixin.py:190} INFO - [2025-04-21T00:40:33.460-0300] {override.py:1911} INFO - Created Permission View: menu access on DAG Run:latest_only
[2025-04-21T00:40:33.461-0300] {logging_mixin.py:190} INFO - [2025-04-21T00:40:33.461-0300] {dag.py:3239} INFO - Sync 1 DAGs
[2025-04-21T00:40:33.479-0300] {logging_mixin.py:190} INFO - [2025-04-21T00:40:33.478-0300] {dag.py:3262} INFO - Creating ORM DAG for latest_only
[2025-04-21T00:40:33.490-0300] {logging_mixin.py:190} INFO - [2025-04-21T00:40:33.490-0300] {dag.py:4180} INFO - Setting next_dagrun for latest_only to 2025-04-20 20:00:00+00:00, run_after=2025-04-21 00:00:00+00:00
[2025-04-21T00:40:33.524-0300] {processor.py:208} INFO - Processing /home/lenovo/miniconda3/envs/worker/lib/python3.12/site-packages/airflow/example_dags/example_latest_only.py took 0.364 seconds
[2025-04-21T00:43:13.604-0300] {processor.py:186} INFO - Started process (PID=467) to work on /home/lenovo/miniconda3/envs/worker/lib/python3.12/site-packages/airflow/example_dags/example_latest_only.py
[2025-04-21T00:43:13.606-0300] {processor.py:914} INFO - Processing file /home/lenovo/miniconda3/envs/worker/lib/python3.12/site-packages/airflow/example_dags/example_latest_only.py for tasks to queue
[2025-04-21T00:43:13.608-0300] {logging_mixin.py:190} INFO - [2025-04-21T00:43:13.608-0300] {dagbag.py:588} INFO - Filling up the DagBag from /home/lenovo/miniconda3/envs/worker/lib/python3.12/site-packages/airflow/example_dags/example_latest_only.py
[2025-04-21T00:43:13.618-0300] {processor.py:925} INFO - DAG(s) 'latest_only' retrieved from /home/lenovo/miniconda3/envs/worker/lib/python3.12/site-packages/airflow/example_dags/example_latest_only.py
[2025-04-21T00:43:13.642-0300] {logging_mixin.py:190} INFO - [2025-04-21T00:43:13.641-0300] {dag.py:3239} INFO - Sync 1 DAGs
[2025-04-21T00:43:13.671-0300] {logging_mixin.py:190} INFO - [2025-04-21T00:43:13.671-0300] {dag.py:4180} INFO - Setting next_dagrun for latest_only to 2025-04-20 20:00:00+00:00, run_after=2025-04-21 00:00:00+00:00
[2025-04-21T00:43:13.705-0300] {processor.py:208} INFO - Processing /home/lenovo/miniconda3/envs/worker/lib/python3.12/site-packages/airflow/example_dags/example_latest_only.py took 0.108 seconds
[2025-04-21T00:44:25.850-0300] {processor.py:186} INFO - Started process (PID=577) to work on /home/lenovo/miniconda3/envs/worker/lib/python3.12/site-packages/airflow/example_dags/example_latest_only.py
[2025-04-21T00:44:25.853-0300] {processor.py:914} INFO - Processing file /home/lenovo/miniconda3/envs/worker/lib/python3.12/site-packages/airflow/example_dags/example_latest_only.py for tasks to queue
[2025-04-21T00:44:25.855-0300] {logging_mixin.py:190} INFO - [2025-04-21T00:44:25.855-0300] {dagbag.py:588} INFO - Filling up the DagBag from /home/lenovo/miniconda3/envs/worker/lib/python3.12/site-packages/airflow/example_dags/example_latest_only.py
[2025-04-21T00:44:25.865-0300] {processor.py:925} INFO - DAG(s) 'latest_only' retrieved from /home/lenovo/miniconda3/envs/worker/lib/python3.12/site-packages/airflow/example_dags/example_latest_only.py
[2025-04-21T00:44:25.892-0300] {logging_mixin.py:190} INFO - [2025-04-21T00:44:25.891-0300] {dag.py:3239} INFO - Sync 1 DAGs
[2025-04-21T00:44:25.924-0300] {logging_mixin.py:190} INFO - [2025-04-21T00:44:25.924-0300] {dag.py:4180} INFO - Setting next_dagrun for latest_only to 2025-04-20 20:00:00+00:00, run_after=2025-04-21 00:00:00+00:00
[2025-04-21T00:44:25.982-0300] {processor.py:208} INFO - Processing /home/lenovo/miniconda3/envs/worker/lib/python3.12/site-packages/airflow/example_dags/example_latest_only.py took 0.139 seconds
[2025-04-21T00:45:38.499-0300] {processor.py:186} INFO - Started process (PID=675) to work on /home/lenovo/miniconda3/envs/worker/lib/python3.12/site-packages/airflow/example_dags/example_latest_only.py
[2025-04-21T00:45:38.522-0300] {processor.py:914} INFO - Processing file /home/lenovo/miniconda3/envs/worker/lib/python3.12/site-packages/airflow/example_dags/example_latest_only.py for tasks to queue
[2025-04-21T00:45:38.525-0300] {logging_mixin.py:190} INFO - [2025-04-21T00:45:38.525-0300] {dagbag.py:588} INFO - Filling up the DagBag from /home/lenovo/miniconda3/envs/worker/lib/python3.12/site-packages/airflow/example_dags/example_latest_only.py
[2025-04-21T00:45:38.540-0300] {processor.py:925} INFO - DAG(s) 'latest_only' retrieved from /home/lenovo/miniconda3/envs/worker/lib/python3.12/site-packages/airflow/example_dags/example_latest_only.py
[2025-04-21T00:45:38.560-0300] {logging_mixin.py:190} INFO - [2025-04-21T00:45:38.560-0300] {dag.py:3239} INFO - Sync 1 DAGs
[2025-04-21T00:45:38.586-0300] {logging_mixin.py:190} INFO - [2025-04-21T00:45:38.585-0300] {dag.py:4180} INFO - Setting next_dagrun for latest_only to 2025-04-20 20:00:00+00:00, run_after=2025-04-21 00:00:00+00:00
[2025-04-21T00:45:38.622-0300] {processor.py:208} INFO - Processing /home/lenovo/miniconda3/envs/worker/lib/python3.12/site-packages/airflow/example_dags/example_latest_only.py took 0.134 seconds
