[2025-04-21T00:39:57.993-0300] {processor.py:186} INFO - Started process (PID=15675) to work on /home/lenovo/miniconda3/envs/worker/lib/python3.12/site-packages/airflow/example_dags/tutorial.py
[2025-04-21T00:39:57.994-0300] {processor.py:914} INFO - Processing file /home/lenovo/miniconda3/envs/worker/lib/python3.12/site-packages/airflow/example_dags/tutorial.py for tasks to queue
[2025-04-21T00:39:57.996-0300] {logging_mixin.py:190} INFO - [2025-04-21T00:39:57.996-0300] {dagbag.py:588} INFO - Filling up the DagBag from /home/lenovo/miniconda3/envs/worker/lib/python3.12/site-packages/airflow/example_dags/tutorial.py
[2025-04-21T00:39:58.011-0300] {processor.py:925} INFO - DAG(s) 'tutorial' retrieved from /home/lenovo/miniconda3/envs/worker/lib/python3.12/site-packages/airflow/example_dags/tutorial.py
[2025-04-21T00:39:58.186-0300] {logging_mixin.py:190} INFO - [2025-04-21T00:39:58.185-0300] {override.py:1911} INFO - Created Permission View: can read on DAG:tutorial
[2025-04-21T00:39:58.208-0300] {logging_mixin.py:190} INFO - [2025-04-21T00:39:58.208-0300] {override.py:1911} INFO - Created Permission View: can delete on DAG:tutorial
[2025-04-21T00:39:58.227-0300] {logging_mixin.py:190} INFO - [2025-04-21T00:39:58.226-0300] {override.py:1911} INFO - Created Permission View: can edit on DAG:tutorial
[2025-04-21T00:39:58.258-0300] {logging_mixin.py:190} INFO - [2025-04-21T00:39:58.257-0300] {override.py:1911} INFO - Created Permission View: can read on DAG Run:tutorial
[2025-04-21T00:39:58.275-0300] {logging_mixin.py:190} INFO - [2025-04-21T00:39:58.274-0300] {override.py:1911} INFO - Created Permission View: can delete on DAG Run:tutorial
[2025-04-21T00:39:58.292-0300] {logging_mixin.py:190} INFO - [2025-04-21T00:39:58.291-0300] {override.py:1911} INFO - Created Permission View: can create on DAG Run:tutorial
[2025-04-21T00:39:58.310-0300] {logging_mixin.py:190} INFO - [2025-04-21T00:39:58.309-0300] {override.py:1911} INFO - Created Permission View: menu access on DAG Run:tutorial
[2025-04-21T00:39:58.310-0300] {logging_mixin.py:190} INFO - [2025-04-21T00:39:58.310-0300] {dag.py:3239} INFO - Sync 1 DAGs
[2025-04-21T00:39:58.326-0300] {logging_mixin.py:190} INFO - [2025-04-21T00:39:58.325-0300] {dag.py:3262} INFO - Creating ORM DAG for tutorial
[2025-04-21T00:39:58.336-0300] {logging_mixin.py:190} INFO - [2025-04-21T00:39:58.336-0300] {dag.py:4180} INFO - Setting next_dagrun for tutorial to 2025-04-20 00:00:00+00:00, run_after=2025-04-21 00:00:00+00:00
[2025-04-21T00:39:58.370-0300] {processor.py:208} INFO - Processing /home/lenovo/miniconda3/envs/worker/lib/python3.12/site-packages/airflow/example_dags/tutorial.py took 0.383 seconds
[2025-04-21T00:41:15.771-0300] {processor.py:186} INFO - Started process (PID=15760) to work on /home/lenovo/miniconda3/envs/worker/lib/python3.12/site-packages/airflow/example_dags/tutorial.py
[2025-04-21T00:41:15.793-0300] {processor.py:914} INFO - Processing file /home/lenovo/miniconda3/envs/worker/lib/python3.12/site-packages/airflow/example_dags/tutorial.py for tasks to queue
[2025-04-21T00:41:15.796-0300] {logging_mixin.py:190} INFO - [2025-04-21T00:41:15.795-0300] {dagbag.py:588} INFO - Filling up the DagBag from /home/lenovo/miniconda3/envs/worker/lib/python3.12/site-packages/airflow/example_dags/tutorial.py
[2025-04-21T00:41:15.808-0300] {processor.py:925} INFO - DAG(s) 'tutorial' retrieved from /home/lenovo/miniconda3/envs/worker/lib/python3.12/site-packages/airflow/example_dags/tutorial.py
[2025-04-21T00:41:15.830-0300] {logging_mixin.py:190} INFO - [2025-04-21T00:41:15.830-0300] {dag.py:3239} INFO - Sync 1 DAGs
[2025-04-21T00:41:15.856-0300] {logging_mixin.py:190} INFO - [2025-04-21T00:41:15.855-0300] {dag.py:4180} INFO - Setting next_dagrun for tutorial to 2025-04-20 00:00:00+00:00, run_after=2025-04-21 00:00:00+00:00
[2025-04-21T00:41:15.893-0300] {processor.py:208} INFO - Processing /home/lenovo/miniconda3/envs/worker/lib/python3.12/site-packages/airflow/example_dags/tutorial.py took 0.132 seconds
[2025-04-21T00:42:43.773-0300] {processor.py:186} INFO - Started process (PID=442) to work on /home/lenovo/miniconda3/envs/worker/lib/python3.12/site-packages/airflow/example_dags/tutorial.py
[2025-04-21T00:42:43.795-0300] {processor.py:914} INFO - Processing file /home/lenovo/miniconda3/envs/worker/lib/python3.12/site-packages/airflow/example_dags/tutorial.py for tasks to queue
[2025-04-21T00:42:43.798-0300] {logging_mixin.py:190} INFO - [2025-04-21T00:42:43.797-0300] {dagbag.py:588} INFO - Filling up the DagBag from /home/lenovo/miniconda3/envs/worker/lib/python3.12/site-packages/airflow/example_dags/tutorial.py
[2025-04-21T00:42:43.812-0300] {processor.py:925} INFO - DAG(s) 'tutorial' retrieved from /home/lenovo/miniconda3/envs/worker/lib/python3.12/site-packages/airflow/example_dags/tutorial.py
[2025-04-21T00:42:43.840-0300] {logging_mixin.py:190} INFO - [2025-04-21T00:42:43.839-0300] {dag.py:3239} INFO - Sync 1 DAGs
[2025-04-21T00:42:43.866-0300] {logging_mixin.py:190} INFO - [2025-04-21T00:42:43.866-0300] {dag.py:4180} INFO - Setting next_dagrun for tutorial to 2025-04-20 00:00:00+00:00, run_after=2025-04-21 00:00:00+00:00
[2025-04-21T00:42:43.910-0300] {processor.py:208} INFO - Processing /home/lenovo/miniconda3/envs/worker/lib/python3.12/site-packages/airflow/example_dags/tutorial.py took 0.143 seconds
[2025-04-21T00:43:49.673-0300] {processor.py:186} INFO - Started process (PID=525) to work on /home/lenovo/miniconda3/envs/worker/lib/python3.12/site-packages/airflow/example_dags/tutorial.py
[2025-04-21T00:43:49.694-0300] {processor.py:914} INFO - Processing file /home/lenovo/miniconda3/envs/worker/lib/python3.12/site-packages/airflow/example_dags/tutorial.py for tasks to queue
[2025-04-21T00:43:49.697-0300] {logging_mixin.py:190} INFO - [2025-04-21T00:43:49.697-0300] {dagbag.py:588} INFO - Filling up the DagBag from /home/lenovo/miniconda3/envs/worker/lib/python3.12/site-packages/airflow/example_dags/tutorial.py
[2025-04-21T00:43:49.709-0300] {processor.py:925} INFO - DAG(s) 'tutorial' retrieved from /home/lenovo/miniconda3/envs/worker/lib/python3.12/site-packages/airflow/example_dags/tutorial.py
[2025-04-21T00:43:49.732-0300] {logging_mixin.py:190} INFO - [2025-04-21T00:43:49.731-0300] {dag.py:3239} INFO - Sync 1 DAGs
[2025-04-21T00:43:49.761-0300] {logging_mixin.py:190} INFO - [2025-04-21T00:43:49.761-0300] {dag.py:4180} INFO - Setting next_dagrun for tutorial to 2025-04-20 00:00:00+00:00, run_after=2025-04-21 00:00:00+00:00
[2025-04-21T00:43:49.791-0300] {processor.py:208} INFO - Processing /home/lenovo/miniconda3/envs/worker/lib/python3.12/site-packages/airflow/example_dags/tutorial.py took 0.125 seconds
[2025-04-21T00:45:02.085-0300] {processor.py:186} INFO - Started process (PID=626) to work on /home/lenovo/miniconda3/envs/worker/lib/python3.12/site-packages/airflow/example_dags/tutorial.py
[2025-04-21T00:45:02.087-0300] {processor.py:914} INFO - Processing file /home/lenovo/miniconda3/envs/worker/lib/python3.12/site-packages/airflow/example_dags/tutorial.py for tasks to queue
[2025-04-21T00:45:02.091-0300] {logging_mixin.py:190} INFO - [2025-04-21T00:45:02.090-0300] {dagbag.py:588} INFO - Filling up the DagBag from /home/lenovo/miniconda3/envs/worker/lib/python3.12/site-packages/airflow/example_dags/tutorial.py
[2025-04-21T00:45:02.111-0300] {processor.py:925} INFO - DAG(s) 'tutorial' retrieved from /home/lenovo/miniconda3/envs/worker/lib/python3.12/site-packages/airflow/example_dags/tutorial.py
[2025-04-21T00:45:02.139-0300] {logging_mixin.py:190} INFO - [2025-04-21T00:45:02.138-0300] {dag.py:3239} INFO - Sync 1 DAGs
[2025-04-21T00:45:02.173-0300] {logging_mixin.py:190} INFO - [2025-04-21T00:45:02.173-0300] {dag.py:4180} INFO - Setting next_dagrun for tutorial to 2025-04-20 00:00:00+00:00, run_after=2025-04-21 00:00:00+00:00
[2025-04-21T00:45:02.209-0300] {processor.py:208} INFO - Processing /home/lenovo/miniconda3/envs/worker/lib/python3.12/site-packages/airflow/example_dags/tutorial.py took 0.136 seconds
[2025-04-21T00:46:12.955-0300] {processor.py:186} INFO - Started process (PID=707) to work on /home/lenovo/miniconda3/envs/worker/lib/python3.12/site-packages/airflow/example_dags/tutorial.py
[2025-04-21T00:46:12.977-0300] {processor.py:914} INFO - Processing file /home/lenovo/miniconda3/envs/worker/lib/python3.12/site-packages/airflow/example_dags/tutorial.py for tasks to queue
[2025-04-21T00:46:12.980-0300] {logging_mixin.py:190} INFO - [2025-04-21T00:46:12.980-0300] {dagbag.py:588} INFO - Filling up the DagBag from /home/lenovo/miniconda3/envs/worker/lib/python3.12/site-packages/airflow/example_dags/tutorial.py
[2025-04-21T00:46:12.993-0300] {processor.py:925} INFO - DAG(s) 'tutorial' retrieved from /home/lenovo/miniconda3/envs/worker/lib/python3.12/site-packages/airflow/example_dags/tutorial.py
[2025-04-21T00:46:13.017-0300] {logging_mixin.py:190} INFO - [2025-04-21T00:46:13.017-0300] {dag.py:3239} INFO - Sync 1 DAGs
[2025-04-21T00:46:13.049-0300] {logging_mixin.py:190} INFO - [2025-04-21T00:46:13.049-0300] {dag.py:4180} INFO - Setting next_dagrun for tutorial to 2025-04-20 00:00:00+00:00, run_after=2025-04-21 00:00:00+00:00
[2025-04-21T00:46:13.088-0300] {processor.py:208} INFO - Processing /home/lenovo/miniconda3/envs/worker/lib/python3.12/site-packages/airflow/example_dags/tutorial.py took 0.143 seconds
