[2025-04-21T00:40:20.245-0300] {processor.py:186} INFO - Started process (PID=15690) to work on /home/lenovo/miniconda3/envs/worker/lib/python3.12/site-packages/airflow/example_dags/tutorial_dag.py
[2025-04-21T00:40:20.246-0300] {processor.py:914} INFO - Processing file /home/lenovo/miniconda3/envs/worker/lib/python3.12/site-packages/airflow/example_dags/tutorial_dag.py for tasks to queue
[2025-04-21T00:40:20.248-0300] {logging_mixin.py:190} INFO - [2025-04-21T00:40:20.248-0300] {dagbag.py:588} INFO - Filling up the DagBag from /home/lenovo/miniconda3/envs/worker/lib/python3.12/site-packages/airflow/example_dags/tutorial_dag.py
[2025-04-21T00:40:20.259-0300] {processor.py:925} INFO - DAG(s) 'tutorial_dag' retrieved from /home/lenovo/miniconda3/envs/worker/lib/python3.12/site-packages/airflow/example_dags/tutorial_dag.py
[2025-04-21T00:40:20.442-0300] {logging_mixin.py:190} INFO - [2025-04-21T00:40:20.440-0300] {override.py:1911} INFO - Created Permission View: can read on DAG:tutorial_dag
[2025-04-21T00:40:20.462-0300] {logging_mixin.py:190} INFO - [2025-04-21T00:40:20.462-0300] {override.py:1911} INFO - Created Permission View: can delete on DAG:tutorial_dag
[2025-04-21T00:40:20.480-0300] {logging_mixin.py:190} INFO - [2025-04-21T00:40:20.479-0300] {override.py:1911} INFO - Created Permission View: can edit on DAG:tutorial_dag
[2025-04-21T00:40:20.511-0300] {logging_mixin.py:190} INFO - [2025-04-21T00:40:20.510-0300] {override.py:1911} INFO - Created Permission View: can read on DAG Run:tutorial_dag
[2025-04-21T00:40:20.527-0300] {logging_mixin.py:190} INFO - [2025-04-21T00:40:20.527-0300] {override.py:1911} INFO - Created Permission View: can delete on DAG Run:tutorial_dag
[2025-04-21T00:40:20.546-0300] {logging_mixin.py:190} INFO - [2025-04-21T00:40:20.545-0300] {override.py:1911} INFO - Created Permission View: can create on DAG Run:tutorial_dag
[2025-04-21T00:40:20.562-0300] {logging_mixin.py:190} INFO - [2025-04-21T00:40:20.561-0300] {override.py:1911} INFO - Created Permission View: menu access on DAG Run:tutorial_dag
[2025-04-21T00:40:20.563-0300] {logging_mixin.py:190} INFO - [2025-04-21T00:40:20.562-0300] {dag.py:3239} INFO - Sync 1 DAGs
[2025-04-21T00:40:20.585-0300] {logging_mixin.py:190} INFO - [2025-04-21T00:40:20.584-0300] {dag.py:3262} INFO - Creating ORM DAG for tutorial_dag
[2025-04-21T00:40:20.586-0300] {logging_mixin.py:190} INFO - [2025-04-21T00:40:20.585-0300] {dag.py:4180} INFO - Setting next_dagrun for tutorial_dag to None, run_after=None
[2025-04-21T00:40:20.623-0300] {processor.py:208} INFO - Processing /home/lenovo/miniconda3/envs/worker/lib/python3.12/site-packages/airflow/example_dags/tutorial_dag.py took 0.386 seconds
[2025-04-21T00:43:02.967-0300] {processor.py:186} INFO - Started process (PID=457) to work on /home/lenovo/miniconda3/envs/worker/lib/python3.12/site-packages/airflow/example_dags/tutorial_dag.py
[2025-04-21T00:43:02.992-0300] {processor.py:914} INFO - Processing file /home/lenovo/miniconda3/envs/worker/lib/python3.12/site-packages/airflow/example_dags/tutorial_dag.py for tasks to queue
[2025-04-21T00:43:02.996-0300] {logging_mixin.py:190} INFO - [2025-04-21T00:43:02.995-0300] {dagbag.py:588} INFO - Filling up the DagBag from /home/lenovo/miniconda3/envs/worker/lib/python3.12/site-packages/airflow/example_dags/tutorial_dag.py
[2025-04-21T00:43:03.009-0300] {processor.py:925} INFO - DAG(s) 'tutorial_dag' retrieved from /home/lenovo/miniconda3/envs/worker/lib/python3.12/site-packages/airflow/example_dags/tutorial_dag.py
[2025-04-21T00:43:03.034-0300] {logging_mixin.py:190} INFO - [2025-04-21T00:43:03.034-0300] {dag.py:3239} INFO - Sync 1 DAGs
[2025-04-21T00:43:03.054-0300] {logging_mixin.py:190} INFO - [2025-04-21T00:43:03.053-0300] {dag.py:4180} INFO - Setting next_dagrun for tutorial_dag to None, run_after=None
[2025-04-21T00:43:03.094-0300] {processor.py:208} INFO - Processing /home/lenovo/miniconda3/envs/worker/lib/python3.12/site-packages/airflow/example_dags/tutorial_dag.py took 0.138 seconds
[2025-04-21T00:44:07.379-0300] {processor.py:186} INFO - Started process (PID=555) to work on /home/lenovo/miniconda3/envs/worker/lib/python3.12/site-packages/airflow/example_dags/tutorial_dag.py
[2025-04-21T00:44:07.382-0300] {processor.py:914} INFO - Processing file /home/lenovo/miniconda3/envs/worker/lib/python3.12/site-packages/airflow/example_dags/tutorial_dag.py for tasks to queue
[2025-04-21T00:44:07.384-0300] {logging_mixin.py:190} INFO - [2025-04-21T00:44:07.384-0300] {dagbag.py:588} INFO - Filling up the DagBag from /home/lenovo/miniconda3/envs/worker/lib/python3.12/site-packages/airflow/example_dags/tutorial_dag.py
[2025-04-21T00:44:07.397-0300] {processor.py:925} INFO - DAG(s) 'tutorial_dag' retrieved from /home/lenovo/miniconda3/envs/worker/lib/python3.12/site-packages/airflow/example_dags/tutorial_dag.py
[2025-04-21T00:44:07.485-0300] {logging_mixin.py:190} INFO - [2025-04-21T00:44:07.485-0300] {dag.py:3239} INFO - Sync 1 DAGs
[2025-04-21T00:44:07.520-0300] {logging_mixin.py:190} INFO - [2025-04-21T00:44:07.519-0300] {dag.py:4180} INFO - Setting next_dagrun for tutorial_dag to None, run_after=None
[2025-04-21T00:44:07.582-0300] {processor.py:208} INFO - Processing /home/lenovo/miniconda3/envs/worker/lib/python3.12/site-packages/airflow/example_dags/tutorial_dag.py took 0.211 seconds
[2025-04-21T00:45:20.322-0300] {processor.py:186} INFO - Started process (PID=655) to work on /home/lenovo/miniconda3/envs/worker/lib/python3.12/site-packages/airflow/example_dags/tutorial_dag.py
[2025-04-21T00:45:20.324-0300] {processor.py:914} INFO - Processing file /home/lenovo/miniconda3/envs/worker/lib/python3.12/site-packages/airflow/example_dags/tutorial_dag.py for tasks to queue
[2025-04-21T00:45:20.329-0300] {logging_mixin.py:190} INFO - [2025-04-21T00:45:20.328-0300] {dagbag.py:588} INFO - Filling up the DagBag from /home/lenovo/miniconda3/envs/worker/lib/python3.12/site-packages/airflow/example_dags/tutorial_dag.py
[2025-04-21T00:45:20.345-0300] {processor.py:925} INFO - DAG(s) 'tutorial_dag' retrieved from /home/lenovo/miniconda3/envs/worker/lib/python3.12/site-packages/airflow/example_dags/tutorial_dag.py
[2025-04-21T00:45:20.381-0300] {logging_mixin.py:190} INFO - [2025-04-21T00:45:20.381-0300] {dag.py:3239} INFO - Sync 1 DAGs
[2025-04-21T00:45:20.403-0300] {logging_mixin.py:190} INFO - [2025-04-21T00:45:20.402-0300] {dag.py:4180} INFO - Setting next_dagrun for tutorial_dag to None, run_after=None
[2025-04-21T00:45:20.449-0300] {processor.py:208} INFO - Processing /home/lenovo/miniconda3/envs/worker/lib/python3.12/site-packages/airflow/example_dags/tutorial_dag.py took 0.138 seconds
