[2025-04-21T00:39:35.932-0300] {processor.py:186} INFO - Started process (PID=15661) to work on /home/lenovo/miniconda3/envs/worker/lib/python3.12/site-packages/airflow/example_dags/tutorial_taskflow_templates.py
[2025-04-21T00:39:35.933-0300] {processor.py:914} INFO - Processing file /home/lenovo/miniconda3/envs/worker/lib/python3.12/site-packages/airflow/example_dags/tutorial_taskflow_templates.py for tasks to queue
[2025-04-21T00:39:37.732-0300] {logging_mixin.py:190} INFO - [2025-04-21T00:39:37.732-0300] {dagbag.py:588} INFO - Filling up the DagBag from /home/lenovo/miniconda3/envs/worker/lib/python3.12/site-packages/airflow/example_dags/tutorial_taskflow_templates.py
[2025-04-21T00:39:37.753-0300] {processor.py:925} INFO - DAG(s) 'tutorial_taskflow_templates' retrieved from /home/lenovo/miniconda3/envs/worker/lib/python3.12/site-packages/airflow/example_dags/tutorial_taskflow_templates.py
[2025-04-21T00:39:37.951-0300] {logging_mixin.py:190} INFO - [2025-04-21T00:39:37.950-0300] {override.py:1911} INFO - Created Permission View: can read on DAG:tutorial_taskflow_templates
[2025-04-21T00:39:37.974-0300] {logging_mixin.py:190} INFO - [2025-04-21T00:39:37.974-0300] {override.py:1911} INFO - Created Permission View: can delete on DAG:tutorial_taskflow_templates
[2025-04-21T00:39:37.992-0300] {logging_mixin.py:190} INFO - [2025-04-21T00:39:37.991-0300] {override.py:1911} INFO - Created Permission View: can edit on DAG:tutorial_taskflow_templates
[2025-04-21T00:39:38.021-0300] {logging_mixin.py:190} INFO - [2025-04-21T00:39:38.021-0300] {override.py:1911} INFO - Created Permission View: can read on DAG Run:tutorial_taskflow_templates
[2025-04-21T00:39:38.039-0300] {logging_mixin.py:190} INFO - [2025-04-21T00:39:38.038-0300] {override.py:1911} INFO - Created Permission View: can delete on DAG Run:tutorial_taskflow_templates
[2025-04-21T00:39:38.056-0300] {logging_mixin.py:190} INFO - [2025-04-21T00:39:38.056-0300] {override.py:1911} INFO - Created Permission View: can create on DAG Run:tutorial_taskflow_templates
[2025-04-21T00:39:38.076-0300] {logging_mixin.py:190} INFO - [2025-04-21T00:39:38.075-0300] {override.py:1911} INFO - Created Permission View: menu access on DAG Run:tutorial_taskflow_templates
[2025-04-21T00:39:38.076-0300] {logging_mixin.py:190} INFO - [2025-04-21T00:39:38.076-0300] {dag.py:3239} INFO - Sync 1 DAGs
[2025-04-21T00:39:38.092-0300] {logging_mixin.py:190} INFO - [2025-04-21T00:39:38.092-0300] {dag.py:3262} INFO - Creating ORM DAG for tutorial_taskflow_templates
[2025-04-21T00:39:38.106-0300] {logging_mixin.py:190} INFO - [2025-04-21T00:39:38.105-0300] {dag.py:4180} INFO - Setting next_dagrun for tutorial_taskflow_templates to 2025-04-20 00:00:00+00:00, run_after=2025-04-21 00:00:00+00:00
[2025-04-21T00:39:38.135-0300] {processor.py:208} INFO - Processing /home/lenovo/miniconda3/envs/worker/lib/python3.12/site-packages/airflow/example_dags/tutorial_taskflow_templates.py took 0.414 seconds
[2025-04-21T00:41:00.890-0300] {processor.py:186} INFO - Started process (PID=15746) to work on /home/lenovo/miniconda3/envs/worker/lib/python3.12/site-packages/airflow/example_dags/tutorial_taskflow_templates.py
[2025-04-21T00:41:00.911-0300] {processor.py:914} INFO - Processing file /home/lenovo/miniconda3/envs/worker/lib/python3.12/site-packages/airflow/example_dags/tutorial_taskflow_templates.py for tasks to queue
[2025-04-21T00:41:00.914-0300] {logging_mixin.py:190} INFO - [2025-04-21T00:41:00.914-0300] {dagbag.py:588} INFO - Filling up the DagBag from /home/lenovo/miniconda3/envs/worker/lib/python3.12/site-packages/airflow/example_dags/tutorial_taskflow_templates.py
[2025-04-21T00:41:00.931-0300] {processor.py:925} INFO - DAG(s) 'tutorial_taskflow_templates' retrieved from /home/lenovo/miniconda3/envs/worker/lib/python3.12/site-packages/airflow/example_dags/tutorial_taskflow_templates.py
[2025-04-21T00:41:00.953-0300] {logging_mixin.py:190} INFO - [2025-04-21T00:41:00.952-0300] {dag.py:3239} INFO - Sync 1 DAGs
[2025-04-21T00:41:00.983-0300] {logging_mixin.py:190} INFO - [2025-04-21T00:41:00.982-0300] {dag.py:4180} INFO - Setting next_dagrun for tutorial_taskflow_templates to 2025-04-20 00:00:00+00:00, run_after=2025-04-21 00:00:00+00:00
[2025-04-21T00:41:01.021-0300] {processor.py:208} INFO - Processing /home/lenovo/miniconda3/envs/worker/lib/python3.12/site-packages/airflow/example_dags/tutorial_taskflow_templates.py took 0.137 seconds
[2025-04-21T00:42:28.655-0300] {processor.py:186} INFO - Started process (PID=428) to work on /home/lenovo/miniconda3/envs/worker/lib/python3.12/site-packages/airflow/example_dags/tutorial_taskflow_templates.py
[2025-04-21T00:42:28.656-0300] {processor.py:914} INFO - Processing file /home/lenovo/miniconda3/envs/worker/lib/python3.12/site-packages/airflow/example_dags/tutorial_taskflow_templates.py for tasks to queue
[2025-04-21T00:42:28.659-0300] {logging_mixin.py:190} INFO - [2025-04-21T00:42:28.659-0300] {dagbag.py:588} INFO - Filling up the DagBag from /home/lenovo/miniconda3/envs/worker/lib/python3.12/site-packages/airflow/example_dags/tutorial_taskflow_templates.py
[2025-04-21T00:42:28.678-0300] {processor.py:925} INFO - DAG(s) 'tutorial_taskflow_templates' retrieved from /home/lenovo/miniconda3/envs/worker/lib/python3.12/site-packages/airflow/example_dags/tutorial_taskflow_templates.py
[2025-04-21T00:42:28.717-0300] {logging_mixin.py:190} INFO - [2025-04-21T00:42:28.717-0300] {dag.py:3239} INFO - Sync 1 DAGs
[2025-04-21T00:42:28.753-0300] {logging_mixin.py:190} INFO - [2025-04-21T00:42:28.753-0300] {dag.py:4180} INFO - Setting next_dagrun for tutorial_taskflow_templates to 2025-04-20 00:00:00+00:00, run_after=2025-04-21 00:00:00+00:00
[2025-04-21T00:42:28.793-0300] {processor.py:208} INFO - Processing /home/lenovo/miniconda3/envs/worker/lib/python3.12/site-packages/airflow/example_dags/tutorial_taskflow_templates.py took 0.145 seconds
[2025-04-21T00:43:34.782-0300] {processor.py:186} INFO - Started process (PID=485) to work on /home/lenovo/miniconda3/envs/worker/lib/python3.12/site-packages/airflow/example_dags/tutorial_taskflow_templates.py
[2025-04-21T00:43:34.805-0300] {processor.py:914} INFO - Processing file /home/lenovo/miniconda3/envs/worker/lib/python3.12/site-packages/airflow/example_dags/tutorial_taskflow_templates.py for tasks to queue
[2025-04-21T00:43:34.808-0300] {logging_mixin.py:190} INFO - [2025-04-21T00:43:34.808-0300] {dagbag.py:588} INFO - Filling up the DagBag from /home/lenovo/miniconda3/envs/worker/lib/python3.12/site-packages/airflow/example_dags/tutorial_taskflow_templates.py
[2025-04-21T00:43:34.826-0300] {processor.py:925} INFO - DAG(s) 'tutorial_taskflow_templates' retrieved from /home/lenovo/miniconda3/envs/worker/lib/python3.12/site-packages/airflow/example_dags/tutorial_taskflow_templates.py
[2025-04-21T00:43:34.851-0300] {logging_mixin.py:190} INFO - [2025-04-21T00:43:34.850-0300] {dag.py:3239} INFO - Sync 1 DAGs
[2025-04-21T00:43:34.882-0300] {logging_mixin.py:190} INFO - [2025-04-21T00:43:34.882-0300] {dag.py:4180} INFO - Setting next_dagrun for tutorial_taskflow_templates to 2025-04-20 00:00:00+00:00, run_after=2025-04-21 00:00:00+00:00
[2025-04-21T00:43:34.917-0300] {processor.py:208} INFO - Processing /home/lenovo/miniconda3/envs/worker/lib/python3.12/site-packages/airflow/example_dags/tutorial_taskflow_templates.py took 0.143 seconds
[2025-04-21T00:44:10.368-0300] {processor.py:186} INFO - Started process (PID=561) to work on /home/lenovo/miniconda3/envs/worker/lib/python3.12/site-packages/airflow/example_dags/tutorial_taskflow_templates.py
[2025-04-21T00:44:10.392-0300] {processor.py:914} INFO - Processing file /home/lenovo/miniconda3/envs/worker/lib/python3.12/site-packages/airflow/example_dags/tutorial_taskflow_templates.py for tasks to queue
[2025-04-21T00:44:10.395-0300] {logging_mixin.py:190} INFO - [2025-04-21T00:44:10.394-0300] {dagbag.py:588} INFO - Filling up the DagBag from /home/lenovo/miniconda3/envs/worker/lib/python3.12/site-packages/airflow/example_dags/tutorial_taskflow_templates.py
[2025-04-21T00:44:10.413-0300] {processor.py:925} INFO - DAG(s) 'tutorial_taskflow_templates' retrieved from /home/lenovo/miniconda3/envs/worker/lib/python3.12/site-packages/airflow/example_dags/tutorial_taskflow_templates.py
[2025-04-21T00:44:10.435-0300] {logging_mixin.py:190} INFO - [2025-04-21T00:44:10.435-0300] {dag.py:3239} INFO - Sync 1 DAGs
[2025-04-21T00:44:10.463-0300] {logging_mixin.py:190} INFO - [2025-04-21T00:44:10.462-0300] {dag.py:4180} INFO - Setting next_dagrun for tutorial_taskflow_templates to 2025-04-20 00:00:00+00:00, run_after=2025-04-21 00:00:00+00:00
[2025-04-21T00:44:10.495-0300] {processor.py:208} INFO - Processing /home/lenovo/miniconda3/envs/worker/lib/python3.12/site-packages/airflow/example_dags/tutorial_taskflow_templates.py took 0.135 seconds
[2025-04-21T00:44:46.170-0300] {processor.py:186} INFO - Started process (PID=604) to work on /home/lenovo/miniconda3/envs/worker/lib/python3.12/site-packages/airflow/example_dags/tutorial_taskflow_templates.py
[2025-04-21T00:44:46.192-0300] {processor.py:914} INFO - Processing file /home/lenovo/miniconda3/envs/worker/lib/python3.12/site-packages/airflow/example_dags/tutorial_taskflow_templates.py for tasks to queue
[2025-04-21T00:44:46.195-0300] {logging_mixin.py:190} INFO - [2025-04-21T00:44:46.194-0300] {dagbag.py:588} INFO - Filling up the DagBag from /home/lenovo/miniconda3/envs/worker/lib/python3.12/site-packages/airflow/example_dags/tutorial_taskflow_templates.py
[2025-04-21T00:44:46.212-0300] {processor.py:925} INFO - DAG(s) 'tutorial_taskflow_templates' retrieved from /home/lenovo/miniconda3/envs/worker/lib/python3.12/site-packages/airflow/example_dags/tutorial_taskflow_templates.py
[2025-04-21T00:44:46.235-0300] {logging_mixin.py:190} INFO - [2025-04-21T00:44:46.235-0300] {dag.py:3239} INFO - Sync 1 DAGs
[2025-04-21T00:44:46.271-0300] {logging_mixin.py:190} INFO - [2025-04-21T00:44:46.270-0300] {dag.py:4180} INFO - Setting next_dagrun for tutorial_taskflow_templates to 2025-04-20 00:00:00+00:00, run_after=2025-04-21 00:00:00+00:00
[2025-04-21T00:44:46.311-0300] {processor.py:208} INFO - Processing /home/lenovo/miniconda3/envs/worker/lib/python3.12/site-packages/airflow/example_dags/tutorial_taskflow_templates.py took 0.150 seconds
[2025-04-21T00:45:22.749-0300] {processor.py:186} INFO - Started process (PID=657) to work on /home/lenovo/miniconda3/envs/worker/lib/python3.12/site-packages/airflow/example_dags/tutorial_taskflow_templates.py
[2025-04-21T00:45:22.751-0300] {processor.py:914} INFO - Processing file /home/lenovo/miniconda3/envs/worker/lib/python3.12/site-packages/airflow/example_dags/tutorial_taskflow_templates.py for tasks to queue
[2025-04-21T00:45:22.753-0300] {logging_mixin.py:190} INFO - [2025-04-21T00:45:22.753-0300] {dagbag.py:588} INFO - Filling up the DagBag from /home/lenovo/miniconda3/envs/worker/lib/python3.12/site-packages/airflow/example_dags/tutorial_taskflow_templates.py
[2025-04-21T00:45:22.771-0300] {processor.py:925} INFO - DAG(s) 'tutorial_taskflow_templates' retrieved from /home/lenovo/miniconda3/envs/worker/lib/python3.12/site-packages/airflow/example_dags/tutorial_taskflow_templates.py
[2025-04-21T00:45:22.791-0300] {logging_mixin.py:190} INFO - [2025-04-21T00:45:22.790-0300] {dag.py:3239} INFO - Sync 1 DAGs
[2025-04-21T00:45:22.819-0300] {logging_mixin.py:190} INFO - [2025-04-21T00:45:22.819-0300] {dag.py:4180} INFO - Setting next_dagrun for tutorial_taskflow_templates to 2025-04-20 00:00:00+00:00, run_after=2025-04-21 00:00:00+00:00
[2025-04-21T00:45:22.854-0300] {processor.py:208} INFO - Processing /home/lenovo/miniconda3/envs/worker/lib/python3.12/site-packages/airflow/example_dags/tutorial_taskflow_templates.py took 0.112 seconds
[2025-04-21T00:45:58.896-0300] {processor.py:186} INFO - Started process (PID=693) to work on /home/lenovo/miniconda3/envs/worker/lib/python3.12/site-packages/airflow/example_dags/tutorial_taskflow_templates.py
[2025-04-21T00:45:58.918-0300] {processor.py:914} INFO - Processing file /home/lenovo/miniconda3/envs/worker/lib/python3.12/site-packages/airflow/example_dags/tutorial_taskflow_templates.py for tasks to queue
[2025-04-21T00:45:58.922-0300] {logging_mixin.py:190} INFO - [2025-04-21T00:45:58.921-0300] {dagbag.py:588} INFO - Filling up the DagBag from /home/lenovo/miniconda3/envs/worker/lib/python3.12/site-packages/airflow/example_dags/tutorial_taskflow_templates.py
[2025-04-21T00:45:58.941-0300] {processor.py:925} INFO - DAG(s) 'tutorial_taskflow_templates' retrieved from /home/lenovo/miniconda3/envs/worker/lib/python3.12/site-packages/airflow/example_dags/tutorial_taskflow_templates.py
[2025-04-21T00:45:58.967-0300] {logging_mixin.py:190} INFO - [2025-04-21T00:45:58.967-0300] {dag.py:3239} INFO - Sync 1 DAGs
[2025-04-21T00:45:59.000-0300] {logging_mixin.py:190} INFO - [2025-04-21T00:45:59.000-0300] {dag.py:4180} INFO - Setting next_dagrun for tutorial_taskflow_templates to 2025-04-20 00:00:00+00:00, run_after=2025-04-21 00:00:00+00:00
[2025-04-21T00:45:59.049-0300] {processor.py:208} INFO - Processing /home/lenovo/miniconda3/envs/worker/lib/python3.12/site-packages/airflow/example_dags/tutorial_taskflow_templates.py took 0.160 seconds
