[2025-04-21T02:11:14.775-0300] {local_task_job_runner.py:123} INFO - ::group::Pre task execution logs
[2025-04-21T02:11:14.794-0300] {taskinstance.py:2613} INFO - Dependencies all met for dep_context=non-requeueable deps ti=<TaskInstance: DW.Meta scheduled__2025-04-20T00:00:00+00:00 [queued]>
[2025-04-21T02:11:14.803-0300] {taskinstance.py:2613} INFO - Dependencies all met for dep_context=requeueable deps ti=<TaskInstance: DW.Meta scheduled__2025-04-20T00:00:00+00:00 [queued]>
[2025-04-21T02:11:14.803-0300] {taskinstance.py:2866} INFO - Starting attempt 4 of 4
[2025-04-21T02:11:14.823-0300] {taskinstance.py:2889} INFO - Executing <Task(PythonOperator): Meta> on 2025-04-20 00:00:00+00:00
[2025-04-21T02:11:14.833-0300] {standard_task_runner.py:104} INFO - Running: ['airflow', 'tasks', 'run', 'DW', 'Meta', 'scheduled__2025-04-20T00:00:00+00:00', '--job-id', '34', '--raw', '--subdir', 'DAGS_FOLDER/DW.py', '--cfg-path', '/tmp/tmp2ytoz6mx']
[2025-04-21T02:11:14.834-0300] {standard_task_runner.py:105} INFO - Job 34: Subtask Meta
[2025-04-21T02:11:14.839-0300] {logging_mixin.py:190} WARNING - /home/lenovo/miniconda3/envs/worker/lib/python3.12/site-packages/airflow/task/task_runner/standard_task_runner.py:70 DeprecationWarning: This process (pid=18030) is multi-threaded, use of fork() may lead to deadlocks in the child.
[2025-04-21T02:11:14.840-0300] {standard_task_runner.py:72} INFO - Started process 18132 to run task
[2025-04-21T02:11:14.888-0300] {task_command.py:467} INFO - Running <TaskInstance: DW.Meta scheduled__2025-04-20T00:00:00+00:00 [running]> on host DESKTOP-1GIT60U.
[2025-04-21T02:11:14.969-0300] {taskinstance.py:3132} INFO - Exporting env vars: AIRFLOW_CTX_DAG_EMAIL='airflow@example.com' AIRFLOW_CTX_DAG_OWNER='airflow' AIRFLOW_CTX_DAG_ID='DW' AIRFLOW_CTX_TASK_ID='Meta' AIRFLOW_CTX_EXECUTION_DATE='2025-04-20T00:00:00+00:00' AIRFLOW_CTX_TRY_NUMBER='4' AIRFLOW_CTX_DAG_RUN_ID='scheduled__2025-04-20T00:00:00+00:00'
[2025-04-21T02:11:14.970-0300] {taskinstance.py:731} INFO - ::endgroup::
[2025-04-21T02:11:21.935-0300] {dw_sparkmetastore.py:43} INFO - Padronizando os dados
[2025-04-21T02:11:22.604-0300] {logging_mixin.py:190} INFO - Mensagem enviada com sucesso.
[2025-04-21T02:11:22.605-0300] {dw_sparkmetastore.py:47} INFO - 📥 Lendo de prd_yellow_taxi_table
[2025-04-21T02:11:27.501-0300] {dw_sparkmetastore.py:50} INFO - ✅ Leitura bem-sucedida da tabela parquet.
[2025-04-21T02:11:27.920-0300] {logging_mixin.py:190} INFO - Mensagem enviada com sucesso.
[2025-04-21T02:11:35.694-0300] {logging_mixin.py:190} INFO - +-----------------------+
|CONTROLS_COLUMN        |
+-----------------------+
|yellow_tripdata_2023-01|
|yellow_tripdata_2023-05|
|yellow_tripdata_2023-02|
|yellow_tripdata_2023-04|
|yellow_tripdata_2023-03|
+-----------------------+
[2025-04-21T02:12:04.737-0300] {taskinstance.py:3311} ERROR - Task failed with exception
Traceback (most recent call last):
  File "/home/lenovo/miniconda3/envs/worker/lib/python3.12/site-packages/airflow/models/taskinstance.py", line 767, in _execute_task
    result = _execute_callable(context=context, **execute_callable_kwargs)
             ^^^^^^^^^^^^^^^^^^^^^^^^^^^^^^^^^^^^^^^^^^^^^^^^^^^^^^^^^^^^^
  File "/home/lenovo/miniconda3/envs/worker/lib/python3.12/site-packages/airflow/models/taskinstance.py", line 733, in _execute_callable
    return ExecutionCallableRunner(
           ^^^^^^^^^^^^^^^^^^^^^^^^
  File "/home/lenovo/miniconda3/envs/worker/lib/python3.12/site-packages/airflow/utils/operator_helpers.py", line 252, in run
    return self.func(*args, **kwargs)
           ^^^^^^^^^^^^^^^^^^^^^^^^^^
  File "/home/lenovo/miniconda3/envs/worker/lib/python3.12/site-packages/airflow/models/baseoperator.py", line 422, in wrapper
    return func(self, *args, **kwargs)
           ^^^^^^^^^^^^^^^^^^^^^^^^^^^
  File "/home/lenovo/miniconda3/envs/worker/lib/python3.12/site-packages/airflow/operators/python.py", line 238, in execute
    return_value = self.execute_callable()
                   ^^^^^^^^^^^^^^^^^^^^^^^
  File "/home/lenovo/miniconda3/envs/worker/lib/python3.12/site-packages/airflow/operators/python.py", line 256, in execute_callable
    return runner.run(*self.op_args, **self.op_kwargs)
           ^^^^^^^^^^^^^^^^^^^^^^^^^^^^^^^^^^^^^^^^^^^
  File "/home/lenovo/miniconda3/envs/worker/lib/python3.12/site-packages/airflow/utils/operator_helpers.py", line 252, in run
    return self.func(*args, **kwargs)
           ^^^^^^^^^^^^^^^^^^^^^^^^^^
  File "/home/lenovo/airflow/jobs/jobs_functions/dw_sparkmetastore.py", line 79, in dw_metastore
    spark.sql(f"CREATE DATABASE IF NOT EXISTS {nome_banco}")
  File "/opt/spark/python/pyspark/sql/session.py", line 1631, in sql
    return DataFrame(self._jsparkSession.sql(sqlQuery, litArgs), self)
                     ^^^^^^^^^^^^^^^^^^^^^^^^^^^^^^^^^^^^^^^^^^
  File "/home/lenovo/miniconda3/envs/worker/lib/python3.12/site-packages/py4j/java_gateway.py", line 1322, in __call__
    return_value = get_return_value(
                   ^^^^^^^^^^^^^^^^^
  File "/opt/spark/python/pyspark/errors/exceptions/captured.py", line 185, in deco
    raise converted from None
pyspark.errors.exceptions.captured.AnalysisException: org.apache.hadoop.hive.ql.metadata.HiveException: java.lang.RuntimeException: Unable to instantiate org.apache.hadoop.hive.ql.metadata.SessionHiveMetaStoreClient
[2025-04-21T02:12:04.759-0300] {taskinstance.py:1225} INFO - Marking task as FAILED. dag_id=DW, task_id=Meta, run_id=scheduled__2025-04-20T00:00:00+00:00, execution_date=20250420T000000, start_date=20250421T051114, end_date=20250421T051204
[2025-04-21T02:12:04.759-0300] {taskinstance.py:1563} INFO - Executing callback at index 0: partial
[2025-04-21T02:12:04.760-0300] {taskinstance.py:1567} ERROR - Error in callback at index 0: partial
Traceback (most recent call last):
  File "/home/lenovo/miniconda3/envs/worker/lib/python3.12/site-packages/airflow/models/taskinstance.py", line 273, in _run_raw_task
    TaskInstance._execute_task_with_callbacks(
  File "/home/lenovo/miniconda3/envs/worker/lib/python3.12/site-packages/airflow/models/taskinstance.py", line 3159, in _execute_task_with_callbacks
    result = self._execute_task(context, task_orig)
             ^^^^^^^^^^^^^^^^^^^^^^^^^^^^^^^^^^^^^^
  File "/home/lenovo/miniconda3/envs/worker/lib/python3.12/site-packages/airflow/models/taskinstance.py", line 3183, in _execute_task
    return _execute_task(self, context, task_orig)
           ^^^^^^^^^^^^^^^^^^^^^^^^^^^^^^^^^^^^^^^
  File "/home/lenovo/miniconda3/envs/worker/lib/python3.12/site-packages/airflow/models/taskinstance.py", line 767, in _execute_task
    result = _execute_callable(context=context, **execute_callable_kwargs)
             ^^^^^^^^^^^^^^^^^^^^^^^^^^^^^^^^^^^^^^^^^^^^^^^^^^^^^^^^^^^^^
  File "/home/lenovo/miniconda3/envs/worker/lib/python3.12/site-packages/airflow/models/taskinstance.py", line 733, in _execute_callable
    return ExecutionCallableRunner(
           ^^^^^^^^^^^^^^^^^^^^^^^^
  File "/home/lenovo/miniconda3/envs/worker/lib/python3.12/site-packages/airflow/utils/operator_helpers.py", line 252, in run
    return self.func(*args, **kwargs)
           ^^^^^^^^^^^^^^^^^^^^^^^^^^
  File "/home/lenovo/miniconda3/envs/worker/lib/python3.12/site-packages/airflow/models/baseoperator.py", line 422, in wrapper
    return func(self, *args, **kwargs)
           ^^^^^^^^^^^^^^^^^^^^^^^^^^^
  File "/home/lenovo/miniconda3/envs/worker/lib/python3.12/site-packages/airflow/operators/python.py", line 238, in execute
    return_value = self.execute_callable()
                   ^^^^^^^^^^^^^^^^^^^^^^^
  File "/home/lenovo/miniconda3/envs/worker/lib/python3.12/site-packages/airflow/operators/python.py", line 256, in execute_callable
    return runner.run(*self.op_args, **self.op_kwargs)
           ^^^^^^^^^^^^^^^^^^^^^^^^^^^^^^^^^^^^^^^^^^^
  File "/home/lenovo/miniconda3/envs/worker/lib/python3.12/site-packages/airflow/utils/operator_helpers.py", line 252, in run
    return self.func(*args, **kwargs)
           ^^^^^^^^^^^^^^^^^^^^^^^^^^
  File "/home/lenovo/airflow/jobs/jobs_functions/dw_sparkmetastore.py", line 79, in dw_metastore
    spark.sql(f"CREATE DATABASE IF NOT EXISTS {nome_banco}")
  File "/opt/spark/python/pyspark/sql/session.py", line 1631, in sql
    return DataFrame(self._jsparkSession.sql(sqlQuery, litArgs), self)
                     ^^^^^^^^^^^^^^^^^^^^^^^^^^^^^^^^^^^^^^^^^^
  File "/home/lenovo/miniconda3/envs/worker/lib/python3.12/site-packages/py4j/java_gateway.py", line 1322, in __call__
    return_value = get_return_value(
                   ^^^^^^^^^^^^^^^^^
  File "/opt/spark/python/pyspark/errors/exceptions/captured.py", line 185, in deco
    raise converted from None
pyspark.errors.exceptions.captured.AnalysisException: org.apache.hadoop.hive.ql.metadata.HiveException: java.lang.RuntimeException: Unable to instantiate org.apache.hadoop.hive.ql.metadata.SessionHiveMetaStoreClient

During handling of the above exception, another exception occurred:

Traceback (most recent call last):
  File "/home/lenovo/miniconda3/envs/worker/lib/python3.12/site-packages/airflow/models/taskinstance.py", line 1565, in _run_finished_callback
    callback(context)
TypeError: notificar_falha() takes 1 positional argument but 2 were given
[2025-04-21T02:12:04.820-0300] {taskinstance.py:340} INFO - ::group::Post task execution logs
[2025-04-21T02:12:04.821-0300] {standard_task_runner.py:124} ERROR - Failed to execute job 34 for task Meta (org.apache.hadoop.hive.ql.metadata.HiveException: java.lang.RuntimeException: Unable to instantiate org.apache.hadoop.hive.ql.metadata.SessionHiveMetaStoreClient; 18132)
Traceback (most recent call last):
  File "/home/lenovo/miniconda3/envs/worker/lib/python3.12/site-packages/airflow/task/task_runner/standard_task_runner.py", line 117, in _start_by_fork
    ret = args.func(args, dag=self.dag)
          ^^^^^^^^^^^^^^^^^^^^^^^^^^^^^
  File "/home/lenovo/miniconda3/envs/worker/lib/python3.12/site-packages/airflow/cli/cli_config.py", line 49, in command
    return func(*args, **kwargs)
           ^^^^^^^^^^^^^^^^^^^^^
  File "/home/lenovo/miniconda3/envs/worker/lib/python3.12/site-packages/airflow/utils/cli.py", line 116, in wrapper
    return f(*args, **kwargs)
           ^^^^^^^^^^^^^^^^^^
  File "/home/lenovo/miniconda3/envs/worker/lib/python3.12/site-packages/airflow/cli/commands/task_command.py", line 483, in task_run
    task_return_code = _run_task_by_selected_method(args, _dag, ti)
                       ^^^^^^^^^^^^^^^^^^^^^^^^^^^^^^^^^^^^^^^^^^^^
  File "/home/lenovo/miniconda3/envs/worker/lib/python3.12/site-packages/airflow/cli/commands/task_command.py", line 256, in _run_task_by_selected_method
    return _run_raw_task(args, ti)
           ^^^^^^^^^^^^^^^^^^^^^^^
  File "/home/lenovo/miniconda3/envs/worker/lib/python3.12/site-packages/airflow/cli/commands/task_command.py", line 341, in _run_raw_task
    return ti._run_raw_task(
           ^^^^^^^^^^^^^^^^^
  File "/home/lenovo/miniconda3/envs/worker/lib/python3.12/site-packages/airflow/utils/session.py", line 97, in wrapper
    return func(*args, session=session, **kwargs)
           ^^^^^^^^^^^^^^^^^^^^^^^^^^^^^^^^^^^^^^
  File "/home/lenovo/miniconda3/envs/worker/lib/python3.12/site-packages/airflow/models/taskinstance.py", line 3005, in _run_raw_task
    return _run_raw_task(
           ^^^^^^^^^^^^^^
  File "/home/lenovo/miniconda3/envs/worker/lib/python3.12/site-packages/airflow/models/taskinstance.py", line 273, in _run_raw_task
    TaskInstance._execute_task_with_callbacks(
  File "/home/lenovo/miniconda3/envs/worker/lib/python3.12/site-packages/airflow/models/taskinstance.py", line 3159, in _execute_task_with_callbacks
    result = self._execute_task(context, task_orig)
             ^^^^^^^^^^^^^^^^^^^^^^^^^^^^^^^^^^^^^^
  File "/home/lenovo/miniconda3/envs/worker/lib/python3.12/site-packages/airflow/models/taskinstance.py", line 3183, in _execute_task
    return _execute_task(self, context, task_orig)
           ^^^^^^^^^^^^^^^^^^^^^^^^^^^^^^^^^^^^^^^
  File "/home/lenovo/miniconda3/envs/worker/lib/python3.12/site-packages/airflow/models/taskinstance.py", line 767, in _execute_task
    result = _execute_callable(context=context, **execute_callable_kwargs)
             ^^^^^^^^^^^^^^^^^^^^^^^^^^^^^^^^^^^^^^^^^^^^^^^^^^^^^^^^^^^^^
  File "/home/lenovo/miniconda3/envs/worker/lib/python3.12/site-packages/airflow/models/taskinstance.py", line 733, in _execute_callable
    return ExecutionCallableRunner(
           ^^^^^^^^^^^^^^^^^^^^^^^^
  File "/home/lenovo/miniconda3/envs/worker/lib/python3.12/site-packages/airflow/utils/operator_helpers.py", line 252, in run
    return self.func(*args, **kwargs)
           ^^^^^^^^^^^^^^^^^^^^^^^^^^
  File "/home/lenovo/miniconda3/envs/worker/lib/python3.12/site-packages/airflow/models/baseoperator.py", line 422, in wrapper
    return func(self, *args, **kwargs)
           ^^^^^^^^^^^^^^^^^^^^^^^^^^^
  File "/home/lenovo/miniconda3/envs/worker/lib/python3.12/site-packages/airflow/operators/python.py", line 238, in execute
    return_value = self.execute_callable()
                   ^^^^^^^^^^^^^^^^^^^^^^^
  File "/home/lenovo/miniconda3/envs/worker/lib/python3.12/site-packages/airflow/operators/python.py", line 256, in execute_callable
    return runner.run(*self.op_args, **self.op_kwargs)
           ^^^^^^^^^^^^^^^^^^^^^^^^^^^^^^^^^^^^^^^^^^^
  File "/home/lenovo/miniconda3/envs/worker/lib/python3.12/site-packages/airflow/utils/operator_helpers.py", line 252, in run
    return self.func(*args, **kwargs)
           ^^^^^^^^^^^^^^^^^^^^^^^^^^
  File "/home/lenovo/airflow/jobs/jobs_functions/dw_sparkmetastore.py", line 79, in dw_metastore
    spark.sql(f"CREATE DATABASE IF NOT EXISTS {nome_banco}")
  File "/opt/spark/python/pyspark/sql/session.py", line 1631, in sql
    return DataFrame(self._jsparkSession.sql(sqlQuery, litArgs), self)
                     ^^^^^^^^^^^^^^^^^^^^^^^^^^^^^^^^^^^^^^^^^^
  File "/home/lenovo/miniconda3/envs/worker/lib/python3.12/site-packages/py4j/java_gateway.py", line 1322, in __call__
    return_value = get_return_value(
                   ^^^^^^^^^^^^^^^^^
  File "/opt/spark/python/pyspark/errors/exceptions/captured.py", line 185, in deco
    raise converted from None
pyspark.errors.exceptions.captured.AnalysisException: org.apache.hadoop.hive.ql.metadata.HiveException: java.lang.RuntimeException: Unable to instantiate org.apache.hadoop.hive.ql.metadata.SessionHiveMetaStoreClient
[2025-04-21T02:12:04.883-0300] {local_task_job_runner.py:266} INFO - Task exited with return code 1
[2025-04-21T02:12:04.900-0300] {taskinstance.py:3895} INFO - 0 downstream tasks scheduled from follow-on schedule check
[2025-04-21T02:12:04.901-0300] {local_task_job_runner.py:245} INFO - ::endgroup::
[2025-04-21T09:28:46.970-0300] {local_task_job_runner.py:123} INFO - ::group::Pre task execution logs
[2025-04-21T09:28:46.979-0300] {taskinstance.py:2613} INFO - Dependencies all met for dep_context=non-requeueable deps ti=<TaskInstance: DW.Meta scheduled__2025-04-20T00:00:00+00:00 [queued]>
[2025-04-21T09:28:46.982-0300] {taskinstance.py:2613} INFO - Dependencies all met for dep_context=requeueable deps ti=<TaskInstance: DW.Meta scheduled__2025-04-20T00:00:00+00:00 [queued]>
[2025-04-21T09:28:46.983-0300] {taskinstance.py:2866} INFO - Starting attempt 4 of 4
[2025-04-21T09:28:46.996-0300] {taskinstance.py:2889} INFO - Executing <Task(PythonOperator): Meta> on 2025-04-20 00:00:00+00:00
[2025-04-21T09:28:47.001-0300] {standard_task_runner.py:72} INFO - Started process 38972 to run task
[2025-04-21T09:28:47.003-0300] {standard_task_runner.py:104} INFO - Running: ['airflow', 'tasks', 'run', 'DW', 'Meta', 'scheduled__2025-04-20T00:00:00+00:00', '--job-id', '72', '--raw', '--subdir', 'DAGS_FOLDER/DW.py', '--cfg-path', '/tmp/tmpibw_lute']
[2025-04-21T09:28:47.004-0300] {standard_task_runner.py:105} INFO - Job 72: Subtask Meta
[2025-04-21T09:28:47.032-0300] {task_command.py:467} INFO - Running <TaskInstance: DW.Meta scheduled__2025-04-20T00:00:00+00:00 [running]> on host DESKTOP-1GIT60U.
[2025-04-21T09:28:47.073-0300] {taskinstance.py:3132} INFO - Exporting env vars: AIRFLOW_CTX_DAG_EMAIL='airflow@example.com' AIRFLOW_CTX_DAG_OWNER='airflow' AIRFLOW_CTX_DAG_ID='DW' AIRFLOW_CTX_TASK_ID='Meta' AIRFLOW_CTX_EXECUTION_DATE='2025-04-20T00:00:00+00:00' AIRFLOW_CTX_TRY_NUMBER='4' AIRFLOW_CTX_DAG_RUN_ID='scheduled__2025-04-20T00:00:00+00:00'
[2025-04-21T09:28:47.073-0300] {taskinstance.py:731} INFO - ::endgroup::
[2025-04-21T09:28:51.613-0300] {dw_sparkmetastore.py:48} INFO - Padronizando os dados
[2025-04-21T09:28:52.161-0300] {logging_mixin.py:190} INFO - Mensagem enviada com sucesso.
[2025-04-21T09:28:52.161-0300] {dw_sparkmetastore.py:52} INFO - 📥 Lendo de prd_yellow_taxi_table
[2025-04-21T09:28:54.983-0300] {dw_sparkmetastore.py:55} INFO - ✅ Leitura bem-sucedida da tabela parquet.
[2025-04-21T09:28:56.720-0300] {logging_mixin.py:190} INFO - Mensagem enviada com sucesso.
[2025-04-21T09:29:01.718-0300] {logging_mixin.py:190} INFO - +-----------------------+
|CONTROLS_COLUMN        |
+-----------------------+
|yellow_tripdata_2023-01|
|yellow_tripdata_2023-05|
|yellow_tripdata_2023-02|
|yellow_tripdata_2023-04|
|yellow_tripdata_2023-03|
+-----------------------+
[2025-04-21T09:29:25.194-0300] {taskinstance.py:3311} ERROR - Task failed with exception
Traceback (most recent call last):
  File "/home/lenovo/miniconda3/envs/worker/lib/python3.12/site-packages/airflow/models/taskinstance.py", line 767, in _execute_task
    result = _execute_callable(context=context, **execute_callable_kwargs)
             ^^^^^^^^^^^^^^^^^^^^^^^^^^^^^^^^^^^^^^^^^^^^^^^^^^^^^^^^^^^^^
  File "/home/lenovo/miniconda3/envs/worker/lib/python3.12/site-packages/airflow/models/taskinstance.py", line 733, in _execute_callable
    return ExecutionCallableRunner(
           ^^^^^^^^^^^^^^^^^^^^^^^^
  File "/home/lenovo/miniconda3/envs/worker/lib/python3.12/site-packages/airflow/utils/operator_helpers.py", line 252, in run
    return self.func(*args, **kwargs)
           ^^^^^^^^^^^^^^^^^^^^^^^^^^
  File "/home/lenovo/miniconda3/envs/worker/lib/python3.12/site-packages/airflow/models/baseoperator.py", line 422, in wrapper
    return func(self, *args, **kwargs)
           ^^^^^^^^^^^^^^^^^^^^^^^^^^^
  File "/home/lenovo/miniconda3/envs/worker/lib/python3.12/site-packages/airflow/operators/python.py", line 238, in execute
    return_value = self.execute_callable()
                   ^^^^^^^^^^^^^^^^^^^^^^^
  File "/home/lenovo/miniconda3/envs/worker/lib/python3.12/site-packages/airflow/operators/python.py", line 256, in execute_callable
    return runner.run(*self.op_args, **self.op_kwargs)
           ^^^^^^^^^^^^^^^^^^^^^^^^^^^^^^^^^^^^^^^^^^^
  File "/home/lenovo/miniconda3/envs/worker/lib/python3.12/site-packages/airflow/utils/operator_helpers.py", line 252, in run
    return self.func(*args, **kwargs)
           ^^^^^^^^^^^^^^^^^^^^^^^^^^
  File "/home/lenovo/airflow/jobs/jobs_functions/dw_sparkmetastore.py", line 84, in dw_metastore
    spark.sql(f"CREATE DATABASE IF NOT EXISTS {nome_banco}")
  File "/opt/spark/python/pyspark/sql/session.py", line 1631, in sql
    return DataFrame(self._jsparkSession.sql(sqlQuery, litArgs), self)
                     ^^^^^^^^^^^^^^^^^^^^^^^^^^^^^^^^^^^^^^^^^^
  File "/home/lenovo/miniconda3/envs/worker/lib/python3.12/site-packages/py4j/java_gateway.py", line 1322, in __call__
    return_value = get_return_value(
                   ^^^^^^^^^^^^^^^^^
  File "/opt/spark/python/pyspark/errors/exceptions/captured.py", line 185, in deco
    raise converted from None
pyspark.errors.exceptions.captured.AnalysisException: org.apache.hadoop.hive.ql.metadata.HiveException: java.lang.RuntimeException: Unable to instantiate org.apache.hadoop.hive.ql.metadata.SessionHiveMetaStoreClient
[2025-04-21T09:29:25.207-0300] {taskinstance.py:1225} INFO - Marking task as FAILED. dag_id=DW, task_id=Meta, run_id=scheduled__2025-04-20T00:00:00+00:00, execution_date=20250420T000000, start_date=20250421T122846, end_date=20250421T122925
[2025-04-21T09:29:25.207-0300] {taskinstance.py:1563} INFO - Executing callback at index 0: partial
[2025-04-21T09:29:25.207-0300] {taskinstance.py:1567} ERROR - Error in callback at index 0: partial
Traceback (most recent call last):
  File "/home/lenovo/miniconda3/envs/worker/lib/python3.12/site-packages/airflow/models/taskinstance.py", line 273, in _run_raw_task
    TaskInstance._execute_task_with_callbacks(
  File "/home/lenovo/miniconda3/envs/worker/lib/python3.12/site-packages/airflow/models/taskinstance.py", line 3159, in _execute_task_with_callbacks
    result = self._execute_task(context, task_orig)
             ^^^^^^^^^^^^^^^^^^^^^^^^^^^^^^^^^^^^^^
  File "/home/lenovo/miniconda3/envs/worker/lib/python3.12/site-packages/airflow/models/taskinstance.py", line 3183, in _execute_task
    return _execute_task(self, context, task_orig)
           ^^^^^^^^^^^^^^^^^^^^^^^^^^^^^^^^^^^^^^^
  File "/home/lenovo/miniconda3/envs/worker/lib/python3.12/site-packages/airflow/models/taskinstance.py", line 767, in _execute_task
    result = _execute_callable(context=context, **execute_callable_kwargs)
             ^^^^^^^^^^^^^^^^^^^^^^^^^^^^^^^^^^^^^^^^^^^^^^^^^^^^^^^^^^^^^
  File "/home/lenovo/miniconda3/envs/worker/lib/python3.12/site-packages/airflow/models/taskinstance.py", line 733, in _execute_callable
    return ExecutionCallableRunner(
           ^^^^^^^^^^^^^^^^^^^^^^^^
  File "/home/lenovo/miniconda3/envs/worker/lib/python3.12/site-packages/airflow/utils/operator_helpers.py", line 252, in run
    return self.func(*args, **kwargs)
           ^^^^^^^^^^^^^^^^^^^^^^^^^^
  File "/home/lenovo/miniconda3/envs/worker/lib/python3.12/site-packages/airflow/models/baseoperator.py", line 422, in wrapper
    return func(self, *args, **kwargs)
           ^^^^^^^^^^^^^^^^^^^^^^^^^^^
  File "/home/lenovo/miniconda3/envs/worker/lib/python3.12/site-packages/airflow/operators/python.py", line 238, in execute
    return_value = self.execute_callable()
                   ^^^^^^^^^^^^^^^^^^^^^^^
  File "/home/lenovo/miniconda3/envs/worker/lib/python3.12/site-packages/airflow/operators/python.py", line 256, in execute_callable
    return runner.run(*self.op_args, **self.op_kwargs)
           ^^^^^^^^^^^^^^^^^^^^^^^^^^^^^^^^^^^^^^^^^^^
  File "/home/lenovo/miniconda3/envs/worker/lib/python3.12/site-packages/airflow/utils/operator_helpers.py", line 252, in run
    return self.func(*args, **kwargs)
           ^^^^^^^^^^^^^^^^^^^^^^^^^^
  File "/home/lenovo/airflow/jobs/jobs_functions/dw_sparkmetastore.py", line 84, in dw_metastore
    spark.sql(f"CREATE DATABASE IF NOT EXISTS {nome_banco}")
  File "/opt/spark/python/pyspark/sql/session.py", line 1631, in sql
    return DataFrame(self._jsparkSession.sql(sqlQuery, litArgs), self)
                     ^^^^^^^^^^^^^^^^^^^^^^^^^^^^^^^^^^^^^^^^^^
  File "/home/lenovo/miniconda3/envs/worker/lib/python3.12/site-packages/py4j/java_gateway.py", line 1322, in __call__
    return_value = get_return_value(
                   ^^^^^^^^^^^^^^^^^
  File "/opt/spark/python/pyspark/errors/exceptions/captured.py", line 185, in deco
    raise converted from None
pyspark.errors.exceptions.captured.AnalysisException: org.apache.hadoop.hive.ql.metadata.HiveException: java.lang.RuntimeException: Unable to instantiate org.apache.hadoop.hive.ql.metadata.SessionHiveMetaStoreClient

During handling of the above exception, another exception occurred:

Traceback (most recent call last):
  File "/home/lenovo/miniconda3/envs/worker/lib/python3.12/site-packages/airflow/models/taskinstance.py", line 1565, in _run_finished_callback
    callback(context)
TypeError: notificar_falha() takes 1 positional argument but 2 were given
[2025-04-21T09:29:25.236-0300] {taskinstance.py:340} INFO - ::group::Post task execution logs
[2025-04-21T09:29:25.237-0300] {standard_task_runner.py:124} ERROR - Failed to execute job 72 for task Meta (org.apache.hadoop.hive.ql.metadata.HiveException: java.lang.RuntimeException: Unable to instantiate org.apache.hadoop.hive.ql.metadata.SessionHiveMetaStoreClient; 38972)
Traceback (most recent call last):
  File "/home/lenovo/miniconda3/envs/worker/lib/python3.12/site-packages/airflow/task/task_runner/standard_task_runner.py", line 117, in _start_by_fork
    ret = args.func(args, dag=self.dag)
          ^^^^^^^^^^^^^^^^^^^^^^^^^^^^^
  File "/home/lenovo/miniconda3/envs/worker/lib/python3.12/site-packages/airflow/cli/cli_config.py", line 49, in command
    return func(*args, **kwargs)
           ^^^^^^^^^^^^^^^^^^^^^
  File "/home/lenovo/miniconda3/envs/worker/lib/python3.12/site-packages/airflow/utils/cli.py", line 116, in wrapper
    return f(*args, **kwargs)
           ^^^^^^^^^^^^^^^^^^
  File "/home/lenovo/miniconda3/envs/worker/lib/python3.12/site-packages/airflow/cli/commands/task_command.py", line 483, in task_run
    task_return_code = _run_task_by_selected_method(args, _dag, ti)
                       ^^^^^^^^^^^^^^^^^^^^^^^^^^^^^^^^^^^^^^^^^^^^
  File "/home/lenovo/miniconda3/envs/worker/lib/python3.12/site-packages/airflow/cli/commands/task_command.py", line 256, in _run_task_by_selected_method
    return _run_raw_task(args, ti)
           ^^^^^^^^^^^^^^^^^^^^^^^
  File "/home/lenovo/miniconda3/envs/worker/lib/python3.12/site-packages/airflow/cli/commands/task_command.py", line 341, in _run_raw_task
    return ti._run_raw_task(
           ^^^^^^^^^^^^^^^^^
  File "/home/lenovo/miniconda3/envs/worker/lib/python3.12/site-packages/airflow/utils/session.py", line 97, in wrapper
    return func(*args, session=session, **kwargs)
           ^^^^^^^^^^^^^^^^^^^^^^^^^^^^^^^^^^^^^^
  File "/home/lenovo/miniconda3/envs/worker/lib/python3.12/site-packages/airflow/models/taskinstance.py", line 3005, in _run_raw_task
    return _run_raw_task(
           ^^^^^^^^^^^^^^
  File "/home/lenovo/miniconda3/envs/worker/lib/python3.12/site-packages/airflow/models/taskinstance.py", line 273, in _run_raw_task
    TaskInstance._execute_task_with_callbacks(
  File "/home/lenovo/miniconda3/envs/worker/lib/python3.12/site-packages/airflow/models/taskinstance.py", line 3159, in _execute_task_with_callbacks
    result = self._execute_task(context, task_orig)
             ^^^^^^^^^^^^^^^^^^^^^^^^^^^^^^^^^^^^^^
  File "/home/lenovo/miniconda3/envs/worker/lib/python3.12/site-packages/airflow/models/taskinstance.py", line 3183, in _execute_task
    return _execute_task(self, context, task_orig)
           ^^^^^^^^^^^^^^^^^^^^^^^^^^^^^^^^^^^^^^^
  File "/home/lenovo/miniconda3/envs/worker/lib/python3.12/site-packages/airflow/models/taskinstance.py", line 767, in _execute_task
    result = _execute_callable(context=context, **execute_callable_kwargs)
             ^^^^^^^^^^^^^^^^^^^^^^^^^^^^^^^^^^^^^^^^^^^^^^^^^^^^^^^^^^^^^
  File "/home/lenovo/miniconda3/envs/worker/lib/python3.12/site-packages/airflow/models/taskinstance.py", line 733, in _execute_callable
    return ExecutionCallableRunner(
           ^^^^^^^^^^^^^^^^^^^^^^^^
  File "/home/lenovo/miniconda3/envs/worker/lib/python3.12/site-packages/airflow/utils/operator_helpers.py", line 252, in run
    return self.func(*args, **kwargs)
           ^^^^^^^^^^^^^^^^^^^^^^^^^^
  File "/home/lenovo/miniconda3/envs/worker/lib/python3.12/site-packages/airflow/models/baseoperator.py", line 422, in wrapper
    return func(self, *args, **kwargs)
           ^^^^^^^^^^^^^^^^^^^^^^^^^^^
  File "/home/lenovo/miniconda3/envs/worker/lib/python3.12/site-packages/airflow/operators/python.py", line 238, in execute
    return_value = self.execute_callable()
                   ^^^^^^^^^^^^^^^^^^^^^^^
  File "/home/lenovo/miniconda3/envs/worker/lib/python3.12/site-packages/airflow/operators/python.py", line 256, in execute_callable
    return runner.run(*self.op_args, **self.op_kwargs)
           ^^^^^^^^^^^^^^^^^^^^^^^^^^^^^^^^^^^^^^^^^^^
  File "/home/lenovo/miniconda3/envs/worker/lib/python3.12/site-packages/airflow/utils/operator_helpers.py", line 252, in run
    return self.func(*args, **kwargs)
           ^^^^^^^^^^^^^^^^^^^^^^^^^^
  File "/home/lenovo/airflow/jobs/jobs_functions/dw_sparkmetastore.py", line 84, in dw_metastore
    spark.sql(f"CREATE DATABASE IF NOT EXISTS {nome_banco}")
  File "/opt/spark/python/pyspark/sql/session.py", line 1631, in sql
    return DataFrame(self._jsparkSession.sql(sqlQuery, litArgs), self)
                     ^^^^^^^^^^^^^^^^^^^^^^^^^^^^^^^^^^^^^^^^^^
  File "/home/lenovo/miniconda3/envs/worker/lib/python3.12/site-packages/py4j/java_gateway.py", line 1322, in __call__
    return_value = get_return_value(
                   ^^^^^^^^^^^^^^^^^
  File "/opt/spark/python/pyspark/errors/exceptions/captured.py", line 185, in deco
    raise converted from None
pyspark.errors.exceptions.captured.AnalysisException: org.apache.hadoop.hive.ql.metadata.HiveException: java.lang.RuntimeException: Unable to instantiate org.apache.hadoop.hive.ql.metadata.SessionHiveMetaStoreClient
[2025-04-21T09:29:25.284-0300] {local_task_job_runner.py:266} INFO - Task exited with return code 1
[2025-04-21T09:29:25.291-0300] {taskinstance.py:3895} INFO - 0 downstream tasks scheduled from follow-on schedule check
[2025-04-21T09:29:25.292-0300] {local_task_job_runner.py:245} INFO - ::endgroup::
