[2025-04-21T02:09:12.480-0300] {local_task_job_runner.py:123} INFO - ::group::Pre task execution logs
[2025-04-21T02:09:12.497-0300] {taskinstance.py:2613} INFO - Dependencies all met for dep_context=non-requeueable deps ti=<TaskInstance: DW.Meta scheduled__2025-04-20T00:00:00+00:00 [queued]>
[2025-04-21T02:09:12.506-0300] {taskinstance.py:2613} INFO - Dependencies all met for dep_context=requeueable deps ti=<TaskInstance: DW.Meta scheduled__2025-04-20T00:00:00+00:00 [queued]>
[2025-04-21T02:09:12.507-0300] {taskinstance.py:2866} INFO - Starting attempt 3 of 4
[2025-04-21T02:09:12.533-0300] {taskinstance.py:2889} INFO - Executing <Task(PythonOperator): Meta> on 2025-04-20 00:00:00+00:00
[2025-04-21T02:09:12.544-0300] {standard_task_runner.py:104} INFO - Running: ['airflow', 'tasks', 'run', 'DW', 'Meta', 'scheduled__2025-04-20T00:00:00+00:00', '--job-id', '32', '--raw', '--subdir', 'DAGS_FOLDER/DW.py', '--cfg-path', '/tmp/tmpe0jwr0pj']
[2025-04-21T02:09:12.545-0300] {standard_task_runner.py:105} INFO - Job 32: Subtask Meta
[2025-04-21T02:09:12.554-0300] {logging_mixin.py:190} WARNING - /home/lenovo/miniconda3/envs/worker/lib/python3.12/site-packages/airflow/task/task_runner/standard_task_runner.py:70 DeprecationWarning: This process (pid=17302) is multi-threaded, use of fork() may lead to deadlocks in the child.
[2025-04-21T02:09:12.555-0300] {standard_task_runner.py:72} INFO - Started process 17394 to run task
[2025-04-21T02:09:12.596-0300] {task_command.py:467} INFO - Running <TaskInstance: DW.Meta scheduled__2025-04-20T00:00:00+00:00 [running]> on host DESKTOP-1GIT60U.
[2025-04-21T02:09:12.675-0300] {taskinstance.py:3132} INFO - Exporting env vars: AIRFLOW_CTX_DAG_EMAIL='airflow@example.com' AIRFLOW_CTX_DAG_OWNER='airflow' AIRFLOW_CTX_DAG_ID='DW' AIRFLOW_CTX_TASK_ID='Meta' AIRFLOW_CTX_EXECUTION_DATE='2025-04-20T00:00:00+00:00' AIRFLOW_CTX_TRY_NUMBER='3' AIRFLOW_CTX_DAG_RUN_ID='scheduled__2025-04-20T00:00:00+00:00'
[2025-04-21T02:09:12.677-0300] {taskinstance.py:731} INFO - ::endgroup::
[2025-04-21T02:09:19.969-0300] {dw_sparkmetastore.py:43} INFO - Padronizando os dados
[2025-04-21T02:09:22.983-0300] {logging_mixin.py:190} INFO - Mensagem enviada com sucesso.
[2025-04-21T02:09:22.984-0300] {dw_sparkmetastore.py:47} INFO - 📥 Lendo de prd_yellow_taxi_table
[2025-04-21T02:09:28.247-0300] {dw_sparkmetastore.py:50} INFO - ✅ Leitura bem-sucedida da tabela parquet.
[2025-04-21T02:09:28.724-0300] {logging_mixin.py:190} INFO - Mensagem enviada com sucesso.
[2025-04-21T02:09:35.396-0300] {logging_mixin.py:190} INFO - +-----------------------+
|CONTROLS_COLUMN        |
+-----------------------+
|yellow_tripdata_2023-01|
|yellow_tripdata_2023-05|
|yellow_tripdata_2023-02|
|yellow_tripdata_2023-04|
|yellow_tripdata_2023-03|
+-----------------------+
[2025-04-21T02:10:03.933-0300] {taskinstance.py:3311} ERROR - Task failed with exception
Traceback (most recent call last):
  File "/home/lenovo/miniconda3/envs/worker/lib/python3.12/site-packages/airflow/models/taskinstance.py", line 767, in _execute_task
    result = _execute_callable(context=context, **execute_callable_kwargs)
             ^^^^^^^^^^^^^^^^^^^^^^^^^^^^^^^^^^^^^^^^^^^^^^^^^^^^^^^^^^^^^
  File "/home/lenovo/miniconda3/envs/worker/lib/python3.12/site-packages/airflow/models/taskinstance.py", line 733, in _execute_callable
    return ExecutionCallableRunner(
           ^^^^^^^^^^^^^^^^^^^^^^^^
  File "/home/lenovo/miniconda3/envs/worker/lib/python3.12/site-packages/airflow/utils/operator_helpers.py", line 252, in run
    return self.func(*args, **kwargs)
           ^^^^^^^^^^^^^^^^^^^^^^^^^^
  File "/home/lenovo/miniconda3/envs/worker/lib/python3.12/site-packages/airflow/models/baseoperator.py", line 422, in wrapper
    return func(self, *args, **kwargs)
           ^^^^^^^^^^^^^^^^^^^^^^^^^^^
  File "/home/lenovo/miniconda3/envs/worker/lib/python3.12/site-packages/airflow/operators/python.py", line 238, in execute
    return_value = self.execute_callable()
                   ^^^^^^^^^^^^^^^^^^^^^^^
  File "/home/lenovo/miniconda3/envs/worker/lib/python3.12/site-packages/airflow/operators/python.py", line 256, in execute_callable
    return runner.run(*self.op_args, **self.op_kwargs)
           ^^^^^^^^^^^^^^^^^^^^^^^^^^^^^^^^^^^^^^^^^^^
  File "/home/lenovo/miniconda3/envs/worker/lib/python3.12/site-packages/airflow/utils/operator_helpers.py", line 252, in run
    return self.func(*args, **kwargs)
           ^^^^^^^^^^^^^^^^^^^^^^^^^^
  File "/home/lenovo/airflow/jobs/jobs_functions/dw_sparkmetastore.py", line 79, in dw_metastore
    spark.sql(f"CREATE DATABASE IF NOT EXISTS {nome_banco}")
  File "/opt/spark/python/pyspark/sql/session.py", line 1631, in sql
    return DataFrame(self._jsparkSession.sql(sqlQuery, litArgs), self)
                     ^^^^^^^^^^^^^^^^^^^^^^^^^^^^^^^^^^^^^^^^^^
  File "/home/lenovo/miniconda3/envs/worker/lib/python3.12/site-packages/py4j/java_gateway.py", line 1322, in __call__
    return_value = get_return_value(
                   ^^^^^^^^^^^^^^^^^
  File "/opt/spark/python/pyspark/errors/exceptions/captured.py", line 185, in deco
    raise converted from None
pyspark.errors.exceptions.captured.AnalysisException: org.apache.hadoop.hive.ql.metadata.HiveException: java.lang.RuntimeException: Unable to instantiate org.apache.hadoop.hive.ql.metadata.SessionHiveMetaStoreClient
[2025-04-21T02:10:03.956-0300] {taskinstance.py:1225} INFO - Marking task as UP_FOR_RETRY. dag_id=DW, task_id=Meta, run_id=scheduled__2025-04-20T00:00:00+00:00, execution_date=20250420T000000, start_date=20250421T050912, end_date=20250421T051003
[2025-04-21T02:10:04.009-0300] {taskinstance.py:340} INFO - ::group::Post task execution logs
[2025-04-21T02:10:04.010-0300] {standard_task_runner.py:124} ERROR - Failed to execute job 32 for task Meta (org.apache.hadoop.hive.ql.metadata.HiveException: java.lang.RuntimeException: Unable to instantiate org.apache.hadoop.hive.ql.metadata.SessionHiveMetaStoreClient; 17394)
Traceback (most recent call last):
  File "/home/lenovo/miniconda3/envs/worker/lib/python3.12/site-packages/airflow/task/task_runner/standard_task_runner.py", line 117, in _start_by_fork
    ret = args.func(args, dag=self.dag)
          ^^^^^^^^^^^^^^^^^^^^^^^^^^^^^
  File "/home/lenovo/miniconda3/envs/worker/lib/python3.12/site-packages/airflow/cli/cli_config.py", line 49, in command
    return func(*args, **kwargs)
           ^^^^^^^^^^^^^^^^^^^^^
  File "/home/lenovo/miniconda3/envs/worker/lib/python3.12/site-packages/airflow/utils/cli.py", line 116, in wrapper
    return f(*args, **kwargs)
           ^^^^^^^^^^^^^^^^^^
  File "/home/lenovo/miniconda3/envs/worker/lib/python3.12/site-packages/airflow/cli/commands/task_command.py", line 483, in task_run
    task_return_code = _run_task_by_selected_method(args, _dag, ti)
                       ^^^^^^^^^^^^^^^^^^^^^^^^^^^^^^^^^^^^^^^^^^^^
  File "/home/lenovo/miniconda3/envs/worker/lib/python3.12/site-packages/airflow/cli/commands/task_command.py", line 256, in _run_task_by_selected_method
    return _run_raw_task(args, ti)
           ^^^^^^^^^^^^^^^^^^^^^^^
  File "/home/lenovo/miniconda3/envs/worker/lib/python3.12/site-packages/airflow/cli/commands/task_command.py", line 341, in _run_raw_task
    return ti._run_raw_task(
           ^^^^^^^^^^^^^^^^^
  File "/home/lenovo/miniconda3/envs/worker/lib/python3.12/site-packages/airflow/utils/session.py", line 97, in wrapper
    return func(*args, session=session, **kwargs)
           ^^^^^^^^^^^^^^^^^^^^^^^^^^^^^^^^^^^^^^
  File "/home/lenovo/miniconda3/envs/worker/lib/python3.12/site-packages/airflow/models/taskinstance.py", line 3005, in _run_raw_task
    return _run_raw_task(
           ^^^^^^^^^^^^^^
  File "/home/lenovo/miniconda3/envs/worker/lib/python3.12/site-packages/airflow/models/taskinstance.py", line 273, in _run_raw_task
    TaskInstance._execute_task_with_callbacks(
  File "/home/lenovo/miniconda3/envs/worker/lib/python3.12/site-packages/airflow/models/taskinstance.py", line 3159, in _execute_task_with_callbacks
    result = self._execute_task(context, task_orig)
             ^^^^^^^^^^^^^^^^^^^^^^^^^^^^^^^^^^^^^^
  File "/home/lenovo/miniconda3/envs/worker/lib/python3.12/site-packages/airflow/models/taskinstance.py", line 3183, in _execute_task
    return _execute_task(self, context, task_orig)
           ^^^^^^^^^^^^^^^^^^^^^^^^^^^^^^^^^^^^^^^
  File "/home/lenovo/miniconda3/envs/worker/lib/python3.12/site-packages/airflow/models/taskinstance.py", line 767, in _execute_task
    result = _execute_callable(context=context, **execute_callable_kwargs)
             ^^^^^^^^^^^^^^^^^^^^^^^^^^^^^^^^^^^^^^^^^^^^^^^^^^^^^^^^^^^^^
  File "/home/lenovo/miniconda3/envs/worker/lib/python3.12/site-packages/airflow/models/taskinstance.py", line 733, in _execute_callable
    return ExecutionCallableRunner(
           ^^^^^^^^^^^^^^^^^^^^^^^^
  File "/home/lenovo/miniconda3/envs/worker/lib/python3.12/site-packages/airflow/utils/operator_helpers.py", line 252, in run
    return self.func(*args, **kwargs)
           ^^^^^^^^^^^^^^^^^^^^^^^^^^
  File "/home/lenovo/miniconda3/envs/worker/lib/python3.12/site-packages/airflow/models/baseoperator.py", line 422, in wrapper
    return func(self, *args, **kwargs)
           ^^^^^^^^^^^^^^^^^^^^^^^^^^^
  File "/home/lenovo/miniconda3/envs/worker/lib/python3.12/site-packages/airflow/operators/python.py", line 238, in execute
    return_value = self.execute_callable()
                   ^^^^^^^^^^^^^^^^^^^^^^^
  File "/home/lenovo/miniconda3/envs/worker/lib/python3.12/site-packages/airflow/operators/python.py", line 256, in execute_callable
    return runner.run(*self.op_args, **self.op_kwargs)
           ^^^^^^^^^^^^^^^^^^^^^^^^^^^^^^^^^^^^^^^^^^^
  File "/home/lenovo/miniconda3/envs/worker/lib/python3.12/site-packages/airflow/utils/operator_helpers.py", line 252, in run
    return self.func(*args, **kwargs)
           ^^^^^^^^^^^^^^^^^^^^^^^^^^
  File "/home/lenovo/airflow/jobs/jobs_functions/dw_sparkmetastore.py", line 79, in dw_metastore
    spark.sql(f"CREATE DATABASE IF NOT EXISTS {nome_banco}")
  File "/opt/spark/python/pyspark/sql/session.py", line 1631, in sql
    return DataFrame(self._jsparkSession.sql(sqlQuery, litArgs), self)
                     ^^^^^^^^^^^^^^^^^^^^^^^^^^^^^^^^^^^^^^^^^^
  File "/home/lenovo/miniconda3/envs/worker/lib/python3.12/site-packages/py4j/java_gateway.py", line 1322, in __call__
    return_value = get_return_value(
                   ^^^^^^^^^^^^^^^^^
  File "/opt/spark/python/pyspark/errors/exceptions/captured.py", line 185, in deco
    raise converted from None
pyspark.errors.exceptions.captured.AnalysisException: org.apache.hadoop.hive.ql.metadata.HiveException: java.lang.RuntimeException: Unable to instantiate org.apache.hadoop.hive.ql.metadata.SessionHiveMetaStoreClient
[2025-04-21T02:10:04.071-0300] {local_task_job_runner.py:266} INFO - Task exited with return code 1
[2025-04-21T02:10:04.096-0300] {taskinstance.py:3895} INFO - 0 downstream tasks scheduled from follow-on schedule check
[2025-04-21T02:10:04.098-0300] {local_task_job_runner.py:245} INFO - ::endgroup::
[2025-04-21T09:27:07.724-0300] {local_task_job_runner.py:123} INFO - ::group::Pre task execution logs
[2025-04-21T09:27:07.733-0300] {taskinstance.py:2613} INFO - Dependencies all met for dep_context=non-requeueable deps ti=<TaskInstance: DW.Meta scheduled__2025-04-20T00:00:00+00:00 [queued]>
[2025-04-21T09:27:07.737-0300] {taskinstance.py:2613} INFO - Dependencies all met for dep_context=requeueable deps ti=<TaskInstance: DW.Meta scheduled__2025-04-20T00:00:00+00:00 [queued]>
[2025-04-21T09:27:07.738-0300] {taskinstance.py:2866} INFO - Starting attempt 3 of 4
[2025-04-21T09:27:07.752-0300] {taskinstance.py:2889} INFO - Executing <Task(PythonOperator): Meta> on 2025-04-20 00:00:00+00:00
[2025-04-21T09:27:07.755-0300] {standard_task_runner.py:72} INFO - Started process 38673 to run task
[2025-04-21T09:27:07.757-0300] {standard_task_runner.py:104} INFO - Running: ['airflow', 'tasks', 'run', 'DW', 'Meta', 'scheduled__2025-04-20T00:00:00+00:00', '--job-id', '71', '--raw', '--subdir', 'DAGS_FOLDER/DW.py', '--cfg-path', '/tmp/tmpj31zzj81']
[2025-04-21T09:27:07.758-0300] {standard_task_runner.py:105} INFO - Job 71: Subtask Meta
[2025-04-21T09:27:07.788-0300] {task_command.py:467} INFO - Running <TaskInstance: DW.Meta scheduled__2025-04-20T00:00:00+00:00 [running]> on host DESKTOP-1GIT60U.
[2025-04-21T09:27:07.832-0300] {taskinstance.py:3132} INFO - Exporting env vars: AIRFLOW_CTX_DAG_EMAIL='airflow@example.com' AIRFLOW_CTX_DAG_OWNER='airflow' AIRFLOW_CTX_DAG_ID='DW' AIRFLOW_CTX_TASK_ID='Meta' AIRFLOW_CTX_EXECUTION_DATE='2025-04-20T00:00:00+00:00' AIRFLOW_CTX_TRY_NUMBER='3' AIRFLOW_CTX_DAG_RUN_ID='scheduled__2025-04-20T00:00:00+00:00'
[2025-04-21T09:27:07.832-0300] {taskinstance.py:731} INFO - ::endgroup::
[2025-04-21T09:27:12.510-0300] {dw_sparkmetastore.py:48} INFO - Padronizando os dados
[2025-04-21T09:27:13.310-0300] {logging_mixin.py:190} INFO - Mensagem enviada com sucesso.
[2025-04-21T09:27:13.311-0300] {dw_sparkmetastore.py:52} INFO - 📥 Lendo de prd_yellow_taxi_table
[2025-04-21T09:27:16.216-0300] {dw_sparkmetastore.py:55} INFO - ✅ Leitura bem-sucedida da tabela parquet.
[2025-04-21T09:27:16.952-0300] {logging_mixin.py:190} INFO - Mensagem enviada com sucesso.
[2025-04-21T09:27:21.890-0300] {logging_mixin.py:190} INFO - +-----------------------+
|CONTROLS_COLUMN        |
+-----------------------+
|yellow_tripdata_2023-01|
|yellow_tripdata_2023-05|
|yellow_tripdata_2023-02|
|yellow_tripdata_2023-04|
|yellow_tripdata_2023-03|
+-----------------------+
[2025-04-21T09:27:45.275-0300] {taskinstance.py:3311} ERROR - Task failed with exception
Traceback (most recent call last):
  File "/home/lenovo/miniconda3/envs/worker/lib/python3.12/site-packages/airflow/models/taskinstance.py", line 767, in _execute_task
    result = _execute_callable(context=context, **execute_callable_kwargs)
             ^^^^^^^^^^^^^^^^^^^^^^^^^^^^^^^^^^^^^^^^^^^^^^^^^^^^^^^^^^^^^
  File "/home/lenovo/miniconda3/envs/worker/lib/python3.12/site-packages/airflow/models/taskinstance.py", line 733, in _execute_callable
    return ExecutionCallableRunner(
           ^^^^^^^^^^^^^^^^^^^^^^^^
  File "/home/lenovo/miniconda3/envs/worker/lib/python3.12/site-packages/airflow/utils/operator_helpers.py", line 252, in run
    return self.func(*args, **kwargs)
           ^^^^^^^^^^^^^^^^^^^^^^^^^^
  File "/home/lenovo/miniconda3/envs/worker/lib/python3.12/site-packages/airflow/models/baseoperator.py", line 422, in wrapper
    return func(self, *args, **kwargs)
           ^^^^^^^^^^^^^^^^^^^^^^^^^^^
  File "/home/lenovo/miniconda3/envs/worker/lib/python3.12/site-packages/airflow/operators/python.py", line 238, in execute
    return_value = self.execute_callable()
                   ^^^^^^^^^^^^^^^^^^^^^^^
  File "/home/lenovo/miniconda3/envs/worker/lib/python3.12/site-packages/airflow/operators/python.py", line 256, in execute_callable
    return runner.run(*self.op_args, **self.op_kwargs)
           ^^^^^^^^^^^^^^^^^^^^^^^^^^^^^^^^^^^^^^^^^^^
  File "/home/lenovo/miniconda3/envs/worker/lib/python3.12/site-packages/airflow/utils/operator_helpers.py", line 252, in run
    return self.func(*args, **kwargs)
           ^^^^^^^^^^^^^^^^^^^^^^^^^^
  File "/home/lenovo/airflow/jobs/jobs_functions/dw_sparkmetastore.py", line 84, in dw_metastore
    spark.sql(f"CREATE DATABASE IF NOT EXISTS {nome_banco}")
  File "/opt/spark/python/pyspark/sql/session.py", line 1631, in sql
    return DataFrame(self._jsparkSession.sql(sqlQuery, litArgs), self)
                     ^^^^^^^^^^^^^^^^^^^^^^^^^^^^^^^^^^^^^^^^^^
  File "/home/lenovo/miniconda3/envs/worker/lib/python3.12/site-packages/py4j/java_gateway.py", line 1322, in __call__
    return_value = get_return_value(
                   ^^^^^^^^^^^^^^^^^
  File "/opt/spark/python/pyspark/errors/exceptions/captured.py", line 185, in deco
    raise converted from None
pyspark.errors.exceptions.captured.AnalysisException: org.apache.hadoop.hive.ql.metadata.HiveException: java.lang.RuntimeException: Unable to instantiate org.apache.hadoop.hive.ql.metadata.SessionHiveMetaStoreClient
[2025-04-21T09:27:45.290-0300] {taskinstance.py:1225} INFO - Marking task as UP_FOR_RETRY. dag_id=DW, task_id=Meta, run_id=scheduled__2025-04-20T00:00:00+00:00, execution_date=20250420T000000, start_date=20250421T122707, end_date=20250421T122745
[2025-04-21T09:27:45.307-0300] {taskinstance.py:340} INFO - ::group::Post task execution logs
[2025-04-21T09:27:45.308-0300] {standard_task_runner.py:124} ERROR - Failed to execute job 71 for task Meta (org.apache.hadoop.hive.ql.metadata.HiveException: java.lang.RuntimeException: Unable to instantiate org.apache.hadoop.hive.ql.metadata.SessionHiveMetaStoreClient; 38673)
Traceback (most recent call last):
  File "/home/lenovo/miniconda3/envs/worker/lib/python3.12/site-packages/airflow/task/task_runner/standard_task_runner.py", line 117, in _start_by_fork
    ret = args.func(args, dag=self.dag)
          ^^^^^^^^^^^^^^^^^^^^^^^^^^^^^
  File "/home/lenovo/miniconda3/envs/worker/lib/python3.12/site-packages/airflow/cli/cli_config.py", line 49, in command
    return func(*args, **kwargs)
           ^^^^^^^^^^^^^^^^^^^^^
  File "/home/lenovo/miniconda3/envs/worker/lib/python3.12/site-packages/airflow/utils/cli.py", line 116, in wrapper
    return f(*args, **kwargs)
           ^^^^^^^^^^^^^^^^^^
  File "/home/lenovo/miniconda3/envs/worker/lib/python3.12/site-packages/airflow/cli/commands/task_command.py", line 483, in task_run
    task_return_code = _run_task_by_selected_method(args, _dag, ti)
                       ^^^^^^^^^^^^^^^^^^^^^^^^^^^^^^^^^^^^^^^^^^^^
  File "/home/lenovo/miniconda3/envs/worker/lib/python3.12/site-packages/airflow/cli/commands/task_command.py", line 256, in _run_task_by_selected_method
    return _run_raw_task(args, ti)
           ^^^^^^^^^^^^^^^^^^^^^^^
  File "/home/lenovo/miniconda3/envs/worker/lib/python3.12/site-packages/airflow/cli/commands/task_command.py", line 341, in _run_raw_task
    return ti._run_raw_task(
           ^^^^^^^^^^^^^^^^^
  File "/home/lenovo/miniconda3/envs/worker/lib/python3.12/site-packages/airflow/utils/session.py", line 97, in wrapper
    return func(*args, session=session, **kwargs)
           ^^^^^^^^^^^^^^^^^^^^^^^^^^^^^^^^^^^^^^
  File "/home/lenovo/miniconda3/envs/worker/lib/python3.12/site-packages/airflow/models/taskinstance.py", line 3005, in _run_raw_task
    return _run_raw_task(
           ^^^^^^^^^^^^^^
  File "/home/lenovo/miniconda3/envs/worker/lib/python3.12/site-packages/airflow/models/taskinstance.py", line 273, in _run_raw_task
    TaskInstance._execute_task_with_callbacks(
  File "/home/lenovo/miniconda3/envs/worker/lib/python3.12/site-packages/airflow/models/taskinstance.py", line 3159, in _execute_task_with_callbacks
    result = self._execute_task(context, task_orig)
             ^^^^^^^^^^^^^^^^^^^^^^^^^^^^^^^^^^^^^^
  File "/home/lenovo/miniconda3/envs/worker/lib/python3.12/site-packages/airflow/models/taskinstance.py", line 3183, in _execute_task
    return _execute_task(self, context, task_orig)
           ^^^^^^^^^^^^^^^^^^^^^^^^^^^^^^^^^^^^^^^
  File "/home/lenovo/miniconda3/envs/worker/lib/python3.12/site-packages/airflow/models/taskinstance.py", line 767, in _execute_task
    result = _execute_callable(context=context, **execute_callable_kwargs)
             ^^^^^^^^^^^^^^^^^^^^^^^^^^^^^^^^^^^^^^^^^^^^^^^^^^^^^^^^^^^^^
  File "/home/lenovo/miniconda3/envs/worker/lib/python3.12/site-packages/airflow/models/taskinstance.py", line 733, in _execute_callable
    return ExecutionCallableRunner(
           ^^^^^^^^^^^^^^^^^^^^^^^^
  File "/home/lenovo/miniconda3/envs/worker/lib/python3.12/site-packages/airflow/utils/operator_helpers.py", line 252, in run
    return self.func(*args, **kwargs)
           ^^^^^^^^^^^^^^^^^^^^^^^^^^
  File "/home/lenovo/miniconda3/envs/worker/lib/python3.12/site-packages/airflow/models/baseoperator.py", line 422, in wrapper
    return func(self, *args, **kwargs)
           ^^^^^^^^^^^^^^^^^^^^^^^^^^^
  File "/home/lenovo/miniconda3/envs/worker/lib/python3.12/site-packages/airflow/operators/python.py", line 238, in execute
    return_value = self.execute_callable()
                   ^^^^^^^^^^^^^^^^^^^^^^^
  File "/home/lenovo/miniconda3/envs/worker/lib/python3.12/site-packages/airflow/operators/python.py", line 256, in execute_callable
    return runner.run(*self.op_args, **self.op_kwargs)
           ^^^^^^^^^^^^^^^^^^^^^^^^^^^^^^^^^^^^^^^^^^^
  File "/home/lenovo/miniconda3/envs/worker/lib/python3.12/site-packages/airflow/utils/operator_helpers.py", line 252, in run
    return self.func(*args, **kwargs)
           ^^^^^^^^^^^^^^^^^^^^^^^^^^
  File "/home/lenovo/airflow/jobs/jobs_functions/dw_sparkmetastore.py", line 84, in dw_metastore
    spark.sql(f"CREATE DATABASE IF NOT EXISTS {nome_banco}")
  File "/opt/spark/python/pyspark/sql/session.py", line 1631, in sql
    return DataFrame(self._jsparkSession.sql(sqlQuery, litArgs), self)
                     ^^^^^^^^^^^^^^^^^^^^^^^^^^^^^^^^^^^^^^^^^^
  File "/home/lenovo/miniconda3/envs/worker/lib/python3.12/site-packages/py4j/java_gateway.py", line 1322, in __call__
    return_value = get_return_value(
                   ^^^^^^^^^^^^^^^^^
  File "/opt/spark/python/pyspark/errors/exceptions/captured.py", line 185, in deco
    raise converted from None
pyspark.errors.exceptions.captured.AnalysisException: org.apache.hadoop.hive.ql.metadata.HiveException: java.lang.RuntimeException: Unable to instantiate org.apache.hadoop.hive.ql.metadata.SessionHiveMetaStoreClient
[2025-04-21T09:27:45.356-0300] {local_task_job_runner.py:266} INFO - Task exited with return code 1
[2025-04-21T09:27:45.370-0300] {taskinstance.py:3895} INFO - 0 downstream tasks scheduled from follow-on schedule check
[2025-04-21T09:27:45.371-0300] {local_task_job_runner.py:245} INFO - ::endgroup::
