[2025-04-21T02:05:41.979-0300] {local_task_job_runner.py:123} INFO - ::group::Pre task execution logs
[2025-04-21T02:05:41.997-0300] {taskinstance.py:2603} INFO - Dependencies not met for <TaskInstance: DW.Meta scheduled__2025-04-20T00:00:00+00:00 [queued]>, dependency 'Trigger Rule' FAILED: Task's trigger rule 'all_success' requires all upstream tasks to have succeeded, but found 1 non-success(es). upstream_states=_UpstreamTIStates(success=0, skipped=0, failed=0, upstream_failed=0, removed=0, done=0, success_setup=0, skipped_setup=0), upstream_task_ids={'wait_1'}
[2025-04-21T02:05:41.999-0300] {local_task_job_runner.py:166} INFO - Task is not able to be run
[2025-04-21T02:14:20.215-0300] {local_task_job_runner.py:123} INFO - ::group::Pre task execution logs
[2025-04-21T02:14:20.231-0300] {taskinstance.py:2613} INFO - Dependencies all met for dep_context=non-requeueable deps ti=<TaskInstance: DW.Meta scheduled__2025-04-20T00:00:00+00:00 [queued]>
[2025-04-21T02:14:20.242-0300] {taskinstance.py:2613} INFO - Dependencies all met for dep_context=requeueable deps ti=<TaskInstance: DW.Meta scheduled__2025-04-20T00:00:00+00:00 [queued]>
[2025-04-21T02:14:20.242-0300] {taskinstance.py:2866} INFO - Starting attempt 1 of 4
[2025-04-21T02:14:20.269-0300] {taskinstance.py:2889} INFO - Executing <Task(PythonOperator): Meta> on 2025-04-20 00:00:00+00:00
[2025-04-21T02:14:20.279-0300] {standard_task_runner.py:104} INFO - Running: ['airflow', 'tasks', 'run', 'DW', 'Meta', 'scheduled__2025-04-20T00:00:00+00:00', '--job-id', '38', '--raw', '--subdir', 'DAGS_FOLDER/DW.py', '--cfg-path', '/tmp/tmprbigs_lo']
[2025-04-21T02:14:20.280-0300] {standard_task_runner.py:105} INFO - Job 38: Subtask Meta
[2025-04-21T02:14:20.286-0300] {logging_mixin.py:190} WARNING - /home/lenovo/miniconda3/envs/worker/lib/python3.12/site-packages/airflow/task/task_runner/standard_task_runner.py:70 DeprecationWarning: This process (pid=19488) is multi-threaded, use of fork() may lead to deadlocks in the child.
[2025-04-21T02:14:20.287-0300] {standard_task_runner.py:72} INFO - Started process 19578 to run task
[2025-04-21T02:14:20.329-0300] {task_command.py:467} INFO - Running <TaskInstance: DW.Meta scheduled__2025-04-20T00:00:00+00:00 [running]> on host DESKTOP-1GIT60U.
[2025-04-21T02:14:20.415-0300] {taskinstance.py:3132} INFO - Exporting env vars: AIRFLOW_CTX_DAG_EMAIL='airflow@example.com' AIRFLOW_CTX_DAG_OWNER='airflow' AIRFLOW_CTX_DAG_ID='DW' AIRFLOW_CTX_TASK_ID='Meta' AIRFLOW_CTX_EXECUTION_DATE='2025-04-20T00:00:00+00:00' AIRFLOW_CTX_TRY_NUMBER='1' AIRFLOW_CTX_DAG_RUN_ID='scheduled__2025-04-20T00:00:00+00:00'
[2025-04-21T02:14:20.417-0300] {taskinstance.py:731} INFO - ::endgroup::
[2025-04-21T02:14:27.374-0300] {dw_sparkmetastore.py:43} INFO - Padronizando os dados
[2025-04-21T02:14:28.000-0300] {logging_mixin.py:190} INFO - Mensagem enviada com sucesso.
[2025-04-21T02:14:28.001-0300] {dw_sparkmetastore.py:47} INFO - 📥 Lendo de prd_yellow_taxi_table
[2025-04-21T02:14:35.401-0300] {dw_sparkmetastore.py:50} INFO - ✅ Leitura bem-sucedida da tabela parquet.
[2025-04-21T02:14:36.016-0300] {logging_mixin.py:190} INFO - Mensagem enviada com sucesso.
[2025-04-21T02:14:42.360-0300] {logging_mixin.py:190} INFO - +-----------------------+
|CONTROLS_COLUMN        |
+-----------------------+
|yellow_tripdata_2023-01|
|yellow_tripdata_2023-05|
|yellow_tripdata_2023-02|
|yellow_tripdata_2023-04|
|yellow_tripdata_2023-03|
+-----------------------+
[2025-04-21T02:15:10.647-0300] {taskinstance.py:3311} ERROR - Task failed with exception
Traceback (most recent call last):
  File "/home/lenovo/miniconda3/envs/worker/lib/python3.12/site-packages/airflow/models/taskinstance.py", line 767, in _execute_task
    result = _execute_callable(context=context, **execute_callable_kwargs)
             ^^^^^^^^^^^^^^^^^^^^^^^^^^^^^^^^^^^^^^^^^^^^^^^^^^^^^^^^^^^^^
  File "/home/lenovo/miniconda3/envs/worker/lib/python3.12/site-packages/airflow/models/taskinstance.py", line 733, in _execute_callable
    return ExecutionCallableRunner(
           ^^^^^^^^^^^^^^^^^^^^^^^^
  File "/home/lenovo/miniconda3/envs/worker/lib/python3.12/site-packages/airflow/utils/operator_helpers.py", line 252, in run
    return self.func(*args, **kwargs)
           ^^^^^^^^^^^^^^^^^^^^^^^^^^
  File "/home/lenovo/miniconda3/envs/worker/lib/python3.12/site-packages/airflow/models/baseoperator.py", line 422, in wrapper
    return func(self, *args, **kwargs)
           ^^^^^^^^^^^^^^^^^^^^^^^^^^^
  File "/home/lenovo/miniconda3/envs/worker/lib/python3.12/site-packages/airflow/operators/python.py", line 238, in execute
    return_value = self.execute_callable()
                   ^^^^^^^^^^^^^^^^^^^^^^^
  File "/home/lenovo/miniconda3/envs/worker/lib/python3.12/site-packages/airflow/operators/python.py", line 256, in execute_callable
    return runner.run(*self.op_args, **self.op_kwargs)
           ^^^^^^^^^^^^^^^^^^^^^^^^^^^^^^^^^^^^^^^^^^^
  File "/home/lenovo/miniconda3/envs/worker/lib/python3.12/site-packages/airflow/utils/operator_helpers.py", line 252, in run
    return self.func(*args, **kwargs)
           ^^^^^^^^^^^^^^^^^^^^^^^^^^
  File "/home/lenovo/airflow/jobs/jobs_functions/dw_sparkmetastore.py", line 79, in dw_metastore
    spark.sql(f"CREATE DATABASE IF NOT EXISTS {nome_banco}")
  File "/opt/spark/python/pyspark/sql/session.py", line 1631, in sql
    return DataFrame(self._jsparkSession.sql(sqlQuery, litArgs), self)
                     ^^^^^^^^^^^^^^^^^^^^^^^^^^^^^^^^^^^^^^^^^^
  File "/home/lenovo/miniconda3/envs/worker/lib/python3.12/site-packages/py4j/java_gateway.py", line 1322, in __call__
    return_value = get_return_value(
                   ^^^^^^^^^^^^^^^^^
  File "/opt/spark/python/pyspark/errors/exceptions/captured.py", line 185, in deco
    raise converted from None
pyspark.errors.exceptions.captured.AnalysisException: org.apache.hadoop.hive.ql.metadata.HiveException: java.lang.RuntimeException: Unable to instantiate org.apache.hadoop.hive.ql.metadata.SessionHiveMetaStoreClient
[2025-04-21T02:15:10.675-0300] {taskinstance.py:1225} INFO - Marking task as UP_FOR_RETRY. dag_id=DW, task_id=Meta, run_id=scheduled__2025-04-20T00:00:00+00:00, execution_date=20250420T000000, start_date=20250421T051420, end_date=20250421T051510
[2025-04-21T02:15:10.731-0300] {taskinstance.py:340} INFO - ::group::Post task execution logs
[2025-04-21T02:15:10.732-0300] {standard_task_runner.py:124} ERROR - Failed to execute job 38 for task Meta (org.apache.hadoop.hive.ql.metadata.HiveException: java.lang.RuntimeException: Unable to instantiate org.apache.hadoop.hive.ql.metadata.SessionHiveMetaStoreClient; 19578)
Traceback (most recent call last):
  File "/home/lenovo/miniconda3/envs/worker/lib/python3.12/site-packages/airflow/task/task_runner/standard_task_runner.py", line 117, in _start_by_fork
    ret = args.func(args, dag=self.dag)
          ^^^^^^^^^^^^^^^^^^^^^^^^^^^^^
  File "/home/lenovo/miniconda3/envs/worker/lib/python3.12/site-packages/airflow/cli/cli_config.py", line 49, in command
    return func(*args, **kwargs)
           ^^^^^^^^^^^^^^^^^^^^^
  File "/home/lenovo/miniconda3/envs/worker/lib/python3.12/site-packages/airflow/utils/cli.py", line 116, in wrapper
    return f(*args, **kwargs)
           ^^^^^^^^^^^^^^^^^^
  File "/home/lenovo/miniconda3/envs/worker/lib/python3.12/site-packages/airflow/cli/commands/task_command.py", line 483, in task_run
    task_return_code = _run_task_by_selected_method(args, _dag, ti)
                       ^^^^^^^^^^^^^^^^^^^^^^^^^^^^^^^^^^^^^^^^^^^^
  File "/home/lenovo/miniconda3/envs/worker/lib/python3.12/site-packages/airflow/cli/commands/task_command.py", line 256, in _run_task_by_selected_method
    return _run_raw_task(args, ti)
           ^^^^^^^^^^^^^^^^^^^^^^^
  File "/home/lenovo/miniconda3/envs/worker/lib/python3.12/site-packages/airflow/cli/commands/task_command.py", line 341, in _run_raw_task
    return ti._run_raw_task(
           ^^^^^^^^^^^^^^^^^
  File "/home/lenovo/miniconda3/envs/worker/lib/python3.12/site-packages/airflow/utils/session.py", line 97, in wrapper
    return func(*args, session=session, **kwargs)
           ^^^^^^^^^^^^^^^^^^^^^^^^^^^^^^^^^^^^^^
  File "/home/lenovo/miniconda3/envs/worker/lib/python3.12/site-packages/airflow/models/taskinstance.py", line 3005, in _run_raw_task
    return _run_raw_task(
           ^^^^^^^^^^^^^^
  File "/home/lenovo/miniconda3/envs/worker/lib/python3.12/site-packages/airflow/models/taskinstance.py", line 273, in _run_raw_task
    TaskInstance._execute_task_with_callbacks(
  File "/home/lenovo/miniconda3/envs/worker/lib/python3.12/site-packages/airflow/models/taskinstance.py", line 3159, in _execute_task_with_callbacks
    result = self._execute_task(context, task_orig)
             ^^^^^^^^^^^^^^^^^^^^^^^^^^^^^^^^^^^^^^
  File "/home/lenovo/miniconda3/envs/worker/lib/python3.12/site-packages/airflow/models/taskinstance.py", line 3183, in _execute_task
    return _execute_task(self, context, task_orig)
           ^^^^^^^^^^^^^^^^^^^^^^^^^^^^^^^^^^^^^^^
  File "/home/lenovo/miniconda3/envs/worker/lib/python3.12/site-packages/airflow/models/taskinstance.py", line 767, in _execute_task
    result = _execute_callable(context=context, **execute_callable_kwargs)
             ^^^^^^^^^^^^^^^^^^^^^^^^^^^^^^^^^^^^^^^^^^^^^^^^^^^^^^^^^^^^^
  File "/home/lenovo/miniconda3/envs/worker/lib/python3.12/site-packages/airflow/models/taskinstance.py", line 733, in _execute_callable
    return ExecutionCallableRunner(
           ^^^^^^^^^^^^^^^^^^^^^^^^
  File "/home/lenovo/miniconda3/envs/worker/lib/python3.12/site-packages/airflow/utils/operator_helpers.py", line 252, in run
    return self.func(*args, **kwargs)
           ^^^^^^^^^^^^^^^^^^^^^^^^^^
  File "/home/lenovo/miniconda3/envs/worker/lib/python3.12/site-packages/airflow/models/baseoperator.py", line 422, in wrapper
    return func(self, *args, **kwargs)
           ^^^^^^^^^^^^^^^^^^^^^^^^^^^
  File "/home/lenovo/miniconda3/envs/worker/lib/python3.12/site-packages/airflow/operators/python.py", line 238, in execute
    return_value = self.execute_callable()
                   ^^^^^^^^^^^^^^^^^^^^^^^
  File "/home/lenovo/miniconda3/envs/worker/lib/python3.12/site-packages/airflow/operators/python.py", line 256, in execute_callable
    return runner.run(*self.op_args, **self.op_kwargs)
           ^^^^^^^^^^^^^^^^^^^^^^^^^^^^^^^^^^^^^^^^^^^
  File "/home/lenovo/miniconda3/envs/worker/lib/python3.12/site-packages/airflow/utils/operator_helpers.py", line 252, in run
    return self.func(*args, **kwargs)
           ^^^^^^^^^^^^^^^^^^^^^^^^^^
  File "/home/lenovo/airflow/jobs/jobs_functions/dw_sparkmetastore.py", line 79, in dw_metastore
    spark.sql(f"CREATE DATABASE IF NOT EXISTS {nome_banco}")
  File "/opt/spark/python/pyspark/sql/session.py", line 1631, in sql
    return DataFrame(self._jsparkSession.sql(sqlQuery, litArgs), self)
                     ^^^^^^^^^^^^^^^^^^^^^^^^^^^^^^^^^^^^^^^^^^
  File "/home/lenovo/miniconda3/envs/worker/lib/python3.12/site-packages/py4j/java_gateway.py", line 1322, in __call__
    return_value = get_return_value(
                   ^^^^^^^^^^^^^^^^^
  File "/opt/spark/python/pyspark/errors/exceptions/captured.py", line 185, in deco
    raise converted from None
pyspark.errors.exceptions.captured.AnalysisException: org.apache.hadoop.hive.ql.metadata.HiveException: java.lang.RuntimeException: Unable to instantiate org.apache.hadoop.hive.ql.metadata.SessionHiveMetaStoreClient
[2025-04-21T02:15:10.794-0300] {local_task_job_runner.py:266} INFO - Task exited with return code 1
[2025-04-21T02:15:10.817-0300] {taskinstance.py:3895} INFO - 0 downstream tasks scheduled from follow-on schedule check
[2025-04-21T02:15:10.818-0300] {local_task_job_runner.py:245} INFO - ::endgroup::
[2025-04-21T02:27:48.004-0300] {local_task_job_runner.py:123} INFO - ::group::Pre task execution logs
[2025-04-21T02:27:48.071-0300] {taskinstance.py:2613} INFO - Dependencies all met for dep_context=non-requeueable deps ti=<TaskInstance: DW.Meta scheduled__2025-04-20T00:00:00+00:00 [queued]>
[2025-04-21T02:27:48.082-0300] {taskinstance.py:2613} INFO - Dependencies all met for dep_context=requeueable deps ti=<TaskInstance: DW.Meta scheduled__2025-04-20T00:00:00+00:00 [queued]>
[2025-04-21T02:27:48.082-0300] {taskinstance.py:2866} INFO - Starting attempt 1 of 4
[2025-04-21T02:27:48.114-0300] {taskinstance.py:2889} INFO - Executing <Task(PythonOperator): Meta> on 2025-04-20 00:00:00+00:00
[2025-04-21T02:27:48.126-0300] {standard_task_runner.py:104} INFO - Running: ['airflow', 'tasks', 'run', 'DW', 'Meta', 'scheduled__2025-04-20T00:00:00+00:00', '--job-id', '43', '--raw', '--subdir', 'DAGS_FOLDER/DW.py', '--cfg-path', '/tmp/tmp0hhra6se']
[2025-04-21T02:27:48.127-0300] {standard_task_runner.py:105} INFO - Job 43: Subtask Meta
[2025-04-21T02:27:48.137-0300] {logging_mixin.py:190} WARNING - /home/lenovo/miniconda3/envs/worker/lib/python3.12/site-packages/airflow/task/task_runner/standard_task_runner.py:70 DeprecationWarning: This process (pid=22963) is multi-threaded, use of fork() may lead to deadlocks in the child.
[2025-04-21T02:27:48.139-0300] {standard_task_runner.py:72} INFO - Started process 23073 to run task
[2025-04-21T02:27:48.181-0300] {task_command.py:467} INFO - Running <TaskInstance: DW.Meta scheduled__2025-04-20T00:00:00+00:00 [running]> on host DESKTOP-1GIT60U.
[2025-04-21T02:27:48.277-0300] {taskinstance.py:3132} INFO - Exporting env vars: AIRFLOW_CTX_DAG_EMAIL='airflow@example.com' AIRFLOW_CTX_DAG_OWNER='airflow' AIRFLOW_CTX_DAG_ID='DW' AIRFLOW_CTX_TASK_ID='Meta' AIRFLOW_CTX_EXECUTION_DATE='2025-04-20T00:00:00+00:00' AIRFLOW_CTX_TRY_NUMBER='1' AIRFLOW_CTX_DAG_RUN_ID='scheduled__2025-04-20T00:00:00+00:00'
[2025-04-21T02:27:48.280-0300] {taskinstance.py:731} INFO - ::endgroup::
[2025-04-21T02:27:56.676-0300] {dw_sparkmetastore.py:43} INFO - Padronizando os dados
[2025-04-21T02:27:57.181-0300] {logging_mixin.py:190} INFO - Mensagem enviada com sucesso.
[2025-04-21T02:27:57.182-0300] {dw_sparkmetastore.py:47} INFO - 📥 Lendo de prd_yellow_taxi_table
[2025-04-21T02:28:03.533-0300] {dw_sparkmetastore.py:50} INFO - ✅ Leitura bem-sucedida da tabela parquet.
[2025-04-21T02:28:04.041-0300] {logging_mixin.py:190} INFO - Mensagem enviada com sucesso.
[2025-04-21T02:28:14.086-0300] {logging_mixin.py:190} INFO - +-----------------------+
|CONTROLS_COLUMN        |
+-----------------------+
|yellow_tripdata_2023-01|
|yellow_tripdata_2023-05|
|yellow_tripdata_2023-02|
|yellow_tripdata_2023-04|
|yellow_tripdata_2023-03|
+-----------------------+
[2025-04-21T02:28:42.777-0300] {taskinstance.py:3311} ERROR - Task failed with exception
Traceback (most recent call last):
  File "/home/lenovo/miniconda3/envs/worker/lib/python3.12/site-packages/airflow/models/taskinstance.py", line 767, in _execute_task
    result = _execute_callable(context=context, **execute_callable_kwargs)
             ^^^^^^^^^^^^^^^^^^^^^^^^^^^^^^^^^^^^^^^^^^^^^^^^^^^^^^^^^^^^^
  File "/home/lenovo/miniconda3/envs/worker/lib/python3.12/site-packages/airflow/models/taskinstance.py", line 733, in _execute_callable
    return ExecutionCallableRunner(
           ^^^^^^^^^^^^^^^^^^^^^^^^
  File "/home/lenovo/miniconda3/envs/worker/lib/python3.12/site-packages/airflow/utils/operator_helpers.py", line 252, in run
    return self.func(*args, **kwargs)
           ^^^^^^^^^^^^^^^^^^^^^^^^^^
  File "/home/lenovo/miniconda3/envs/worker/lib/python3.12/site-packages/airflow/models/baseoperator.py", line 422, in wrapper
    return func(self, *args, **kwargs)
           ^^^^^^^^^^^^^^^^^^^^^^^^^^^
  File "/home/lenovo/miniconda3/envs/worker/lib/python3.12/site-packages/airflow/operators/python.py", line 238, in execute
    return_value = self.execute_callable()
                   ^^^^^^^^^^^^^^^^^^^^^^^
  File "/home/lenovo/miniconda3/envs/worker/lib/python3.12/site-packages/airflow/operators/python.py", line 256, in execute_callable
    return runner.run(*self.op_args, **self.op_kwargs)
           ^^^^^^^^^^^^^^^^^^^^^^^^^^^^^^^^^^^^^^^^^^^
  File "/home/lenovo/miniconda3/envs/worker/lib/python3.12/site-packages/airflow/utils/operator_helpers.py", line 252, in run
    return self.func(*args, **kwargs)
           ^^^^^^^^^^^^^^^^^^^^^^^^^^
  File "/home/lenovo/airflow/jobs/jobs_functions/dw_sparkmetastore.py", line 79, in dw_metastore
    spark.sql(f"CREATE DATABASE IF NOT EXISTS {nome_banco}")
  File "/opt/spark/python/pyspark/sql/session.py", line 1631, in sql
    return DataFrame(self._jsparkSession.sql(sqlQuery, litArgs), self)
                     ^^^^^^^^^^^^^^^^^^^^^^^^^^^^^^^^^^^^^^^^^^
  File "/home/lenovo/miniconda3/envs/worker/lib/python3.12/site-packages/py4j/java_gateway.py", line 1322, in __call__
    return_value = get_return_value(
                   ^^^^^^^^^^^^^^^^^
  File "/opt/spark/python/pyspark/errors/exceptions/captured.py", line 185, in deco
    raise converted from None
pyspark.errors.exceptions.captured.AnalysisException: org.apache.hadoop.hive.ql.metadata.HiveException: java.lang.RuntimeException: Unable to instantiate org.apache.hadoop.hive.ql.metadata.SessionHiveMetaStoreClient
[2025-04-21T02:28:42.804-0300] {taskinstance.py:1225} INFO - Marking task as UP_FOR_RETRY. dag_id=DW, task_id=Meta, run_id=scheduled__2025-04-20T00:00:00+00:00, execution_date=20250420T000000, start_date=20250421T052748, end_date=20250421T052842
[2025-04-21T02:28:42.868-0300] {taskinstance.py:340} INFO - ::group::Post task execution logs
[2025-04-21T02:28:42.870-0300] {standard_task_runner.py:124} ERROR - Failed to execute job 43 for task Meta (org.apache.hadoop.hive.ql.metadata.HiveException: java.lang.RuntimeException: Unable to instantiate org.apache.hadoop.hive.ql.metadata.SessionHiveMetaStoreClient; 23073)
Traceback (most recent call last):
  File "/home/lenovo/miniconda3/envs/worker/lib/python3.12/site-packages/airflow/task/task_runner/standard_task_runner.py", line 117, in _start_by_fork
    ret = args.func(args, dag=self.dag)
          ^^^^^^^^^^^^^^^^^^^^^^^^^^^^^
  File "/home/lenovo/miniconda3/envs/worker/lib/python3.12/site-packages/airflow/cli/cli_config.py", line 49, in command
    return func(*args, **kwargs)
           ^^^^^^^^^^^^^^^^^^^^^
  File "/home/lenovo/miniconda3/envs/worker/lib/python3.12/site-packages/airflow/utils/cli.py", line 116, in wrapper
    return f(*args, **kwargs)
           ^^^^^^^^^^^^^^^^^^
  File "/home/lenovo/miniconda3/envs/worker/lib/python3.12/site-packages/airflow/cli/commands/task_command.py", line 483, in task_run
    task_return_code = _run_task_by_selected_method(args, _dag, ti)
                       ^^^^^^^^^^^^^^^^^^^^^^^^^^^^^^^^^^^^^^^^^^^^
  File "/home/lenovo/miniconda3/envs/worker/lib/python3.12/site-packages/airflow/cli/commands/task_command.py", line 256, in _run_task_by_selected_method
    return _run_raw_task(args, ti)
           ^^^^^^^^^^^^^^^^^^^^^^^
  File "/home/lenovo/miniconda3/envs/worker/lib/python3.12/site-packages/airflow/cli/commands/task_command.py", line 341, in _run_raw_task
    return ti._run_raw_task(
           ^^^^^^^^^^^^^^^^^
  File "/home/lenovo/miniconda3/envs/worker/lib/python3.12/site-packages/airflow/utils/session.py", line 97, in wrapper
    return func(*args, session=session, **kwargs)
           ^^^^^^^^^^^^^^^^^^^^^^^^^^^^^^^^^^^^^^
  File "/home/lenovo/miniconda3/envs/worker/lib/python3.12/site-packages/airflow/models/taskinstance.py", line 3005, in _run_raw_task
    return _run_raw_task(
           ^^^^^^^^^^^^^^
  File "/home/lenovo/miniconda3/envs/worker/lib/python3.12/site-packages/airflow/models/taskinstance.py", line 273, in _run_raw_task
    TaskInstance._execute_task_with_callbacks(
  File "/home/lenovo/miniconda3/envs/worker/lib/python3.12/site-packages/airflow/models/taskinstance.py", line 3159, in _execute_task_with_callbacks
    result = self._execute_task(context, task_orig)
             ^^^^^^^^^^^^^^^^^^^^^^^^^^^^^^^^^^^^^^
  File "/home/lenovo/miniconda3/envs/worker/lib/python3.12/site-packages/airflow/models/taskinstance.py", line 3183, in _execute_task
    return _execute_task(self, context, task_orig)
           ^^^^^^^^^^^^^^^^^^^^^^^^^^^^^^^^^^^^^^^
  File "/home/lenovo/miniconda3/envs/worker/lib/python3.12/site-packages/airflow/models/taskinstance.py", line 767, in _execute_task
    result = _execute_callable(context=context, **execute_callable_kwargs)
             ^^^^^^^^^^^^^^^^^^^^^^^^^^^^^^^^^^^^^^^^^^^^^^^^^^^^^^^^^^^^^
  File "/home/lenovo/miniconda3/envs/worker/lib/python3.12/site-packages/airflow/models/taskinstance.py", line 733, in _execute_callable
    return ExecutionCallableRunner(
           ^^^^^^^^^^^^^^^^^^^^^^^^
  File "/home/lenovo/miniconda3/envs/worker/lib/python3.12/site-packages/airflow/utils/operator_helpers.py", line 252, in run
    return self.func(*args, **kwargs)
           ^^^^^^^^^^^^^^^^^^^^^^^^^^
  File "/home/lenovo/miniconda3/envs/worker/lib/python3.12/site-packages/airflow/models/baseoperator.py", line 422, in wrapper
    return func(self, *args, **kwargs)
           ^^^^^^^^^^^^^^^^^^^^^^^^^^^
  File "/home/lenovo/miniconda3/envs/worker/lib/python3.12/site-packages/airflow/operators/python.py", line 238, in execute
    return_value = self.execute_callable()
                   ^^^^^^^^^^^^^^^^^^^^^^^
  File "/home/lenovo/miniconda3/envs/worker/lib/python3.12/site-packages/airflow/operators/python.py", line 256, in execute_callable
    return runner.run(*self.op_args, **self.op_kwargs)
           ^^^^^^^^^^^^^^^^^^^^^^^^^^^^^^^^^^^^^^^^^^^
  File "/home/lenovo/miniconda3/envs/worker/lib/python3.12/site-packages/airflow/utils/operator_helpers.py", line 252, in run
    return self.func(*args, **kwargs)
           ^^^^^^^^^^^^^^^^^^^^^^^^^^
  File "/home/lenovo/airflow/jobs/jobs_functions/dw_sparkmetastore.py", line 79, in dw_metastore
    spark.sql(f"CREATE DATABASE IF NOT EXISTS {nome_banco}")
  File "/opt/spark/python/pyspark/sql/session.py", line 1631, in sql
    return DataFrame(self._jsparkSession.sql(sqlQuery, litArgs), self)
                     ^^^^^^^^^^^^^^^^^^^^^^^^^^^^^^^^^^^^^^^^^^
  File "/home/lenovo/miniconda3/envs/worker/lib/python3.12/site-packages/py4j/java_gateway.py", line 1322, in __call__
    return_value = get_return_value(
                   ^^^^^^^^^^^^^^^^^
  File "/opt/spark/python/pyspark/errors/exceptions/captured.py", line 185, in deco
    raise converted from None
pyspark.errors.exceptions.captured.AnalysisException: org.apache.hadoop.hive.ql.metadata.HiveException: java.lang.RuntimeException: Unable to instantiate org.apache.hadoop.hive.ql.metadata.SessionHiveMetaStoreClient
[2025-04-21T02:28:42.916-0300] {local_task_job_runner.py:266} INFO - Task exited with return code 1
[2025-04-21T02:28:42.942-0300] {taskinstance.py:3895} INFO - 0 downstream tasks scheduled from follow-on schedule check
[2025-04-21T02:28:42.943-0300] {local_task_job_runner.py:245} INFO - ::endgroup::
[2025-04-21T02:36:39.301-0300] {local_task_job_runner.py:123} INFO - ::group::Pre task execution logs
[2025-04-21T02:36:39.320-0300] {taskinstance.py:2613} INFO - Dependencies all met for dep_context=non-requeueable deps ti=<TaskInstance: DW.Meta scheduled__2025-04-20T00:00:00+00:00 [queued]>
[2025-04-21T02:36:39.332-0300] {taskinstance.py:2613} INFO - Dependencies all met for dep_context=requeueable deps ti=<TaskInstance: DW.Meta scheduled__2025-04-20T00:00:00+00:00 [queued]>
[2025-04-21T02:36:39.332-0300] {taskinstance.py:2866} INFO - Starting attempt 1 of 4
[2025-04-21T02:36:39.361-0300] {taskinstance.py:2889} INFO - Executing <Task(PythonOperator): Meta> on 2025-04-20 00:00:00+00:00
[2025-04-21T02:36:39.373-0300] {standard_task_runner.py:104} INFO - Running: ['airflow', 'tasks', 'run', 'DW', 'Meta', 'scheduled__2025-04-20T00:00:00+00:00', '--job-id', '48', '--raw', '--subdir', 'DAGS_FOLDER/DW.py', '--cfg-path', '/tmp/tmpri7w9yhw']
[2025-04-21T02:36:39.375-0300] {standard_task_runner.py:105} INFO - Job 48: Subtask Meta
[2025-04-21T02:36:39.386-0300] {logging_mixin.py:190} WARNING - /home/lenovo/miniconda3/envs/worker/lib/python3.12/site-packages/airflow/task/task_runner/standard_task_runner.py:70 DeprecationWarning: This process (pid=26187) is multi-threaded, use of fork() may lead to deadlocks in the child.
[2025-04-21T02:36:39.388-0300] {standard_task_runner.py:72} INFO - Started process 26291 to run task
[2025-04-21T02:36:39.439-0300] {task_command.py:467} INFO - Running <TaskInstance: DW.Meta scheduled__2025-04-20T00:00:00+00:00 [running]> on host DESKTOP-1GIT60U.
[2025-04-21T02:36:39.549-0300] {taskinstance.py:3132} INFO - Exporting env vars: AIRFLOW_CTX_DAG_EMAIL='airflow@example.com' AIRFLOW_CTX_DAG_OWNER='airflow' AIRFLOW_CTX_DAG_ID='DW' AIRFLOW_CTX_TASK_ID='Meta' AIRFLOW_CTX_EXECUTION_DATE='2025-04-20T00:00:00+00:00' AIRFLOW_CTX_TRY_NUMBER='1' AIRFLOW_CTX_DAG_RUN_ID='scheduled__2025-04-20T00:00:00+00:00'
[2025-04-21T02:36:39.551-0300] {taskinstance.py:731} INFO - ::endgroup::
[2025-04-21T02:36:49.713-0300] {dw_sparkmetastore.py:44} INFO - Padronizando os dados
[2025-04-21T02:36:50.614-0300] {logging_mixin.py:190} INFO - Mensagem enviada com sucesso.
[2025-04-21T02:36:50.615-0300] {dw_sparkmetastore.py:48} INFO - 📥 Lendo de prd_yellow_taxi_table
[2025-04-21T02:36:56.034-0300] {dw_sparkmetastore.py:51} INFO - ✅ Leitura bem-sucedida da tabela parquet.
[2025-04-21T02:36:56.606-0300] {logging_mixin.py:190} INFO - Mensagem enviada com sucesso.
[2025-04-21T02:37:03.062-0300] {logging_mixin.py:190} INFO - +-----------------------+
|CONTROLS_COLUMN        |
+-----------------------+
|yellow_tripdata_2023-01|
|yellow_tripdata_2023-05|
|yellow_tripdata_2023-02|
|yellow_tripdata_2023-04|
|yellow_tripdata_2023-03|
+-----------------------+
[2025-04-21T02:37:31.301-0300] {taskinstance.py:3311} ERROR - Task failed with exception
Traceback (most recent call last):
  File "/home/lenovo/miniconda3/envs/worker/lib/python3.12/site-packages/airflow/models/taskinstance.py", line 767, in _execute_task
    result = _execute_callable(context=context, **execute_callable_kwargs)
             ^^^^^^^^^^^^^^^^^^^^^^^^^^^^^^^^^^^^^^^^^^^^^^^^^^^^^^^^^^^^^
  File "/home/lenovo/miniconda3/envs/worker/lib/python3.12/site-packages/airflow/models/taskinstance.py", line 733, in _execute_callable
    return ExecutionCallableRunner(
           ^^^^^^^^^^^^^^^^^^^^^^^^
  File "/home/lenovo/miniconda3/envs/worker/lib/python3.12/site-packages/airflow/utils/operator_helpers.py", line 252, in run
    return self.func(*args, **kwargs)
           ^^^^^^^^^^^^^^^^^^^^^^^^^^
  File "/home/lenovo/miniconda3/envs/worker/lib/python3.12/site-packages/airflow/models/baseoperator.py", line 422, in wrapper
    return func(self, *args, **kwargs)
           ^^^^^^^^^^^^^^^^^^^^^^^^^^^
  File "/home/lenovo/miniconda3/envs/worker/lib/python3.12/site-packages/airflow/operators/python.py", line 238, in execute
    return_value = self.execute_callable()
                   ^^^^^^^^^^^^^^^^^^^^^^^
  File "/home/lenovo/miniconda3/envs/worker/lib/python3.12/site-packages/airflow/operators/python.py", line 256, in execute_callable
    return runner.run(*self.op_args, **self.op_kwargs)
           ^^^^^^^^^^^^^^^^^^^^^^^^^^^^^^^^^^^^^^^^^^^
  File "/home/lenovo/miniconda3/envs/worker/lib/python3.12/site-packages/airflow/utils/operator_helpers.py", line 252, in run
    return self.func(*args, **kwargs)
           ^^^^^^^^^^^^^^^^^^^^^^^^^^
  File "/home/lenovo/airflow/jobs/jobs_functions/dw_sparkmetastore.py", line 80, in dw_metastore
    spark.sql(f"CREATE DATABASE IF NOT EXISTS {nome_banco}")
  File "/opt/spark/python/pyspark/sql/session.py", line 1631, in sql
    return DataFrame(self._jsparkSession.sql(sqlQuery, litArgs), self)
                     ^^^^^^^^^^^^^^^^^^^^^^^^^^^^^^^^^^^^^^^^^^
  File "/home/lenovo/miniconda3/envs/worker/lib/python3.12/site-packages/py4j/java_gateway.py", line 1322, in __call__
    return_value = get_return_value(
                   ^^^^^^^^^^^^^^^^^
  File "/opt/spark/python/pyspark/errors/exceptions/captured.py", line 185, in deco
    raise converted from None
pyspark.errors.exceptions.captured.AnalysisException: org.apache.hadoop.hive.ql.metadata.HiveException: java.lang.RuntimeException: Unable to instantiate org.apache.hadoop.hive.ql.metadata.SessionHiveMetaStoreClient
[2025-04-21T02:37:31.324-0300] {taskinstance.py:1225} INFO - Marking task as UP_FOR_RETRY. dag_id=DW, task_id=Meta, run_id=scheduled__2025-04-20T00:00:00+00:00, execution_date=20250420T000000, start_date=20250421T053639, end_date=20250421T053731
[2025-04-21T02:37:31.376-0300] {taskinstance.py:340} INFO - ::group::Post task execution logs
[2025-04-21T02:37:31.377-0300] {standard_task_runner.py:124} ERROR - Failed to execute job 48 for task Meta (org.apache.hadoop.hive.ql.metadata.HiveException: java.lang.RuntimeException: Unable to instantiate org.apache.hadoop.hive.ql.metadata.SessionHiveMetaStoreClient; 26291)
Traceback (most recent call last):
  File "/home/lenovo/miniconda3/envs/worker/lib/python3.12/site-packages/airflow/task/task_runner/standard_task_runner.py", line 117, in _start_by_fork
    ret = args.func(args, dag=self.dag)
          ^^^^^^^^^^^^^^^^^^^^^^^^^^^^^
  File "/home/lenovo/miniconda3/envs/worker/lib/python3.12/site-packages/airflow/cli/cli_config.py", line 49, in command
    return func(*args, **kwargs)
           ^^^^^^^^^^^^^^^^^^^^^
  File "/home/lenovo/miniconda3/envs/worker/lib/python3.12/site-packages/airflow/utils/cli.py", line 116, in wrapper
    return f(*args, **kwargs)
           ^^^^^^^^^^^^^^^^^^
  File "/home/lenovo/miniconda3/envs/worker/lib/python3.12/site-packages/airflow/cli/commands/task_command.py", line 483, in task_run
    task_return_code = _run_task_by_selected_method(args, _dag, ti)
                       ^^^^^^^^^^^^^^^^^^^^^^^^^^^^^^^^^^^^^^^^^^^^
  File "/home/lenovo/miniconda3/envs/worker/lib/python3.12/site-packages/airflow/cli/commands/task_command.py", line 256, in _run_task_by_selected_method
    return _run_raw_task(args, ti)
           ^^^^^^^^^^^^^^^^^^^^^^^
  File "/home/lenovo/miniconda3/envs/worker/lib/python3.12/site-packages/airflow/cli/commands/task_command.py", line 341, in _run_raw_task
    return ti._run_raw_task(
           ^^^^^^^^^^^^^^^^^
  File "/home/lenovo/miniconda3/envs/worker/lib/python3.12/site-packages/airflow/utils/session.py", line 97, in wrapper
    return func(*args, session=session, **kwargs)
           ^^^^^^^^^^^^^^^^^^^^^^^^^^^^^^^^^^^^^^
  File "/home/lenovo/miniconda3/envs/worker/lib/python3.12/site-packages/airflow/models/taskinstance.py", line 3005, in _run_raw_task
    return _run_raw_task(
           ^^^^^^^^^^^^^^
  File "/home/lenovo/miniconda3/envs/worker/lib/python3.12/site-packages/airflow/models/taskinstance.py", line 273, in _run_raw_task
    TaskInstance._execute_task_with_callbacks(
  File "/home/lenovo/miniconda3/envs/worker/lib/python3.12/site-packages/airflow/models/taskinstance.py", line 3159, in _execute_task_with_callbacks
    result = self._execute_task(context, task_orig)
             ^^^^^^^^^^^^^^^^^^^^^^^^^^^^^^^^^^^^^^
  File "/home/lenovo/miniconda3/envs/worker/lib/python3.12/site-packages/airflow/models/taskinstance.py", line 3183, in _execute_task
    return _execute_task(self, context, task_orig)
           ^^^^^^^^^^^^^^^^^^^^^^^^^^^^^^^^^^^^^^^
  File "/home/lenovo/miniconda3/envs/worker/lib/python3.12/site-packages/airflow/models/taskinstance.py", line 767, in _execute_task
    result = _execute_callable(context=context, **execute_callable_kwargs)
             ^^^^^^^^^^^^^^^^^^^^^^^^^^^^^^^^^^^^^^^^^^^^^^^^^^^^^^^^^^^^^
  File "/home/lenovo/miniconda3/envs/worker/lib/python3.12/site-packages/airflow/models/taskinstance.py", line 733, in _execute_callable
    return ExecutionCallableRunner(
           ^^^^^^^^^^^^^^^^^^^^^^^^
  File "/home/lenovo/miniconda3/envs/worker/lib/python3.12/site-packages/airflow/utils/operator_helpers.py", line 252, in run
    return self.func(*args, **kwargs)
           ^^^^^^^^^^^^^^^^^^^^^^^^^^
  File "/home/lenovo/miniconda3/envs/worker/lib/python3.12/site-packages/airflow/models/baseoperator.py", line 422, in wrapper
    return func(self, *args, **kwargs)
           ^^^^^^^^^^^^^^^^^^^^^^^^^^^
  File "/home/lenovo/miniconda3/envs/worker/lib/python3.12/site-packages/airflow/operators/python.py", line 238, in execute
    return_value = self.execute_callable()
                   ^^^^^^^^^^^^^^^^^^^^^^^
  File "/home/lenovo/miniconda3/envs/worker/lib/python3.12/site-packages/airflow/operators/python.py", line 256, in execute_callable
    return runner.run(*self.op_args, **self.op_kwargs)
           ^^^^^^^^^^^^^^^^^^^^^^^^^^^^^^^^^^^^^^^^^^^
  File "/home/lenovo/miniconda3/envs/worker/lib/python3.12/site-packages/airflow/utils/operator_helpers.py", line 252, in run
    return self.func(*args, **kwargs)
           ^^^^^^^^^^^^^^^^^^^^^^^^^^
  File "/home/lenovo/airflow/jobs/jobs_functions/dw_sparkmetastore.py", line 80, in dw_metastore
    spark.sql(f"CREATE DATABASE IF NOT EXISTS {nome_banco}")
  File "/opt/spark/python/pyspark/sql/session.py", line 1631, in sql
    return DataFrame(self._jsparkSession.sql(sqlQuery, litArgs), self)
                     ^^^^^^^^^^^^^^^^^^^^^^^^^^^^^^^^^^^^^^^^^^
  File "/home/lenovo/miniconda3/envs/worker/lib/python3.12/site-packages/py4j/java_gateway.py", line 1322, in __call__
    return_value = get_return_value(
                   ^^^^^^^^^^^^^^^^^
  File "/opt/spark/python/pyspark/errors/exceptions/captured.py", line 185, in deco
    raise converted from None
pyspark.errors.exceptions.captured.AnalysisException: org.apache.hadoop.hive.ql.metadata.HiveException: java.lang.RuntimeException: Unable to instantiate org.apache.hadoop.hive.ql.metadata.SessionHiveMetaStoreClient
[2025-04-21T02:37:31.433-0300] {local_task_job_runner.py:266} INFO - Task exited with return code 1
[2025-04-21T02:37:31.455-0300] {taskinstance.py:3895} INFO - 0 downstream tasks scheduled from follow-on schedule check
[2025-04-21T02:37:31.456-0300] {local_task_job_runner.py:245} INFO - ::endgroup::
[2025-04-21T09:23:43.857-0300] {local_task_job_runner.py:123} INFO - ::group::Pre task execution logs
[2025-04-21T09:23:43.866-0300] {taskinstance.py:2613} INFO - Dependencies all met for dep_context=non-requeueable deps ti=<TaskInstance: DW.Meta scheduled__2025-04-20T00:00:00+00:00 [queued]>
[2025-04-21T09:23:43.870-0300] {taskinstance.py:2613} INFO - Dependencies all met for dep_context=requeueable deps ti=<TaskInstance: DW.Meta scheduled__2025-04-20T00:00:00+00:00 [queued]>
[2025-04-21T09:23:43.870-0300] {taskinstance.py:2866} INFO - Starting attempt 1 of 4
[2025-04-21T09:23:43.884-0300] {taskinstance.py:2889} INFO - Executing <Task(PythonOperator): Meta> on 2025-04-20 00:00:00+00:00
[2025-04-21T09:23:43.887-0300] {standard_task_runner.py:72} INFO - Started process 38056 to run task
[2025-04-21T09:23:43.889-0300] {standard_task_runner.py:104} INFO - Running: ['airflow', 'tasks', 'run', 'DW', 'Meta', 'scheduled__2025-04-20T00:00:00+00:00', '--job-id', '69', '--raw', '--subdir', 'DAGS_FOLDER/DW.py', '--cfg-path', '/tmp/tmpibq1de9n']
[2025-04-21T09:23:43.890-0300] {standard_task_runner.py:105} INFO - Job 69: Subtask Meta
[2025-04-21T09:23:43.916-0300] {task_command.py:467} INFO - Running <TaskInstance: DW.Meta scheduled__2025-04-20T00:00:00+00:00 [running]> on host DESKTOP-1GIT60U.
[2025-04-21T09:23:43.971-0300] {taskinstance.py:3132} INFO - Exporting env vars: AIRFLOW_CTX_DAG_EMAIL='airflow@example.com' AIRFLOW_CTX_DAG_OWNER='airflow' AIRFLOW_CTX_DAG_ID='DW' AIRFLOW_CTX_TASK_ID='Meta' AIRFLOW_CTX_EXECUTION_DATE='2025-04-20T00:00:00+00:00' AIRFLOW_CTX_TRY_NUMBER='1' AIRFLOW_CTX_DAG_RUN_ID='scheduled__2025-04-20T00:00:00+00:00'
[2025-04-21T09:23:43.972-0300] {taskinstance.py:731} INFO - ::endgroup::
[2025-04-21T09:23:49.916-0300] {dw_sparkmetastore.py:48} INFO - Padronizando os dados
[2025-04-21T09:23:50.388-0300] {logging_mixin.py:190} INFO - Mensagem enviada com sucesso.
[2025-04-21T09:23:50.388-0300] {dw_sparkmetastore.py:52} INFO - 📥 Lendo de prd_yellow_taxi_table
[2025-04-21T09:23:54.683-0300] {dw_sparkmetastore.py:55} INFO - ✅ Leitura bem-sucedida da tabela parquet.
[2025-04-21T09:23:55.385-0300] {logging_mixin.py:190} INFO - Mensagem enviada com sucesso.
[2025-04-21T09:24:01.180-0300] {logging_mixin.py:190} INFO - +-----------------------+
|CONTROLS_COLUMN        |
+-----------------------+
|yellow_tripdata_2023-01|
|yellow_tripdata_2023-05|
|yellow_tripdata_2023-02|
|yellow_tripdata_2023-04|
|yellow_tripdata_2023-03|
+-----------------------+
[2025-04-21T09:24:25.551-0300] {taskinstance.py:3311} ERROR - Task failed with exception
Traceback (most recent call last):
  File "/home/lenovo/miniconda3/envs/worker/lib/python3.12/site-packages/airflow/models/taskinstance.py", line 767, in _execute_task
    result = _execute_callable(context=context, **execute_callable_kwargs)
             ^^^^^^^^^^^^^^^^^^^^^^^^^^^^^^^^^^^^^^^^^^^^^^^^^^^^^^^^^^^^^
  File "/home/lenovo/miniconda3/envs/worker/lib/python3.12/site-packages/airflow/models/taskinstance.py", line 733, in _execute_callable
    return ExecutionCallableRunner(
           ^^^^^^^^^^^^^^^^^^^^^^^^
  File "/home/lenovo/miniconda3/envs/worker/lib/python3.12/site-packages/airflow/utils/operator_helpers.py", line 252, in run
    return self.func(*args, **kwargs)
           ^^^^^^^^^^^^^^^^^^^^^^^^^^
  File "/home/lenovo/miniconda3/envs/worker/lib/python3.12/site-packages/airflow/models/baseoperator.py", line 422, in wrapper
    return func(self, *args, **kwargs)
           ^^^^^^^^^^^^^^^^^^^^^^^^^^^
  File "/home/lenovo/miniconda3/envs/worker/lib/python3.12/site-packages/airflow/operators/python.py", line 238, in execute
    return_value = self.execute_callable()
                   ^^^^^^^^^^^^^^^^^^^^^^^
  File "/home/lenovo/miniconda3/envs/worker/lib/python3.12/site-packages/airflow/operators/python.py", line 256, in execute_callable
    return runner.run(*self.op_args, **self.op_kwargs)
           ^^^^^^^^^^^^^^^^^^^^^^^^^^^^^^^^^^^^^^^^^^^
  File "/home/lenovo/miniconda3/envs/worker/lib/python3.12/site-packages/airflow/utils/operator_helpers.py", line 252, in run
    return self.func(*args, **kwargs)
           ^^^^^^^^^^^^^^^^^^^^^^^^^^
  File "/home/lenovo/airflow/jobs/jobs_functions/dw_sparkmetastore.py", line 84, in dw_metastore
    spark.sql(f"CREATE DATABASE IF NOT EXISTS {nome_banco}")
  File "/opt/spark/python/pyspark/sql/session.py", line 1631, in sql
    return DataFrame(self._jsparkSession.sql(sqlQuery, litArgs), self)
                     ^^^^^^^^^^^^^^^^^^^^^^^^^^^^^^^^^^^^^^^^^^
  File "/home/lenovo/miniconda3/envs/worker/lib/python3.12/site-packages/py4j/java_gateway.py", line 1322, in __call__
    return_value = get_return_value(
                   ^^^^^^^^^^^^^^^^^
  File "/opt/spark/python/pyspark/errors/exceptions/captured.py", line 185, in deco
    raise converted from None
pyspark.errors.exceptions.captured.AnalysisException: org.apache.hadoop.hive.ql.metadata.HiveException: java.lang.RuntimeException: Unable to instantiate org.apache.hadoop.hive.ql.metadata.SessionHiveMetaStoreClient
[2025-04-21T09:24:25.572-0300] {taskinstance.py:1225} INFO - Marking task as UP_FOR_RETRY. dag_id=DW, task_id=Meta, run_id=scheduled__2025-04-20T00:00:00+00:00, execution_date=20250420T000000, start_date=20250421T122343, end_date=20250421T122425
[2025-04-21T09:24:25.608-0300] {taskinstance.py:340} INFO - ::group::Post task execution logs
[2025-04-21T09:24:25.609-0300] {standard_task_runner.py:124} ERROR - Failed to execute job 69 for task Meta (org.apache.hadoop.hive.ql.metadata.HiveException: java.lang.RuntimeException: Unable to instantiate org.apache.hadoop.hive.ql.metadata.SessionHiveMetaStoreClient; 38056)
Traceback (most recent call last):
  File "/home/lenovo/miniconda3/envs/worker/lib/python3.12/site-packages/airflow/task/task_runner/standard_task_runner.py", line 117, in _start_by_fork
    ret = args.func(args, dag=self.dag)
          ^^^^^^^^^^^^^^^^^^^^^^^^^^^^^
  File "/home/lenovo/miniconda3/envs/worker/lib/python3.12/site-packages/airflow/cli/cli_config.py", line 49, in command
    return func(*args, **kwargs)
           ^^^^^^^^^^^^^^^^^^^^^
  File "/home/lenovo/miniconda3/envs/worker/lib/python3.12/site-packages/airflow/utils/cli.py", line 116, in wrapper
    return f(*args, **kwargs)
           ^^^^^^^^^^^^^^^^^^
  File "/home/lenovo/miniconda3/envs/worker/lib/python3.12/site-packages/airflow/cli/commands/task_command.py", line 483, in task_run
    task_return_code = _run_task_by_selected_method(args, _dag, ti)
                       ^^^^^^^^^^^^^^^^^^^^^^^^^^^^^^^^^^^^^^^^^^^^
  File "/home/lenovo/miniconda3/envs/worker/lib/python3.12/site-packages/airflow/cli/commands/task_command.py", line 256, in _run_task_by_selected_method
    return _run_raw_task(args, ti)
           ^^^^^^^^^^^^^^^^^^^^^^^
  File "/home/lenovo/miniconda3/envs/worker/lib/python3.12/site-packages/airflow/cli/commands/task_command.py", line 341, in _run_raw_task
    return ti._run_raw_task(
           ^^^^^^^^^^^^^^^^^
  File "/home/lenovo/miniconda3/envs/worker/lib/python3.12/site-packages/airflow/utils/session.py", line 97, in wrapper
    return func(*args, session=session, **kwargs)
           ^^^^^^^^^^^^^^^^^^^^^^^^^^^^^^^^^^^^^^
  File "/home/lenovo/miniconda3/envs/worker/lib/python3.12/site-packages/airflow/models/taskinstance.py", line 3005, in _run_raw_task
    return _run_raw_task(
           ^^^^^^^^^^^^^^
  File "/home/lenovo/miniconda3/envs/worker/lib/python3.12/site-packages/airflow/models/taskinstance.py", line 273, in _run_raw_task
    TaskInstance._execute_task_with_callbacks(
  File "/home/lenovo/miniconda3/envs/worker/lib/python3.12/site-packages/airflow/models/taskinstance.py", line 3159, in _execute_task_with_callbacks
    result = self._execute_task(context, task_orig)
             ^^^^^^^^^^^^^^^^^^^^^^^^^^^^^^^^^^^^^^
  File "/home/lenovo/miniconda3/envs/worker/lib/python3.12/site-packages/airflow/models/taskinstance.py", line 3183, in _execute_task
    return _execute_task(self, context, task_orig)
           ^^^^^^^^^^^^^^^^^^^^^^^^^^^^^^^^^^^^^^^
  File "/home/lenovo/miniconda3/envs/worker/lib/python3.12/site-packages/airflow/models/taskinstance.py", line 767, in _execute_task
    result = _execute_callable(context=context, **execute_callable_kwargs)
             ^^^^^^^^^^^^^^^^^^^^^^^^^^^^^^^^^^^^^^^^^^^^^^^^^^^^^^^^^^^^^
  File "/home/lenovo/miniconda3/envs/worker/lib/python3.12/site-packages/airflow/models/taskinstance.py", line 733, in _execute_callable
    return ExecutionCallableRunner(
           ^^^^^^^^^^^^^^^^^^^^^^^^
  File "/home/lenovo/miniconda3/envs/worker/lib/python3.12/site-packages/airflow/utils/operator_helpers.py", line 252, in run
    return self.func(*args, **kwargs)
           ^^^^^^^^^^^^^^^^^^^^^^^^^^
  File "/home/lenovo/miniconda3/envs/worker/lib/python3.12/site-packages/airflow/models/baseoperator.py", line 422, in wrapper
    return func(self, *args, **kwargs)
           ^^^^^^^^^^^^^^^^^^^^^^^^^^^
  File "/home/lenovo/miniconda3/envs/worker/lib/python3.12/site-packages/airflow/operators/python.py", line 238, in execute
    return_value = self.execute_callable()
                   ^^^^^^^^^^^^^^^^^^^^^^^
  File "/home/lenovo/miniconda3/envs/worker/lib/python3.12/site-packages/airflow/operators/python.py", line 256, in execute_callable
    return runner.run(*self.op_args, **self.op_kwargs)
           ^^^^^^^^^^^^^^^^^^^^^^^^^^^^^^^^^^^^^^^^^^^
  File "/home/lenovo/miniconda3/envs/worker/lib/python3.12/site-packages/airflow/utils/operator_helpers.py", line 252, in run
    return self.func(*args, **kwargs)
           ^^^^^^^^^^^^^^^^^^^^^^^^^^
  File "/home/lenovo/airflow/jobs/jobs_functions/dw_sparkmetastore.py", line 84, in dw_metastore
    spark.sql(f"CREATE DATABASE IF NOT EXISTS {nome_banco}")
  File "/opt/spark/python/pyspark/sql/session.py", line 1631, in sql
    return DataFrame(self._jsparkSession.sql(sqlQuery, litArgs), self)
                     ^^^^^^^^^^^^^^^^^^^^^^^^^^^^^^^^^^^^^^^^^^
  File "/home/lenovo/miniconda3/envs/worker/lib/python3.12/site-packages/py4j/java_gateway.py", line 1322, in __call__
    return_value = get_return_value(
                   ^^^^^^^^^^^^^^^^^
  File "/opt/spark/python/pyspark/errors/exceptions/captured.py", line 185, in deco
    raise converted from None
pyspark.errors.exceptions.captured.AnalysisException: org.apache.hadoop.hive.ql.metadata.HiveException: java.lang.RuntimeException: Unable to instantiate org.apache.hadoop.hive.ql.metadata.SessionHiveMetaStoreClient
[2025-04-21T09:24:25.641-0300] {local_task_job_runner.py:266} INFO - Task exited with return code 1
[2025-04-21T09:24:25.656-0300] {taskinstance.py:3895} INFO - 0 downstream tasks scheduled from follow-on schedule check
[2025-04-21T09:24:25.657-0300] {local_task_job_runner.py:245} INFO - ::endgroup::
