[2025-04-21T01:30:26.369-0300] {local_task_job_runner.py:123} INFO - ::group::Pre task execution logs
[2025-04-21T01:30:26.384-0300] {taskinstance.py:2613} INFO - Dependencies all met for dep_context=non-requeueable deps ti=<TaskInstance: Web_Scraping.iniciando_pipeline scheduled__2023-01-01T00:00:00+00:00 [queued]>
[2025-04-21T01:30:26.397-0300] {taskinstance.py:2613} INFO - Dependencies all met for dep_context=requeueable deps ti=<TaskInstance: Web_Scraping.iniciando_pipeline scheduled__2023-01-01T00:00:00+00:00 [queued]>
[2025-04-21T01:30:26.398-0300] {taskinstance.py:2866} INFO - Starting attempt 1 of 2
[2025-04-21T01:30:26.427-0300] {taskinstance.py:2889} INFO - Executing <Task(BashOperator): iniciando_pipeline> on 2023-01-01 00:00:00+00:00
[2025-04-21T01:30:26.431-0300] {standard_task_runner.py:72} INFO - Started process 7332 to run task
[2025-04-21T01:30:26.434-0300] {standard_task_runner.py:104} INFO - Running: ['airflow', 'tasks', 'run', 'Web_Scraping', 'iniciando_pipeline', 'scheduled__2023-01-01T00:00:00+00:00', '--job-id', '6', '--raw', '--subdir', 'DAGS_FOLDER/Ifood_case.py', '--cfg-path', '/tmp/tmpjhye2njd']
[2025-04-21T01:30:26.435-0300] {standard_task_runner.py:105} INFO - Job 6: Subtask iniciando_pipeline
[2025-04-21T01:30:26.490-0300] {task_command.py:467} INFO - Running <TaskInstance: Web_Scraping.iniciando_pipeline scheduled__2023-01-01T00:00:00+00:00 [running]> on host DESKTOP-1GIT60U.
[2025-04-21T01:30:26.587-0300] {taskinstance.py:3132} INFO - Exporting env vars: AIRFLOW_CTX_DAG_EMAIL='airflow@example.com' AIRFLOW_CTX_DAG_OWNER='airflow' AIRFLOW_CTX_DAG_ID='Web_Scraping' AIRFLOW_CTX_TASK_ID='iniciando_pipeline' AIRFLOW_CTX_EXECUTION_DATE='2023-01-01T00:00:00+00:00' AIRFLOW_CTX_TRY_NUMBER='1' AIRFLOW_CTX_DAG_RUN_ID='scheduled__2023-01-01T00:00:00+00:00'
[2025-04-21T01:30:26.588-0300] {taskinstance.py:731} INFO - ::endgroup::
[2025-04-21T01:30:26.614-0300] {subprocess.py:78} INFO - Tmp dir root location: /tmp
[2025-04-21T01:30:26.615-0300] {subprocess.py:88} INFO - Running command: ['/usr/bin/bash', '-c', 'echo "🚀 Iniciando o pipeline..."']
[2025-04-21T01:30:26.625-0300] {subprocess.py:99} INFO - Output:
[2025-04-21T01:30:26.627-0300] {subprocess.py:106} INFO - 🚀 Iniciando o pipeline...
[2025-04-21T01:30:26.627-0300] {subprocess.py:110} INFO - Command exited with return code 0
[2025-04-21T01:30:26.660-0300] {taskinstance.py:340} INFO - ::group::Post task execution logs
[2025-04-21T01:30:26.661-0300] {taskinstance.py:352} INFO - Marking task as SUCCESS. dag_id=Web_Scraping, task_id=iniciando_pipeline, run_id=scheduled__2023-01-01T00:00:00+00:00, execution_date=20230101T000000, start_date=20250421T043026, end_date=20250421T043026
[2025-04-21T01:30:26.689-0300] {local_task_job_runner.py:266} INFO - Task exited with return code 0
[2025-04-21T01:30:26.714-0300] {taskinstance.py:3895} INFO - 1 downstream tasks scheduled from follow-on schedule check
[2025-04-21T01:30:26.725-0300] {local_task_job_runner.py:245} INFO - ::endgroup::
[2025-04-21T01:31:15.822-0300] {local_task_job_runner.py:123} INFO - ::group::Pre task execution logs
[2025-04-21T01:31:15.842-0300] {taskinstance.py:2613} INFO - Dependencies all met for dep_context=non-requeueable deps ti=<TaskInstance: Web_Scraping.iniciando_pipeline scheduled__2023-01-01T00:00:00+00:00 [queued]>
[2025-04-21T01:31:15.851-0300] {taskinstance.py:2613} INFO - Dependencies all met for dep_context=requeueable deps ti=<TaskInstance: Web_Scraping.iniciando_pipeline scheduled__2023-01-01T00:00:00+00:00 [queued]>
[2025-04-21T01:31:15.852-0300] {taskinstance.py:2866} INFO - Starting attempt 1 of 2
[2025-04-21T01:31:15.881-0300] {taskinstance.py:2889} INFO - Executing <Task(BashOperator): iniciando_pipeline> on 2023-01-01 00:00:00+00:00
[2025-04-21T01:31:15.887-0300] {standard_task_runner.py:72} INFO - Started process 7463 to run task
[2025-04-21T01:31:15.891-0300] {standard_task_runner.py:104} INFO - Running: ['airflow', 'tasks', 'run', 'Web_Scraping', 'iniciando_pipeline', 'scheduled__2023-01-01T00:00:00+00:00', '--job-id', '10', '--raw', '--subdir', 'DAGS_FOLDER/Ifood_case.py', '--cfg-path', '/tmp/tmpax6_w9d5']
[2025-04-21T01:31:15.893-0300] {standard_task_runner.py:105} INFO - Job 10: Subtask iniciando_pipeline
[2025-04-21T01:31:15.955-0300] {task_command.py:467} INFO - Running <TaskInstance: Web_Scraping.iniciando_pipeline scheduled__2023-01-01T00:00:00+00:00 [running]> on host DESKTOP-1GIT60U.
[2025-04-21T01:31:16.056-0300] {taskinstance.py:3132} INFO - Exporting env vars: AIRFLOW_CTX_DAG_EMAIL='airflow@example.com' AIRFLOW_CTX_DAG_OWNER='airflow' AIRFLOW_CTX_DAG_ID='Web_Scraping' AIRFLOW_CTX_TASK_ID='iniciando_pipeline' AIRFLOW_CTX_EXECUTION_DATE='2023-01-01T00:00:00+00:00' AIRFLOW_CTX_TRY_NUMBER='1' AIRFLOW_CTX_DAG_RUN_ID='scheduled__2023-01-01T00:00:00+00:00'
[2025-04-21T01:31:16.057-0300] {taskinstance.py:731} INFO - ::endgroup::
[2025-04-21T01:31:16.075-0300] {subprocess.py:78} INFO - Tmp dir root location: /tmp
[2025-04-21T01:31:16.076-0300] {subprocess.py:88} INFO - Running command: ['/usr/bin/bash', '-c', 'echo "🚀 Iniciando o pipeline..."']
[2025-04-21T01:31:16.085-0300] {subprocess.py:99} INFO - Output:
[2025-04-21T01:31:16.087-0300] {subprocess.py:106} INFO - 🚀 Iniciando o pipeline...
[2025-04-21T01:31:16.087-0300] {subprocess.py:110} INFO - Command exited with return code 0
[2025-04-21T01:31:16.116-0300] {taskinstance.py:340} INFO - ::group::Post task execution logs
[2025-04-21T01:31:16.117-0300] {taskinstance.py:352} INFO - Marking task as SUCCESS. dag_id=Web_Scraping, task_id=iniciando_pipeline, run_id=scheduled__2023-01-01T00:00:00+00:00, execution_date=20230101T000000, start_date=20250421T043115, end_date=20250421T043116
[2025-04-21T01:31:16.149-0300] {local_task_job_runner.py:266} INFO - Task exited with return code 0
[2025-04-21T01:31:16.173-0300] {taskinstance.py:3895} INFO - 1 downstream tasks scheduled from follow-on schedule check
[2025-04-21T01:31:16.183-0300] {local_task_job_runner.py:245} INFO - ::endgroup::
[2025-04-21T01:32:04.289-0300] {local_task_job_runner.py:123} INFO - ::group::Pre task execution logs
[2025-04-21T01:32:04.306-0300] {taskinstance.py:2613} INFO - Dependencies all met for dep_context=non-requeueable deps ti=<TaskInstance: Web_Scraping.iniciando_pipeline scheduled__2023-01-01T00:00:00+00:00 [queued]>
[2025-04-21T01:32:04.317-0300] {taskinstance.py:2613} INFO - Dependencies all met for dep_context=requeueable deps ti=<TaskInstance: Web_Scraping.iniciando_pipeline scheduled__2023-01-01T00:00:00+00:00 [queued]>
[2025-04-21T01:32:04.318-0300] {taskinstance.py:2866} INFO - Starting attempt 1 of 2
[2025-04-21T01:32:04.356-0300] {taskinstance.py:2889} INFO - Executing <Task(BashOperator): iniciando_pipeline> on 2023-01-01 00:00:00+00:00
[2025-04-21T01:32:04.361-0300] {standard_task_runner.py:72} INFO - Started process 7585 to run task
[2025-04-21T01:32:04.365-0300] {standard_task_runner.py:104} INFO - Running: ['airflow', 'tasks', 'run', 'Web_Scraping', 'iniciando_pipeline', 'scheduled__2023-01-01T00:00:00+00:00', '--job-id', '13', '--raw', '--subdir', 'DAGS_FOLDER/Ifood_case.py', '--cfg-path', '/tmp/tmpvhewtley']
[2025-04-21T01:32:04.367-0300] {standard_task_runner.py:105} INFO - Job 13: Subtask iniciando_pipeline
[2025-04-21T01:32:04.423-0300] {task_command.py:467} INFO - Running <TaskInstance: Web_Scraping.iniciando_pipeline scheduled__2023-01-01T00:00:00+00:00 [running]> on host DESKTOP-1GIT60U.
[2025-04-21T01:32:04.513-0300] {taskinstance.py:3132} INFO - Exporting env vars: AIRFLOW_CTX_DAG_EMAIL='airflow@example.com' AIRFLOW_CTX_DAG_OWNER='airflow' AIRFLOW_CTX_DAG_ID='Web_Scraping' AIRFLOW_CTX_TASK_ID='iniciando_pipeline' AIRFLOW_CTX_EXECUTION_DATE='2023-01-01T00:00:00+00:00' AIRFLOW_CTX_TRY_NUMBER='1' AIRFLOW_CTX_DAG_RUN_ID='scheduled__2023-01-01T00:00:00+00:00'
[2025-04-21T01:32:04.514-0300] {taskinstance.py:731} INFO - ::endgroup::
[2025-04-21T01:32:04.531-0300] {subprocess.py:78} INFO - Tmp dir root location: /tmp
[2025-04-21T01:32:04.533-0300] {subprocess.py:88} INFO - Running command: ['/usr/bin/bash', '-c', 'echo "🚀 Iniciando o pipeline..."']
[2025-04-21T01:32:04.541-0300] {subprocess.py:99} INFO - Output:
[2025-04-21T01:32:04.543-0300] {subprocess.py:106} INFO - 🚀 Iniciando o pipeline...
[2025-04-21T01:32:04.544-0300] {subprocess.py:110} INFO - Command exited with return code 0
[2025-04-21T01:32:04.573-0300] {taskinstance.py:340} INFO - ::group::Post task execution logs
[2025-04-21T01:32:04.574-0300] {taskinstance.py:352} INFO - Marking task as SUCCESS. dag_id=Web_Scraping, task_id=iniciando_pipeline, run_id=scheduled__2023-01-01T00:00:00+00:00, execution_date=20230101T000000, start_date=20250421T043204, end_date=20250421T043204
[2025-04-21T01:32:04.620-0300] {local_task_job_runner.py:266} INFO - Task exited with return code 0
[2025-04-21T01:32:04.643-0300] {taskinstance.py:3895} INFO - 1 downstream tasks scheduled from follow-on schedule check
[2025-04-21T01:32:04.653-0300] {local_task_job_runner.py:245} INFO - ::endgroup::
