[2025-04-21T13:40:01.581-0300] {local_task_job_runner.py:123} INFO - ::group::Pre task execution logs
[2025-04-21T13:40:01.588-0300] {taskinstance.py:2613} INFO - Dependencies all met for dep_context=non-requeueable deps ti=<TaskInstance: Scraping.dw_motherduck scheduled__2025-04-20T00:00:00+00:00 [queued]>
[2025-04-21T13:40:01.594-0300] {taskinstance.py:2613} INFO - Dependencies all met for dep_context=requeueable deps ti=<TaskInstance: Scraping.dw_motherduck scheduled__2025-04-20T00:00:00+00:00 [queued]>
[2025-04-21T13:40:01.594-0300] {taskinstance.py:2866} INFO - Starting attempt 1 of 4
[2025-04-21T13:40:01.608-0300] {taskinstance.py:2889} INFO - Executing <Task(PythonOperator): dw_motherduck> on 2025-04-20 00:00:00+00:00
[2025-04-21T13:40:01.611-0300] {standard_task_runner.py:72} INFO - Started process 73509 to run task
[2025-04-21T13:40:01.613-0300] {standard_task_runner.py:104} INFO - Running: ['airflow', 'tasks', 'run', 'Scraping', 'dw_motherduck', 'scheduled__2025-04-20T00:00:00+00:00', '--job-id', '99', '--raw', '--subdir', 'DAGS_FOLDER/Ifood_case.py', '--cfg-path', '/tmp/tmpddg7pg3o']
[2025-04-21T13:40:01.615-0300] {standard_task_runner.py:105} INFO - Job 99: Subtask dw_motherduck
[2025-04-21T13:40:01.646-0300] {task_command.py:467} INFO - Running <TaskInstance: Scraping.dw_motherduck scheduled__2025-04-20T00:00:00+00:00 [running]> on host DESKTOP-1GIT60U.
[2025-04-21T13:40:01.696-0300] {taskinstance.py:3132} INFO - Exporting env vars: AIRFLOW_CTX_DAG_EMAIL='airflow@example.com' AIRFLOW_CTX_DAG_OWNER='airflow' AIRFLOW_CTX_DAG_ID='Scraping' AIRFLOW_CTX_TASK_ID='dw_motherduck' AIRFLOW_CTX_EXECUTION_DATE='2025-04-20T00:00:00+00:00' AIRFLOW_CTX_TRY_NUMBER='1' AIRFLOW_CTX_DAG_RUN_ID='scheduled__2025-04-20T00:00:00+00:00'
[2025-04-21T13:40:01.697-0300] {taskinstance.py:731} INFO - ::endgroup::
[2025-04-21T13:40:01.706-0300] {dw_motherduck.py:29} INFO - 📥 Padronizando os dados
[2025-04-21T13:40:04.986-0300] {dw_motherduck.py:47} WARNING - ⚠️ Tabela 'prd_yellow_taxi_table' já existe. Ignorando criação.
[2025-04-21T13:40:06.031-0300] {logging_mixin.py:190} INFO -    VENDORID TPEP_PICKUP_DATETIME TPEP_DROPOFF_DATETIME  PASSENGER_COUNT  TRIP_DISTANCE  ...               CURRENT_TIME  YEAR  TPEP_MONTH  HOUR  MONTH
0         2  2023-01-01 00:32:10   2023-01-01 03:40:36              1.0           0.97  ... 2025-04-20 13:50:55.817145  2023           1     0     01
1         2  2023-01-01 00:55:08   2023-01-01 04:01:27              1.0           1.10  ... 2025-04-20 13:50:55.817145  2023           1     1     01
2         2  2023-01-01 00:25:04   2023-01-01 03:37:49              1.0           2.51  ... 2025-04-20 13:50:55.817145  2023           1     0     01
3         1  2023-01-01 00:03:48   2023-01-01 03:13:25              0.0           1.90  ... 2025-04-20 13:50:55.817145  2023           1     0     01
4         2  2023-01-01 00:10:29   2023-01-01 03:21:19              1.0           1.43  ... 2025-04-20 13:50:55.817145  2023           1     0     01
5         2  2023-01-01 00:50:34   2023-01-01 04:02:52              1.0           1.84  ... 2025-04-20 13:50:55.817145  2023           1     1     01
6         2  2023-01-01 00:09:22   2023-01-01 03:19:49              1.0           1.66  ... 2025-04-20 13:50:55.817145  2023           1     0     01
7         2  2023-01-01 00:27:12   2023-01-01 03:49:56              1.0          11.70  ... 2025-04-20 13:50:55.817145  2023           1     0     01
8         2  2023-01-01 00:21:44   2023-01-01 03:36:40              1.0           2.95  ... 2025-04-20 13:50:55.817145  2023           1     0     01
9         2  2023-01-01 00:39:42   2023-01-01 03:50:36              1.0           3.01  ... 2025-04-20 13:50:55.817145  2023           1     0     01

[10 rows x 25 columns]
[2025-04-21T13:40:06.032-0300] {python.py:240} INFO - Done. Returned value was: None
[2025-04-21T13:40:06.035-0300] {taskinstance.py:340} INFO - ::group::Post task execution logs
[2025-04-21T13:40:06.036-0300] {taskinstance.py:352} INFO - Marking task as SUCCESS. dag_id=Scraping, task_id=dw_motherduck, run_id=scheduled__2025-04-20T00:00:00+00:00, execution_date=20250420T000000, start_date=20250421T164001, end_date=20250421T164006
[2025-04-21T13:40:06.086-0300] {local_task_job_runner.py:266} INFO - Task exited with return code 0
[2025-04-21T13:40:06.097-0300] {taskinstance.py:3895} INFO - 0 downstream tasks scheduled from follow-on schedule check
[2025-04-21T13:40:06.098-0300] {local_task_job_runner.py:245} INFO - ::endgroup::
