[2025-04-21T13:38:08.509-0300] {local_task_job_runner.py:123} INFO - ::group::Pre task execution logs
[2025-04-21T13:38:08.516-0300] {taskinstance.py:2613} INFO - Dependencies all met for dep_context=non-requeueable deps ti=<TaskInstance: Scraping.ETL scheduled__2025-04-20T00:00:00+00:00 [queued]>
[2025-04-21T13:38:08.522-0300] {taskinstance.py:2613} INFO - Dependencies all met for dep_context=requeueable deps ti=<TaskInstance: Scraping.ETL scheduled__2025-04-20T00:00:00+00:00 [queued]>
[2025-04-21T13:38:08.522-0300] {taskinstance.py:2866} INFO - Starting attempt 1 of 4
[2025-04-21T13:38:08.536-0300] {taskinstance.py:2889} INFO - Executing <Task(PythonOperator): ETL> on 2025-04-20 00:00:00+00:00
[2025-04-21T13:38:08.539-0300] {standard_task_runner.py:72} INFO - Started process 73118 to run task
[2025-04-21T13:38:08.541-0300] {standard_task_runner.py:104} INFO - Running: ['airflow', 'tasks', 'run', 'Scraping', 'ETL', 'scheduled__2025-04-20T00:00:00+00:00', '--job-id', '97', '--raw', '--subdir', 'DAGS_FOLDER/Ifood_case.py', '--cfg-path', '/tmp/tmpt1iw84wv']
[2025-04-21T13:38:08.543-0300] {standard_task_runner.py:105} INFO - Job 97: Subtask ETL
[2025-04-21T13:38:08.573-0300] {task_command.py:467} INFO - Running <TaskInstance: Scraping.ETL scheduled__2025-04-20T00:00:00+00:00 [running]> on host DESKTOP-1GIT60U.
[2025-04-21T13:38:08.623-0300] {taskinstance.py:3132} INFO - Exporting env vars: AIRFLOW_CTX_DAG_EMAIL='airflow@example.com' AIRFLOW_CTX_DAG_OWNER='airflow' AIRFLOW_CTX_DAG_ID='Scraping' AIRFLOW_CTX_TASK_ID='ETL' AIRFLOW_CTX_EXECUTION_DATE='2025-04-20T00:00:00+00:00' AIRFLOW_CTX_TRY_NUMBER='1' AIRFLOW_CTX_DAG_RUN_ID='scheduled__2025-04-20T00:00:00+00:00'
[2025-04-21T13:38:08.623-0300] {taskinstance.py:731} INFO - ::endgroup::
[2025-04-21T13:38:08.706-0300] {credentials.py:1213} INFO - Found credentials in environment variables.
[2025-04-21T13:38:08.998-0300] {logging_mixin.py:190} INFO - Lendo de: s3a://yellow_taxi_files/yellow_taxi_files/
[2025-04-21T13:38:08.999-0300] {logging_mixin.py:190} INFO - Caminho do S3 para leitura: s3a://yellow_taxi_files/yellow_taxi_files/
[2025-04-21T13:38:09.000-0300] {pyspark_ETL.py:43} INFO - ETL iniciando
[2025-04-21T13:38:09.761-0300] {pyspark_ETL.py:64} INFO - O diretório já existe: /home/lenovo/airflow/tmp/s3-us-east-1.amazonaws.com/prd_yellow_taxi_table/
[2025-04-21T13:38:14.621-0300] {pyspark_ETL.py:83} INFO - 📁 Verificando diretório: /home/lenovo/airflow/tmp/s3-us-east-1.amazonaws.com/yellow_taxi_files/2023_01
[2025-04-21T13:38:14.622-0300] {pyspark_ETL.py:90} INFO - 🔍 Lendo arquivo: yellow_tripdata_2023-01
[2025-04-21T13:38:18.401-0300] {pyspark_ETL.py:83} INFO - 📁 Verificando diretório: /home/lenovo/airflow/tmp/s3-us-east-1.amazonaws.com/yellow_taxi_files/2023_03
[2025-04-21T13:38:18.402-0300] {pyspark_ETL.py:90} INFO - 🔍 Lendo arquivo: yellow_tripdata_2023-03
[2025-04-21T13:38:18.871-0300] {pyspark_ETL.py:83} INFO - 📁 Verificando diretório: /home/lenovo/airflow/tmp/s3-us-east-1.amazonaws.com/yellow_taxi_files/2023_02
[2025-04-21T13:38:18.872-0300] {pyspark_ETL.py:90} INFO - 🔍 Lendo arquivo: yellow_tripdata_2023-02
[2025-04-21T13:38:19.276-0300] {pyspark_ETL.py:83} INFO - 📁 Verificando diretório: /home/lenovo/airflow/tmp/s3-us-east-1.amazonaws.com/yellow_taxi_files/2023_05
[2025-04-21T13:38:19.277-0300] {pyspark_ETL.py:90} INFO - 🔍 Lendo arquivo: yellow_tripdata_2023-05
[2025-04-21T13:38:19.622-0300] {pyspark_ETL.py:83} INFO - 📁 Verificando diretório: /home/lenovo/airflow/tmp/s3-us-east-1.amazonaws.com/yellow_taxi_files/2023_04
[2025-04-21T13:38:19.623-0300] {pyspark_ETL.py:90} INFO - 🔍 Lendo arquivo: yellow_tripdata_2023-04
[2025-04-21T13:38:53.965-0300] {pyspark_ETL.py:120} INFO - ✅ Dados processados e salvos com sucesso.
[2025-04-21T13:38:54.654-0300] {credentials.py:1213} INFO - Found credentials in environment variables.
[2025-04-21T13:38:54.749-0300] {logging_mixin.py:190} INFO - Salvando em: s3a://prd_yellow_taxi_table/yellow_taxi_output/
[2025-04-21T13:38:54.750-0300] {logging_mixin.py:190} INFO - Caminho do S3 para escrita: s3a://prd_yellow_taxi_table/yellow_taxi_output/
[2025-04-21T13:38:55.029-0300] {python.py:240} INFO - Done. Returned value was: None
[2025-04-21T13:38:55.035-0300] {taskinstance.py:340} INFO - ::group::Post task execution logs
[2025-04-21T13:38:55.035-0300] {taskinstance.py:352} INFO - Marking task as SUCCESS. dag_id=Scraping, task_id=ETL, run_id=scheduled__2025-04-20T00:00:00+00:00, execution_date=20250420T000000, start_date=20250421T163808, end_date=20250421T163855
[2025-04-21T13:38:55.090-0300] {local_task_job_runner.py:266} INFO - Task exited with return code 0
[2025-04-21T13:38:55.108-0300] {taskinstance.py:3895} INFO - 2 downstream tasks scheduled from follow-on schedule check
[2025-04-21T13:38:55.117-0300] {local_task_job_runner.py:245} INFO - ::endgroup::
