[2025-04-21T13:14:36.607-0300] {local_task_job_runner.py:123} INFO - ::group::Pre task execution logs
[2025-04-21T13:14:36.616-0300] {taskinstance.py:2613} INFO - Dependencies all met for dep_context=non-requeueable deps ti=<TaskInstance: Scraping.iniciando_pipeline manual__2025-04-21T16:14:33.932830+00:00 [queued]>
[2025-04-21T13:14:36.622-0300] {taskinstance.py:2613} INFO - Dependencies all met for dep_context=requeueable deps ti=<TaskInstance: Scraping.iniciando_pipeline manual__2025-04-21T16:14:33.932830+00:00 [queued]>
[2025-04-21T13:14:36.622-0300] {taskinstance.py:2866} INFO - Starting attempt 1 of 2
[2025-04-21T13:14:36.639-0300] {taskinstance.py:2889} INFO - Executing <Task(BashOperator): iniciando_pipeline> on 2025-04-21 16:14:33.932830+00:00
[2025-04-21T13:14:36.642-0300] {standard_task_runner.py:72} INFO - Started process 71327 to run task
[2025-04-21T13:14:36.644-0300] {standard_task_runner.py:104} INFO - Running: ['airflow', 'tasks', 'run', 'Scraping', 'iniciando_pipeline', 'manual__2025-04-21T16:14:33.932830+00:00', '--job-id', '79', '--raw', '--subdir', 'DAGS_FOLDER/Ifood_case.py', '--cfg-path', '/tmp/tmp61s129gp']
[2025-04-21T13:14:36.646-0300] {standard_task_runner.py:105} INFO - Job 79: Subtask iniciando_pipeline
[2025-04-21T13:14:36.679-0300] {task_command.py:467} INFO - Running <TaskInstance: Scraping.iniciando_pipeline manual__2025-04-21T16:14:33.932830+00:00 [running]> on host DESKTOP-1GIT60U.
[2025-04-21T13:14:36.731-0300] {taskinstance.py:3132} INFO - Exporting env vars: AIRFLOW_CTX_DAG_EMAIL='airflow@example.com' AIRFLOW_CTX_DAG_OWNER='airflow' AIRFLOW_CTX_DAG_ID='Scraping' AIRFLOW_CTX_TASK_ID='iniciando_pipeline' AIRFLOW_CTX_EXECUTION_DATE='2025-04-21T16:14:33.932830+00:00' AIRFLOW_CTX_TRY_NUMBER='1' AIRFLOW_CTX_DAG_RUN_ID='manual__2025-04-21T16:14:33.932830+00:00'
[2025-04-21T13:14:36.732-0300] {taskinstance.py:731} INFO - ::endgroup::
[2025-04-21T13:14:36.741-0300] {subprocess.py:78} INFO - Tmp dir root location: /tmp
[2025-04-21T13:14:36.742-0300] {subprocess.py:88} INFO - Running command: ['/usr/bin/bash', '-c', 'echo "🚀 Iniciando o pipeline..."']
[2025-04-21T13:14:36.749-0300] {subprocess.py:99} INFO - Output:
[2025-04-21T13:14:36.749-0300] {subprocess.py:106} INFO - 🚀 Iniciando o pipeline...
[2025-04-21T13:14:36.750-0300] {subprocess.py:110} INFO - Command exited with return code 0
[2025-04-21T13:14:36.767-0300] {taskinstance.py:340} INFO - ::group::Post task execution logs
[2025-04-21T13:14:36.767-0300] {taskinstance.py:352} INFO - Marking task as SUCCESS. dag_id=Scraping, task_id=iniciando_pipeline, run_id=manual__2025-04-21T16:14:33.932830+00:00, execution_date=20250421T161433, start_date=20250421T161436, end_date=20250421T161436
[2025-04-21T13:14:36.819-0300] {local_task_job_runner.py:266} INFO - Task exited with return code 0
[2025-04-21T13:14:36.836-0300] {taskinstance.py:3895} INFO - 1 downstream tasks scheduled from follow-on schedule check
[2025-04-21T13:14:36.849-0300] {local_task_job_runner.py:245} INFO - ::endgroup::
