[2025-04-21T09:01:02.899-0300] {local_task_job_runner.py:123} INFO - ::group::Pre task execution logs
[2025-04-21T09:01:02.910-0300] {taskinstance.py:2613} INFO - Dependencies all met for dep_context=non-requeueable deps ti=<TaskInstance: D.iniciando_pipeline scheduled__2025-04-20T00:00:00+00:00 [queued]>
[2025-04-21T09:01:02.917-0300] {taskinstance.py:2613} INFO - Dependencies all met for dep_context=requeueable deps ti=<TaskInstance: D.iniciando_pipeline scheduled__2025-04-20T00:00:00+00:00 [queued]>
[2025-04-21T09:01:02.917-0300] {taskinstance.py:2866} INFO - Starting attempt 1 of 2
[2025-04-21T09:01:02.934-0300] {taskinstance.py:2889} INFO - Executing <Task(BashOperator): iniciando_pipeline> on 2025-04-20 00:00:00+00:00
[2025-04-21T09:01:02.940-0300] {standard_task_runner.py:104} INFO - Running: ['airflow', 'tasks', 'run', 'D', 'iniciando_pipeline', 'scheduled__2025-04-20T00:00:00+00:00', '--job-id', '61', '--raw', '--subdir', 'DAGS_FOLDER/DW.py', '--cfg-path', '/tmp/tmpv8l06y2u']
[2025-04-21T09:01:02.941-0300] {standard_task_runner.py:105} INFO - Job 61: Subtask iniciando_pipeline
[2025-04-21T09:01:02.944-0300] {logging_mixin.py:190} WARNING - /home/lenovo/miniconda3/envs/worker/lib/python3.12/site-packages/airflow/task/task_runner/standard_task_runner.py:70 DeprecationWarning: This process (pid=36249) is multi-threaded, use of fork() may lead to deadlocks in the child.
[2025-04-21T09:01:02.945-0300] {standard_task_runner.py:72} INFO - Started process 36347 to run task
[2025-04-21T09:01:02.972-0300] {task_command.py:467} INFO - Running <TaskInstance: D.iniciando_pipeline scheduled__2025-04-20T00:00:00+00:00 [running]> on host DESKTOP-1GIT60U.
[2025-04-21T09:01:03.029-0300] {taskinstance.py:3132} INFO - Exporting env vars: AIRFLOW_CTX_DAG_EMAIL='airflow@example.com' AIRFLOW_CTX_DAG_OWNER='airflow' AIRFLOW_CTX_DAG_ID='D' AIRFLOW_CTX_TASK_ID='iniciando_pipeline' AIRFLOW_CTX_EXECUTION_DATE='2025-04-20T00:00:00+00:00' AIRFLOW_CTX_TRY_NUMBER='1' AIRFLOW_CTX_DAG_RUN_ID='scheduled__2025-04-20T00:00:00+00:00'
[2025-04-21T09:01:03.030-0300] {taskinstance.py:731} INFO - ::endgroup::
[2025-04-21T09:01:03.040-0300] {subprocess.py:78} INFO - Tmp dir root location: /tmp
[2025-04-21T09:01:03.041-0300] {subprocess.py:88} INFO - Running command: ['/usr/bin/bash', '-c', 'echo "🚀 Iniciando o pipeline..."']
[2025-04-21T09:01:03.050-0300] {subprocess.py:99} INFO - Output:
[2025-04-21T09:01:03.051-0300] {subprocess.py:106} INFO - 🚀 Iniciando o pipeline...
[2025-04-21T09:01:03.051-0300] {subprocess.py:110} INFO - Command exited with return code 0
[2025-04-21T09:01:03.071-0300] {taskinstance.py:340} INFO - ::group::Post task execution logs
[2025-04-21T09:01:03.071-0300] {taskinstance.py:352} INFO - Marking task as SUCCESS. dag_id=D, task_id=iniciando_pipeline, run_id=scheduled__2025-04-20T00:00:00+00:00, execution_date=20250420T000000, start_date=20250421T120102, end_date=20250421T120103
[2025-04-21T09:01:03.120-0300] {local_task_job_runner.py:266} INFO - Task exited with return code 0
[2025-04-21T09:01:03.135-0300] {taskinstance.py:3895} INFO - 1 downstream tasks scheduled from follow-on schedule check
[2025-04-21T09:01:03.143-0300] {local_task_job_runner.py:245} INFO - ::endgroup::
