[2025-04-21T01:30:36.789-0300] {local_task_job_runner.py:123} INFO - ::group::Pre task execution logs
[2025-04-21T01:30:36.812-0300] {taskinstance.py:2613} INFO - Dependencies all met for dep_context=non-requeueable deps ti=<TaskInstance: Web_Scraping.iniciando_pipeline manual__2025-04-21T04:30:25.326015+00:00 [queued]>
[2025-04-21T01:30:36.821-0300] {taskinstance.py:2613} INFO - Dependencies all met for dep_context=requeueable deps ti=<TaskInstance: Web_Scraping.iniciando_pipeline manual__2025-04-21T04:30:25.326015+00:00 [queued]>
[2025-04-21T01:30:36.821-0300] {taskinstance.py:2866} INFO - Starting attempt 1 of 2
[2025-04-21T01:30:36.856-0300] {taskinstance.py:2889} INFO - Executing <Task(BashOperator): iniciando_pipeline> on 2025-04-21 04:30:25.326015+00:00
[2025-04-21T01:30:36.862-0300] {standard_task_runner.py:72} INFO - Started process 7369 to run task
[2025-04-21T01:30:36.866-0300] {standard_task_runner.py:104} INFO - Running: ['airflow', 'tasks', 'run', 'Web_Scraping', 'iniciando_pipeline', 'manual__2025-04-21T04:30:25.326015+00:00', '--job-id', '8', '--raw', '--subdir', 'DAGS_FOLDER/Ifood_case.py', '--cfg-path', '/tmp/tmp7f9y1l0l']
[2025-04-21T01:30:36.868-0300] {standard_task_runner.py:105} INFO - Job 8: Subtask iniciando_pipeline
[2025-04-21T01:30:36.921-0300] {task_command.py:467} INFO - Running <TaskInstance: Web_Scraping.iniciando_pipeline manual__2025-04-21T04:30:25.326015+00:00 [running]> on host DESKTOP-1GIT60U.
[2025-04-21T01:30:37.008-0300] {taskinstance.py:3132} INFO - Exporting env vars: AIRFLOW_CTX_DAG_EMAIL='airflow@example.com' AIRFLOW_CTX_DAG_OWNER='airflow' AIRFLOW_CTX_DAG_ID='Web_Scraping' AIRFLOW_CTX_TASK_ID='iniciando_pipeline' AIRFLOW_CTX_EXECUTION_DATE='2025-04-21T04:30:25.326015+00:00' AIRFLOW_CTX_TRY_NUMBER='1' AIRFLOW_CTX_DAG_RUN_ID='manual__2025-04-21T04:30:25.326015+00:00'
[2025-04-21T01:30:37.010-0300] {taskinstance.py:731} INFO - ::endgroup::
[2025-04-21T01:30:37.027-0300] {subprocess.py:78} INFO - Tmp dir root location: /tmp
[2025-04-21T01:30:37.029-0300] {subprocess.py:88} INFO - Running command: ['/usr/bin/bash', '-c', 'echo "🚀 Iniciando o pipeline..."']
[2025-04-21T01:30:37.039-0300] {subprocess.py:99} INFO - Output:
[2025-04-21T01:30:37.041-0300] {subprocess.py:106} INFO - 🚀 Iniciando o pipeline...
[2025-04-21T01:30:37.042-0300] {subprocess.py:110} INFO - Command exited with return code 0
[2025-04-21T01:30:37.075-0300] {taskinstance.py:340} INFO - ::group::Post task execution logs
[2025-04-21T01:30:37.076-0300] {taskinstance.py:352} INFO - Marking task as SUCCESS. dag_id=Web_Scraping, task_id=iniciando_pipeline, run_id=manual__2025-04-21T04:30:25.326015+00:00, execution_date=20250421T043025, start_date=20250421T043036, end_date=20250421T043037
[2025-04-21T01:30:37.122-0300] {local_task_job_runner.py:266} INFO - Task exited with return code 0
[2025-04-21T01:30:37.146-0300] {taskinstance.py:3895} INFO - 1 downstream tasks scheduled from follow-on schedule check
[2025-04-21T01:30:37.157-0300] {local_task_job_runner.py:245} INFO - ::endgroup::
